2025-01-28 00:43:14.969 [info] WARNING:pygls.protocol.json_rpc:Cancel notification for unknown message id "5"

2025-01-28 00:45:07.172 [info] WARNING:pygls.protocol.json_rpc:Cancel notification for unknown message id "21"

2025-01-28 00:46:24.865 [info] WARNING:pygls.protocol.json_rpc:Cancel notification for unknown message id "37"

2025-01-28 00:46:43.930 [info] WARNING:pygls.protocol.json_rpc:Cancel notification for unknown message id "46"

2025-01-28 00:46:45.998 [info] WARNING:pygls.protocol.json_rpc:Cancel notification for unknown message id "50"

2025-01-28 00:48:22.423 [info] WARNING:pygls.protocol.json_rpc:Cancel notification for unknown message id "58"

2025-01-28 00:48:38.972 [info] WARNING:pygls.protocol.json_rpc:Cancel notification for unknown message id "67"

2025-01-28 00:49:23.710 [info] WARNING:pygls.protocol.json_rpc:Cancel notification for unknown message id "87"

2025-01-28 00:50:17.702 [info] WARNING:pygls.protocol.json_rpc:Cancel notification for unknown message id "106"

2025-01-28 00:50:38.964 [info] WARNING:pygls.protocol.json_rpc:Cancel notification for unknown message id "134"

2025-01-28 00:50:39.628 [info] WARNING:pygls.protocol.json_rpc:Cancel notification for unknown message id "138"

2025-01-28 00:50:49.301 [info] WARNING:pygls.protocol.json_rpc:Cancel notification for unknown message id "143"

2025-01-28 00:51:24.052 [info] WARNING:pygls.protocol.json_rpc:Cancel notification for unknown message id "174"

2025-01-28 00:52:01.413 [info] WARNING:pygls.protocol.json_rpc:Cancel notification for unknown message id "214"

2025-01-28 00:52:01.897 [info] WARNING:pygls.protocol.json_rpc:Cancel notification for unknown message id "216"

2025-01-28 00:56:25.774 [info] WARNING:pygls.protocol.json_rpc:Cancel notification for unknown message id "236"

2025-01-28 00:56:27.750 [info] WARNING:pygls.protocol.json_rpc:Cancel notification for unknown message id "241"

2025-01-28 01:01:28.695 [info] WARNING:pygls.protocol.json_rpc:Cancel notification for unknown message id "264"

2025-01-28 01:01:29.731 [info] WARNING:pygls.protocol.json_rpc:Cancel notification for unknown message id "268"

2025-01-28 01:01:29.733 [info] WARNING:pygls.protocol.json_rpc:Cancel notification for unknown message id "267"

2025-01-28 01:01:29.734 [info] WARNING:pygls.protocol.json_rpc:Cancel notification for unknown message id "269"

2025-01-28 01:01:40.508 [info] WARNING:pygls.protocol.json_rpc:Cancel notification for unknown message id "296"

2025-01-28 01:01:52.177 [info] ERROR:pygls.protocol.json_rpc:Failed to handle request 326 textDocument/codeAction CodeActionParams(text_document=TextDocumentIdentifier(uri='file:///home/marty_jehng/main.py'), range=86:49-86:49, context=CodeActionContext(diagnostics=[], only=None, trigger_kind=<CodeActionTriggerKind.Automatic: 2>), work_done_token=None, partial_result_token=None)
Traceback (most recent call last):
  File "/google/devshell/editor/code-oss-for-cloud-shell/extensions/ms-python.python/python_files/lib/jedilsp/pygls/protocol/json_rpc.py", line 266, in _handle_request
    self._execute_request(msg_id, handler, params)
  File "/google/devshell/editor/code-oss-for-cloud-shell/extensions/ms-python.python/python_files/lib/jedilsp/pygls/protocol/json_rpc.py", line 188, in _execute_request
    self._send_response(msg_id, handler(params))
                                ^^^^^^^^^^^^^^^
  File "/google/devshell/editor/code-oss-for-cloud-shell/extensions/ms-python.python/python_files/lib/jedilsp/jedi_language_server/server.py", line 599, in code_action
    extract_variable_refactoring = jedi_script.extract_variable(
                                   ^^^^^^^^^^^^^^^^^^^^^^^^^^^^^
  File "/google/devshell/editor/code-oss-for-cloud-shell/extensions/ms-python.python/python_files/lib/jedilsp/jedi/api/helpers.py", line 487, in wrapper
    return func(self, line, column, *args, **kwargs)
           ^^^^^^^^^^^^^^^^^^^^^^^^^^^^^^^^^^^^^^^^^
  File "/google/devshell/editor/code-oss-for-cloud-shell/extensions/ms-python.python/python_files/lib/jedilsp/jedi/api/__init__.py", line 628, in extract_variable
    return extract_variable(
           ^^^^^^^^^^^^^^^^^
  File "/google/devshell/editor/code-oss-for-cloud-shell/extensions/ms-python.python/python_files/lib/jedilsp/jedi/api/refactoring/extract.py", line 19, in extract_variable
    nodes = _find_nodes(module_node, pos, until_pos)
            ^^^^^^^^^^^^^^^^^^^^^^^^^^^^^^^^^^^^^^^^
  File "/google/devshell/editor/code-oss-for-cloud-shell/extensions/ms-python.python/python_files/lib/jedilsp/jedi/api/refactoring/extract.py", line 87, in _find_nodes
    nodes = _remove_unwanted_expression_nodes(parent_node, pos, until_pos)
            ^^^^^^^^^^^^^^^^^^^^^^^^^^^^^^^^^^^^^^^^^^^^^^^^^^^^^^^^^^^^^^
  File "/google/devshell/editor/code-oss-for-cloud-shell/extensions/ms-python.python/python_files/lib/jedilsp/jedi/api/refactoring/extract.py", line 198, in _remove_unwanted_expression_nodes
    nodes[0:1] = _remove_unwanted_expression_nodes(nodes[0], pos, until_pos)
                 ^^^^^^^^^^^^^^^^^^^^^^^^^^^^^^^^^^^^^^^^^^^^^^^^^^^^^^^^^^^
  File "/google/devshell/editor/code-oss-for-cloud-shell/extensions/ms-python.python/python_files/lib/jedilsp/jedi/api/refactoring/extract.py", line 196, in _remove_unwanted_expression_nodes
    nodes = nodes[start_index:end_index + 1]
                  ^^^^^^^^^^^
UnboundLocalError: cannot access local variable 'start_index' where it is not associated with a value

2025-01-28 01:01:52.183 [info] [Error - 1:01:52 AM] Request textDocument/codeAction failed.
2025-01-28 01:01:52.183 [info]   Message: UnboundLocalError: cannot access local variable 'start_index' where it is not associated with a value
  Code: -32603 
[object Object]
2025-01-28 01:01:53.252 [info] ERROR:pygls.protocol.json_rpc:Failed to handle request 328 textDocument/codeAction CodeActionParams(text_document=TextDocumentIdentifier(uri='file:///home/marty_jehng/main.py'), range=86:49-86:49, context=CodeActionContext(diagnostics=[], only=None, trigger_kind=<CodeActionTriggerKind.Automatic: 2>), work_done_token=None, partial_result_token=None)
Traceback (most recent call last):
  File "/google/devshell/editor/code-oss-for-cloud-shell/extensions/ms-python.python/python_files/lib/jedilsp/pygls/protocol/json_rpc.py", line 266, in _handle_request
    self._execute_request(msg_id, handler, params)
  File "/google/devshell/editor/code-oss-for-cloud-shell/extensions/ms-python.python/python_files/lib/jedilsp/pygls/protocol/json_rpc.py", line 188, in _execute_request
    self._send_response(msg_id, handler(params))
                                ^^^^^^^^^^^^^^^
  File "/google/devshell/editor/code-oss-for-cloud-shell/extensions/ms-python.python/python_files/lib/jedilsp/jedi_language_server/server.py", line 599, in code_action
    extract_variable_refactoring = jedi_script.extract_variable(
                                   ^^^^^^^^^^^^^^^^^^^^^^^^^^^^^
  File "/google/devshell/editor/code-oss-for-cloud-shell/extensions/ms-python.python/python_files/lib/jedilsp/jedi/api/helpers.py", line 487, in wrapper
    return func(self, line, column, *args, **kwargs)
           ^^^^^^^^^^^^^^^^^^^^^^^^^^^^^^^^^^^^^^^^^
  File "/google/devshell/editor/code-oss-for-cloud-shell/extensions/ms-python.python/python_files/lib/jedilsp/jedi/api/__init__.py", line 628, in extract_variable
    return extract_variable(
           ^^^^^^^^^^^^^^^^^
  File "/google/devshell/editor/code-oss-for-cloud-shell/extensions/ms-python.python/python_files/lib/jedilsp/jedi/api/refactoring/extract.py", line 19, in extract_variable
    nodes = _find_nodes(module_node, pos, until_pos)
            ^^^^^^^^^^^^^^^^^^^^^^^^^^^^^^^^^^^^^^^^
  File "/google/devshell/editor/code-oss-for-cloud-shell/extensions/ms-python.python/python_files/lib/jedilsp/jedi/api/refactoring/extract.py", line 87, in _find_nodes
    nodes = _remove_unwanted_expression_nodes(parent_node, pos, until_pos)
            ^^^^^^^^^^^^^^^^^^^^^^^^^^^^^^^^^^^^^^^^^^^^^^^^^^^^^^^^^^^^^^
  File "/google/devshell/editor/code-oss-for-cloud-shell/extensions/ms-python.python/python_files/lib/jedilsp/jedi/api/refactoring/extract.py", line 198, in _remove_unwanted_expression_nodes
    nodes[0:1] = _remove_unwanted_expression_nodes(nodes[0], pos, until_pos)
                 ^^^^^^^^^^^^^^^^^^^^^^^^^^^^^^^^^^^^^^^^^^^^^^^^^^^^^^^^^^^
  File "/google/devshell/editor/code-oss-for-cloud-shell/extensions/ms-python.python/python_files/lib/jedilsp/jedi/api/refactoring/extract.py", line 196, in _remove_unwanted_expression_nodes
    nodes = nodes[start_index:end_index + 1]
                  ^^^^^^^^^^^
UnboundLocalError: cannot access local variable 'start_index' where it is not associated with a value

2025-01-28 01:01:53.255 [info] [Error - 1:01:53 AM] Request textDocument/codeAction failed.
2025-01-28 01:01:53.255 [info]   Message: UnboundLocalError: cannot access local variable 'start_index' where it is not associated with a value
  Code: -32603 
[object Object]
2025-01-28 01:02:05.638 [info] WARNING:pygls.protocol.json_rpc:Cancel notification for unknown message id "333"

2025-01-28 01:03:05.001 [info] WARNING:pygls.protocol.json_rpc:Cancel notification for unknown message id "372"

2025-01-28 01:11:09.655 [info] WARNING:pygls.protocol.json_rpc:Cancel notification for unknown message id "396"

2025-01-28 01:24:03.493 [info] WARNING:pygls.protocol.json_rpc:Cancel notification for unknown message id "417"

2025-01-28 01:25:12.060 [info] WARNING:pygls.protocol.json_rpc:Cancel notification for unknown message id "428"

2025-01-28 01:26:35.114 [info] WARNING:pygls.protocol.json_rpc:Cancel notification for unknown message id "451"

2025-01-28 01:26:35.265 [info] WARNING:pygls.protocol.json_rpc:Cancel notification for unknown message id "452"

2025-01-28 01:27:44.767 [info] WARNING:pygls.protocol.json_rpc:Cancel notification for unknown message id "485"

2025-01-28 01:27:55.719 [info] WARNING:pygls.protocol.json_rpc:Cancel notification for unknown message id "497"

2025-01-28 01:27:58.678 [info] WARNING:pygls.protocol.json_rpc:Cancel notification for unknown message id "503"

2025-01-28 01:28:04.349 [info] WARNING:pygls.protocol.json_rpc:Cancel notification for unknown message id "505"

2025-01-28 01:28:04.570 [info] WARNING:pygls.protocol.json_rpc:Cancel notification for unknown message id "506"

2025-01-28 01:29:53.588 [info] WARNING:pygls.protocol.json_rpc:Cancel notification for unknown message id "550"

2025-01-28 01:34:07.568 [info] WARNING:pygls.protocol.json_rpc:Cancel notification for unknown message id "591"

2025-01-28 01:34:34.810 [info] WARNING:pygls.protocol.json_rpc:Cancel notification for unknown message id "598"

2025-01-28 01:35:11.102 [info] WARNING:pygls.protocol.json_rpc:Cancel notification for unknown message id "610"

2025-01-28 01:35:22.057 [info] WARNING:pygls.protocol.json_rpc:Cancel notification for unknown message id "612"

