2025-01-28 00:11:24.996 [info] [main] Log level: Info
2025-01-28 00:11:24.996 [info] [main] Validating found git in: "git"
2025-01-28 00:11:24.996 [info] [main] Using git "2.43.0" from "git"
2025-01-28 00:11:24.996 [info] [Model][doInitialScan] Initial repository scan started
2025-01-28 00:11:24.996 [info] > git rev-parse --show-toplevel [465ms]
2025-01-28 00:11:24.996 [info] > git rev-parse --git-dir --git-common-dir [2582ms]
2025-01-28 00:11:24.996 [info] [Model][openRepository] Opened repository: /home/marty_jehng
2025-01-28 00:11:24.996 [info] > git rev-parse --show-toplevel [3541ms]
2025-01-28 00:11:24.996 [info] > git config --get commit.template [3552ms]
2025-01-28 00:11:25.202 [info] > git rev-parse --show-toplevel [120ms]
2025-01-28 00:11:25.202 [info] > git for-each-ref --format=%(refname)%00%(upstream:short)%00%(objectname)%00%(upstream:track)%00%(upstream:remotename)%00%(upstream:remoteref) refs/heads/main refs/remotes/main [186ms]
2025-01-28 00:11:25.298 [info] > git rev-parse --show-toplevel [72ms]
2025-01-28 00:11:25.368 [info] > git rev-parse --show-toplevel [58ms]
2025-01-28 00:11:25.728 [info] > git status -z -uall [385ms]
2025-01-28 00:11:25.729 [info] > git for-each-ref --sort -committerdate --format %(refname) %(objectname) %(*objectname) [371ms]
2025-01-28 00:11:25.754 [info] > git check-ignore -v -z --stdin [16ms]
2025-01-28 00:11:25.759 [info] > git rev-parse --show-toplevel [32ms]
2025-01-28 00:11:25.825 [info] > git for-each-ref --format=%(refname)%00%(upstream:short)%00%(objectname)%00%(upstream:track)%00%(upstream:remotename)%00%(upstream:remoteref) refs/heads/main refs/remotes/main [48ms]
2025-01-28 00:11:25.862 [info] > git config --get commit.template [50ms]
2025-01-28 00:11:25.863 [info] > git rev-parse --show-toplevel [62ms]
2025-01-28 00:11:26.038 [info] > git config --local branch.main.vscode-merge-base [203ms]
2025-01-28 00:11:26.038 [warning] [Git][config] git config failed: Failed to execute git
2025-01-28 00:11:26.075 [info] > git rev-parse --show-toplevel [137ms]
2025-01-28 00:11:26.093 [info] > git for-each-ref --format=%(refname)%00%(upstream:short)%00%(objectname)%00%(upstream:track)%00%(upstream:remotename)%00%(upstream:remoteref) refs/heads/main refs/remotes/main [31ms]
2025-01-28 00:11:26.094 [info] > git reflog main --grep-reflog=branch: Created from *. [46ms]
2025-01-28 00:11:26.162 [info] > git rev-parse --show-toplevel [70ms]
2025-01-28 00:11:26.196 [info] > git symbolic-ref --short refs/remotes/origin/HEAD [92ms]
2025-01-28 00:11:26.196 [info] fatal: ref refs/remotes/origin/HEAD is not a symbolic ref
2025-01-28 00:11:26.196 [warning] [Repository][getDefaultBranch] Failed to get default branch details: Failed to execute git.
2025-01-28 00:11:26.213 [info] > git rev-parse --show-toplevel [31ms]
2025-01-28 00:11:26.256 [info] > git status -z -uall [25ms]
2025-01-28 00:11:26.256 [info] > git for-each-ref --sort -committerdate --format %(refname) %(objectname) %(*objectname) [17ms]
2025-01-28 00:11:26.292 [info] > git merge-base refs/heads/main refs/remotes/origin/main [85ms]
2025-01-28 00:11:26.314 [info] > git merge-base refs/heads/main refs/remotes/origin/main [24ms]
2025-01-28 00:11:26.324 [info] > git rev-parse --show-toplevel [73ms]
2025-01-28 00:11:26.325 [info] [Model][doInitialScan] Initial repository scan completed - repositories (1), closed repositories (0), parent repositories (0), unsafe repositories (0)
2025-01-28 00:11:26.365 [info] > git show --textconv :templates/index.html [30ms]
2025-01-28 00:11:26.365 [info] > git diff --name-status -z --diff-filter=ADMR b3bb6ec5b3defec4bb01029744914b15ba596120...refs/remotes/origin/main [42ms]
2025-01-28 00:11:26.366 [info] > git diff --name-status -z --diff-filter=ADMR b3bb6ec5b3defec4bb01029744914b15ba596120...refs/remotes/origin/main [65ms]
2025-01-28 00:11:26.515 [info] > git ls-files --stage -- /home/marty_jehng/templates/index.html [172ms]
2025-01-28 00:11:26.653 [info] > git cat-file -s 9082effb3019ff0c22519d7a69d6df908dc14d4b [129ms]
2025-01-28 00:11:39.020 [info] > git config --get commit.template [8ms]
2025-01-28 00:11:39.022 [info] > git for-each-ref --format=%(refname)%00%(upstream:short)%00%(objectname)%00%(upstream:track)%00%(upstream:remotename)%00%(upstream:remoteref) refs/heads/main refs/remotes/main [3ms]
2025-01-28 00:11:39.044 [info] > git status -z -uall [13ms]
2025-01-28 00:11:39.047 [info] > git for-each-ref --sort -committerdate --format %(refname) %(objectname) %(*objectname) [4ms]
2025-01-28 00:11:39.314 [info] > git fetch [314ms]
2025-01-28 00:11:39.314 [info] Missing or invalid credentials.
Skip silent fetch commands
Missing or invalid credentials.
Skip silent fetch commands
remote: Repository not found.
fatal: Authentication failed for 'https://github.com/MartyWYCheng/marty_jehng.git/'
2025-01-28 00:11:39.330 [info] > git config --get commit.template [8ms]
2025-01-28 00:11:39.331 [info] > git for-each-ref --format=%(refname)%00%(upstream:short)%00%(objectname)%00%(upstream:track)%00%(upstream:remotename)%00%(upstream:remoteref) refs/heads/main refs/remotes/main [2ms]
2025-01-28 00:11:39.350 [info] > git status -z -uall [11ms]
2025-01-28 00:11:39.352 [info] > git for-each-ref --sort -committerdate --format %(refname) %(objectname) %(*objectname) [3ms]
2025-01-28 00:11:40.372 [info] > git ls-files --stage -- /home/marty_jehng/templates/index.html [2ms]
2025-01-28 00:11:40.381 [info] > git cat-file -s 9082effb3019ff0c22519d7a69d6df908dc14d4b [2ms]
2025-01-28 00:11:40.445 [info] > git show --textconv :templates/index.html [7ms]
2025-01-28 00:14:21.981 [info] > git for-each-ref --format=%(refname)%00%(upstream:short)%00%(objectname)%00%(upstream:track)%00%(upstream:remotename)%00%(upstream:remoteref) refs/heads/main refs/remotes/main [2ms]
2025-01-28 00:14:21.982 [info] > git config --get commit.template [11ms]
2025-01-28 00:14:22.003 [info] > git status -z -uall [15ms]
2025-01-28 00:14:22.005 [info] > git for-each-ref --sort -committerdate --format %(refname) %(objectname) %(*objectname) [6ms]
2025-01-28 00:14:27.036 [info] > git config --get commit.template [9ms]
2025-01-28 00:14:27.037 [info] > git for-each-ref --format=%(refname)%00%(upstream:short)%00%(objectname)%00%(upstream:track)%00%(upstream:remotename)%00%(upstream:remoteref) refs/heads/main refs/remotes/main [3ms]
2025-01-28 00:14:27.056 [info] > git status -z -uall [13ms]
2025-01-28 00:14:27.056 [info] > git for-each-ref --sort -committerdate --format %(refname) %(objectname) %(*objectname) [5ms]
2025-01-28 00:14:32.080 [info] > git config --get commit.template [7ms]
2025-01-28 00:14:32.082 [info] > git for-each-ref --format=%(refname)%00%(upstream:short)%00%(objectname)%00%(upstream:track)%00%(upstream:remotename)%00%(upstream:remoteref) refs/heads/main refs/remotes/main [3ms]
2025-01-28 00:14:32.101 [info] > git status -z -uall [13ms]
2025-01-28 00:14:32.102 [info] > git for-each-ref --sort -committerdate --format %(refname) %(objectname) %(*objectname) [7ms]
2025-01-28 00:14:32.794 [info] > git ls-files --stage -- /home/marty_jehng/main.py [6ms]
2025-01-28 00:14:32.810 [info] > git show --textconv :main.py [33ms]
2025-01-28 00:14:32.812 [info] > git cat-file -s 40524fbfbef9d7e22dd02618c863d5d175538d22 [11ms]
2025-01-28 00:14:37.121 [info] > git config --get commit.template [9ms]
2025-01-28 00:14:37.126 [info] > git for-each-ref --format=%(refname)%00%(upstream:short)%00%(objectname)%00%(upstream:track)%00%(upstream:remotename)%00%(upstream:remoteref) refs/heads/main refs/remotes/main [6ms]
2025-01-28 00:14:37.146 [info] > git for-each-ref --sort -committerdate --format %(refname) %(objectname) %(*objectname) [4ms]
2025-01-28 00:14:37.158 [info] > git status -z -uall [24ms]
2025-01-28 00:14:42.181 [info] > git config --get commit.template [7ms]
2025-01-28 00:14:42.182 [info] > git for-each-ref --format=%(refname)%00%(upstream:short)%00%(objectname)%00%(upstream:track)%00%(upstream:remotename)%00%(upstream:remoteref) refs/heads/main refs/remotes/main [2ms]
2025-01-28 00:14:42.200 [info] > git for-each-ref --sort -committerdate --format %(refname) %(objectname) %(*objectname) [4ms]
2025-01-28 00:14:42.205 [info] > git status -z -uall [17ms]
2025-01-28 00:14:47.224 [info] > git config --get commit.template [8ms]
2025-01-28 00:14:47.226 [info] > git for-each-ref --format=%(refname)%00%(upstream:short)%00%(objectname)%00%(upstream:track)%00%(upstream:remotename)%00%(upstream:remoteref) refs/heads/main refs/remotes/main [3ms]
2025-01-28 00:14:47.244 [info] > git for-each-ref --sort -committerdate --format %(refname) %(objectname) %(*objectname) [4ms]
2025-01-28 00:14:47.250 [info] > git status -z -uall [18ms]
2025-01-28 00:14:52.267 [info] > git config --get commit.template [7ms]
2025-01-28 00:14:52.269 [info] > git for-each-ref --format=%(refname)%00%(upstream:short)%00%(objectname)%00%(upstream:track)%00%(upstream:remotename)%00%(upstream:remoteref) refs/heads/main refs/remotes/main [3ms]
2025-01-28 00:14:52.286 [info] > git for-each-ref --sort -committerdate --format %(refname) %(objectname) %(*objectname) [4ms]
2025-01-28 00:14:52.291 [info] > git status -z -uall [17ms]
2025-01-28 00:14:57.308 [info] > git config --get commit.template [7ms]
2025-01-28 00:14:57.310 [info] > git for-each-ref --format=%(refname)%00%(upstream:short)%00%(objectname)%00%(upstream:track)%00%(upstream:remotename)%00%(upstream:remoteref) refs/heads/main refs/remotes/main [3ms]
2025-01-28 00:14:57.328 [info] > git for-each-ref --sort -committerdate --format %(refname) %(objectname) %(*objectname) [4ms]
2025-01-28 00:14:57.333 [info] > git status -z -uall [17ms]
2025-01-28 00:15:02.352 [info] > git config --get commit.template [7ms]
2025-01-28 00:15:02.354 [info] > git for-each-ref --format=%(refname)%00%(upstream:short)%00%(objectname)%00%(upstream:track)%00%(upstream:remotename)%00%(upstream:remoteref) refs/heads/main refs/remotes/main [3ms]
2025-01-28 00:15:02.372 [info] > git for-each-ref --sort -committerdate --format %(refname) %(objectname) %(*objectname) [4ms]
2025-01-28 00:15:02.377 [info] > git status -z -uall [16ms]
2025-01-28 00:15:48.987 [info] > git config --get commit.template [9ms]
2025-01-28 00:15:48.988 [info] > git for-each-ref --format=%(refname)%00%(upstream:short)%00%(objectname)%00%(upstream:track)%00%(upstream:remotename)%00%(upstream:remoteref) refs/heads/main refs/remotes/main [2ms]
2025-01-28 00:15:49.006 [info] > git for-each-ref --sort -committerdate --format %(refname) %(objectname) %(*objectname) [5ms]
2025-01-28 00:15:49.011 [info] > git status -z -uall [17ms]
2025-01-28 00:15:54.030 [info] > git config --get commit.template [4ms]
2025-01-28 00:15:54.037 [info] > git for-each-ref --format=%(refname)%00%(upstream:short)%00%(objectname)%00%(upstream:track)%00%(upstream:remotename)%00%(upstream:remoteref) refs/heads/main refs/remotes/main [2ms]
2025-01-28 00:15:54.057 [info] > git for-each-ref --sort -committerdate --format %(refname) %(objectname) %(*objectname) [4ms]
2025-01-28 00:15:54.064 [info] > git status -z -uall [19ms]
2025-01-28 00:15:59.075 [info] > git config --get commit.template [2ms]
2025-01-28 00:15:59.084 [info] > git for-each-ref --format=%(refname)%00%(upstream:short)%00%(objectname)%00%(upstream:track)%00%(upstream:remotename)%00%(upstream:remoteref) refs/heads/main refs/remotes/main [3ms]
2025-01-28 00:15:59.101 [info] > git for-each-ref --sort -committerdate --format %(refname) %(objectname) %(*objectname) [4ms]
2025-01-28 00:15:59.106 [info] > git status -z -uall [17ms]
2025-01-28 00:16:04.126 [info] > git config --get commit.template [7ms]
2025-01-28 00:16:04.128 [info] > git for-each-ref --format=%(refname)%00%(upstream:short)%00%(objectname)%00%(upstream:track)%00%(upstream:remotename)%00%(upstream:remoteref) refs/heads/main refs/remotes/main [3ms]
2025-01-28 00:16:04.149 [info] > git for-each-ref --sort -committerdate --format %(refname) %(objectname) %(*objectname) [6ms]
2025-01-28 00:16:04.153 [info] > git status -z -uall [19ms]
2025-01-28 00:16:09.173 [info] > git config --get commit.template [7ms]
2025-01-28 00:16:09.174 [info] > git for-each-ref --format=%(refname)%00%(upstream:short)%00%(objectname)%00%(upstream:track)%00%(upstream:remotename)%00%(upstream:remoteref) refs/heads/main refs/remotes/main [3ms]
2025-01-28 00:16:09.193 [info] > git for-each-ref --sort -committerdate --format %(refname) %(objectname) %(*objectname) [4ms]
2025-01-28 00:16:09.199 [info] > git status -z -uall [19ms]
2025-01-28 00:16:14.217 [info] > git config --get commit.template [8ms]
2025-01-28 00:16:14.218 [info] > git for-each-ref --format=%(refname)%00%(upstream:short)%00%(objectname)%00%(upstream:track)%00%(upstream:remotename)%00%(upstream:remoteref) refs/heads/main refs/remotes/main [2ms]
2025-01-28 00:16:14.239 [info] > git for-each-ref --sort -committerdate --format %(refname) %(objectname) %(*objectname) [5ms]
2025-01-28 00:16:14.244 [info] > git status -z -uall [20ms]
2025-01-28 00:16:19.264 [info] > git config --get commit.template [8ms]
2025-01-28 00:16:19.265 [info] > git for-each-ref --format=%(refname)%00%(upstream:short)%00%(objectname)%00%(upstream:track)%00%(upstream:remotename)%00%(upstream:remoteref) refs/heads/main refs/remotes/main [2ms]
2025-01-28 00:16:19.284 [info] > git for-each-ref --sort -committerdate --format %(refname) %(objectname) %(*objectname) [5ms]
2025-01-28 00:16:19.290 [info] > git status -z -uall [18ms]
2025-01-28 00:16:34.719 [info] > git config --get commit.template [8ms]
2025-01-28 00:16:34.720 [info] > git for-each-ref --format=%(refname)%00%(upstream:short)%00%(objectname)%00%(upstream:track)%00%(upstream:remotename)%00%(upstream:remoteref) refs/heads/main refs/remotes/main [3ms]
2025-01-28 00:16:34.738 [info] > git for-each-ref --sort -committerdate --format %(refname) %(objectname) %(*objectname) [4ms]
2025-01-28 00:16:34.746 [info] > git status -z -uall [20ms]
2025-01-28 00:16:39.769 [info] > git config --get commit.template [3ms]
2025-01-28 00:16:39.777 [info] > git for-each-ref --format=%(refname)%00%(upstream:short)%00%(objectname)%00%(upstream:track)%00%(upstream:remotename)%00%(upstream:remoteref) refs/heads/main refs/remotes/main [2ms]
2025-01-28 00:16:39.796 [info] > git for-each-ref --sort -committerdate --format %(refname) %(objectname) %(*objectname) [4ms]
2025-01-28 00:16:39.801 [info] > git status -z -uall [16ms]
2025-01-28 00:16:44.823 [info] > git config --get commit.template [9ms]
2025-01-28 00:16:44.824 [info] > git for-each-ref --format=%(refname)%00%(upstream:short)%00%(objectname)%00%(upstream:track)%00%(upstream:remotename)%00%(upstream:remoteref) refs/heads/main refs/remotes/main [2ms]
2025-01-28 00:16:44.843 [info] > git for-each-ref --sort -committerdate --format %(refname) %(objectname) %(*objectname) [5ms]
2025-01-28 00:16:44.848 [info] > git status -z -uall [18ms]
2025-01-28 00:16:49.867 [info] > git config --get commit.template [8ms]
2025-01-28 00:16:49.868 [info] > git for-each-ref --format=%(refname)%00%(upstream:short)%00%(objectname)%00%(upstream:track)%00%(upstream:remotename)%00%(upstream:remoteref) refs/heads/main refs/remotes/main [2ms]
2025-01-28 00:16:49.887 [info] > git for-each-ref --sort -committerdate --format %(refname) %(objectname) %(*objectname) [4ms]
2025-01-28 00:16:49.892 [info] > git status -z -uall [17ms]
2025-01-28 00:16:54.912 [info] > git config --get commit.template [9ms]
2025-01-28 00:16:54.913 [info] > git for-each-ref --format=%(refname)%00%(upstream:short)%00%(objectname)%00%(upstream:track)%00%(upstream:remotename)%00%(upstream:remoteref) refs/heads/main refs/remotes/main [4ms]
2025-01-28 00:16:54.930 [info] > git for-each-ref --sort -committerdate --format %(refname) %(objectname) %(*objectname) [4ms]
2025-01-28 00:16:54.935 [info] > git status -z -uall [17ms]
2025-01-28 00:16:59.955 [info] > git config --get commit.template [7ms]
2025-01-28 00:16:59.957 [info] > git for-each-ref --format=%(refname)%00%(upstream:short)%00%(objectname)%00%(upstream:track)%00%(upstream:remotename)%00%(upstream:remoteref) refs/heads/main refs/remotes/main [3ms]
2025-01-28 00:16:59.976 [info] > git for-each-ref --sort -committerdate --format %(refname) %(objectname) %(*objectname) [4ms]
2025-01-28 00:16:59.983 [info] > git status -z -uall [19ms]
2025-01-28 00:17:05.001 [info] > git config --get commit.template [7ms]
2025-01-28 00:17:05.003 [info] > git for-each-ref --format=%(refname)%00%(upstream:short)%00%(objectname)%00%(upstream:track)%00%(upstream:remotename)%00%(upstream:remoteref) refs/heads/main refs/remotes/main [2ms]
2025-01-28 00:17:05.021 [info] > git for-each-ref --sort -committerdate --format %(refname) %(objectname) %(*objectname) [5ms]
2025-01-28 00:17:05.025 [info] > git status -z -uall [17ms]
2025-01-28 00:17:10.042 [info] > git config --get commit.template [7ms]
2025-01-28 00:17:10.043 [info] > git for-each-ref --format=%(refname)%00%(upstream:short)%00%(objectname)%00%(upstream:track)%00%(upstream:remotename)%00%(upstream:remoteref) refs/heads/main refs/remotes/main [2ms]
2025-01-28 00:17:10.061 [info] > git for-each-ref --sort -committerdate --format %(refname) %(objectname) %(*objectname) [4ms]
2025-01-28 00:17:10.067 [info] > git status -z -uall [17ms]
2025-01-28 00:17:15.087 [info] > git config --get commit.template [7ms]
2025-01-28 00:17:15.089 [info] > git for-each-ref --format=%(refname)%00%(upstream:short)%00%(objectname)%00%(upstream:track)%00%(upstream:remotename)%00%(upstream:remoteref) refs/heads/main refs/remotes/main [3ms]
2025-01-28 00:17:15.106 [info] > git for-each-ref --sort -committerdate --format %(refname) %(objectname) %(*objectname) [4ms]
2025-01-28 00:17:15.112 [info] > git status -z -uall [18ms]
2025-01-28 00:17:20.125 [info] > git config --get commit.template [3ms]
2025-01-28 00:17:20.133 [info] > git for-each-ref --format=%(refname)%00%(upstream:short)%00%(objectname)%00%(upstream:track)%00%(upstream:remotename)%00%(upstream:remoteref) refs/heads/main refs/remotes/main [1ms]
2025-01-28 00:17:20.149 [info] > git for-each-ref --sort -committerdate --format %(refname) %(objectname) %(*objectname) [4ms]
2025-01-28 00:17:20.157 [info] > git status -z -uall [19ms]
2025-01-28 00:17:25.175 [info] > git config --get commit.template [7ms]
2025-01-28 00:17:25.176 [info] > git for-each-ref --format=%(refname)%00%(upstream:short)%00%(objectname)%00%(upstream:track)%00%(upstream:remotename)%00%(upstream:remoteref) refs/heads/main refs/remotes/main [2ms]
2025-01-28 00:17:25.195 [info] > git for-each-ref --sort -committerdate --format %(refname) %(objectname) %(*objectname) [5ms]
2025-01-28 00:17:25.200 [info] > git status -z -uall [18ms]
2025-01-28 00:19:58.075 [info] > git config --get commit.template [6ms]
2025-01-28 00:19:58.076 [info] > git for-each-ref --format=%(refname)%00%(upstream:short)%00%(objectname)%00%(upstream:track)%00%(upstream:remotename)%00%(upstream:remoteref) refs/heads/main refs/remotes/main [2ms]
2025-01-28 00:19:58.094 [info] > git for-each-ref --sort -committerdate --format %(refname) %(objectname) %(*objectname) [6ms]
2025-01-28 00:19:58.100 [info] > git status -z -uall [19ms]
2025-01-28 00:20:03.128 [info] > git config --get commit.template [13ms]
2025-01-28 00:20:03.132 [info] > git for-each-ref --format=%(refname)%00%(upstream:short)%00%(objectname)%00%(upstream:track)%00%(upstream:remotename)%00%(upstream:remoteref) refs/heads/main refs/remotes/main [5ms]
2025-01-28 00:20:03.169 [info] > git for-each-ref --sort -committerdate --format %(refname) %(objectname) %(*objectname) [11ms]
2025-01-28 00:20:03.184 [info] > git status -z -uall [43ms]
2025-01-28 00:20:08.198 [info] > git config --get commit.template [3ms]
2025-01-28 00:20:08.206 [info] > git for-each-ref --format=%(refname)%00%(upstream:short)%00%(objectname)%00%(upstream:track)%00%(upstream:remotename)%00%(upstream:remoteref) refs/heads/main refs/remotes/main [2ms]
2025-01-28 00:20:08.223 [info] > git for-each-ref --sort -committerdate --format %(refname) %(objectname) %(*objectname) [4ms]
2025-01-28 00:20:08.228 [info] > git status -z -uall [17ms]
2025-01-28 00:20:24.107 [info] > git config --get commit.template [8ms]
2025-01-28 00:20:24.107 [info] > git for-each-ref --format=%(refname)%00%(upstream:short)%00%(objectname)%00%(upstream:track)%00%(upstream:remotename)%00%(upstream:remoteref) refs/heads/main refs/remotes/main [2ms]
2025-01-28 00:20:24.126 [info] > git for-each-ref --sort -committerdate --format %(refname) %(objectname) %(*objectname) [6ms]
2025-01-28 00:20:24.131 [info] > git status -z -uall [18ms]
2025-01-28 00:20:29.148 [info] > git config --get commit.template [7ms]
2025-01-28 00:20:29.150 [info] > git for-each-ref --format=%(refname)%00%(upstream:short)%00%(objectname)%00%(upstream:track)%00%(upstream:remotename)%00%(upstream:remoteref) refs/heads/main refs/remotes/main [2ms]
2025-01-28 00:20:29.167 [info] > git for-each-ref --sort -committerdate --format %(refname) %(objectname) %(*objectname) [5ms]
2025-01-28 00:20:29.174 [info] > git status -z -uall [19ms]
2025-01-28 00:20:34.193 [info] > git config --get commit.template [10ms]
2025-01-28 00:20:34.193 [info] > git for-each-ref --format=%(refname)%00%(upstream:short)%00%(objectname)%00%(upstream:track)%00%(upstream:remotename)%00%(upstream:remoteref) refs/heads/main refs/remotes/main [3ms]
2025-01-28 00:20:34.211 [info] > git for-each-ref --sort -committerdate --format %(refname) %(objectname) %(*objectname) [4ms]
2025-01-28 00:20:34.217 [info] > git status -z -uall [18ms]
2025-01-28 00:20:39.235 [info] > git config --get commit.template [7ms]
2025-01-28 00:20:39.236 [info] > git for-each-ref --format=%(refname)%00%(upstream:short)%00%(objectname)%00%(upstream:track)%00%(upstream:remotename)%00%(upstream:remoteref) refs/heads/main refs/remotes/main [3ms]
2025-01-28 00:20:39.264 [info] > git status -z -uall [19ms]
2025-01-28 00:20:39.267 [info] > git for-each-ref --sort -committerdate --format %(refname) %(objectname) %(*objectname) [3ms]
2025-01-28 00:20:44.280 [info] > git config --get commit.template [4ms]
2025-01-28 00:20:44.288 [info] > git for-each-ref --format=%(refname)%00%(upstream:short)%00%(objectname)%00%(upstream:track)%00%(upstream:remotename)%00%(upstream:remoteref) refs/heads/main refs/remotes/main [3ms]
2025-01-28 00:20:44.306 [info] > git for-each-ref --sort -committerdate --format %(refname) %(objectname) %(*objectname) [5ms]
2025-01-28 00:20:44.311 [info] > git status -z -uall [17ms]
2025-01-28 00:20:55.559 [info] > git for-each-ref --format=%(refname)%00%(upstream:short)%00%(objectname)%00%(upstream:track)%00%(upstream:remotename)%00%(upstream:remoteref) refs/heads/main refs/remotes/main [4ms]
2025-01-28 00:20:55.560 [info] > git config --get commit.template [11ms]
2025-01-28 00:20:55.580 [info] > git for-each-ref --sort -committerdate --format %(refname) %(objectname) %(*objectname) [5ms]
2025-01-28 00:20:55.585 [info] > git status -z -uall [18ms]
2025-01-28 00:21:00.604 [info] > git config --get commit.template [7ms]
2025-01-28 00:21:00.605 [info] > git for-each-ref --format=%(refname)%00%(upstream:short)%00%(objectname)%00%(upstream:track)%00%(upstream:remotename)%00%(upstream:remoteref) refs/heads/main refs/remotes/main [2ms]
2025-01-28 00:21:00.623 [info] > git for-each-ref --sort -committerdate --format %(refname) %(objectname) %(*objectname) [4ms]
2025-01-28 00:21:00.630 [info] > git status -z -uall [18ms]
2025-01-28 00:21:05.647 [info] > git config --get commit.template [7ms]
2025-01-28 00:21:05.648 [info] > git for-each-ref --format=%(refname)%00%(upstream:short)%00%(objectname)%00%(upstream:track)%00%(upstream:remotename)%00%(upstream:remoteref) refs/heads/main refs/remotes/main [2ms]
2025-01-28 00:21:05.665 [info] > git for-each-ref --sort -committerdate --format %(refname) %(objectname) %(*objectname) [4ms]
2025-01-28 00:21:05.672 [info] > git status -z -uall [18ms]
2025-01-28 00:21:10.688 [info] > git config --get commit.template [7ms]
2025-01-28 00:21:10.690 [info] > git for-each-ref --format=%(refname)%00%(upstream:short)%00%(objectname)%00%(upstream:track)%00%(upstream:remotename)%00%(upstream:remoteref) refs/heads/main refs/remotes/main [3ms]
2025-01-28 00:21:10.709 [info] > git for-each-ref --sort -committerdate --format %(refname) %(objectname) %(*objectname) [4ms]
2025-01-28 00:21:10.714 [info] > git status -z -uall [17ms]
2025-01-28 00:21:15.733 [info] > git config --get commit.template [9ms]
2025-01-28 00:21:15.735 [info] > git for-each-ref --format=%(refname)%00%(upstream:short)%00%(objectname)%00%(upstream:track)%00%(upstream:remotename)%00%(upstream:remoteref) refs/heads/main refs/remotes/main [3ms]
2025-01-28 00:21:15.751 [info] > git for-each-ref --sort -committerdate --format %(refname) %(objectname) %(*objectname) [4ms]
2025-01-28 00:21:15.760 [info] > git status -z -uall [20ms]
2025-01-28 00:21:20.775 [info] > git config --get commit.template [3ms]
2025-01-28 00:21:20.782 [info] > git for-each-ref --format=%(refname)%00%(upstream:short)%00%(objectname)%00%(upstream:track)%00%(upstream:remotename)%00%(upstream:remoteref) refs/heads/main refs/remotes/main [2ms]
2025-01-28 00:21:20.798 [info] > git for-each-ref --sort -committerdate --format %(refname) %(objectname) %(*objectname) [3ms]
2025-01-28 00:21:20.804 [info] > git status -z -uall [17ms]
2025-01-28 00:21:25.822 [info] > git config --get commit.template [7ms]
2025-01-28 00:21:25.823 [info] > git for-each-ref --format=%(refname)%00%(upstream:short)%00%(objectname)%00%(upstream:track)%00%(upstream:remotename)%00%(upstream:remoteref) refs/heads/main refs/remotes/main [2ms]
2025-01-28 00:21:25.840 [info] > git for-each-ref --sort -committerdate --format %(refname) %(objectname) %(*objectname) [4ms]
2025-01-28 00:21:25.846 [info] > git status -z -uall [17ms]
2025-01-28 00:21:30.867 [info] > git for-each-ref --format=%(refname)%00%(upstream:short)%00%(objectname)%00%(upstream:track)%00%(upstream:remotename)%00%(upstream:remoteref) refs/heads/main refs/remotes/main [3ms]
2025-01-28 00:21:30.867 [info] > git config --get commit.template [9ms]
2025-01-28 00:21:30.883 [info] > git for-each-ref --sort -committerdate --format %(refname) %(objectname) %(*objectname) [4ms]
2025-01-28 00:21:30.889 [info] > git status -z -uall [17ms]
2025-01-28 00:21:35.912 [info] > git config --get commit.template [8ms]
2025-01-28 00:21:35.914 [info] > git for-each-ref --format=%(refname)%00%(upstream:short)%00%(objectname)%00%(upstream:track)%00%(upstream:remotename)%00%(upstream:remoteref) refs/heads/main refs/remotes/main [3ms]
2025-01-28 00:21:35.940 [info] > git for-each-ref --sort -committerdate --format %(refname) %(objectname) %(*objectname) [11ms]
2025-01-28 00:21:35.942 [info] > git status -z -uall [22ms]
2025-01-28 00:21:40.964 [info] > git config --get commit.template [10ms]
2025-01-28 00:21:40.968 [info] > git for-each-ref --format=%(refname)%00%(upstream:short)%00%(objectname)%00%(upstream:track)%00%(upstream:remotename)%00%(upstream:remoteref) refs/heads/main refs/remotes/main [5ms]
2025-01-28 00:21:40.999 [info] > git for-each-ref --sort -committerdate --format %(refname) %(objectname) %(*objectname) [7ms]
2025-01-28 00:21:41.011 [info] > git status -z -uall [35ms]
2025-01-28 00:21:46.033 [info] > git config --get commit.template [8ms]
2025-01-28 00:21:46.035 [info] > git for-each-ref --format=%(refname)%00%(upstream:short)%00%(objectname)%00%(upstream:track)%00%(upstream:remotename)%00%(upstream:remoteref) refs/heads/main refs/remotes/main [3ms]
2025-01-28 00:21:46.053 [info] > git for-each-ref --sort -committerdate --format %(refname) %(objectname) %(*objectname) [4ms]
2025-01-28 00:21:46.065 [info] > git status -z -uall [23ms]
2025-01-28 00:21:51.087 [info] > git config --get commit.template [7ms]
2025-01-28 00:21:51.089 [info] > git for-each-ref --format=%(refname)%00%(upstream:short)%00%(objectname)%00%(upstream:track)%00%(upstream:remotename)%00%(upstream:remoteref) refs/heads/main refs/remotes/main [3ms]
2025-01-28 00:21:51.113 [info] > git for-each-ref --sort -committerdate --format %(refname) %(objectname) %(*objectname) [11ms]
2025-01-28 00:21:51.116 [info] > git status -z -uall [21ms]
2025-01-28 00:21:57.037 [info] > git config --get commit.template [3ms]
2025-01-28 00:21:57.044 [info] > git for-each-ref --format=%(refname)%00%(upstream:short)%00%(objectname)%00%(upstream:track)%00%(upstream:remotename)%00%(upstream:remoteref) refs/heads/main refs/remotes/main [2ms]
2025-01-28 00:21:57.060 [info] > git for-each-ref --sort -committerdate --format %(refname) %(objectname) %(*objectname) [3ms]
2025-01-28 00:21:57.068 [info] > git status -z -uall [19ms]
2025-01-28 00:22:02.087 [info] > git config --get commit.template [6ms]
2025-01-28 00:22:02.089 [info] > git for-each-ref --format=%(refname)%00%(upstream:short)%00%(objectname)%00%(upstream:track)%00%(upstream:remotename)%00%(upstream:remoteref) refs/heads/main refs/remotes/main [2ms]
2025-01-28 00:22:02.106 [info] > git for-each-ref --sort -committerdate --format %(refname) %(objectname) %(*objectname) [4ms]
2025-01-28 00:22:02.113 [info] > git status -z -uall [19ms]
2025-01-28 00:22:07.132 [info] > git config --get commit.template [6ms]
2025-01-28 00:22:07.133 [info] > git for-each-ref --format=%(refname)%00%(upstream:short)%00%(objectname)%00%(upstream:track)%00%(upstream:remotename)%00%(upstream:remoteref) refs/heads/main refs/remotes/main [2ms]
2025-01-28 00:22:07.151 [info] > git for-each-ref --sort -committerdate --format %(refname) %(objectname) %(*objectname) [7ms]
2025-01-28 00:22:07.158 [info] > git status -z -uall [20ms]
2025-01-28 00:22:12.177 [info] > git config --get commit.template [7ms]
2025-01-28 00:22:12.179 [info] > git for-each-ref --format=%(refname)%00%(upstream:short)%00%(objectname)%00%(upstream:track)%00%(upstream:remotename)%00%(upstream:remoteref) refs/heads/main refs/remotes/main [3ms]
2025-01-28 00:22:12.196 [info] > git for-each-ref --sort -committerdate --format %(refname) %(objectname) %(*objectname) [5ms]
2025-01-28 00:22:12.203 [info] > git status -z -uall [19ms]
2025-01-28 00:22:17.225 [info] > git config --get commit.template [6ms]
2025-01-28 00:22:17.227 [info] > git for-each-ref --format=%(refname)%00%(upstream:short)%00%(objectname)%00%(upstream:track)%00%(upstream:remotename)%00%(upstream:remoteref) refs/heads/main refs/remotes/main [2ms]
2025-01-28 00:22:17.244 [info] > git for-each-ref --sort -committerdate --format %(refname) %(objectname) %(*objectname) [5ms]
2025-01-28 00:22:17.251 [info] > git status -z -uall [19ms]
2025-01-28 00:22:22.271 [info] > git config --get commit.template [6ms]
2025-01-28 00:22:22.272 [info] > git for-each-ref --format=%(refname)%00%(upstream:short)%00%(objectname)%00%(upstream:track)%00%(upstream:remotename)%00%(upstream:remoteref) refs/heads/main refs/remotes/main [2ms]
2025-01-28 00:22:22.290 [info] > git for-each-ref --sort -committerdate --format %(refname) %(objectname) %(*objectname) [4ms]
2025-01-28 00:22:22.298 [info] > git status -z -uall [19ms]
2025-01-28 00:22:27.318 [info] > git config --get commit.template [7ms]
2025-01-28 00:22:27.319 [info] > git for-each-ref --format=%(refname)%00%(upstream:short)%00%(objectname)%00%(upstream:track)%00%(upstream:remotename)%00%(upstream:remoteref) refs/heads/main refs/remotes/main [2ms]
2025-01-28 00:22:27.336 [info] > git for-each-ref --sort -committerdate --format %(refname) %(objectname) %(*objectname) [5ms]
2025-01-28 00:22:27.343 [info] > git status -z -uall [19ms]
2025-01-28 00:22:32.365 [info] > git config --get commit.template [7ms]
2025-01-28 00:22:32.366 [info] > git for-each-ref --format=%(refname)%00%(upstream:short)%00%(objectname)%00%(upstream:track)%00%(upstream:remotename)%00%(upstream:remoteref) refs/heads/main refs/remotes/main [2ms]
2025-01-28 00:22:32.382 [info] > git for-each-ref --sort -committerdate --format %(refname) %(objectname) %(*objectname) [4ms]
2025-01-28 00:22:32.393 [info] > git status -z -uall [22ms]
2025-01-28 00:22:37.411 [info] > git config --get commit.template [6ms]
2025-01-28 00:22:37.412 [info] > git for-each-ref --format=%(refname)%00%(upstream:short)%00%(objectname)%00%(upstream:track)%00%(upstream:remotename)%00%(upstream:remoteref) refs/heads/main refs/remotes/main [2ms]
2025-01-28 00:22:37.429 [info] > git for-each-ref --sort -committerdate --format %(refname) %(objectname) %(*objectname) [4ms]
2025-01-28 00:22:37.437 [info] > git status -z -uall [18ms]
2025-01-28 00:22:42.459 [info] > git config --get commit.template [8ms]
2025-01-28 00:22:42.463 [info] > git for-each-ref --format=%(refname)%00%(upstream:short)%00%(objectname)%00%(upstream:track)%00%(upstream:remotename)%00%(upstream:remoteref) refs/heads/main refs/remotes/main [4ms]
2025-01-28 00:22:42.479 [info] > git for-each-ref --sort -committerdate --format %(refname) %(objectname) %(*objectname) [3ms]
2025-01-28 00:22:42.487 [info] > git status -z -uall [19ms]
2025-01-28 00:22:47.508 [info] > git for-each-ref --format=%(refname)%00%(upstream:short)%00%(objectname)%00%(upstream:track)%00%(upstream:remotename)%00%(upstream:remoteref) refs/heads/main refs/remotes/main [3ms]
2025-01-28 00:22:47.508 [info] > git config --get commit.template [10ms]
2025-01-28 00:22:47.526 [info] > git for-each-ref --sort -committerdate --format %(refname) %(objectname) %(*objectname) [4ms]
2025-01-28 00:22:47.534 [info] > git status -z -uall [19ms]
2025-01-28 00:22:52.555 [info] > git config --get commit.template [7ms]
2025-01-28 00:22:52.556 [info] > git for-each-ref --format=%(refname)%00%(upstream:short)%00%(objectname)%00%(upstream:track)%00%(upstream:remotename)%00%(upstream:remoteref) refs/heads/main refs/remotes/main [2ms]
2025-01-28 00:22:52.573 [info] > git for-each-ref --sort -committerdate --format %(refname) %(objectname) %(*objectname) [3ms]
2025-01-28 00:22:52.581 [info] > git status -z -uall [19ms]
2025-01-28 00:23:16.160 [info] > git config --get commit.template [2ms]
2025-01-28 00:23:16.169 [info] > git for-each-ref --format=%(refname)%00%(upstream:short)%00%(objectname)%00%(upstream:track)%00%(upstream:remotename)%00%(upstream:remoteref) refs/heads/main refs/remotes/main [1ms]
2025-01-28 00:23:16.185 [info] > git for-each-ref --sort -committerdate --format %(refname) %(objectname) %(*objectname) [4ms]
2025-01-28 00:23:16.193 [info] > git status -z -uall [19ms]
2025-01-28 00:23:21.214 [info] > git config --get commit.template [7ms]
2025-01-28 00:23:21.215 [info] > git for-each-ref --format=%(refname)%00%(upstream:short)%00%(objectname)%00%(upstream:track)%00%(upstream:remotename)%00%(upstream:remoteref) refs/heads/main refs/remotes/main [2ms]
2025-01-28 00:23:21.235 [info] > git for-each-ref --sort -committerdate --format %(refname) %(objectname) %(*objectname) [5ms]
2025-01-28 00:23:21.242 [info] > git status -z -uall [19ms]
2025-01-28 00:23:26.263 [info] > git config --get commit.template [7ms]
2025-01-28 00:23:26.264 [info] > git for-each-ref --format=%(refname)%00%(upstream:short)%00%(objectname)%00%(upstream:track)%00%(upstream:remotename)%00%(upstream:remoteref) refs/heads/main refs/remotes/main [2ms]
2025-01-28 00:23:26.281 [info] > git for-each-ref --sort -committerdate --format %(refname) %(objectname) %(*objectname) [4ms]
2025-01-28 00:23:26.288 [info] > git status -z -uall [18ms]
2025-01-28 00:23:34.128 [info] > git config --get commit.template [14ms]
2025-01-28 00:23:34.131 [info] > git for-each-ref --format=%(refname)%00%(upstream:short)%00%(objectname)%00%(upstream:track)%00%(upstream:remotename)%00%(upstream:remoteref) refs/heads/main refs/remotes/main [4ms]
2025-01-28 00:23:34.163 [info] > git for-each-ref --sort -committerdate --format %(refname) %(objectname) %(*objectname) [10ms]
2025-01-28 00:23:34.175 [info] > git status -z -uall [36ms]
2025-01-28 00:23:40.116 [info] > git config --get commit.template [8ms]
2025-01-28 00:23:40.117 [info] > git for-each-ref --format=%(refname)%00%(upstream:short)%00%(objectname)%00%(upstream:track)%00%(upstream:remotename)%00%(upstream:remoteref) refs/heads/main refs/remotes/main [2ms]
2025-01-28 00:23:40.134 [info] > git for-each-ref --sort -committerdate --format %(refname) %(objectname) %(*objectname) [4ms]
2025-01-28 00:23:40.142 [info] > git status -z -uall [19ms]
2025-01-28 00:23:45.165 [info] > git for-each-ref --format=%(refname)%00%(upstream:short)%00%(objectname)%00%(upstream:track)%00%(upstream:remotename)%00%(upstream:remoteref) refs/heads/main refs/remotes/main [3ms]
2025-01-28 00:23:45.166 [info] > git config --get commit.template [9ms]
2025-01-28 00:23:45.183 [info] > git for-each-ref --sort -committerdate --format %(refname) %(objectname) %(*objectname) [4ms]
2025-01-28 00:23:45.191 [info] > git status -z -uall [19ms]
2025-01-28 00:23:50.212 [info] > git config --get commit.template [7ms]
2025-01-28 00:23:50.214 [info] > git for-each-ref --format=%(refname)%00%(upstream:short)%00%(objectname)%00%(upstream:track)%00%(upstream:remotename)%00%(upstream:remoteref) refs/heads/main refs/remotes/main [3ms]
2025-01-28 00:23:50.233 [info] > git for-each-ref --sort -committerdate --format %(refname) %(objectname) %(*objectname) [4ms]
2025-01-28 00:23:50.241 [info] > git status -z -uall [21ms]
2025-01-28 00:23:55.267 [info] > git config --get commit.template [7ms]
2025-01-28 00:23:55.269 [info] > git for-each-ref --format=%(refname)%00%(upstream:short)%00%(objectname)%00%(upstream:track)%00%(upstream:remotename)%00%(upstream:remoteref) refs/heads/main refs/remotes/main [2ms]
2025-01-28 00:23:55.286 [info] > git for-each-ref --sort -committerdate --format %(refname) %(objectname) %(*objectname) [4ms]
2025-01-28 00:23:55.294 [info] > git status -z -uall [19ms]
2025-01-28 00:24:00.318 [info] > git config --get commit.template [8ms]
2025-01-28 00:24:00.320 [info] > git for-each-ref --format=%(refname)%00%(upstream:short)%00%(objectname)%00%(upstream:track)%00%(upstream:remotename)%00%(upstream:remoteref) refs/heads/main refs/remotes/main [3ms]
2025-01-28 00:24:00.340 [info] > git for-each-ref --sort -committerdate --format %(refname) %(objectname) %(*objectname) [5ms]
2025-01-28 00:24:00.347 [info] > git status -z -uall [19ms]
2025-01-28 00:24:05.370 [info] > git config --get commit.template [7ms]
2025-01-28 00:24:05.372 [info] > git for-each-ref --format=%(refname)%00%(upstream:short)%00%(objectname)%00%(upstream:track)%00%(upstream:remotename)%00%(upstream:remoteref) refs/heads/main refs/remotes/main [3ms]
2025-01-28 00:24:05.390 [info] > git for-each-ref --sort -committerdate --format %(refname) %(objectname) %(*objectname) [3ms]
2025-01-28 00:24:05.397 [info] > git status -z -uall [19ms]
2025-01-28 00:24:10.420 [info] > git config --get commit.template [8ms]
2025-01-28 00:24:10.422 [info] > git for-each-ref --format=%(refname)%00%(upstream:short)%00%(objectname)%00%(upstream:track)%00%(upstream:remotename)%00%(upstream:remoteref) refs/heads/main refs/remotes/main [3ms]
2025-01-28 00:24:10.449 [info] > git for-each-ref --sort -committerdate --format %(refname) %(objectname) %(*objectname) [4ms]
2025-01-28 00:24:10.450 [info] > git status -z -uall [22ms]
2025-01-28 00:24:15.471 [info] > git config --get commit.template [8ms]
2025-01-28 00:24:15.472 [info] > git for-each-ref --format=%(refname)%00%(upstream:short)%00%(objectname)%00%(upstream:track)%00%(upstream:remotename)%00%(upstream:remoteref) refs/heads/main refs/remotes/main [2ms]
2025-01-28 00:24:15.490 [info] > git for-each-ref --sort -committerdate --format %(refname) %(objectname) %(*objectname) [4ms]
2025-01-28 00:24:15.498 [info] > git status -z -uall [20ms]
2025-01-28 00:24:22.177 [info] > git config --get commit.template [4ms]
2025-01-28 00:24:22.185 [info] > git for-each-ref --format=%(refname)%00%(upstream:short)%00%(objectname)%00%(upstream:track)%00%(upstream:remotename)%00%(upstream:remoteref) refs/heads/main refs/remotes/main [2ms]
2025-01-28 00:24:22.207 [info] > git for-each-ref --sort -committerdate --format %(refname) %(objectname) %(*objectname) [5ms]
2025-01-28 00:24:22.213 [info] > git status -z -uall [22ms]
2025-01-28 00:24:27.230 [info] > git config --get commit.template [4ms]
2025-01-28 00:24:27.237 [info] > git for-each-ref --format=%(refname)%00%(upstream:short)%00%(objectname)%00%(upstream:track)%00%(upstream:remotename)%00%(upstream:remoteref) refs/heads/main refs/remotes/main [2ms]
2025-01-28 00:24:27.256 [info] > git for-each-ref --sort -committerdate --format %(refname) %(objectname) %(*objectname) [5ms]
2025-01-28 00:24:27.262 [info] > git status -z -uall [19ms]
2025-01-28 00:24:32.285 [info] > git config --get commit.template [9ms]
2025-01-28 00:24:32.287 [info] > git for-each-ref --format=%(refname)%00%(upstream:short)%00%(objectname)%00%(upstream:track)%00%(upstream:remotename)%00%(upstream:remoteref) refs/heads/main refs/remotes/main [4ms]
2025-01-28 00:24:32.304 [info] > git for-each-ref --sort -committerdate --format %(refname) %(objectname) %(*objectname) [4ms]
2025-01-28 00:24:32.312 [info] > git status -z -uall [19ms]
2025-01-28 00:24:37.333 [info] > git config --get commit.template [7ms]
2025-01-28 00:24:37.334 [info] > git for-each-ref --format=%(refname)%00%(upstream:short)%00%(objectname)%00%(upstream:track)%00%(upstream:remotename)%00%(upstream:remoteref) refs/heads/main refs/remotes/main [2ms]
2025-01-28 00:24:37.352 [info] > git for-each-ref --sort -committerdate --format %(refname) %(objectname) %(*objectname) [5ms]
2025-01-28 00:24:37.359 [info] > git status -z -uall [19ms]
2025-01-28 00:24:42.379 [info] > git config --get commit.template [6ms]
2025-01-28 00:24:42.380 [info] > git for-each-ref --format=%(refname)%00%(upstream:short)%00%(objectname)%00%(upstream:track)%00%(upstream:remotename)%00%(upstream:remoteref) refs/heads/main refs/remotes/main [2ms]
2025-01-28 00:24:42.396 [info] > git for-each-ref --sort -committerdate --format %(refname) %(objectname) %(*objectname) [4ms]
2025-01-28 00:24:42.404 [info] > git status -z -uall [19ms]
2025-01-28 00:24:47.428 [info] > git config --get commit.template [10ms]
2025-01-28 00:24:47.431 [info] > git for-each-ref --format=%(refname)%00%(upstream:short)%00%(objectname)%00%(upstream:track)%00%(upstream:remotename)%00%(upstream:remoteref) refs/heads/main refs/remotes/main [4ms]
2025-01-28 00:24:47.448 [info] > git for-each-ref --sort -committerdate --format %(refname) %(objectname) %(*objectname) [4ms]
2025-01-28 00:24:47.456 [info] > git status -z -uall [20ms]
2025-01-28 00:24:52.476 [info] > git config --get commit.template [7ms]
2025-01-28 00:24:52.477 [info] > git for-each-ref --format=%(refname)%00%(upstream:short)%00%(objectname)%00%(upstream:track)%00%(upstream:remotename)%00%(upstream:remoteref) refs/heads/main refs/remotes/main [2ms]
2025-01-28 00:24:52.495 [info] > git for-each-ref --sort -committerdate --format %(refname) %(objectname) %(*objectname) [4ms]
2025-01-28 00:24:52.502 [info] > git status -z -uall [19ms]
2025-01-28 00:24:57.523 [info] > git config --get commit.template [6ms]
2025-01-28 00:24:57.524 [info] > git for-each-ref --format=%(refname)%00%(upstream:short)%00%(objectname)%00%(upstream:track)%00%(upstream:remotename)%00%(upstream:remoteref) refs/heads/main refs/remotes/main [2ms]
2025-01-28 00:24:57.542 [info] > git for-each-ref --sort -committerdate --format %(refname) %(objectname) %(*objectname) [4ms]
2025-01-28 00:24:57.549 [info] > git status -z -uall [19ms]
2025-01-28 00:25:02.569 [info] > git config --get commit.template [6ms]
2025-01-28 00:25:02.570 [info] > git for-each-ref --format=%(refname)%00%(upstream:short)%00%(objectname)%00%(upstream:track)%00%(upstream:remotename)%00%(upstream:remoteref) refs/heads/main refs/remotes/main [2ms]
2025-01-28 00:25:02.587 [info] > git for-each-ref --sort -committerdate --format %(refname) %(objectname) %(*objectname) [4ms]
2025-01-28 00:25:02.595 [info] > git status -z -uall [19ms]
2025-01-28 00:25:07.615 [info] > git config --get commit.template [6ms]
2025-01-28 00:25:07.616 [info] > git for-each-ref --format=%(refname)%00%(upstream:short)%00%(objectname)%00%(upstream:track)%00%(upstream:remotename)%00%(upstream:remoteref) refs/heads/main refs/remotes/main [2ms]
2025-01-28 00:25:07.634 [info] > git for-each-ref --sort -committerdate --format %(refname) %(objectname) %(*objectname) [4ms]
2025-01-28 00:25:07.642 [info] > git status -z -uall [19ms]
2025-01-28 00:25:12.662 [info] > git config --get commit.template [7ms]
2025-01-28 00:25:12.663 [info] > git for-each-ref --format=%(refname)%00%(upstream:short)%00%(objectname)%00%(upstream:track)%00%(upstream:remotename)%00%(upstream:remoteref) refs/heads/main refs/remotes/main [2ms]
2025-01-28 00:25:12.681 [info] > git for-each-ref --sort -committerdate --format %(refname) %(objectname) %(*objectname) [4ms]
2025-01-28 00:25:12.689 [info] > git status -z -uall [19ms]
2025-01-28 00:25:17.712 [info] > git config --get commit.template [6ms]
2025-01-28 00:25:17.714 [info] > git for-each-ref --format=%(refname)%00%(upstream:short)%00%(objectname)%00%(upstream:track)%00%(upstream:remotename)%00%(upstream:remoteref) refs/heads/main refs/remotes/main [2ms]
2025-01-28 00:25:17.730 [info] > git for-each-ref --sort -committerdate --format %(refname) %(objectname) %(*objectname) [3ms]
2025-01-28 00:25:17.738 [info] > git status -z -uall [18ms]
2025-01-28 00:25:22.757 [info] > git config --get commit.template [7ms]
2025-01-28 00:25:22.758 [info] > git for-each-ref --format=%(refname)%00%(upstream:short)%00%(objectname)%00%(upstream:track)%00%(upstream:remotename)%00%(upstream:remoteref) refs/heads/main refs/remotes/main [2ms]
2025-01-28 00:25:22.774 [info] > git for-each-ref --sort -committerdate --format %(refname) %(objectname) %(*objectname) [4ms]
2025-01-28 00:25:22.782 [info] > git status -z -uall [18ms]
2025-01-28 00:25:27.801 [info] > git config --get commit.template [6ms]
2025-01-28 00:25:27.803 [info] > git for-each-ref --format=%(refname)%00%(upstream:short)%00%(objectname)%00%(upstream:track)%00%(upstream:remotename)%00%(upstream:remoteref) refs/heads/main refs/remotes/main [2ms]
2025-01-28 00:25:27.818 [info] > git for-each-ref --sort -committerdate --format %(refname) %(objectname) %(*objectname) [4ms]
2025-01-28 00:25:27.826 [info] > git status -z -uall [18ms]
2025-01-28 00:25:32.845 [info] > git config --get commit.template [7ms]
2025-01-28 00:25:32.846 [info] > git for-each-ref --format=%(refname)%00%(upstream:short)%00%(objectname)%00%(upstream:track)%00%(upstream:remotename)%00%(upstream:remoteref) refs/heads/main refs/remotes/main [2ms]
2025-01-28 00:25:32.863 [info] > git for-each-ref --sort -committerdate --format %(refname) %(objectname) %(*objectname) [4ms]
2025-01-28 00:25:32.871 [info] > git status -z -uall [18ms]
2025-01-28 00:25:37.890 [info] > git config --get commit.template [7ms]
2025-01-28 00:25:37.892 [info] > git for-each-ref --format=%(refname)%00%(upstream:short)%00%(objectname)%00%(upstream:track)%00%(upstream:remotename)%00%(upstream:remoteref) refs/heads/main refs/remotes/main [3ms]
2025-01-28 00:25:37.909 [info] > git for-each-ref --sort -committerdate --format %(refname) %(objectname) %(*objectname) [4ms]
2025-01-28 00:25:37.916 [info] > git status -z -uall [18ms]
2025-01-28 00:25:42.937 [info] > git config --get commit.template [7ms]
2025-01-28 00:25:42.939 [info] > git for-each-ref --format=%(refname)%00%(upstream:short)%00%(objectname)%00%(upstream:track)%00%(upstream:remotename)%00%(upstream:remoteref) refs/heads/main refs/remotes/main [3ms]
2025-01-28 00:25:42.955 [info] > git for-each-ref --sort -committerdate --format %(refname) %(objectname) %(*objectname) [4ms]
2025-01-28 00:25:42.963 [info] > git status -z -uall [19ms]
2025-01-28 00:25:47.982 [info] > git config --get commit.template [7ms]
2025-01-28 00:25:47.984 [info] > git for-each-ref --format=%(refname)%00%(upstream:short)%00%(objectname)%00%(upstream:track)%00%(upstream:remotename)%00%(upstream:remoteref) refs/heads/main refs/remotes/main [2ms]
2025-01-28 00:25:48.000 [info] > git for-each-ref --sort -committerdate --format %(refname) %(objectname) %(*objectname) [4ms]
2025-01-28 00:25:48.008 [info] > git status -z -uall [19ms]
2025-01-28 00:25:53.028 [info] > git config --get commit.template [7ms]
2025-01-28 00:25:53.029 [info] > git for-each-ref --format=%(refname)%00%(upstream:short)%00%(objectname)%00%(upstream:track)%00%(upstream:remotename)%00%(upstream:remoteref) refs/heads/main refs/remotes/main [2ms]
2025-01-28 00:25:53.046 [info] > git for-each-ref --sort -committerdate --format %(refname) %(objectname) %(*objectname) [4ms]
2025-01-28 00:25:53.054 [info] > git status -z -uall [19ms]
2025-01-28 00:25:58.072 [info] > git config --get commit.template [6ms]
2025-01-28 00:25:58.074 [info] > git for-each-ref --format=%(refname)%00%(upstream:short)%00%(objectname)%00%(upstream:track)%00%(upstream:remotename)%00%(upstream:remoteref) refs/heads/main refs/remotes/main [2ms]
2025-01-28 00:25:58.091 [info] > git for-each-ref --sort -committerdate --format %(refname) %(objectname) %(*objectname) [4ms]
2025-01-28 00:25:58.099 [info] > git status -z -uall [19ms]
2025-01-28 00:26:03.122 [info] > git config --get commit.template [9ms]
2025-01-28 00:26:03.126 [info] > git for-each-ref --format=%(refname)%00%(upstream:short)%00%(objectname)%00%(upstream:track)%00%(upstream:remotename)%00%(upstream:remoteref) refs/heads/main refs/remotes/main [5ms]
2025-01-28 00:26:03.159 [info] > git for-each-ref --sort -committerdate --format %(refname) %(objectname) %(*objectname) [8ms]
2025-01-28 00:26:03.173 [info] > git status -z -uall [39ms]
2025-01-28 00:26:08.196 [info] > git config --get commit.template [7ms]
2025-01-28 00:26:08.197 [info] > git for-each-ref --format=%(refname)%00%(upstream:short)%00%(objectname)%00%(upstream:track)%00%(upstream:remotename)%00%(upstream:remoteref) refs/heads/main refs/remotes/main [2ms]
2025-01-28 00:26:08.215 [info] > git for-each-ref --sort -committerdate --format %(refname) %(objectname) %(*objectname) [4ms]
2025-01-28 00:26:08.222 [info] > git status -z -uall [19ms]
2025-01-28 00:26:13.241 [info] > git config --get commit.template [7ms]
2025-01-28 00:26:13.243 [info] > git for-each-ref --format=%(refname)%00%(upstream:short)%00%(objectname)%00%(upstream:track)%00%(upstream:remotename)%00%(upstream:remoteref) refs/heads/main refs/remotes/main [3ms]
2025-01-28 00:26:13.259 [info] > git for-each-ref --sort -committerdate --format %(refname) %(objectname) %(*objectname) [4ms]
2025-01-28 00:26:13.267 [info] > git status -z -uall [19ms]
2025-01-28 00:26:18.286 [info] > git config --get commit.template [6ms]
2025-01-28 00:26:18.288 [info] > git for-each-ref --format=%(refname)%00%(upstream:short)%00%(objectname)%00%(upstream:track)%00%(upstream:remotename)%00%(upstream:remoteref) refs/heads/main refs/remotes/main [3ms]
2025-01-28 00:26:18.304 [info] > git for-each-ref --sort -committerdate --format %(refname) %(objectname) %(*objectname) [4ms]
2025-01-28 00:26:18.312 [info] > git status -z -uall [19ms]
2025-01-28 00:26:23.333 [info] > git config --get commit.template [8ms]
2025-01-28 00:26:23.334 [info] > git for-each-ref --format=%(refname)%00%(upstream:short)%00%(objectname)%00%(upstream:track)%00%(upstream:remotename)%00%(upstream:remoteref) refs/heads/main refs/remotes/main [3ms]
2025-01-28 00:26:23.353 [info] > git for-each-ref --sort -committerdate --format %(refname) %(objectname) %(*objectname) [4ms]
2025-01-28 00:26:23.365 [info] > git status -z -uall [23ms]
2025-01-28 00:26:28.385 [info] > git config --get commit.template [8ms]
2025-01-28 00:26:28.389 [info] > git for-each-ref --format=%(refname)%00%(upstream:short)%00%(objectname)%00%(upstream:track)%00%(upstream:remotename)%00%(upstream:remoteref) refs/heads/main refs/remotes/main [5ms]
2025-01-28 00:26:28.405 [info] > git for-each-ref --sort -committerdate --format %(refname) %(objectname) %(*objectname) [4ms]
2025-01-28 00:26:28.413 [info] > git status -z -uall [19ms]
2025-01-28 00:26:33.435 [info] > git config --get commit.template [6ms]
2025-01-28 00:26:33.437 [info] > git for-each-ref --format=%(refname)%00%(upstream:short)%00%(objectname)%00%(upstream:track)%00%(upstream:remotename)%00%(upstream:remoteref) refs/heads/main refs/remotes/main [3ms]
2025-01-28 00:26:33.454 [info] > git for-each-ref --sort -committerdate --format %(refname) %(objectname) %(*objectname) [4ms]
2025-01-28 00:26:33.462 [info] > git status -z -uall [19ms]
2025-01-28 00:27:08.033 [info] > git config --get commit.template [10ms]
2025-01-28 00:27:08.035 [info] > git for-each-ref --format=%(refname)%00%(upstream:short)%00%(objectname)%00%(upstream:track)%00%(upstream:remotename)%00%(upstream:remoteref) refs/heads/main refs/remotes/main [3ms]
2025-01-28 00:27:08.055 [info] > git for-each-ref --sort -committerdate --format %(refname) %(objectname) %(*objectname) [5ms]
2025-01-28 00:27:08.065 [info] > git status -z -uall [23ms]
2025-01-28 00:27:13.087 [info] > git config --get commit.template [7ms]
2025-01-28 00:27:13.088 [info] > git for-each-ref --format=%(refname)%00%(upstream:short)%00%(objectname)%00%(upstream:track)%00%(upstream:remotename)%00%(upstream:remoteref) refs/heads/main refs/remotes/main [2ms]
2025-01-28 00:27:13.128 [info] > git status -z -uall [34ms]
2025-01-28 00:27:13.129 [info] > git for-each-ref --sort -committerdate --format %(refname) %(objectname) %(*objectname) [13ms]
2025-01-28 00:27:18.154 [info] > git config --get commit.template [7ms]
2025-01-28 00:27:18.155 [info] > git for-each-ref --format=%(refname)%00%(upstream:short)%00%(objectname)%00%(upstream:track)%00%(upstream:remotename)%00%(upstream:remoteref) refs/heads/main refs/remotes/main [2ms]
2025-01-28 00:27:18.173 [info] > git for-each-ref --sort -committerdate --format %(refname) %(objectname) %(*objectname) [5ms]
2025-01-28 00:27:18.181 [info] > git status -z -uall [21ms]
2025-01-28 00:27:23.197 [info] > git config --get commit.template [3ms]
2025-01-28 00:27:23.205 [info] > git for-each-ref --format=%(refname)%00%(upstream:short)%00%(objectname)%00%(upstream:track)%00%(upstream:remotename)%00%(upstream:remoteref) refs/heads/main refs/remotes/main [2ms]
2025-01-28 00:27:23.223 [info] > git for-each-ref --sort -committerdate --format %(refname) %(objectname) %(*objectname) [4ms]
2025-01-28 00:27:23.230 [info] > git status -z -uall [19ms]
2025-01-28 00:27:28.253 [info] > git config --get commit.template [8ms]
2025-01-28 00:27:28.254 [info] > git for-each-ref --format=%(refname)%00%(upstream:short)%00%(objectname)%00%(upstream:track)%00%(upstream:remotename)%00%(upstream:remoteref) refs/heads/main refs/remotes/main [2ms]
2025-01-28 00:27:28.271 [info] > git for-each-ref --sort -committerdate --format %(refname) %(objectname) %(*objectname) [4ms]
2025-01-28 00:27:28.281 [info] > git status -z -uall [21ms]
2025-01-28 00:27:33.298 [info] > git config --get commit.template [2ms]
2025-01-28 00:27:33.305 [info] > git for-each-ref --format=%(refname)%00%(upstream:short)%00%(objectname)%00%(upstream:track)%00%(upstream:remotename)%00%(upstream:remoteref) refs/heads/main refs/remotes/main [2ms]
2025-01-28 00:27:33.324 [info] > git for-each-ref --sort -committerdate --format %(refname) %(objectname) %(*objectname) [6ms]
2025-01-28 00:27:33.331 [info] > git status -z -uall [21ms]
2025-01-28 00:27:38.350 [info] > git config --get commit.template [7ms]
2025-01-28 00:27:38.352 [info] > git for-each-ref --format=%(refname)%00%(upstream:short)%00%(objectname)%00%(upstream:track)%00%(upstream:remotename)%00%(upstream:remoteref) refs/heads/main refs/remotes/main [3ms]
2025-01-28 00:27:38.368 [info] > git for-each-ref --sort -committerdate --format %(refname) %(objectname) %(*objectname) [4ms]
2025-01-28 00:27:38.378 [info] > git status -z -uall [21ms]
2025-01-28 00:27:43.397 [info] > git config --get commit.template [7ms]
2025-01-28 00:27:43.400 [info] > git for-each-ref --format=%(refname)%00%(upstream:short)%00%(objectname)%00%(upstream:track)%00%(upstream:remotename)%00%(upstream:remoteref) refs/heads/main refs/remotes/main [4ms]
2025-01-28 00:27:43.417 [info] > git for-each-ref --sort -committerdate --format %(refname) %(objectname) %(*objectname) [4ms]
2025-01-28 00:27:43.425 [info] > git status -z -uall [19ms]
2025-01-28 00:27:48.444 [info] > git config --get commit.template [6ms]
2025-01-28 00:27:48.446 [info] > git for-each-ref --format=%(refname)%00%(upstream:short)%00%(objectname)%00%(upstream:track)%00%(upstream:remotename)%00%(upstream:remoteref) refs/heads/main refs/remotes/main [2ms]
2025-01-28 00:27:48.462 [info] > git for-each-ref --sort -committerdate --format %(refname) %(objectname) %(*objectname) [4ms]
2025-01-28 00:27:48.470 [info] > git status -z -uall [19ms]
2025-01-28 00:27:53.490 [info] > git config --get commit.template [7ms]
2025-01-28 00:27:53.491 [info] > git for-each-ref --format=%(refname)%00%(upstream:short)%00%(objectname)%00%(upstream:track)%00%(upstream:remotename)%00%(upstream:remoteref) refs/heads/main refs/remotes/main [2ms]
2025-01-28 00:27:53.507 [info] > git for-each-ref --sort -committerdate --format %(refname) %(objectname) %(*objectname) [4ms]
2025-01-28 00:27:53.516 [info] > git status -z -uall [20ms]
2025-01-28 00:27:58.537 [info] > git config --get commit.template [6ms]
2025-01-28 00:27:58.539 [info] > git for-each-ref --format=%(refname)%00%(upstream:short)%00%(objectname)%00%(upstream:track)%00%(upstream:remotename)%00%(upstream:remoteref) refs/heads/main refs/remotes/main [2ms]
2025-01-28 00:27:58.555 [info] > git for-each-ref --sort -committerdate --format %(refname) %(objectname) %(*objectname) [4ms]
2025-01-28 00:27:58.563 [info] > git status -z -uall [19ms]
2025-01-28 00:28:03.585 [info] > git config --get commit.template [8ms]
2025-01-28 00:28:03.587 [info] > git for-each-ref --format=%(refname)%00%(upstream:short)%00%(objectname)%00%(upstream:track)%00%(upstream:remotename)%00%(upstream:remoteref) refs/heads/main refs/remotes/main [3ms]
2025-01-28 00:28:03.605 [info] > git for-each-ref --sort -committerdate --format %(refname) %(objectname) %(*objectname) [3ms]
2025-01-28 00:28:03.612 [info] > git status -z -uall [19ms]
2025-01-28 00:28:08.635 [info] > git config --get commit.template [7ms]
2025-01-28 00:28:08.636 [info] > git for-each-ref --format=%(refname)%00%(upstream:short)%00%(objectname)%00%(upstream:track)%00%(upstream:remotename)%00%(upstream:remoteref) refs/heads/main refs/remotes/main [2ms]
2025-01-28 00:28:08.653 [info] > git for-each-ref --sort -committerdate --format %(refname) %(objectname) %(*objectname) [4ms]
2025-01-28 00:28:08.661 [info] > git status -z -uall [19ms]
2025-01-28 00:28:13.677 [info] > git config --get commit.template [3ms]
2025-01-28 00:28:13.685 [info] > git for-each-ref --format=%(refname)%00%(upstream:short)%00%(objectname)%00%(upstream:track)%00%(upstream:remotename)%00%(upstream:remoteref) refs/heads/main refs/remotes/main [2ms]
2025-01-28 00:28:13.703 [info] > git for-each-ref --sort -committerdate --format %(refname) %(objectname) %(*objectname) [4ms]
2025-01-28 00:28:13.710 [info] > git status -z -uall [19ms]
2025-01-28 00:28:18.730 [info] > git config --get commit.template [6ms]
2025-01-28 00:28:18.731 [info] > git for-each-ref --format=%(refname)%00%(upstream:short)%00%(objectname)%00%(upstream:track)%00%(upstream:remotename)%00%(upstream:remoteref) refs/heads/main refs/remotes/main [2ms]
2025-01-28 00:28:18.747 [info] > git for-each-ref --sort -committerdate --format %(refname) %(objectname) %(*objectname) [4ms]
2025-01-28 00:28:18.755 [info] > git status -z -uall [19ms]
2025-01-28 00:28:23.780 [info] > git config --get commit.template [7ms]
2025-01-28 00:28:23.781 [info] > git for-each-ref --format=%(refname)%00%(upstream:short)%00%(objectname)%00%(upstream:track)%00%(upstream:remotename)%00%(upstream:remoteref) refs/heads/main refs/remotes/main [3ms]
2025-01-28 00:28:23.803 [info] > git for-each-ref --sort -committerdate --format %(refname) %(objectname) %(*objectname) [4ms]
2025-01-28 00:28:23.810 [info] > git status -z -uall [23ms]
2025-01-28 00:28:30.085 [info] > git config --get commit.template [2ms]
2025-01-28 00:28:30.095 [info] > git for-each-ref --format=%(refname)%00%(upstream:short)%00%(objectname)%00%(upstream:track)%00%(upstream:remotename)%00%(upstream:remoteref) refs/heads/main refs/remotes/main [3ms]
2025-01-28 00:28:30.114 [info] > git for-each-ref --sort -committerdate --format %(refname) %(objectname) %(*objectname) [4ms]
2025-01-28 00:28:30.121 [info] > git status -z -uall [20ms]
2025-01-28 00:28:35.141 [info] > git config --get commit.template [7ms]
2025-01-28 00:28:35.143 [info] > git for-each-ref --format=%(refname)%00%(upstream:short)%00%(objectname)%00%(upstream:track)%00%(upstream:remotename)%00%(upstream:remoteref) refs/heads/main refs/remotes/main [2ms]
2025-01-28 00:28:35.162 [info] > git for-each-ref --sort -committerdate --format %(refname) %(objectname) %(*objectname) [4ms]
2025-01-28 00:28:35.168 [info] > git status -z -uall [19ms]
2025-01-28 00:28:37.658 [info] > git check-ignore -v -z --stdin [4ms]
2025-01-28 00:28:37.821 [info] > git log --format=%H%n%aN%n%aE%n%at%n%ct%n%P%n%D%n%B -z --shortstat --diff-merges=first-parent -n50 --skip=0 --topo-order --decorate=full --stdin [936ms]
2025-01-28 00:28:40.188 [info] > git config --get commit.template [7ms]
2025-01-28 00:28:40.190 [info] > git for-each-ref --format=%(refname)%00%(upstream:short)%00%(objectname)%00%(upstream:track)%00%(upstream:remotename)%00%(upstream:remoteref) refs/heads/main refs/remotes/main [2ms]
2025-01-28 00:28:40.217 [info] > git status -z -uall [20ms]
2025-01-28 00:28:40.217 [info] > git for-each-ref --sort -committerdate --format %(refname) %(objectname) %(*objectname) [14ms]
2025-01-28 00:28:40.225 [info] > git check-ignore -v -z --stdin [10ms]
2025-01-28 00:28:45.242 [info] > git config --get commit.template [8ms]
2025-01-28 00:28:45.243 [info] > git for-each-ref --format=%(refname)%00%(upstream:short)%00%(objectname)%00%(upstream:track)%00%(upstream:remotename)%00%(upstream:remoteref) refs/heads/main refs/remotes/main [2ms]
2025-01-28 00:28:45.264 [info] > git for-each-ref --sort -committerdate --format %(refname) %(objectname) %(*objectname) [5ms]
2025-01-28 00:28:45.271 [info] > git status -z -uall [20ms]
2025-01-28 00:28:52.105 [info] > git config --get commit.template [7ms]
2025-01-28 00:28:52.106 [info] > git for-each-ref --format=%(refname)%00%(upstream:short)%00%(objectname)%00%(upstream:track)%00%(upstream:remotename)%00%(upstream:remoteref) refs/heads/main refs/remotes/main [2ms]
2025-01-28 00:28:52.123 [info] > git for-each-ref --sort -committerdate --format %(refname) %(objectname) %(*objectname) [4ms]
2025-01-28 00:28:52.131 [info] > git status -z -uall [20ms]
2025-01-28 00:28:57.154 [info] > git config --get commit.template [7ms]
2025-01-28 00:28:57.155 [info] > git for-each-ref --format=%(refname)%00%(upstream:short)%00%(objectname)%00%(upstream:track)%00%(upstream:remotename)%00%(upstream:remoteref) refs/heads/main refs/remotes/main [2ms]
2025-01-28 00:28:57.172 [info] > git for-each-ref --sort -committerdate --format %(refname) %(objectname) %(*objectname) [4ms]
2025-01-28 00:28:57.180 [info] > git status -z -uall [19ms]
2025-01-28 00:29:02.196 [info] > git config --get commit.template [3ms]
2025-01-28 00:29:02.204 [info] > git for-each-ref --format=%(refname)%00%(upstream:short)%00%(objectname)%00%(upstream:track)%00%(upstream:remotename)%00%(upstream:remoteref) refs/heads/main refs/remotes/main [2ms]
2025-01-28 00:29:02.237 [info] > git status -z -uall [27ms]
2025-01-28 00:29:02.239 [info] > git for-each-ref --sort -committerdate --format %(refname) %(objectname) %(*objectname) [3ms]
2025-01-28 00:29:07.259 [info] > git config --get commit.template [7ms]
2025-01-28 00:29:07.260 [info] > git for-each-ref --format=%(refname)%00%(upstream:short)%00%(objectname)%00%(upstream:track)%00%(upstream:remotename)%00%(upstream:remoteref) refs/heads/main refs/remotes/main [2ms]
2025-01-28 00:29:07.279 [info] > git for-each-ref --sort -committerdate --format %(refname) %(objectname) %(*objectname) [5ms]
2025-01-28 00:29:07.287 [info] > git status -z -uall [21ms]
2025-01-28 00:29:12.308 [info] > git config --get commit.template [6ms]
2025-01-28 00:29:12.310 [info] > git for-each-ref --format=%(refname)%00%(upstream:short)%00%(objectname)%00%(upstream:track)%00%(upstream:remotename)%00%(upstream:remoteref) refs/heads/main refs/remotes/main [2ms]
2025-01-28 00:29:12.328 [info] > git for-each-ref --sort -committerdate --format %(refname) %(objectname) %(*objectname) [5ms]
2025-01-28 00:29:12.340 [info] > git status -z -uall [23ms]
2025-01-28 00:29:17.360 [info] > git config --get commit.template [7ms]
2025-01-28 00:29:17.362 [info] > git for-each-ref --format=%(refname)%00%(upstream:short)%00%(objectname)%00%(upstream:track)%00%(upstream:remotename)%00%(upstream:remoteref) refs/heads/main refs/remotes/main [3ms]
2025-01-28 00:29:17.383 [info] > git for-each-ref --sort -committerdate --format %(refname) %(objectname) %(*objectname) [5ms]
2025-01-28 00:29:17.393 [info] > git status -z -uall [22ms]
2025-01-28 00:29:22.414 [info] > git config --get commit.template [7ms]
2025-01-28 00:29:22.415 [info] > git for-each-ref --format=%(refname)%00%(upstream:short)%00%(objectname)%00%(upstream:track)%00%(upstream:remotename)%00%(upstream:remoteref) refs/heads/main refs/remotes/main [2ms]
2025-01-28 00:29:22.431 [info] > git for-each-ref --sort -committerdate --format %(refname) %(objectname) %(*objectname) [3ms]
2025-01-28 00:29:22.439 [info] > git status -z -uall [18ms]
2025-01-28 00:29:27.459 [info] > git config --get commit.template [7ms]
2025-01-28 00:29:27.460 [info] > git for-each-ref --format=%(refname)%00%(upstream:short)%00%(objectname)%00%(upstream:track)%00%(upstream:remotename)%00%(upstream:remoteref) refs/heads/main refs/remotes/main [2ms]
2025-01-28 00:29:27.477 [info] > git for-each-ref --sort -committerdate --format %(refname) %(objectname) %(*objectname) [4ms]
2025-01-28 00:29:27.485 [info] > git status -z -uall [19ms]
2025-01-28 00:29:32.508 [info] > git config --get commit.template [6ms]
2025-01-28 00:29:32.509 [info] > git for-each-ref --format=%(refname)%00%(upstream:short)%00%(objectname)%00%(upstream:track)%00%(upstream:remotename)%00%(upstream:remoteref) refs/heads/main refs/remotes/main [2ms]
2025-01-28 00:29:32.527 [info] > git for-each-ref --sort -committerdate --format %(refname) %(objectname) %(*objectname) [4ms]
2025-01-28 00:29:32.534 [info] > git status -z -uall [19ms]
2025-01-28 00:29:36.483 [info] > git -c user.useConfigOnly=true commit --quiet --allow-empty-message --file - [93ms]
2025-01-28 00:29:36.492 [info] > git config --get commit.template [2ms]
2025-01-28 00:29:36.506 [info] > git config --get commit.template [6ms]
2025-01-28 00:29:36.507 [info] > git for-each-ref --format=%(refname)%00%(upstream:short)%00%(objectname)%00%(upstream:track)%00%(upstream:remotename)%00%(upstream:remoteref) refs/heads/main refs/remotes/main [2ms]
2025-01-28 00:29:36.525 [info] > git for-each-ref --sort -committerdate --format %(refname) %(objectname) %(*objectname) [4ms]
2025-01-28 00:29:36.530 [info] > git status -z -uall [17ms]
2025-01-28 00:29:36.549 [info] > git merge-base refs/heads/main refs/remotes/origin/main [5ms]
2025-01-28 00:29:36.558 [info] > git diff --name-status -z --diff-filter=ADMR b3bb6ec5b3defec4bb01029744914b15ba596120...refs/remotes/origin/main [3ms]
2025-01-28 00:29:36.910 [info] > git config --get commit.template [8ms]
2025-01-28 00:29:36.912 [info] > git for-each-ref --format=%(refname)%00%(upstream:short)%00%(objectname)%00%(upstream:track)%00%(upstream:remotename)%00%(upstream:remoteref) refs/heads/main refs/remotes/main [3ms]
2025-01-28 00:29:36.932 [info] > git for-each-ref --sort -committerdate --format %(refname) %(objectname) %(*objectname) [4ms]
2025-01-28 00:29:36.939 [info] > git status -z -uall [21ms]
2025-01-28 00:29:37.560 [info] > git config --get commit.template [10ms]
2025-01-28 00:29:37.564 [info] > git for-each-ref --format=%(refname)%00%(upstream:short)%00%(objectname)%00%(upstream:track)%00%(upstream:remotename)%00%(upstream:remoteref) refs/heads/main refs/remotes/main [5ms]
2025-01-28 00:29:37.596 [info] > git for-each-ref --sort -committerdate --format %(refname) %(objectname) %(*objectname) [11ms]
2025-01-28 00:29:37.604 [info] > git status -z -uall [32ms]
2025-01-28 00:29:37.785 [info] > git log --format=%H%n%aN%n%aE%n%at%n%ct%n%P%n%D%n%B -z --shortstat --diff-merges=first-parent -n50 --skip=0 --topo-order --decorate=full --stdin [976ms]
2025-01-28 00:29:38.019 [info] > git check-ignore -v -z --stdin [2ms]
2025-01-28 00:29:38.327 [info] > git ls-files --stage -- /home/marty_jehng/main.py [5ms]
2025-01-28 00:29:38.335 [info] > git cat-file -s 40524fbfbef9d7e22dd02618c863d5d175538d22 [2ms]
2025-01-28 00:29:38.389 [info] > git show --textconv :main.py [5ms]
