2025-01-26 04:53:58.099 [info] Reading sessions from keychain...
2025-01-26 04:53:58.100 [info] Getting sessions for all scopes...
2025-01-26 04:53:58.100 [info] Got 0 sessions for ...
2025-01-26 04:53:58.100 [info] Getting sessions for read:user,repo,user:email,workflow...
2025-01-26 04:53:58.100 [info] Got 0 sessions for read:user,repo,user:email,workflow...
2025-01-26 05:07:46.754 [info] Getting sessions for read:user,repo,user:email,workflow...
2025-01-26 05:07:46.754 [info] Got 0 sessions for read:user,repo,user:email,workflow...
2025-01-26 05:07:48.894 [info] Logging in with 'any' account...
2025-01-26 05:07:48.894 [info] Logging in for the following scopes: read:user repo user:email workflow
2025-01-26 05:07:48.971 [info] Trying device code flow... (read:user repo user:email workflow)
2025-01-26 05:08:38.834 [info] Getting user info...
2025-01-26 05:08:39.020 [info] Got account info!
2025-01-26 05:08:39.020 [info] Storing 1 sessions...
2025-01-26 05:08:39.055 [info] Reading sessions from keychain...
2025-01-26 05:08:39.055 [info] Stored 1 sessions!
2025-01-26 05:08:39.055 [info] Login success!
2025-01-26 05:08:39.096 [info] Got stored sessions!
2025-01-26 05:08:39.097 [info] Got 1 verified sessions.
2025-01-26 05:08:39.498 [info] Getting sessions for read:user,repo,user:email,workflow...
2025-01-26 05:08:39.499 [info] Got 1 sessions for read:user,repo,user:email,workflow...
2025-01-26 05:08:39.850 [info] Getting sessions for read:user,repo,user:email,workflow...
2025-01-26 05:08:39.850 [info] Got 1 sessions for read:user,repo,user:email,workflow...
2025-01-26 05:08:53.235 [info] Getting sessions for read:user,repo,user:email,workflow...
2025-01-26 05:08:53.235 [info] Got 1 sessions for read:user,repo,user:email,workflow...
