2025-04-01 04:13:56.309 [warning] Dir "/home/marty_jehng/.pixi/envs" is not watchable (directory does not exist)
2025-04-01 04:13:56.309 [info] Starting Environment refresh
2025-04-01 04:13:56.309 [info] Searching for interpreters in posix paths locator
2025-04-01 04:13:56.309 [info] Searching for pyenv environments
2025-04-01 04:13:56.309 [info] Searching for conda environments
2025-04-01 04:13:56.309 [info] Searching for global virtual environments
2025-04-01 04:13:56.309 [info] Searching for custom virtual environments
2025-04-01 04:13:56.309 [info] pyenv is not installed
2025-04-01 04:13:56.309 [info] Finished searching for pyenv environments: 27 milliseconds
2025-04-01 04:13:56.309 [info] Finished searching for custom virtual envs: 27 milliseconds
2025-04-01 04:13:56.309 [info] > conda info --json
2025-04-01 04:13:56.309 [info] > hatch env show --json
2025-04-01 04:13:56.309 [info] cwd: .
2025-04-01 04:13:56.309 [info] > pyenv which python
2025-04-01 04:13:56.309 [info] cwd: .
2025-04-01 04:13:56.309 [info] Finished searching for global virtual envs: 57 milliseconds
2025-04-01 04:13:56.310 [info] Found: /bin/python --> /bin/python3.12
2025-04-01 04:13:56.312 [info] Found: /bin/python3 --> /bin/python3.12
2025-04-01 04:13:56.312 [info] Found: /bin/python3.12 --> /bin/python3.12
2025-04-01 04:13:56.325 [info] Found: /usr/bin/python --> /usr/bin/python3.12
2025-04-01 04:13:56.325 [info] Found: /usr/bin/python3 --> /usr/bin/python3.12
2025-04-01 04:13:56.325 [info] Found: /usr/bin/python3.12 --> /usr/bin/python3.12
2025-04-01 04:13:56.365 [info] Finished searching for interpreters in posix paths locator: 123 milliseconds
2025-04-01 04:13:56.365 [info] > /bin/python -I /google/devshell/editor/code-oss-for-cloud-shell/extensions/ms-python.python/python_files/get_output_via_markers.py /google/devshell/editor/code-oss-for-cloud-shell/extensions/ms-python.python/python_files/interpreterInfo.py
2025-04-01 04:13:56.569 [info] > /usr/bin/python -I /google/devshell/editor/code-oss-for-cloud-shell/extensions/ms-python.python/python_files/get_output_via_markers.py /google/devshell/editor/code-oss-for-cloud-shell/extensions/ms-python.python/python_files/interpreterInfo.py
2025-04-01 04:13:56.569 [info] Environments refresh paths discovered (event): 329 milliseconds
2025-04-01 04:13:56.569 [info] Environments refresh paths discovered: 330 milliseconds
2025-04-01 04:13:56.671 [info] Environments refresh finished (event): 432 milliseconds
2025-04-01 04:13:56.711 [info] Environment refresh took 472 milliseconds
2025-04-01 04:13:56.724 [info] Python interpreter path: /bin/python
2025-04-01 04:14:05.388 [info] Starting Jedi language server for marty_jehng.
2025-04-01 04:14:05.573 [info] Discover tests for workspace name: undefined - uri: /User/settings.json
