2025-02-26 05:41:33.256 [info] [main] Log level: Info
2025-02-26 05:41:33.256 [info] [main] Validating found git in: "git"
2025-02-26 05:41:33.256 [info] [main] Using git "2.43.0" from "git"
2025-02-26 05:41:33.256 [info] [Model][doInitialScan] Initial repository scan started
2025-02-26 05:41:33.256 [info] > git rev-parse --show-toplevel [16ms]
2025-02-26 05:41:33.256 [info] > git rev-parse --git-dir --git-common-dir [21ms]
2025-02-26 05:41:33.256 [info] [Model][openRepository] Opened repository: /home/marty_jehng
2025-02-26 05:41:33.256 [info] > git config --get commit.template [6ms]
2025-02-26 05:41:33.273 [info] > git for-each-ref --format=%(refname)%00%(upstream:short)%00%(objectname)%00%(upstream:track)%00%(upstream:remotename)%00%(upstream:remoteref) refs/heads/main refs/remotes/main [3ms]
2025-02-26 05:41:33.306 [info] > git rev-parse --show-toplevel [20ms]
2025-02-26 05:41:33.317 [info] > git for-each-ref --sort -committerdate --format %(refname) %(objectname) %(*objectname) [12ms]
2025-02-26 05:41:33.323 [info] > git rev-parse --show-toplevel [7ms]
2025-02-26 05:41:33.334 [info] > git rev-parse --show-toplevel [2ms]
2025-02-26 05:41:33.342 [info] > git status -z -uall [50ms]
2025-02-26 05:41:33.383 [info] > git for-each-ref --format=%(refname)%00%(upstream:short)%00%(objectname)%00%(upstream:track)%00%(upstream:remotename)%00%(upstream:remoteref) refs/heads/main refs/remotes/main [27ms]
2025-02-26 05:41:33.391 [info] > git rev-parse --show-toplevel [51ms]
2025-02-26 05:41:33.408 [info] > git config --local branch.main.vscode-merge-base [16ms]
2025-02-26 05:41:33.408 [warning] [Git][config] git config failed: Failed to execute git
2025-02-26 05:41:33.424 [info] > git config --get commit.template [42ms]
2025-02-26 05:41:33.425 [info] > git rev-parse --show-toplevel [19ms]
2025-02-26 05:41:33.444 [info] > git reflog main --grep-reflog=branch: Created from *. [20ms]
2025-02-26 05:41:33.479 [info] > git symbolic-ref --short refs/remotes/origin/HEAD [32ms]
2025-02-26 05:41:33.479 [info] fatal: ref refs/remotes/origin/HEAD is not a symbolic ref
2025-02-26 05:41:33.479 [warning] [Repository][getDefaultBranch] Failed to get default branch details: Failed to execute git.
2025-02-26 05:41:33.487 [info] > git rev-parse --show-toplevel [49ms]
2025-02-26 05:41:33.488 [info] > git for-each-ref --format=%(refname)%00%(upstream:short)%00%(objectname)%00%(upstream:track)%00%(upstream:remotename)%00%(upstream:remoteref) refs/heads/main refs/remotes/main [55ms]
2025-02-26 05:41:33.495 [info] > git merge-base refs/heads/main refs/remotes/origin/main [9ms]
2025-02-26 05:41:33.500 [info] > git rev-parse --show-toplevel [6ms]
2025-02-26 05:41:33.501 [info] > git fetch [273ms]
2025-02-26 05:41:33.507 [info] > git diff --name-status -z --diff-filter=ADMR 7bf02d47bd14540f696f1d7b7776fd7b8789dbeb...refs/remotes/origin/main [9ms]
2025-02-26 05:41:34.848 [info] > git config --get commit.template [1340ms]
2025-02-26 05:41:34.848 [info] > git rev-parse --show-toplevel [1344ms]
2025-02-26 05:41:35.058 [info] > git rev-parse --show-toplevel [169ms]
2025-02-26 05:41:35.362 [info] > git for-each-ref --format=%(refname)%00%(upstream:short)%00%(objectname)%00%(upstream:track)%00%(upstream:remotename)%00%(upstream:remoteref) refs/heads/main refs/remotes/main [299ms]
2025-02-26 05:41:35.409 [info] > git rev-parse --show-toplevel [85ms]
2025-02-26 05:41:35.488 [info] > git check-ignore -v -z --stdin [53ms]
2025-02-26 05:41:39.424 [info] > git rev-parse --show-toplevel [3964ms]
2025-02-26 05:41:39.471 [info] > git rev-parse --show-toplevel [39ms]
2025-02-26 05:41:39.473 [info] [Model][doInitialScan] Initial repository scan completed - repositories (1), closed repositories (0), parent repositories (0), unsafe repositories (0)
2025-02-26 05:41:39.629 [info] > git status -z -uall [181ms]
2025-02-26 05:41:39.629 [info] > git show --textconv :requirements.txt [145ms]
2025-02-26 05:41:39.631 [info] > git for-each-ref --sort -committerdate --format %(refname) %(objectname) %(*objectname) [168ms]
2025-02-26 05:41:39.742 [info] > git ls-files --stage -- /home/marty_jehng/requirements.txt [249ms]
2025-02-26 05:41:39.778 [info] > git cat-file -s 3ec0098c8261f1a6786b647359fc2b1be7662979 [29ms]
2025-02-26 05:41:49.683 [info] > git config --get commit.template [56ms]
2025-02-26 05:41:49.756 [info] > git for-each-ref --format=%(refname)%00%(upstream:short)%00%(objectname)%00%(upstream:track)%00%(upstream:remotename)%00%(upstream:remoteref) refs/heads/main refs/remotes/main [8ms]
2025-02-26 05:41:49.808 [info] > git for-each-ref --sort -committerdate --format %(refname) %(objectname) %(*objectname) [9ms]
2025-02-26 05:41:49.825 [info] > git status -z -uall [46ms]
2025-02-26 05:42:38.196 [info] > git config --get commit.template [14ms]
2025-02-26 05:42:38.198 [info] > git for-each-ref --format=%(refname)%00%(upstream:short)%00%(objectname)%00%(upstream:track)%00%(upstream:remotename)%00%(upstream:remoteref) refs/heads/main refs/remotes/main [4ms]
2025-02-26 05:42:38.229 [info] > git for-each-ref --sort -committerdate --format %(refname) %(objectname) %(*objectname) [5ms]
2025-02-26 05:42:38.243 [info] > git status -z -uall [37ms]
2025-02-26 05:42:45.000 [info] > git check-ignore -v -z --stdin [7ms]
2025-02-26 05:42:45.521 [info] > git config --get commit.template [17ms]
2025-02-26 05:42:45.524 [info] > git for-each-ref --format=%(refname)%00%(upstream:short)%00%(objectname)%00%(upstream:track)%00%(upstream:remotename)%00%(upstream:remoteref) refs/heads/main refs/remotes/main [3ms]
2025-02-26 05:42:45.562 [info] > git for-each-ref --sort -committerdate --format %(refname) %(objectname) %(*objectname) [1ms]
2025-02-26 05:42:45.590 [info] > git status -z -uall [50ms]
2025-02-26 05:42:46.895 [info] > git check-ignore -v -z --stdin [3ms]
2025-02-26 05:42:48.000 [info] > git check-ignore -v -z --stdin [2ms]
2025-02-26 05:42:50.540 [info] > git log --format=%H%n%aN%n%aE%n%at%n%ct%n%P%n%D%n%B -z --shortstat --diff-merges=first-parent -n50 --skip=0 --topo-order --decorate=full --stdin [6787ms]
2025-02-26 05:43:00.582 [info] > git ls-files --stage -- /home/marty_jehng/requirements.txt [3ms]
2025-02-26 05:43:00.600 [info] > git cat-file -s 3ec0098c8261f1a6786b647359fc2b1be7662979 [3ms]
2025-02-26 05:43:00.651 [info] > git show --textconv :requirements.txt [4ms]
2025-02-26 05:43:20.826 [info] > git config --get commit.template [11ms]
2025-02-26 05:43:20.828 [info] > git for-each-ref --format=%(refname)%00%(upstream:short)%00%(objectname)%00%(upstream:track)%00%(upstream:remotename)%00%(upstream:remoteref) refs/heads/main refs/remotes/main [3ms]
2025-02-26 05:43:20.850 [info] > git for-each-ref --sort -committerdate --format %(refname) %(objectname) %(*objectname) [1ms]
2025-02-26 05:43:20.863 [info] > git status -z -uall [27ms]
