2025-01-26 04:53:50.720 [info] [main] Log level: Info
2025-01-26 04:53:50.720 [info] [main] Validating found git in: "git"
2025-01-26 04:53:50.720 [info] [main] Using git "2.43.0" from "git"
2025-01-26 04:53:50.720 [info] [Model][doInitialScan] Initial repository scan started
2025-01-26 04:53:50.757 [info] > git rev-parse --show-toplevel [64ms]
2025-01-26 04:53:50.770 [info] > git rev-parse --git-dir --git-common-dir [4ms]
2025-01-26 04:53:50.792 [info] [Model][openRepository] Opened repository: /home/marty_jehng
2025-01-26 04:53:50.810 [info] > git rev-parse --show-toplevel [2ms]
2025-01-26 04:53:50.812 [info] > git config --get commit.template [9ms]
2025-01-26 04:53:56.595 [info] > git rev-parse --show-toplevel [5778ms]
2025-01-26 04:53:56.758 [info] > git for-each-ref --format=%(refname)%00%(upstream:short)%00%(objectname)%00%(upstream:track)%00%(upstream:remotename)%00%(upstream:remoteref) refs/heads/main refs/remotes/main [5933ms]
2025-01-26 04:53:56.875 [info] > git rev-parse --show-toplevel [148ms]
2025-01-26 04:53:57.066 [info] > git rev-parse --show-toplevel [122ms]
2025-01-26 04:53:57.081 [info] > git for-each-ref --sort -committerdate --format %(refname) %(objectname) %(*objectname) [32ms]
2025-01-26 04:53:57.382 [info] > git status -z -uall [345ms]
2025-01-26 04:53:57.383 [info] > git rev-parse --show-toplevel [303ms]
2025-01-26 04:53:57.438 [info] > git check-ignore -v -z --stdin [47ms]
2025-01-26 04:53:57.440 [info] > git for-each-ref --format=%(refname)%00%(upstream:short)%00%(objectname)%00%(upstream:track)%00%(upstream:remotename)%00%(upstream:remoteref) refs/heads/main refs/remotes/main [20ms]
2025-01-26 04:53:57.448 [info] > git rev-parse --show-toplevel [47ms]
2025-01-26 04:53:57.528 [info] > git config --get commit.template [94ms]
2025-01-26 04:53:57.596 [info] > git rev-parse --show-toplevel [136ms]
2025-01-26 04:53:57.597 [info] > git config --local branch.main.vscode-merge-base [150ms]
2025-01-26 04:53:57.597 [warning] [Git][config] git config failed: Failed to execute git
2025-01-26 04:53:57.629 [info] > git for-each-ref --format=%(refname)%00%(upstream:short)%00%(objectname)%00%(upstream:track)%00%(upstream:remotename)%00%(upstream:remoteref) refs/heads/main refs/remotes/main [14ms]
2025-01-26 04:53:57.629 [info] > git reflog main --grep-reflog=branch: Created from *. [25ms]
2025-01-26 04:53:57.661 [info] > git rev-parse --show-toplevel [37ms]
2025-01-26 04:53:57.689 [info] > git symbolic-ref --short refs/remotes/origin/HEAD [52ms]
2025-01-26 04:53:57.689 [info] fatal: ref refs/remotes/origin/HEAD is not a symbolic ref
2025-01-26 04:53:57.689 [warning] [Repository][getDefaultBranch] Failed to get default branch details: Failed to execute git.
2025-01-26 04:53:57.707 [info] > git rev-parse --show-toplevel [21ms]
2025-01-26 04:53:57.709 [info] [Model][doInitialScan] Initial repository scan completed - repositories (1), closed repositories (0), parent repositories (0), unsafe repositories (0)
2025-01-26 04:53:57.765 [info] > git show --textconv :main.py [44ms]
2025-01-26 04:53:57.767 [info] > git merge-base refs/heads/main refs/remotes/origin/main [65ms]
2025-01-26 04:53:57.782 [info] > git status -z -uall [35ms]
2025-01-26 04:53:57.782 [info] > git for-each-ref --sort -committerdate --format %(refname) %(objectname) %(*objectname) [19ms]
2025-01-26 04:53:57.808 [info] > git ls-files --stage -- /home/marty_jehng/main.py [73ms]
2025-01-26 04:53:57.849 [info] > git merge-base refs/heads/main refs/remotes/origin/main [43ms]
2025-01-26 04:53:57.868 [info] > git diff --name-status -z --diff-filter=ADMR 18401aeeb047c631b411a446ea70a9bef030a44a...refs/remotes/origin/main [90ms]
2025-01-26 04:53:57.882 [info] > git cat-file -s 40524fbfbef9d7e22dd02618c863d5d175538d22 [61ms]
2025-01-26 04:53:57.917 [info] > git diff --name-status -z --diff-filter=ADMR 18401aeeb047c631b411a446ea70a9bef030a44a...refs/remotes/origin/main [52ms]
2025-01-26 04:54:03.040 [info] > git config --get commit.template [56ms]
2025-01-26 04:54:03.059 [info] > git for-each-ref --format=%(refname)%00%(upstream:short)%00%(objectname)%00%(upstream:track)%00%(upstream:remotename)%00%(upstream:remoteref) refs/heads/main refs/remotes/main [21ms]
2025-01-26 04:54:03.134 [info] > git for-each-ref --sort -committerdate --format %(refname) %(objectname) %(*objectname) [14ms]
2025-01-26 04:54:03.140 [info] > git status -z -uall [51ms]
2025-01-26 04:54:08.176 [info] > git for-each-ref --format=%(refname)%00%(upstream:short)%00%(objectname)%00%(upstream:track)%00%(upstream:remotename)%00%(upstream:remoteref) refs/heads/main refs/remotes/main [14ms]
2025-01-26 04:54:08.177 [info] > git config --get commit.template [22ms]
2025-01-26 04:54:08.200 [info] > git for-each-ref --sort -committerdate --format %(refname) %(objectname) %(*objectname) [5ms]
2025-01-26 04:54:08.201 [info] > git status -z -uall [16ms]
2025-01-26 04:54:13.224 [info] > git config --get commit.template [9ms]
2025-01-26 04:54:13.226 [info] > git for-each-ref --format=%(refname)%00%(upstream:short)%00%(objectname)%00%(upstream:track)%00%(upstream:remotename)%00%(upstream:remoteref) refs/heads/main refs/remotes/main [2ms]
2025-01-26 04:54:13.248 [info] > git status -z -uall [14ms]
2025-01-26 04:54:13.249 [info] > git for-each-ref --sort -committerdate --format %(refname) %(objectname) %(*objectname) [5ms]
2025-01-26 04:54:18.270 [info] > git config --get commit.template [9ms]
2025-01-26 04:54:18.272 [info] > git for-each-ref --format=%(refname)%00%(upstream:short)%00%(objectname)%00%(upstream:track)%00%(upstream:remotename)%00%(upstream:remoteref) refs/heads/main refs/remotes/main [3ms]
2025-01-26 04:54:18.293 [info] > git status -z -uall [14ms]
2025-01-26 04:54:18.293 [info] > git for-each-ref --sort -committerdate --format %(refname) %(objectname) %(*objectname) [4ms]
2025-01-26 04:54:23.314 [info] > git config --get commit.template [9ms]
2025-01-26 04:54:23.316 [info] > git for-each-ref --format=%(refname)%00%(upstream:short)%00%(objectname)%00%(upstream:track)%00%(upstream:remotename)%00%(upstream:remoteref) refs/heads/main refs/remotes/main [3ms]
2025-01-26 04:54:23.338 [info] > git status -z -uall [14ms]
2025-01-26 04:54:23.339 [info] > git for-each-ref --sort -committerdate --format %(refname) %(objectname) %(*objectname) [5ms]
2025-01-26 04:54:28.363 [info] > git config --get commit.template [9ms]
2025-01-26 04:54:28.365 [info] > git for-each-ref --format=%(refname)%00%(upstream:short)%00%(objectname)%00%(upstream:track)%00%(upstream:remotename)%00%(upstream:remoteref) refs/heads/main refs/remotes/main [3ms]
2025-01-26 04:54:28.387 [info] > git status -z -uall [14ms]
2025-01-26 04:54:28.387 [info] > git for-each-ref --sort -committerdate --format %(refname) %(objectname) %(*objectname) [4ms]
2025-01-26 04:54:33.419 [info] > git config --get commit.template [9ms]
2025-01-26 04:54:33.421 [info] > git for-each-ref --format=%(refname)%00%(upstream:short)%00%(objectname)%00%(upstream:track)%00%(upstream:remotename)%00%(upstream:remoteref) refs/heads/main refs/remotes/main [3ms]
2025-01-26 04:54:33.447 [info] > git status -z -uall [18ms]
2025-01-26 04:54:33.448 [info] > git for-each-ref --sort -committerdate --format %(refname) %(objectname) %(*objectname) [3ms]
2025-01-26 04:54:38.475 [info] > git for-each-ref --format=%(refname)%00%(upstream:short)%00%(objectname)%00%(upstream:track)%00%(upstream:remotename)%00%(upstream:remoteref) refs/heads/main refs/remotes/main [1ms]
2025-01-26 04:54:38.476 [info] > git config --get commit.template [14ms]
2025-01-26 04:54:38.499 [info] > git status -z -uall [14ms]
2025-01-26 04:54:38.502 [info] > git for-each-ref --sort -committerdate --format %(refname) %(objectname) %(*objectname) [8ms]
2025-01-26 04:54:43.530 [info] > git config --get commit.template [12ms]
2025-01-26 04:54:43.531 [info] > git for-each-ref --format=%(refname)%00%(upstream:short)%00%(objectname)%00%(upstream:track)%00%(upstream:remotename)%00%(upstream:remoteref) refs/heads/main refs/remotes/main [2ms]
2025-01-26 04:54:43.555 [info] > git status -z -uall [15ms]
2025-01-26 04:54:43.555 [info] > git for-each-ref --sort -committerdate --format %(refname) %(objectname) %(*objectname) [5ms]
2025-01-26 04:54:48.580 [info] > git config --get commit.template [11ms]
2025-01-26 04:54:48.584 [info] > git for-each-ref --format=%(refname)%00%(upstream:short)%00%(objectname)%00%(upstream:track)%00%(upstream:remotename)%00%(upstream:remoteref) refs/heads/main refs/remotes/main [5ms]
2025-01-26 04:54:48.616 [info] > git for-each-ref --sort -committerdate --format %(refname) %(objectname) %(*objectname) [7ms]
2025-01-26 04:54:48.623 [info] > git status -z -uall [27ms]
2025-01-26 04:54:55.409 [info] > git config --get commit.template [4ms]
2025-01-26 04:54:55.423 [info] > git for-each-ref --format=%(refname)%00%(upstream:short)%00%(objectname)%00%(upstream:track)%00%(upstream:remotename)%00%(upstream:remoteref) refs/heads/main refs/remotes/main [7ms]
2025-01-26 04:54:55.445 [info] > git status -z -uall [14ms]
2025-01-26 04:54:55.447 [info] > git for-each-ref --sort -committerdate --format %(refname) %(objectname) %(*objectname) [5ms]
2025-01-26 04:55:00.470 [info] > git config --get commit.template [10ms]
2025-01-26 04:55:00.471 [info] > git for-each-ref --format=%(refname)%00%(upstream:short)%00%(objectname)%00%(upstream:track)%00%(upstream:remotename)%00%(upstream:remoteref) refs/heads/main refs/remotes/main [2ms]
2025-01-26 04:55:00.496 [info] > git status -z -uall [16ms]
2025-01-26 04:55:00.498 [info] > git for-each-ref --sort -committerdate --format %(refname) %(objectname) %(*objectname) [6ms]
2025-01-26 04:55:05.518 [info] > git config --get commit.template [9ms]
2025-01-26 04:55:05.521 [info] > git for-each-ref --format=%(refname)%00%(upstream:short)%00%(objectname)%00%(upstream:track)%00%(upstream:remotename)%00%(upstream:remoteref) refs/heads/main refs/remotes/main [3ms]
2025-01-26 04:55:05.544 [info] > git status -z -uall [15ms]
2025-01-26 04:55:05.545 [info] > git for-each-ref --sort -committerdate --format %(refname) %(objectname) %(*objectname) [6ms]
2025-01-26 04:55:10.567 [info] > git config --get commit.template [8ms]
2025-01-26 04:55:10.568 [info] > git for-each-ref --format=%(refname)%00%(upstream:short)%00%(objectname)%00%(upstream:track)%00%(upstream:remotename)%00%(upstream:remoteref) refs/heads/main refs/remotes/main [3ms]
2025-01-26 04:55:10.592 [info] > git status -z -uall [14ms]
2025-01-26 04:55:10.593 [info] > git for-each-ref --sort -committerdate --format %(refname) %(objectname) %(*objectname) [5ms]
2025-01-26 04:55:15.613 [info] > git config --get commit.template [9ms]
2025-01-26 04:55:15.615 [info] > git for-each-ref --format=%(refname)%00%(upstream:short)%00%(objectname)%00%(upstream:track)%00%(upstream:remotename)%00%(upstream:remoteref) refs/heads/main refs/remotes/main [3ms]
2025-01-26 04:55:15.638 [info] > git for-each-ref --sort -committerdate --format %(refname) %(objectname) %(*objectname) [5ms]
2025-01-26 04:55:15.639 [info] > git status -z -uall [16ms]
2025-01-26 04:55:20.659 [info] > git config --get commit.template [9ms]
2025-01-26 04:55:20.661 [info] > git for-each-ref --format=%(refname)%00%(upstream:short)%00%(objectname)%00%(upstream:track)%00%(upstream:remotename)%00%(upstream:remoteref) refs/heads/main refs/remotes/main [3ms]
2025-01-26 04:55:20.686 [info] > git for-each-ref --sort -committerdate --format %(refname) %(objectname) %(*objectname) [6ms]
2025-01-26 04:55:20.686 [info] > git status -z -uall [18ms]
2025-01-26 04:55:25.707 [info] > git config --get commit.template [9ms]
2025-01-26 04:55:25.709 [info] > git for-each-ref --format=%(refname)%00%(upstream:short)%00%(objectname)%00%(upstream:track)%00%(upstream:remotename)%00%(upstream:remoteref) refs/heads/main refs/remotes/main [3ms]
2025-01-26 04:55:25.731 [info] > git status -z -uall [13ms]
2025-01-26 04:55:25.733 [info] > git for-each-ref --sort -committerdate --format %(refname) %(objectname) %(*objectname) [6ms]
2025-01-26 04:55:30.754 [info] > git config --get commit.template [9ms]
2025-01-26 04:55:30.756 [info] > git for-each-ref --format=%(refname)%00%(upstream:short)%00%(objectname)%00%(upstream:track)%00%(upstream:remotename)%00%(upstream:remoteref) refs/heads/main refs/remotes/main [3ms]
2025-01-26 04:55:30.778 [info] > git status -z -uall [14ms]
2025-01-26 04:55:30.779 [info] > git for-each-ref --sort -committerdate --format %(refname) %(objectname) %(*objectname) [5ms]
2025-01-26 04:55:35.799 [info] > git config --get commit.template [8ms]
2025-01-26 04:55:35.801 [info] > git for-each-ref --format=%(refname)%00%(upstream:short)%00%(objectname)%00%(upstream:track)%00%(upstream:remotename)%00%(upstream:remoteref) refs/heads/main refs/remotes/main [2ms]
2025-01-26 04:55:35.824 [info] > git status -z -uall [15ms]
2025-01-26 04:55:35.825 [info] > git for-each-ref --sort -committerdate --format %(refname) %(objectname) %(*objectname) [5ms]
2025-01-26 04:55:40.876 [info] > git config --get commit.template [37ms]
2025-01-26 04:55:40.878 [info] > git for-each-ref --format=%(refname)%00%(upstream:short)%00%(objectname)%00%(upstream:track)%00%(upstream:remotename)%00%(upstream:remoteref) refs/heads/main refs/remotes/main [31ms]
2025-01-26 04:55:40.902 [info] > git status -z -uall [16ms]
2025-01-26 04:55:40.903 [info] > git for-each-ref --sort -committerdate --format %(refname) %(objectname) %(*objectname) [5ms]
2025-01-26 04:56:00.718 [info] > git config --get commit.template [4ms]
2025-01-26 04:56:00.731 [info] > git for-each-ref --format=%(refname)%00%(upstream:short)%00%(objectname)%00%(upstream:track)%00%(upstream:remotename)%00%(upstream:remoteref) refs/heads/main refs/remotes/main [3ms]
2025-01-26 04:56:00.758 [info] > git status -z -uall [15ms]
2025-01-26 04:56:00.762 [info] > git for-each-ref --sort -committerdate --format %(refname) %(objectname) %(*objectname) [7ms]
2025-01-26 05:04:09.178 [info] > git config --get commit.template [11ms]
2025-01-26 05:04:09.180 [info] > git for-each-ref --format=%(refname)%00%(upstream:short)%00%(objectname)%00%(upstream:track)%00%(upstream:remotename)%00%(upstream:remoteref) refs/heads/main refs/remotes/main [3ms]
2025-01-26 05:04:09.202 [info] > git status -z -uall [14ms]
2025-01-26 05:04:09.206 [info] > git for-each-ref --sort -committerdate --format %(refname) %(objectname) %(*objectname) [8ms]
2025-01-26 05:04:11.504 [info] > git check-ignore -v -z --stdin [3ms]
2025-01-26 05:04:14.049 [info] > git check-ignore -v -z --stdin [4ms]
2025-01-26 05:04:14.227 [info] > git config --get commit.template [9ms]
2025-01-26 05:04:14.229 [info] > git for-each-ref --format=%(refname)%00%(upstream:short)%00%(objectname)%00%(upstream:track)%00%(upstream:remotename)%00%(upstream:remoteref) refs/heads/main refs/remotes/main [3ms]
2025-01-26 05:04:14.252 [info] > git status -z -uall [15ms]
2025-01-26 05:04:14.252 [info] > git for-each-ref --sort -committerdate --format %(refname) %(objectname) %(*objectname) [5ms]
2025-01-26 05:04:19.276 [info] > git config --get commit.template [10ms]
2025-01-26 05:04:19.277 [info] > git for-each-ref --format=%(refname)%00%(upstream:short)%00%(objectname)%00%(upstream:track)%00%(upstream:remotename)%00%(upstream:remoteref) refs/heads/main refs/remotes/main [3ms]
2025-01-26 05:04:19.301 [info] > git status -z -uall [16ms]
2025-01-26 05:04:19.302 [info] > git for-each-ref --sort -committerdate --format %(refname) %(objectname) %(*objectname) [7ms]
2025-01-26 05:04:24.325 [info] > git config --get commit.template [11ms]
2025-01-26 05:04:24.327 [info] > git for-each-ref --format=%(refname)%00%(upstream:short)%00%(objectname)%00%(upstream:track)%00%(upstream:remotename)%00%(upstream:remoteref) refs/heads/main refs/remotes/main [2ms]
2025-01-26 05:04:24.350 [info] > git status -z -uall [15ms]
2025-01-26 05:04:24.352 [info] > git for-each-ref --sort -committerdate --format %(refname) %(objectname) %(*objectname) [4ms]
2025-01-26 05:04:55.454 [info] > git config --get commit.template [3ms]
2025-01-26 05:04:55.465 [info] > git for-each-ref --format=%(refname)%00%(upstream:short)%00%(objectname)%00%(upstream:track)%00%(upstream:remotename)%00%(upstream:remoteref) refs/heads/main refs/remotes/main [2ms]
2025-01-26 05:04:55.488 [info] > git status -z -uall [15ms]
2025-01-26 05:04:55.490 [info] > git for-each-ref --sort -committerdate --format %(refname) %(objectname) %(*objectname) [5ms]
2025-01-26 05:05:00.507 [info] > git config --get commit.template [3ms]
2025-01-26 05:05:00.517 [info] > git for-each-ref --format=%(refname)%00%(upstream:short)%00%(objectname)%00%(upstream:track)%00%(upstream:remotename)%00%(upstream:remoteref) refs/heads/main refs/remotes/main [3ms]
2025-01-26 05:05:00.539 [info] > git status -z -uall [15ms]
2025-01-26 05:05:00.539 [info] > git for-each-ref --sort -committerdate --format %(refname) %(objectname) %(*objectname) [5ms]
2025-01-26 05:05:05.555 [info] > git config --get commit.template [3ms]
2025-01-26 05:05:05.565 [info] > git for-each-ref --format=%(refname)%00%(upstream:short)%00%(objectname)%00%(upstream:track)%00%(upstream:remotename)%00%(upstream:remoteref) refs/heads/main refs/remotes/main [2ms]
2025-01-26 05:05:05.588 [info] > git status -z -uall [14ms]
2025-01-26 05:05:05.589 [info] > git for-each-ref --sort -committerdate --format %(refname) %(objectname) %(*objectname) [5ms]
2025-01-26 05:05:10.128 [info] > git show --textconv HEAD:templates/index.html [13ms]
2025-01-26 05:05:10.129 [info] > git ls-tree -l HEAD -- /home/marty_jehng/templates/index.html [4ms]
2025-01-26 05:05:10.626 [info] > git config --get commit.template [14ms]
2025-01-26 05:05:10.631 [info] > git for-each-ref --format=%(refname)%00%(upstream:short)%00%(objectname)%00%(upstream:track)%00%(upstream:remotename)%00%(upstream:remoteref) refs/heads/main refs/remotes/main [7ms]
2025-01-26 05:05:10.666 [info] > git status -z -uall [23ms]
2025-01-26 05:05:10.670 [info] > git for-each-ref --sort -committerdate --format %(refname) %(objectname) %(*objectname) [11ms]
2025-01-26 05:05:11.241 [info] > git log --format=%H%n%aN%n%aE%n%at%n%ct%n%P%n%D%n%B -z --shortstat --diff-merges=first-parent -n50 --skip=0 --topo-order --decorate=full --stdin [928ms]
2025-01-26 05:05:11.488 [info] > git check-ignore -v -z --stdin [4ms]
2025-01-26 05:05:11.660 [info] > git log --format=%H%n%aN%n%aE%n%at%n%ct%n%P%n%D%n%B -z --shortstat --diff-merges=first-parent -n50 --skip=0 --topo-order --decorate=full --stdin [269ms]
2025-01-26 05:05:15.700 [info] > git config --get commit.template [10ms]
2025-01-26 05:05:15.704 [info] > git for-each-ref --format=%(refname)%00%(upstream:short)%00%(objectname)%00%(upstream:track)%00%(upstream:remotename)%00%(upstream:remoteref) refs/heads/main refs/remotes/main [5ms]
2025-01-26 05:05:15.728 [info] > git status -z -uall [16ms]
2025-01-26 05:05:15.729 [info] > git for-each-ref --sort -committerdate --format %(refname) %(objectname) %(*objectname) [5ms]
2025-01-26 05:05:20.754 [info] > git config --get commit.template [9ms]
2025-01-26 05:05:20.756 [info] > git for-each-ref --format=%(refname)%00%(upstream:short)%00%(objectname)%00%(upstream:track)%00%(upstream:remotename)%00%(upstream:remoteref) refs/heads/main refs/remotes/main [3ms]
2025-01-26 05:05:20.782 [info] > git for-each-ref --sort -committerdate --format %(refname) %(objectname) %(*objectname) [5ms]
2025-01-26 05:05:20.784 [info] > git status -z -uall [17ms]
2025-01-26 05:05:25.808 [info] > git config --get commit.template [9ms]
2025-01-26 05:05:25.810 [info] > git for-each-ref --format=%(refname)%00%(upstream:short)%00%(objectname)%00%(upstream:track)%00%(upstream:remotename)%00%(upstream:remoteref) refs/heads/main refs/remotes/main [3ms]
2025-01-26 05:05:25.832 [info] > git status -z -uall [15ms]
2025-01-26 05:05:25.833 [info] > git for-each-ref --sort -committerdate --format %(refname) %(objectname) %(*objectname) [4ms]
2025-01-26 05:06:00.391 [info] > git ls-tree -l HEAD -- /home/marty_jehng/templates/index.html [12ms]
2025-01-26 05:06:00.393 [info] > git config --get commit.template [3ms]
2025-01-26 05:06:00.402 [info] > git for-each-ref --format=%(refname)%00%(upstream:short)%00%(objectname)%00%(upstream:track)%00%(upstream:remotename)%00%(upstream:remoteref) refs/heads/main refs/remotes/main [2ms]
2025-01-26 05:06:00.426 [info] > git status -z -uall [16ms]
2025-01-26 05:06:00.427 [info] > git for-each-ref --sort -committerdate --format %(refname) %(objectname) %(*objectname) [7ms]
2025-01-26 05:06:05.450 [info] > git config --get commit.template [10ms]
2025-01-26 05:06:05.452 [info] > git for-each-ref --format=%(refname)%00%(upstream:short)%00%(objectname)%00%(upstream:track)%00%(upstream:remotename)%00%(upstream:remoteref) refs/heads/main refs/remotes/main [3ms]
2025-01-26 05:06:05.484 [info] > git status -z -uall [25ms]
2025-01-26 05:06:05.484 [info] > git for-each-ref --sort -committerdate --format %(refname) %(objectname) %(*objectname) [5ms]
2025-01-26 05:06:09.600 [info] > git log --format=%H%n%aN%n%aE%n%at%n%ct%n%P%n%D%n%B -z --shortstat --diff-merges=first-parent -n50 --skip=0 --topo-order --decorate=full --stdin [252ms]
2025-01-26 05:06:10.511 [info] > git config --get commit.template [9ms]
2025-01-26 05:06:10.513 [info] > git for-each-ref --format=%(refname)%00%(upstream:short)%00%(objectname)%00%(upstream:track)%00%(upstream:remotename)%00%(upstream:remoteref) refs/heads/main refs/remotes/main [3ms]
2025-01-26 05:06:10.536 [info] > git status -z -uall [15ms]
2025-01-26 05:06:10.538 [info] > git for-each-ref --sort -committerdate --format %(refname) %(objectname) %(*objectname) [4ms]
2025-01-26 05:06:16.152 [info] > git config --get commit.template [12ms]
2025-01-26 05:06:16.154 [info] > git for-each-ref --format=%(refname)%00%(upstream:short)%00%(objectname)%00%(upstream:track)%00%(upstream:remotename)%00%(upstream:remoteref) refs/heads/main refs/remotes/main [2ms]
2025-01-26 05:06:16.176 [info] > git status -z -uall [14ms]
2025-01-26 05:06:16.179 [info] > git for-each-ref --sort -committerdate --format %(refname) %(objectname) %(*objectname) [7ms]
2025-01-26 05:06:18.258 [info] > git -c user.useConfigOnly=true commit --quiet --allow-empty-message --file - [54ms]
2025-01-26 05:06:18.268 [info] > git config --get commit.template [2ms]
2025-01-26 05:06:18.280 [info] > git config --get commit.template [1ms]
2025-01-26 05:06:18.297 [info] > git for-each-ref --format=%(refname)%00%(upstream:short)%00%(objectname)%00%(upstream:track)%00%(upstream:remotename)%00%(upstream:remoteref) refs/heads/main refs/remotes/main [7ms]
2025-01-26 05:06:18.319 [info] > git status -z -uall [12ms]
2025-01-26 05:06:18.321 [info] > git for-each-ref --sort -committerdate --format %(refname) %(objectname) %(*objectname) [4ms]
2025-01-26 05:06:18.347 [info] > git merge-base refs/heads/main refs/remotes/origin/main [10ms]
2025-01-26 05:06:18.362 [info] > git diff --name-status -z --diff-filter=ADMR 18401aeeb047c631b411a446ea70a9bef030a44a...refs/remotes/origin/main [5ms]
2025-01-26 05:06:18.560 [info] > git config --get commit.template [13ms]
2025-01-26 05:06:18.564 [info] > git for-each-ref --format=%(refname)%00%(upstream:short)%00%(objectname)%00%(upstream:track)%00%(upstream:remotename)%00%(upstream:remoteref) refs/heads/main refs/remotes/main [5ms]
2025-01-26 05:06:18.603 [info] > git status -z -uall [29ms]
2025-01-26 05:06:18.605 [info] > git for-each-ref --sort -committerdate --format %(refname) %(objectname) %(*objectname) [9ms]
2025-01-26 05:06:18.751 [info] > git log --format=%H%n%aN%n%aE%n%at%n%ct%n%P%n%D%n%B -z --shortstat --diff-merges=first-parent -n50 --skip=0 --topo-order --decorate=full --stdin [303ms]
2025-01-26 05:06:19.773 [info] > git ls-tree -l HEAD -- /home/marty_jehng/templates/index.html [2ms]
2025-01-26 05:06:19.831 [info] > git show --textconv HEAD:templates/index.html [10ms]
2025-01-26 05:06:20.420 [info] > git add -A -- . [590ms]
2025-01-26 05:06:20.978 [info] > git show --textconv :.git/COMMIT_EDITMSG [11ms]
2025-01-26 05:06:20.980 [info] > git ls-files --stage -- /home/marty_jehng/.git/COMMIT_EDITMSG [4ms]
2025-01-26 05:06:21.213 [info] > git check-ignore -v -z --stdin [2ms]
2025-01-26 05:06:21.766 [info] > git ls-tree -l HEAD -- /home/marty_jehng/templates/index.html [9ms]
2025-01-26 05:06:21.768 [info] > git ls-files --stage -- /home/marty_jehng/.git/COMMIT_EDITMSG [3ms]
2025-01-26 05:06:21.819 [info] > git show --textconv HEAD:templates/index.html [9ms]
2025-01-26 05:06:21.821 [info] > git show --textconv :.git/COMMIT_EDITMSG [3ms]
2025-01-26 05:06:30.375 [info] > git ls-tree -l HEAD -- /home/marty_jehng/templates/index.html [8ms]
2025-01-26 05:06:30.393 [info] > git -c user.useConfigOnly=true commit --quiet [9966ms]
2025-01-26 05:06:30.393 [info] Aborting commit due to empty commit message.
2025-01-26 05:06:30.414 [info] > git config --get commit.template [12ms]
2025-01-26 05:06:30.415 [info] > git for-each-ref --format=%(refname)%00%(upstream:short)%00%(objectname)%00%(upstream:track)%00%(upstream:remotename)%00%(upstream:remoteref) refs/heads/main refs/remotes/main [3ms]
2025-01-26 05:06:30.435 [info] > git status -z -uall [12ms]
2025-01-26 05:06:30.437 [info] > git for-each-ref --sort -committerdate --format %(refname) %(objectname) %(*objectname) [3ms]
2025-01-26 05:06:30.468 [info] > git config --get commit.template [11ms]
2025-01-26 05:06:30.470 [info] > git for-each-ref --format=%(refname)%00%(upstream:short)%00%(objectname)%00%(upstream:track)%00%(upstream:remotename)%00%(upstream:remoteref) refs/heads/main refs/remotes/main [3ms]
2025-01-26 05:06:30.491 [info] > git status -z -uall [13ms]
2025-01-26 05:06:30.495 [info] > git for-each-ref --sort -committerdate --format %(refname) %(objectname) %(*objectname) [7ms]
2025-01-26 05:06:35.519 [info] > git config --get commit.template [9ms]
2025-01-26 05:06:35.521 [info] > git for-each-ref --format=%(refname)%00%(upstream:short)%00%(objectname)%00%(upstream:track)%00%(upstream:remotename)%00%(upstream:remoteref) refs/heads/main refs/remotes/main [3ms]
2025-01-26 05:06:35.541 [info] > git status -z -uall [13ms]
2025-01-26 05:06:35.543 [info] > git for-each-ref --sort -committerdate --format %(refname) %(objectname) %(*objectname) [4ms]
2025-01-26 05:06:51.286 [info] > git ls-files --stage -- /home/marty_jehng/templates/index.html [11ms]
2025-01-26 05:06:51.294 [info] > git config --get commit.template [9ms]
2025-01-26 05:06:51.303 [info] > git cat-file -s 9082effb3019ff0c22519d7a69d6df908dc14d4b [10ms]
2025-01-26 05:06:51.305 [info] > git for-each-ref --format=%(refname)%00%(upstream:short)%00%(objectname)%00%(upstream:track)%00%(upstream:remotename)%00%(upstream:remoteref) refs/heads/main refs/remotes/main [3ms]
2025-01-26 05:06:51.326 [info] > git status -z -uall [14ms]
2025-01-26 05:06:51.327 [info] > git for-each-ref --sort -committerdate --format %(refname) %(objectname) %(*objectname) [3ms]
2025-01-26 05:06:51.359 [info] > git show --textconv :templates/index.html [2ms]
2025-01-26 05:06:56.353 [info] > git config --get commit.template [9ms]
2025-01-26 05:06:56.354 [info] > git for-each-ref --format=%(refname)%00%(upstream:short)%00%(objectname)%00%(upstream:track)%00%(upstream:remotename)%00%(upstream:remoteref) refs/heads/main refs/remotes/main [2ms]
2025-01-26 05:06:56.373 [info] > git status -z -uall [11ms]
2025-01-26 05:06:56.375 [info] > git for-each-ref --sort -committerdate --format %(refname) %(objectname) %(*objectname) [3ms]
2025-01-26 05:07:01.397 [info] > git config --get commit.template [9ms]
2025-01-26 05:07:01.399 [info] > git for-each-ref --format=%(refname)%00%(upstream:short)%00%(objectname)%00%(upstream:track)%00%(upstream:remotename)%00%(upstream:remoteref) refs/heads/main refs/remotes/main [3ms]
2025-01-26 05:07:01.418 [info] > git status -z -uall [11ms]
2025-01-26 05:07:01.422 [info] > git for-each-ref --sort -committerdate --format %(refname) %(objectname) %(*objectname) [5ms]
2025-01-26 05:07:06.443 [info] > git config --get commit.template [9ms]
2025-01-26 05:07:06.445 [info] > git for-each-ref --format=%(refname)%00%(upstream:short)%00%(objectname)%00%(upstream:track)%00%(upstream:remotename)%00%(upstream:remoteref) refs/heads/main refs/remotes/main [3ms]
2025-01-26 05:07:06.467 [info] > git status -z -uall [14ms]
2025-01-26 05:07:06.468 [info] > git for-each-ref --sort -committerdate --format %(refname) %(objectname) %(*objectname) [4ms]
2025-01-26 05:07:08.646 [info] > git show --textconv :.git/COMMIT_EDITMSG [13ms]
2025-01-26 05:07:08.647 [info] > git ls-files --stage -- /home/marty_jehng/.git/COMMIT_EDITMSG [6ms]
2025-01-26 05:07:09.449 [info] > git ls-files --stage -- /home/marty_jehng/templates/index.html [9ms]
2025-01-26 05:07:09.457 [info] > git ls-files --stage -- /home/marty_jehng/.git/COMMIT_EDITMSG [9ms]
2025-01-26 05:07:09.459 [info] > git cat-file -s 9082effb3019ff0c22519d7a69d6df908dc14d4b [3ms]
2025-01-26 05:07:09.513 [info] > git show --textconv :.git/COMMIT_EDITMSG [10ms]
2025-01-26 05:07:09.514 [info] > git show --textconv :templates/index.html [3ms]
2025-01-26 05:07:09.890 [info] > git ls-files --stage -- /home/marty_jehng/templates/index.html [14ms]
2025-01-26 05:07:09.901 [info] > git -c user.useConfigOnly=true commit --quiet [1815ms]
2025-01-26 05:07:09.901 [info] Aborting commit due to empty commit message.
2025-01-26 05:07:09.912 [info] > git cat-file -s 9082effb3019ff0c22519d7a69d6df908dc14d4b [13ms]
2025-01-26 05:07:09.914 [info] > git config --get commit.template [5ms]
2025-01-26 05:07:09.924 [info] > git for-each-ref --format=%(refname)%00%(upstream:short)%00%(objectname)%00%(upstream:track)%00%(upstream:remotename)%00%(upstream:remoteref) refs/heads/main refs/remotes/main [3ms]
2025-01-26 05:07:09.943 [info] > git status -z -uall [11ms]
2025-01-26 05:07:09.945 [info] > git for-each-ref --sort -committerdate --format %(refname) %(objectname) %(*objectname) [4ms]
2025-01-26 05:07:11.492 [info] > git config --get commit.template [9ms]
2025-01-26 05:07:11.493 [info] > git for-each-ref --format=%(refname)%00%(upstream:short)%00%(objectname)%00%(upstream:track)%00%(upstream:remotename)%00%(upstream:remoteref) refs/heads/main refs/remotes/main [2ms]
2025-01-26 05:07:11.515 [info] > git status -z -uall [12ms]
2025-01-26 05:07:11.518 [info] > git for-each-ref --sort -committerdate --format %(refname) %(objectname) %(*objectname) [5ms]
2025-01-26 05:07:27.218 [info] > git ls-files --stage -- /home/marty_jehng/templates/index.html [16ms]
2025-01-26 05:07:27.229 [info] > git config --get commit.template [15ms]
2025-01-26 05:07:27.230 [info] > git cat-file -s 9082effb3019ff0c22519d7a69d6df908dc14d4b [5ms]
2025-01-26 05:07:27.242 [info] > git for-each-ref --format=%(refname)%00%(upstream:short)%00%(objectname)%00%(upstream:track)%00%(upstream:remotename)%00%(upstream:remoteref) refs/heads/main refs/remotes/main [2ms]
2025-01-26 05:07:27.261 [info] > git status -z -uall [11ms]
2025-01-26 05:07:27.264 [info] > git for-each-ref --sort -committerdate --format %(refname) %(objectname) %(*objectname) [4ms]
2025-01-26 05:07:32.288 [info] > git config --get commit.template [8ms]
2025-01-26 05:07:32.289 [info] > git for-each-ref --format=%(refname)%00%(upstream:short)%00%(objectname)%00%(upstream:track)%00%(upstream:remotename)%00%(upstream:remoteref) refs/heads/main refs/remotes/main [2ms]
2025-01-26 05:07:32.309 [info] > git status -z -uall [12ms]
2025-01-26 05:07:32.313 [info] > git for-each-ref --sort -committerdate --format %(refname) %(objectname) %(*objectname) [5ms]
2025-01-26 05:07:37.336 [info] > git config --get commit.template [10ms]
2025-01-26 05:07:37.337 [info] > git for-each-ref --format=%(refname)%00%(upstream:short)%00%(objectname)%00%(upstream:track)%00%(upstream:remotename)%00%(upstream:remoteref) refs/heads/main refs/remotes/main [2ms]
2025-01-26 05:07:37.359 [info] > git status -z -uall [14ms]
2025-01-26 05:07:37.360 [info] > git for-each-ref --sort -committerdate --format %(refname) %(objectname) %(*objectname) [5ms]
2025-01-26 05:07:42.384 [info] > git config --get commit.template [13ms]
2025-01-26 05:07:42.384 [info] > git for-each-ref --format=%(refname)%00%(upstream:short)%00%(objectname)%00%(upstream:track)%00%(upstream:remotename)%00%(upstream:remoteref) refs/heads/main refs/remotes/main [4ms]
2025-01-26 05:07:42.405 [info] > git status -z -uall [13ms]
2025-01-26 05:07:42.407 [info] > git for-each-ref --sort -committerdate --format %(refname) %(objectname) %(*objectname) [4ms]
2025-01-26 05:07:46.440 [info] > git log --oneline --cherry main...main@{upstream} -- [4ms]
2025-01-26 05:07:47.780 [info] > git ls-files --stage -- /home/marty_jehng/templates/index.html [2ms]
2025-01-26 05:07:47.789 [info] > git cat-file -s 9082effb3019ff0c22519d7a69d6df908dc14d4b [2ms]
2025-01-26 05:07:47.834 [info] > git show --textconv :templates/index.html [3ms]
2025-01-26 05:08:39.394 [info] > git ls-files --stage -- /home/marty_jehng/templates/index.html [26ms]
2025-01-26 05:08:39.415 [info] > git cat-file -s 9082effb3019ff0c22519d7a69d6df908dc14d4b [10ms]
2025-01-26 05:08:39.519 [info] > git pull --tags origin main [53069ms]
2025-01-26 05:08:39.519 [info] From https://github.com/MartyWYCheng/marty_jehng
 * branch            main       -> FETCH_HEAD
2025-01-26 05:08:40.844 [info] > git ls-files --stage -- /home/marty_jehng/templates/index.html [2ms]
2025-01-26 05:08:40.855 [info] > git cat-file -s 9082effb3019ff0c22519d7a69d6df908dc14d4b [3ms]
2025-01-26 05:08:40.904 [info] > git show --textconv :templates/index.html [3ms]
2025-01-26 05:08:40.991 [info] > git push origin main:main [1461ms]
2025-01-26 05:08:40.991 [info] To https://github.com/MartyWYCheng/marty_jehng.git
   18401ae..b3bb6ec  main -> main
2025-01-26 05:08:41.018 [info] > git config --get commit.template [18ms]
2025-01-26 05:08:41.024 [info] > git for-each-ref --format=%(refname)%00%(upstream:short)%00%(objectname)%00%(upstream:track)%00%(upstream:remotename)%00%(upstream:remoteref) refs/heads/main refs/remotes/main [7ms]
2025-01-26 05:08:41.074 [info] > git status -z -uall [34ms]
2025-01-26 05:08:41.081 [info] > git for-each-ref --sort -committerdate --format %(refname) %(objectname) %(*objectname) [13ms]
2025-01-26 05:08:41.133 [info] > git merge-base refs/heads/main refs/remotes/origin/main [15ms]
2025-01-26 05:08:41.144 [info] > git config --get commit.template [13ms]
2025-01-26 05:08:41.153 [info] > git diff --name-status -z --diff-filter=ADMR b3bb6ec5b3defec4bb01029744914b15ba596120...refs/remotes/origin/main [11ms]
2025-01-26 05:08:41.155 [info] > git for-each-ref --format=%(refname)%00%(upstream:short)%00%(objectname)%00%(upstream:track)%00%(upstream:remotename)%00%(upstream:remoteref) refs/heads/main refs/remotes/main [3ms]
2025-01-26 05:08:41.179 [info] > git status -z -uall [15ms]
2025-01-26 05:08:41.179 [info] > git for-each-ref --sort -committerdate --format %(refname) %(objectname) %(*objectname) [4ms]
2025-01-26 05:08:41.575 [info] > git log --format=%H%n%aN%n%aE%n%at%n%ct%n%P%n%D%n%B -z --shortstat --diff-merges=first-parent -n50 --skip=0 --topo-order --decorate=full --stdin [264ms]
2025-01-26 05:08:42.614 [info] > git ls-files --stage -- /home/marty_jehng/templates/index.html [2ms]
2025-01-26 05:08:42.625 [info] > git cat-file -s 9082effb3019ff0c22519d7a69d6df908dc14d4b [2ms]
2025-01-26 05:08:42.678 [info] > git show --textconv :templates/index.html [3ms]
2025-01-26 05:08:46.361 [info] > git config --get commit.template [24ms]
2025-01-26 05:08:46.363 [info] > git for-each-ref --format=%(refname)%00%(upstream:short)%00%(objectname)%00%(upstream:track)%00%(upstream:remotename)%00%(upstream:remoteref) refs/heads/main refs/remotes/main [3ms]
2025-01-26 05:08:46.392 [info] > git status -z -uall [13ms]
2025-01-26 05:08:46.394 [info] > git for-each-ref --sort -committerdate --format %(refname) %(objectname) %(*objectname) [3ms]
2025-01-26 05:08:47.739 [info] > git fetch [250ms]
2025-01-26 05:08:47.739 [info] Missing or invalid credentials.
Skip silent fetch commands
Missing or invalid credentials.
Skip silent fetch commands
remote: Repository not found.
fatal: Authentication failed for 'https://github.com/MartyWYCheng/marty_jehng.git/'
2025-01-26 05:08:47.758 [info] > git config --get commit.template [10ms]
2025-01-26 05:08:47.760 [info] > git for-each-ref --format=%(refname)%00%(upstream:short)%00%(objectname)%00%(upstream:track)%00%(upstream:remotename)%00%(upstream:remoteref) refs/heads/main refs/remotes/main [3ms]
2025-01-26 05:08:47.781 [info] > git status -z -uall [13ms]
2025-01-26 05:08:47.783 [info] > git for-each-ref --sort -committerdate --format %(refname) %(objectname) %(*objectname) [3ms]
2025-01-26 05:08:48.801 [info] > git ls-files --stage -- /home/marty_jehng/templates/index.html [2ms]
2025-01-26 05:08:48.811 [info] > git cat-file -s 9082effb3019ff0c22519d7a69d6df908dc14d4b [2ms]
2025-01-26 05:08:48.857 [info] > git show --textconv :templates/index.html [2ms]
2025-01-26 05:08:52.935 [info] > git log --oneline --cherry main...main@{upstream} -- [1ms]
2025-01-26 05:08:53.498 [info] > git pull --tags origin main [552ms]
2025-01-26 05:08:53.498 [info] From https://github.com/MartyWYCheng/marty_jehng
 * branch            main       -> FETCH_HEAD
2025-01-26 05:08:53.519 [info] > git config --get commit.template [11ms]
2025-01-26 05:08:53.520 [info] > git for-each-ref --format=%(refname)%00%(upstream:short)%00%(objectname)%00%(upstream:track)%00%(upstream:remotename)%00%(upstream:remoteref) refs/heads/main refs/remotes/main [2ms]
2025-01-26 05:08:53.543 [info] > git status -z -uall [14ms]
2025-01-26 05:08:53.545 [info] > git for-each-ref --sort -committerdate --format %(refname) %(objectname) %(*objectname) [3ms]
2025-01-26 05:15:11.904 [info] > git ls-files --stage -- /home/marty_jehng/templates/index.html [13ms]
2025-01-26 05:15:11.915 [info] > git config --get commit.template [12ms]
2025-01-26 05:15:11.916 [info] > git cat-file -s 9082effb3019ff0c22519d7a69d6df908dc14d4b [4ms]
2025-01-26 05:15:11.927 [info] > git for-each-ref --format=%(refname)%00%(upstream:short)%00%(objectname)%00%(upstream:track)%00%(upstream:remotename)%00%(upstream:remoteref) refs/heads/main refs/remotes/main [2ms]
2025-01-26 05:15:11.960 [info] > git status -z -uall [25ms]
2025-01-26 05:15:11.962 [info] > git ls-files --stage -- /home/marty_jehng/templates/index.html [4ms]
2025-01-26 05:15:11.973 [info] > git for-each-ref --sort -committerdate --format %(refname) %(objectname) %(*objectname) [26ms]
2025-01-26 05:15:11.980 [info] > git cat-file -s 9082effb3019ff0c22519d7a69d6df908dc14d4b [7ms]
2025-01-26 05:15:12.109 [info] > git show --textconv :templates/index.html [28ms]
2025-01-26 05:15:12.270 [info] > git show --textconv :templates/index.html [3ms]
2025-01-26 05:15:15.830 [info] > git show --textconv :templates/index.html [9ms]
2025-01-26 05:15:15.831 [info] > git ls-files --stage -- /home/marty_jehng/templates/index.html [2ms]
2025-01-26 05:15:15.842 [info] > git cat-file -s 9082effb3019ff0c22519d7a69d6df908dc14d4b [3ms]
2025-01-26 05:15:16.998 [info] > git config --get commit.template [10ms]
2025-01-26 05:15:17.000 [info] > git for-each-ref --format=%(refname)%00%(upstream:short)%00%(objectname)%00%(upstream:track)%00%(upstream:remotename)%00%(upstream:remoteref) refs/heads/main refs/remotes/main [3ms]
2025-01-26 05:15:17.021 [info] > git status -z -uall [13ms]
2025-01-26 05:15:17.025 [info] > git for-each-ref --sort -committerdate --format %(refname) %(objectname) %(*objectname) [4ms]
2025-01-26 05:15:22.048 [info] > git config --get commit.template [10ms]
2025-01-26 05:15:22.051 [info] > git for-each-ref --format=%(refname)%00%(upstream:short)%00%(objectname)%00%(upstream:track)%00%(upstream:remotename)%00%(upstream:remoteref) refs/heads/main refs/remotes/main [4ms]
2025-01-26 05:15:22.076 [info] > git status -z -uall [12ms]
2025-01-26 05:15:22.079 [info] > git for-each-ref --sort -committerdate --format %(refname) %(objectname) %(*objectname) [4ms]
2025-01-26 05:15:27.101 [info] > git config --get commit.template [10ms]
2025-01-26 05:15:27.103 [info] > git for-each-ref --format=%(refname)%00%(upstream:short)%00%(objectname)%00%(upstream:track)%00%(upstream:remotename)%00%(upstream:remoteref) refs/heads/main refs/remotes/main [2ms]
2025-01-26 05:15:27.123 [info] > git status -z -uall [12ms]
2025-01-26 05:15:27.127 [info] > git for-each-ref --sort -committerdate --format %(refname) %(objectname) %(*objectname) [5ms]
2025-01-26 05:15:32.162 [info] > git config --get commit.template [13ms]
2025-01-26 05:15:32.164 [info] > git for-each-ref --format=%(refname)%00%(upstream:short)%00%(objectname)%00%(upstream:track)%00%(upstream:remotename)%00%(upstream:remoteref) refs/heads/main refs/remotes/main [3ms]
2025-01-26 05:15:32.190 [info] > git for-each-ref --sort -committerdate --format %(refname) %(objectname) %(*objectname) [5ms]
2025-01-26 05:15:32.196 [info] > git status -z -uall [23ms]
2025-01-26 05:15:37.224 [info] > git config --get commit.template [15ms]
2025-01-26 05:15:37.225 [info] > git for-each-ref --format=%(refname)%00%(upstream:short)%00%(objectname)%00%(upstream:track)%00%(upstream:remotename)%00%(upstream:remoteref) refs/heads/main refs/remotes/main [2ms]
2025-01-26 05:15:37.250 [info] > git for-each-ref --sort -committerdate --format %(refname) %(objectname) %(*objectname) [4ms]
2025-01-26 05:15:37.255 [info] > git status -z -uall [21ms]
2025-01-26 05:15:42.281 [info] > git config --get commit.template [11ms]
2025-01-26 05:15:42.283 [info] > git for-each-ref --format=%(refname)%00%(upstream:short)%00%(objectname)%00%(upstream:track)%00%(upstream:remotename)%00%(upstream:remoteref) refs/heads/main refs/remotes/main [3ms]
2025-01-26 05:15:42.308 [info] > git status -z -uall [15ms]
2025-01-26 05:15:42.309 [info] > git for-each-ref --sort -committerdate --format %(refname) %(objectname) %(*objectname) [4ms]
2025-01-26 05:15:47.326 [info] > git config --get commit.template [3ms]
2025-01-26 05:15:47.337 [info] > git for-each-ref --format=%(refname)%00%(upstream:short)%00%(objectname)%00%(upstream:track)%00%(upstream:remotename)%00%(upstream:remoteref) refs/heads/main refs/remotes/main [2ms]
2025-01-26 05:15:47.361 [info] > git status -z -uall [13ms]
2025-01-26 05:15:47.363 [info] > git for-each-ref --sort -committerdate --format %(refname) %(objectname) %(*objectname) [3ms]
2025-01-26 05:15:52.384 [info] > git config --get commit.template [10ms]
2025-01-26 05:15:52.386 [info] > git for-each-ref --format=%(refname)%00%(upstream:short)%00%(objectname)%00%(upstream:track)%00%(upstream:remotename)%00%(upstream:remoteref) refs/heads/main refs/remotes/main [3ms]
2025-01-26 05:15:52.410 [info] > git status -z -uall [15ms]
2025-01-26 05:15:52.410 [info] > git for-each-ref --sort -committerdate --format %(refname) %(objectname) %(*objectname) [3ms]
2025-01-26 05:15:57.434 [info] > git config --get commit.template [10ms]
2025-01-26 05:15:57.437 [info] > git for-each-ref --format=%(refname)%00%(upstream:short)%00%(objectname)%00%(upstream:track)%00%(upstream:remotename)%00%(upstream:remoteref) refs/heads/main refs/remotes/main [5ms]
2025-01-26 05:15:57.461 [info] > git status -z -uall [14ms]
2025-01-26 05:15:57.462 [info] > git for-each-ref --sort -committerdate --format %(refname) %(objectname) %(*objectname) [2ms]
2025-01-26 05:16:02.485 [info] > git config --get commit.template [10ms]
2025-01-26 05:16:02.487 [info] > git for-each-ref --format=%(refname)%00%(upstream:short)%00%(objectname)%00%(upstream:track)%00%(upstream:remotename)%00%(upstream:remoteref) refs/heads/main refs/remotes/main [3ms]
2025-01-26 05:16:02.508 [info] > git status -z -uall [13ms]
2025-01-26 05:16:02.510 [info] > git for-each-ref --sort -committerdate --format %(refname) %(objectname) %(*objectname) [3ms]
2025-01-26 05:16:14.047 [info] > git config --get commit.template [9ms]
2025-01-26 05:16:14.048 [info] > git for-each-ref --format=%(refname)%00%(upstream:short)%00%(objectname)%00%(upstream:track)%00%(upstream:remotename)%00%(upstream:remoteref) refs/heads/main refs/remotes/main [2ms]
2025-01-26 05:16:14.071 [info] > git status -z -uall [13ms]
2025-01-26 05:16:14.075 [info] > git for-each-ref --sort -committerdate --format %(refname) %(objectname) %(*objectname) [4ms]
2025-01-26 05:16:19.097 [info] > git config --get commit.template [10ms]
2025-01-26 05:16:19.099 [info] > git for-each-ref --format=%(refname)%00%(upstream:short)%00%(objectname)%00%(upstream:track)%00%(upstream:remotename)%00%(upstream:remoteref) refs/heads/main refs/remotes/main [3ms]
2025-01-26 05:16:19.120 [info] > git status -z -uall [13ms]
2025-01-26 05:16:19.122 [info] > git for-each-ref --sort -committerdate --format %(refname) %(objectname) %(*objectname) [3ms]
2025-01-26 05:16:24.148 [info] > git config --get commit.template [12ms]
2025-01-26 05:16:24.151 [info] > git for-each-ref --format=%(refname)%00%(upstream:short)%00%(objectname)%00%(upstream:track)%00%(upstream:remotename)%00%(upstream:remoteref) refs/heads/main refs/remotes/main [4ms]
2025-01-26 05:16:24.179 [info] > git status -z -uall [15ms]
2025-01-26 05:16:24.179 [info] > git for-each-ref --sort -committerdate --format %(refname) %(objectname) %(*objectname) [3ms]
2025-01-26 05:16:29.195 [info] > git config --get commit.template [3ms]
2025-01-26 05:16:29.205 [info] > git for-each-ref --format=%(refname)%00%(upstream:short)%00%(objectname)%00%(upstream:track)%00%(upstream:remotename)%00%(upstream:remoteref) refs/heads/main refs/remotes/main [2ms]
2025-01-26 05:16:29.228 [info] > git status -z -uall [14ms]
2025-01-26 05:16:29.230 [info] > git for-each-ref --sort -committerdate --format %(refname) %(objectname) %(*objectname) [3ms]
2025-01-26 05:16:34.251 [info] > git config --get commit.template [9ms]
2025-01-26 05:16:34.252 [info] > git for-each-ref --format=%(refname)%00%(upstream:short)%00%(objectname)%00%(upstream:track)%00%(upstream:remotename)%00%(upstream:remoteref) refs/heads/main refs/remotes/main [2ms]
2025-01-26 05:16:34.277 [info] > git status -z -uall [16ms]
2025-01-26 05:16:34.278 [info] > git for-each-ref --sort -committerdate --format %(refname) %(objectname) %(*objectname) [5ms]
2025-01-26 05:16:39.293 [info] > git config --get commit.template [3ms]
2025-01-26 05:16:39.303 [info] > git for-each-ref --format=%(refname)%00%(upstream:short)%00%(objectname)%00%(upstream:track)%00%(upstream:remotename)%00%(upstream:remoteref) refs/heads/main refs/remotes/main [2ms]
2025-01-26 05:16:39.324 [info] > git status -z -uall [12ms]
2025-01-26 05:16:39.326 [info] > git for-each-ref --sort -committerdate --format %(refname) %(objectname) %(*objectname) [3ms]
2025-01-26 05:16:44.349 [info] > git config --get commit.template [10ms]
2025-01-26 05:16:44.350 [info] > git for-each-ref --format=%(refname)%00%(upstream:short)%00%(objectname)%00%(upstream:track)%00%(upstream:remotename)%00%(upstream:remoteref) refs/heads/main refs/remotes/main [2ms]
2025-01-26 05:16:44.374 [info] > git status -z -uall [15ms]
2025-01-26 05:16:44.375 [info] > git for-each-ref --sort -committerdate --format %(refname) %(objectname) %(*objectname) [5ms]
2025-01-26 05:16:49.390 [info] > git config --get commit.template [3ms]
2025-01-26 05:16:49.400 [info] > git for-each-ref --format=%(refname)%00%(upstream:short)%00%(objectname)%00%(upstream:track)%00%(upstream:remotename)%00%(upstream:remoteref) refs/heads/main refs/remotes/main [2ms]
2025-01-26 05:16:49.421 [info] > git status -z -uall [13ms]
2025-01-26 05:16:49.423 [info] > git for-each-ref --sort -committerdate --format %(refname) %(objectname) %(*objectname) [2ms]
2025-01-26 05:18:26.791 [info] > git config --get commit.template [10ms]
2025-01-26 05:18:26.793 [info] > git for-each-ref --format=%(refname)%00%(upstream:short)%00%(objectname)%00%(upstream:track)%00%(upstream:remotename)%00%(upstream:remoteref) refs/heads/main refs/remotes/main [3ms]
2025-01-26 05:18:26.819 [info] > git status -z -uall [16ms]
2025-01-26 05:18:26.819 [info] > git for-each-ref --sort -committerdate --format %(refname) %(objectname) %(*objectname) [3ms]
2025-01-26 05:18:31.836 [info] > git config --get commit.template [4ms]
2025-01-26 05:18:31.847 [info] > git for-each-ref --format=%(refname)%00%(upstream:short)%00%(objectname)%00%(upstream:track)%00%(upstream:remotename)%00%(upstream:remoteref) refs/heads/main refs/remotes/main [2ms]
2025-01-26 05:18:31.869 [info] > git status -z -uall [13ms]
2025-01-26 05:18:31.871 [info] > git for-each-ref --sort -committerdate --format %(refname) %(objectname) %(*objectname) [3ms]
2025-01-26 05:18:36.893 [info] > git config --get commit.template [10ms]
2025-01-26 05:18:36.894 [info] > git for-each-ref --format=%(refname)%00%(upstream:short)%00%(objectname)%00%(upstream:track)%00%(upstream:remotename)%00%(upstream:remoteref) refs/heads/main refs/remotes/main [2ms]
2025-01-26 05:18:36.919 [info] > git status -z -uall [16ms]
2025-01-26 05:18:36.919 [info] > git for-each-ref --sort -committerdate --format %(refname) %(objectname) %(*objectname) [4ms]
2025-01-26 05:18:41.934 [info] > git config --get commit.template [3ms]
2025-01-26 05:18:41.945 [info] > git for-each-ref --format=%(refname)%00%(upstream:short)%00%(objectname)%00%(upstream:track)%00%(upstream:remotename)%00%(upstream:remoteref) refs/heads/main refs/remotes/main [2ms]
2025-01-26 05:18:41.966 [info] > git status -z -uall [13ms]
2025-01-26 05:18:41.969 [info] > git for-each-ref --sort -committerdate --format %(refname) %(objectname) %(*objectname) [4ms]
2025-01-26 05:18:46.991 [info] > git config --get commit.template [10ms]
2025-01-26 05:18:46.992 [info] > git for-each-ref --format=%(refname)%00%(upstream:short)%00%(objectname)%00%(upstream:track)%00%(upstream:remotename)%00%(upstream:remoteref) refs/heads/main refs/remotes/main [2ms]
2025-01-26 05:18:47.015 [info] > git status -z -uall [14ms]
2025-01-26 05:18:47.019 [info] > git for-each-ref --sort -committerdate --format %(refname) %(objectname) %(*objectname) [5ms]
2025-01-26 05:18:52.034 [info] > git config --get commit.template [3ms]
2025-01-26 05:18:52.045 [info] > git for-each-ref --format=%(refname)%00%(upstream:short)%00%(objectname)%00%(upstream:track)%00%(upstream:remotename)%00%(upstream:remoteref) refs/heads/main refs/remotes/main [2ms]
2025-01-26 05:18:52.066 [info] > git status -z -uall [13ms]
2025-01-26 05:18:52.069 [info] > git for-each-ref --sort -committerdate --format %(refname) %(objectname) %(*objectname) [3ms]
2025-01-26 05:18:57.090 [info] > git config --get commit.template [10ms]
2025-01-26 05:18:57.091 [info] > git for-each-ref --format=%(refname)%00%(upstream:short)%00%(objectname)%00%(upstream:track)%00%(upstream:remotename)%00%(upstream:remoteref) refs/heads/main refs/remotes/main [2ms]
2025-01-26 05:18:57.115 [info] > git status -z -uall [15ms]
2025-01-26 05:18:57.116 [info] > git for-each-ref --sort -committerdate --format %(refname) %(objectname) %(*objectname) [4ms]
2025-01-26 05:19:02.141 [info] > git config --get commit.template [11ms]
2025-01-26 05:19:02.143 [info] > git for-each-ref --format=%(refname)%00%(upstream:short)%00%(objectname)%00%(upstream:track)%00%(upstream:remotename)%00%(upstream:remoteref) refs/heads/main refs/remotes/main [3ms]
2025-01-26 05:19:02.168 [info] > git status -z -uall [16ms]
2025-01-26 05:19:02.170 [info] > git for-each-ref --sort -committerdate --format %(refname) %(objectname) %(*objectname) [4ms]
2025-01-26 05:19:07.195 [info] > git config --get commit.template [12ms]
2025-01-26 05:19:07.196 [info] > git for-each-ref --format=%(refname)%00%(upstream:short)%00%(objectname)%00%(upstream:track)%00%(upstream:remotename)%00%(upstream:remoteref) refs/heads/main refs/remotes/main [4ms]
2025-01-26 05:19:07.223 [info] > git status -z -uall [17ms]
2025-01-26 05:19:07.224 [info] > git for-each-ref --sort -committerdate --format %(refname) %(objectname) %(*objectname) [3ms]
2025-01-26 05:19:12.256 [info] > git config --get commit.template [13ms]
2025-01-26 05:19:12.260 [info] > git for-each-ref --format=%(refname)%00%(upstream:short)%00%(objectname)%00%(upstream:track)%00%(upstream:remotename)%00%(upstream:remoteref) refs/heads/main refs/remotes/main [5ms]
2025-01-26 05:19:12.294 [info] > git status -z -uall [22ms]
2025-01-26 05:19:12.299 [info] > git for-each-ref --sort -committerdate --format %(refname) %(objectname) %(*objectname) [6ms]
2025-01-26 05:19:17.325 [info] > git config --get commit.template [11ms]
2025-01-26 05:19:17.326 [info] > git for-each-ref --format=%(refname)%00%(upstream:short)%00%(objectname)%00%(upstream:track)%00%(upstream:remotename)%00%(upstream:remoteref) refs/heads/main refs/remotes/main [3ms]
2025-01-26 05:19:17.349 [info] > git status -z -uall [13ms]
2025-01-26 05:19:17.352 [info] > git for-each-ref --sort -committerdate --format %(refname) %(objectname) %(*objectname) [4ms]
2025-01-26 05:19:22.368 [info] > git config --get commit.template [2ms]
2025-01-26 05:19:22.380 [info] > git for-each-ref --format=%(refname)%00%(upstream:short)%00%(objectname)%00%(upstream:track)%00%(upstream:remotename)%00%(upstream:remoteref) refs/heads/main refs/remotes/main [3ms]
2025-01-26 05:19:22.405 [info] > git status -z -uall [16ms]
2025-01-26 05:19:22.406 [info] > git for-each-ref --sort -committerdate --format %(refname) %(objectname) %(*objectname) [4ms]
2025-01-26 05:19:27.429 [info] > git config --get commit.template [10ms]
2025-01-26 05:19:27.431 [info] > git for-each-ref --format=%(refname)%00%(upstream:short)%00%(objectname)%00%(upstream:track)%00%(upstream:remotename)%00%(upstream:remoteref) refs/heads/main refs/remotes/main [3ms]
2025-01-26 05:19:27.454 [info] > git status -z -uall [15ms]
2025-01-26 05:19:27.455 [info] > git for-each-ref --sort -committerdate --format %(refname) %(objectname) %(*objectname) [4ms]
2025-01-26 05:19:32.474 [info] > git config --get commit.template [4ms]
2025-01-26 05:19:32.486 [info] > git for-each-ref --format=%(refname)%00%(upstream:short)%00%(objectname)%00%(upstream:track)%00%(upstream:remotename)%00%(upstream:remoteref) refs/heads/main refs/remotes/main [2ms]
2025-01-26 05:19:32.513 [info] > git status -z -uall [14ms]
2025-01-26 05:19:32.515 [info] > git for-each-ref --sort -committerdate --format %(refname) %(objectname) %(*objectname) [4ms]
2025-01-26 05:19:37.537 [info] > git config --get commit.template [10ms]
2025-01-26 05:19:37.538 [info] > git for-each-ref --format=%(refname)%00%(upstream:short)%00%(objectname)%00%(upstream:track)%00%(upstream:remotename)%00%(upstream:remoteref) refs/heads/main refs/remotes/main [2ms]
2025-01-26 05:19:37.562 [info] > git status -z -uall [13ms]
2025-01-26 05:19:37.565 [info] > git for-each-ref --sort -committerdate --format %(refname) %(objectname) %(*objectname) [5ms]
2025-01-26 05:19:42.590 [info] > git config --get commit.template [13ms]
2025-01-26 05:19:42.591 [info] > git for-each-ref --format=%(refname)%00%(upstream:short)%00%(objectname)%00%(upstream:track)%00%(upstream:remotename)%00%(upstream:remoteref) refs/heads/main refs/remotes/main [3ms]
2025-01-26 05:19:42.617 [info] > git status -z -uall [15ms]
2025-01-26 05:19:42.619 [info] > git for-each-ref --sort -committerdate --format %(refname) %(objectname) %(*objectname) [4ms]
2025-01-26 05:19:47.642 [info] > git config --get commit.template [10ms]
2025-01-26 05:19:47.643 [info] > git for-each-ref --format=%(refname)%00%(upstream:short)%00%(objectname)%00%(upstream:track)%00%(upstream:remotename)%00%(upstream:remoteref) refs/heads/main refs/remotes/main [2ms]
2025-01-26 05:19:47.668 [info] > git status -z -uall [15ms]
2025-01-26 05:19:47.669 [info] > git for-each-ref --sort -committerdate --format %(refname) %(objectname) %(*objectname) [3ms]
2025-01-26 05:19:52.692 [info] > git config --get commit.template [9ms]
2025-01-26 05:19:52.694 [info] > git for-each-ref --format=%(refname)%00%(upstream:short)%00%(objectname)%00%(upstream:track)%00%(upstream:remotename)%00%(upstream:remoteref) refs/heads/main refs/remotes/main [3ms]
2025-01-26 05:19:52.717 [info] > git status -z -uall [15ms]
2025-01-26 05:19:52.718 [info] > git for-each-ref --sort -committerdate --format %(refname) %(objectname) %(*objectname) [4ms]
2025-01-26 05:19:57.735 [info] > git config --get commit.template [2ms]
2025-01-26 05:19:57.746 [info] > git for-each-ref --format=%(refname)%00%(upstream:short)%00%(objectname)%00%(upstream:track)%00%(upstream:remotename)%00%(upstream:remoteref) refs/heads/main refs/remotes/main [3ms]
2025-01-26 05:19:57.769 [info] > git status -z -uall [14ms]
2025-01-26 05:19:57.771 [info] > git for-each-ref --sort -committerdate --format %(refname) %(objectname) %(*objectname) [3ms]
2025-01-26 05:20:02.793 [info] > git config --get commit.template [11ms]
2025-01-26 05:20:02.794 [info] > git for-each-ref --format=%(refname)%00%(upstream:short)%00%(objectname)%00%(upstream:track)%00%(upstream:remotename)%00%(upstream:remoteref) refs/heads/main refs/remotes/main [2ms]
2025-01-26 05:20:02.815 [info] > git status -z -uall [13ms]
2025-01-26 05:20:02.818 [info] > git for-each-ref --sort -committerdate --format %(refname) %(objectname) %(*objectname) [4ms]
2025-01-26 05:20:07.846 [info] > git for-each-ref --format=%(refname)%00%(upstream:short)%00%(objectname)%00%(upstream:track)%00%(upstream:remotename)%00%(upstream:remoteref) refs/heads/main refs/remotes/main [3ms]
2025-01-26 05:20:07.846 [info] > git config --get commit.template [15ms]
2025-01-26 05:20:07.872 [info] > git status -z -uall [14ms]
2025-01-26 05:20:07.875 [info] > git for-each-ref --sort -committerdate --format %(refname) %(objectname) %(*objectname) [3ms]
2025-01-26 05:20:12.901 [info] > git config --get commit.template [13ms]
2025-01-26 05:20:12.905 [info] > git for-each-ref --format=%(refname)%00%(upstream:short)%00%(objectname)%00%(upstream:track)%00%(upstream:remotename)%00%(upstream:remoteref) refs/heads/main refs/remotes/main [5ms]
2025-01-26 05:20:12.933 [info] > git for-each-ref --sort -committerdate --format %(refname) %(objectname) %(*objectname) [4ms]
2025-01-26 05:20:12.935 [info] > git status -z -uall [19ms]
2025-01-26 05:20:17.962 [info] > git config --get commit.template [10ms]
2025-01-26 05:20:17.964 [info] > git for-each-ref --format=%(refname)%00%(upstream:short)%00%(objectname)%00%(upstream:track)%00%(upstream:remotename)%00%(upstream:remoteref) refs/heads/main refs/remotes/main [3ms]
2025-01-26 05:20:17.987 [info] > git status -z -uall [15ms]
2025-01-26 05:20:17.989 [info] > git for-each-ref --sort -committerdate --format %(refname) %(objectname) %(*objectname) [4ms]
2025-01-26 05:20:33.422 [info] > git config --get commit.template [12ms]
2025-01-26 05:20:33.423 [info] > git for-each-ref --format=%(refname)%00%(upstream:short)%00%(objectname)%00%(upstream:track)%00%(upstream:remotename)%00%(upstream:remoteref) refs/heads/main refs/remotes/main [2ms]
2025-01-26 05:20:33.446 [info] > git status -z -uall [13ms]
2025-01-26 05:20:33.448 [info] > git for-each-ref --sort -committerdate --format %(refname) %(objectname) %(*objectname) [4ms]
2025-01-26 05:20:38.473 [info] > git config --get commit.template [11ms]
2025-01-26 05:20:38.474 [info] > git for-each-ref --format=%(refname)%00%(upstream:short)%00%(objectname)%00%(upstream:track)%00%(upstream:remotename)%00%(upstream:remoteref) refs/heads/main refs/remotes/main [3ms]
2025-01-26 05:20:38.496 [info] > git status -z -uall [13ms]
2025-01-26 05:20:38.499 [info] > git for-each-ref --sort -committerdate --format %(refname) %(objectname) %(*objectname) [4ms]
2025-01-26 05:20:43.523 [info] > git config --get commit.template [12ms]
2025-01-26 05:20:43.524 [info] > git for-each-ref --format=%(refname)%00%(upstream:short)%00%(objectname)%00%(upstream:track)%00%(upstream:remotename)%00%(upstream:remoteref) refs/heads/main refs/remotes/main [4ms]
2025-01-26 05:20:43.545 [info] > git status -z -uall [13ms]
2025-01-26 05:20:43.547 [info] > git for-each-ref --sort -committerdate --format %(refname) %(objectname) %(*objectname) [3ms]
2025-01-26 05:20:48.572 [info] > git config --get commit.template [11ms]
2025-01-26 05:20:48.573 [info] > git for-each-ref --format=%(refname)%00%(upstream:short)%00%(objectname)%00%(upstream:track)%00%(upstream:remotename)%00%(upstream:remoteref) refs/heads/main refs/remotes/main [2ms]
2025-01-26 05:20:48.595 [info] > git status -z -uall [13ms]
2025-01-26 05:20:48.598 [info] > git for-each-ref --sort -committerdate --format %(refname) %(objectname) %(*objectname) [3ms]
2025-01-26 05:21:57.625 [info] > git config --get commit.template [9ms]
2025-01-26 05:21:57.627 [info] > git for-each-ref --format=%(refname)%00%(upstream:short)%00%(objectname)%00%(upstream:track)%00%(upstream:remotename)%00%(upstream:remoteref) refs/heads/main refs/remotes/main [3ms]
2025-01-26 05:21:57.651 [info] > git status -z -uall [16ms]
2025-01-26 05:21:57.651 [info] > git for-each-ref --sort -committerdate --format %(refname) %(objectname) %(*objectname) [3ms]
2025-01-26 05:22:02.678 [info] > git config --get commit.template [10ms]
2025-01-26 05:22:02.679 [info] > git for-each-ref --format=%(refname)%00%(upstream:short)%00%(objectname)%00%(upstream:track)%00%(upstream:remotename)%00%(upstream:remoteref) refs/heads/main refs/remotes/main [2ms]
2025-01-26 05:22:02.701 [info] > git status -z -uall [13ms]
2025-01-26 05:22:02.703 [info] > git for-each-ref --sort -committerdate --format %(refname) %(objectname) %(*objectname) [3ms]
2025-01-26 05:22:07.728 [info] > git config --get commit.template [11ms]
2025-01-26 05:22:07.732 [info] > git for-each-ref --format=%(refname)%00%(upstream:short)%00%(objectname)%00%(upstream:track)%00%(upstream:remotename)%00%(upstream:remoteref) refs/heads/main refs/remotes/main [5ms]
2025-01-26 05:22:07.757 [info] > git status -z -uall [15ms]
2025-01-26 05:22:07.759 [info] > git for-each-ref --sort -committerdate --format %(refname) %(objectname) %(*objectname) [4ms]
2025-01-26 05:22:18.736 [info] > git config --get commit.template [2ms]
2025-01-26 05:22:18.746 [info] > git for-each-ref --format=%(refname)%00%(upstream:short)%00%(objectname)%00%(upstream:track)%00%(upstream:remotename)%00%(upstream:remoteref) refs/heads/main refs/remotes/main [2ms]
2025-01-26 05:22:18.771 [info] > git status -z -uall [14ms]
2025-01-26 05:22:18.773 [info] > git for-each-ref --sort -committerdate --format %(refname) %(objectname) %(*objectname) [3ms]
2025-01-26 05:22:23.795 [info] > git config --get commit.template [9ms]
2025-01-26 05:22:23.797 [info] > git for-each-ref --format=%(refname)%00%(upstream:short)%00%(objectname)%00%(upstream:track)%00%(upstream:remotename)%00%(upstream:remoteref) refs/heads/main refs/remotes/main [3ms]
2025-01-26 05:22:23.817 [info] > git status -z -uall [12ms]
2025-01-26 05:22:23.820 [info] > git for-each-ref --sort -committerdate --format %(refname) %(objectname) %(*objectname) [4ms]
2025-01-26 05:22:28.843 [info] > git config --get commit.template [10ms]
2025-01-26 05:22:28.845 [info] > git for-each-ref --format=%(refname)%00%(upstream:short)%00%(objectname)%00%(upstream:track)%00%(upstream:remotename)%00%(upstream:remoteref) refs/heads/main refs/remotes/main [2ms]
2025-01-26 05:22:28.868 [info] > git status -z -uall [13ms]
2025-01-26 05:22:28.870 [info] > git for-each-ref --sort -committerdate --format %(refname) %(objectname) %(*objectname) [3ms]
2025-01-26 05:22:33.895 [info] > git config --get commit.template [11ms]
2025-01-26 05:22:33.896 [info] > git for-each-ref --format=%(refname)%00%(upstream:short)%00%(objectname)%00%(upstream:track)%00%(upstream:remotename)%00%(upstream:remoteref) refs/heads/main refs/remotes/main [3ms]
2025-01-26 05:22:33.917 [info] > git status -z -uall [13ms]
2025-01-26 05:22:33.919 [info] > git for-each-ref --sort -committerdate --format %(refname) %(objectname) %(*objectname) [3ms]
2025-01-26 05:22:38.942 [info] > git config --get commit.template [10ms]
2025-01-26 05:22:38.943 [info] > git for-each-ref --format=%(refname)%00%(upstream:short)%00%(objectname)%00%(upstream:track)%00%(upstream:remotename)%00%(upstream:remoteref) refs/heads/main refs/remotes/main [2ms]
2025-01-26 05:22:38.967 [info] > git status -z -uall [15ms]
2025-01-26 05:22:38.969 [info] > git for-each-ref --sort -committerdate --format %(refname) %(objectname) %(*objectname) [3ms]
2025-01-26 05:22:43.992 [info] > git config --get commit.template [11ms]
2025-01-26 05:22:43.993 [info] > git for-each-ref --format=%(refname)%00%(upstream:short)%00%(objectname)%00%(upstream:track)%00%(upstream:remotename)%00%(upstream:remoteref) refs/heads/main refs/remotes/main [3ms]
2025-01-26 05:22:44.015 [info] > git status -z -uall [13ms]
2025-01-26 05:22:44.020 [info] > git for-each-ref --sort -committerdate --format %(refname) %(objectname) %(*objectname) [6ms]
2025-01-26 05:22:49.051 [info] > git config --get commit.template [12ms]
2025-01-26 05:22:49.052 [info] > git for-each-ref --format=%(refname)%00%(upstream:short)%00%(objectname)%00%(upstream:track)%00%(upstream:remotename)%00%(upstream:remoteref) refs/heads/main refs/remotes/main [2ms]
2025-01-26 05:22:49.074 [info] > git status -z -uall [13ms]
2025-01-26 05:22:49.076 [info] > git for-each-ref --sort -committerdate --format %(refname) %(objectname) %(*objectname) [3ms]
2025-01-26 05:22:54.109 [info] > git config --get commit.template [16ms]
2025-01-26 05:22:54.113 [info] > git for-each-ref --format=%(refname)%00%(upstream:short)%00%(objectname)%00%(upstream:track)%00%(upstream:remotename)%00%(upstream:remoteref) refs/heads/main refs/remotes/main [5ms]
2025-01-26 05:22:54.149 [info] > git status -z -uall [23ms]
2025-01-26 05:22:54.153 [info] > git for-each-ref --sort -committerdate --format %(refname) %(objectname) %(*objectname) [5ms]
2025-01-26 05:22:59.185 [info] > git config --get commit.template [16ms]
2025-01-26 05:22:59.189 [info] > git for-each-ref --format=%(refname)%00%(upstream:short)%00%(objectname)%00%(upstream:track)%00%(upstream:remotename)%00%(upstream:remoteref) refs/heads/main refs/remotes/main [5ms]
2025-01-26 05:22:59.230 [info] > git status -z -uall [29ms]
2025-01-26 05:22:59.238 [info] > git for-each-ref --sort -committerdate --format %(refname) %(objectname) %(*objectname) [13ms]
2025-01-26 05:23:04.264 [info] > git config --get commit.template [10ms]
2025-01-26 05:23:04.266 [info] > git for-each-ref --format=%(refname)%00%(upstream:short)%00%(objectname)%00%(upstream:track)%00%(upstream:remotename)%00%(upstream:remoteref) refs/heads/main refs/remotes/main [3ms]
2025-01-26 05:23:04.290 [info] > git status -z -uall [15ms]
2025-01-26 05:23:04.290 [info] > git for-each-ref --sort -committerdate --format %(refname) %(objectname) %(*objectname) [4ms]
2025-01-26 05:23:09.306 [info] > git config --get commit.template [3ms]
2025-01-26 05:23:09.317 [info] > git for-each-ref --format=%(refname)%00%(upstream:short)%00%(objectname)%00%(upstream:track)%00%(upstream:remotename)%00%(upstream:remoteref) refs/heads/main refs/remotes/main [2ms]
2025-01-26 05:23:09.339 [info] > git status -z -uall [13ms]
2025-01-26 05:23:09.340 [info] > git for-each-ref --sort -committerdate --format %(refname) %(objectname) %(*objectname) [3ms]
2025-01-26 05:23:50.733 [info] > git config --get commit.template [10ms]
2025-01-26 05:23:50.734 [info] > git for-each-ref --format=%(refname)%00%(upstream:short)%00%(objectname)%00%(upstream:track)%00%(upstream:remotename)%00%(upstream:remoteref) refs/heads/main refs/remotes/main [2ms]
2025-01-26 05:23:50.757 [info] > git status -z -uall [14ms]
2025-01-26 05:23:50.759 [info] > git for-each-ref --sort -committerdate --format %(refname) %(objectname) %(*objectname) [3ms]
2025-01-26 05:25:16.114 [info] > git config --get commit.template [10ms]
2025-01-26 05:25:16.115 [info] > git for-each-ref --format=%(refname)%00%(upstream:short)%00%(objectname)%00%(upstream:track)%00%(upstream:remotename)%00%(upstream:remoteref) refs/heads/main refs/remotes/main [2ms]
2025-01-26 05:25:16.140 [info] > git status -z -uall [16ms]
2025-01-26 05:25:16.141 [info] > git for-each-ref --sort -committerdate --format %(refname) %(objectname) %(*objectname) [4ms]
2025-01-26 05:27:30.886 [info] > git config --get commit.template [3ms]
2025-01-26 05:27:30.897 [info] > git for-each-ref --format=%(refname)%00%(upstream:short)%00%(objectname)%00%(upstream:track)%00%(upstream:remotename)%00%(upstream:remoteref) refs/heads/main refs/remotes/main [2ms]
2025-01-26 05:27:30.922 [info] > git for-each-ref --sort -committerdate --format %(refname) %(objectname) %(*objectname) [5ms]
2025-01-26 05:27:30.922 [info] > git status -z -uall [17ms]
2025-01-26 05:27:35.946 [info] > git config --get commit.template [11ms]
2025-01-26 05:27:35.948 [info] > git for-each-ref --format=%(refname)%00%(upstream:short)%00%(objectname)%00%(upstream:track)%00%(upstream:remotename)%00%(upstream:remoteref) refs/heads/main refs/remotes/main [3ms]
2025-01-26 05:27:35.972 [info] > git status -z -uall [15ms]
2025-01-26 05:27:35.972 [info] > git for-each-ref --sort -committerdate --format %(refname) %(objectname) %(*objectname) [3ms]
2025-01-26 05:28:11.000 [info] > git config --get commit.template [10ms]
2025-01-26 05:28:11.002 [info] > git for-each-ref --format=%(refname)%00%(upstream:short)%00%(objectname)%00%(upstream:track)%00%(upstream:remotename)%00%(upstream:remoteref) refs/heads/main refs/remotes/main [2ms]
2025-01-26 05:28:11.043 [info] > git status -z -uall [28ms]
2025-01-26 05:28:11.048 [info] > git for-each-ref --sort -committerdate --format %(refname) %(objectname) %(*objectname) [6ms]
2025-01-26 05:28:17.668 [info] > git config --get commit.template [3ms]
2025-01-26 05:28:17.679 [info] > git for-each-ref --format=%(refname)%00%(upstream:short)%00%(objectname)%00%(upstream:track)%00%(upstream:remotename)%00%(upstream:remoteref) refs/heads/main refs/remotes/main [2ms]
2025-01-26 05:28:17.701 [info] > git status -z -uall [14ms]
2025-01-26 05:28:17.703 [info] > git for-each-ref --sort -committerdate --format %(refname) %(objectname) %(*objectname) [3ms]
