2025-02-26 16:34:24.650 [info] [main] Log level: Info
2025-02-26 16:34:24.650 [info] [main] Validating found git in: "git"
2025-02-26 16:34:24.769 [info] [main] Using git "2.43.0" from "git"
2025-02-26 16:34:24.769 [info] [Model][doInitialScan] Initial repository scan started
2025-02-26 16:34:24.801 [info] > git rev-parse --show-toplevel [10ms]
2025-02-26 16:34:24.810 [info] > git rev-parse --git-dir --git-common-dir [2ms]
2025-02-26 16:34:24.825 [info] [Model][openRepository] Opened repository: /home/marty_jehng
2025-02-26 16:34:24.840 [info] > git config --get commit.template [8ms]
2025-02-26 16:34:24.846 [info] > git rev-parse --show-toplevel [9ms]
2025-02-26 16:34:24.852 [info] > git rev-parse --show-toplevel [1ms]
2025-02-26 16:34:25.246 [info] > git for-each-ref --format=%(refname)%00%(upstream:short)%00%(objectname)%00%(upstream:track)%00%(upstream:remotename)%00%(upstream:remoteref) refs/heads/main refs/remotes/main [401ms]
2025-02-26 16:34:25.249 [info] > git rev-parse --show-toplevel [5ms]
2025-02-26 16:34:25.267 [info] > git rev-parse --show-toplevel [13ms]
2025-02-26 16:34:25.279 [info] > git for-each-ref --sort -committerdate --format %(refname) %(objectname) %(*objectname) [13ms]
2025-02-26 16:34:25.281 [info] > git rev-parse --show-toplevel [6ms]
2025-02-26 16:34:25.289 [info] > git rev-parse --show-toplevel [2ms]
2025-02-26 16:34:25.299 [info] > git rev-parse --show-toplevel [1ms]
2025-02-26 16:34:28.483 [info] > git status -z -uall [3222ms]
2025-02-26 16:34:28.483 [info] > git check-ignore -v -z --stdin [77ms]
2025-02-26 16:34:28.574 [info] > git rev-parse --show-toplevel [3268ms]
2025-02-26 16:34:28.611 [info] > git for-each-ref --format=%(refname)%00%(upstream:short)%00%(objectname)%00%(upstream:track)%00%(upstream:remotename)%00%(upstream:remoteref) refs/heads/main refs/remotes/main [50ms]
2025-02-26 16:34:28.738 [info] > git config --local branch.main.vscode-merge-base [115ms]
2025-02-26 16:34:28.738 [warning] [Git][config] git config failed: Failed to execute git
2025-02-26 16:34:28.747 [info] > git rev-parse --show-toplevel [142ms]
2025-02-26 16:34:28.752 [info] > git config --get commit.template [166ms]
2025-02-26 16:34:28.824 [info] > git rev-parse --show-toplevel [61ms]
2025-02-26 16:34:28.842 [info] > git for-each-ref --format=%(refname)%00%(upstream:short)%00%(objectname)%00%(upstream:track)%00%(upstream:remotename)%00%(upstream:remoteref) refs/heads/main refs/remotes/main [20ms]
2025-02-26 16:34:28.870 [info] > git rev-parse --show-toplevel [29ms]
2025-02-26 16:34:28.884 [info] > git for-each-ref --sort -committerdate --format %(refname) %(objectname) %(*objectname) [16ms]
2025-02-26 16:34:28.890 [info] > git rev-parse --show-toplevel [7ms]
2025-02-26 16:34:28.890 [info] [Model][doInitialScan] Initial repository scan completed - repositories (1), closed repositories (0), parent repositories (0), unsafe repositories (0)
2025-02-26 16:34:28.919 [info] > git status -z -uall [67ms]
2025-02-26 16:34:28.948 [info] > git for-each-ref --format=%(refname)%00%(upstream:short)%00%(objectname)%00%(upstream:track)%00%(upstream:remotename)%00%(upstream:remoteref) refs/heads/main refs/remotes/main [9ms]
2025-02-26 16:34:28.966 [info] > git config --local branch.main.vscode-merge-base [5ms]
2025-02-26 16:34:28.966 [warning] [Git][config] git config failed: Failed to execute git
2025-02-26 16:34:29.238 [info] > git reflog main --grep-reflog=branch: Created from *. [263ms]
2025-02-26 16:34:29.254 [info] > git reflog main --grep-reflog=branch: Created from *. [507ms]
2025-02-26 16:34:29.276 [info] > git symbolic-ref --short refs/remotes/origin/HEAD [10ms]
2025-02-26 16:34:29.276 [info] fatal: ref refs/remotes/origin/HEAD is not a symbolic ref
2025-02-26 16:34:29.276 [warning] [Repository][getDefaultBranch] Failed to get default branch details: Failed to execute git.
2025-02-26 16:34:29.296 [info] > git symbolic-ref --short refs/remotes/origin/HEAD [44ms]
2025-02-26 16:34:29.296 [info] fatal: ref refs/remotes/origin/HEAD is not a symbolic ref
2025-02-26 16:34:29.296 [warning] [Repository][getDefaultBranch] Failed to get default branch details: Failed to execute git.
2025-02-26 16:34:33.513 [info] > git show --textconv :main.py [4171ms]
2025-02-26 16:34:33.516 [info] > git merge-base refs/heads/main refs/remotes/origin/main [4223ms]
2025-02-26 16:34:33.583 [info] > git ls-files --stage -- /home/marty_jehng/main.py [4228ms]
2025-02-26 16:34:33.602 [info] > git merge-base refs/heads/main refs/remotes/origin/main [4293ms]
2025-02-26 16:34:33.618 [info] > git cat-file -s fa10f94d0343d51d9c386295b5e7db33526a17f5 [19ms]
2025-02-26 16:34:33.620 [info] > git diff --name-status -z --diff-filter=ADMR 7bf02d47bd14540f696f1d7b7776fd7b8789dbeb...refs/remotes/origin/main [92ms]
2025-02-26 16:34:33.622 [info] > git diff --name-status -z --diff-filter=ADMR 7bf02d47bd14540f696f1d7b7776fd7b8789dbeb...refs/remotes/origin/main [7ms]
2025-02-26 17:08:57.317 [info] > git config --get commit.template [10ms]
2025-02-26 17:08:57.318 [info] > git for-each-ref --format=%(refname)%00%(upstream:short)%00%(objectname)%00%(upstream:track)%00%(upstream:remotename)%00%(upstream:remoteref) refs/heads/main refs/remotes/main [2ms]
2025-02-26 17:08:57.346 [info] > git status -z -uall [19ms]
2025-02-26 17:08:57.349 [info] > git for-each-ref --sort -committerdate --format %(refname) %(objectname) %(*objectname) [6ms]
2025-02-26 17:08:57.610 [info] > git fetch [323ms]
2025-02-26 17:08:57.628 [info] > git config --get commit.template [2ms]
2025-02-26 17:08:57.656 [info] > git for-each-ref --format=%(refname)%00%(upstream:short)%00%(objectname)%00%(upstream:track)%00%(upstream:remotename)%00%(upstream:remoteref) refs/heads/main refs/remotes/main [3ms]
2025-02-26 17:08:57.686 [info] > git for-each-ref --sort -committerdate --format %(refname) %(objectname) %(*objectname) [2ms]
2025-02-26 17:08:57.689 [info] > git status -z -uall [20ms]
2025-02-26 17:09:02.376 [info] > git config --get commit.template [10ms]
2025-02-26 17:09:02.377 [info] > git for-each-ref --format=%(refname)%00%(upstream:short)%00%(objectname)%00%(upstream:track)%00%(upstream:remotename)%00%(upstream:remoteref) refs/heads/main refs/remotes/main [2ms]
2025-02-26 17:09:02.405 [info] > git for-each-ref --sort -committerdate --format %(refname) %(objectname) %(*objectname) [3ms]
2025-02-26 17:09:02.407 [info] > git status -z -uall [19ms]
2025-02-26 17:09:07.431 [info] > git config --get commit.template [8ms]
2025-02-26 17:09:07.432 [info] > git for-each-ref --format=%(refname)%00%(upstream:short)%00%(objectname)%00%(upstream:track)%00%(upstream:remotename)%00%(upstream:remoteref) refs/heads/main refs/remotes/main [2ms]
2025-02-26 17:09:07.452 [info] > git for-each-ref --sort -committerdate --format %(refname) %(objectname) %(*objectname) [2ms]
2025-02-26 17:09:07.458 [info] > git status -z -uall [18ms]
2025-02-26 17:09:09.623 [info] > git ls-files --stage -- /home/marty_jehng/requirements.txt [3ms]
2025-02-26 17:09:09.691 [info] > git show --textconv :requirements.txt [79ms]
2025-02-26 17:09:09.691 [info] > git cat-file -s 3ec0098c8261f1a6786b647359fc2b1be7662979 [61ms]
2025-02-26 17:09:12.483 [info] > git config --get commit.template [10ms]
2025-02-26 17:09:12.484 [info] > git for-each-ref --format=%(refname)%00%(upstream:short)%00%(objectname)%00%(upstream:track)%00%(upstream:remotename)%00%(upstream:remoteref) refs/heads/main refs/remotes/main [2ms]
2025-02-26 17:09:12.508 [info] > git for-each-ref --sort -committerdate --format %(refname) %(objectname) %(*objectname) [3ms]
2025-02-26 17:09:12.513 [info] > git status -z -uall [19ms]
2025-02-26 17:10:17.933 [info] > git config --get commit.template [11ms]
2025-02-26 17:10:17.934 [info] > git for-each-ref --format=%(refname)%00%(upstream:short)%00%(objectname)%00%(upstream:track)%00%(upstream:remotename)%00%(upstream:remoteref) refs/heads/main refs/remotes/main [2ms]
2025-02-26 17:10:17.958 [info] > git for-each-ref --sort -committerdate --format %(refname) %(objectname) %(*objectname) [3ms]
2025-02-26 17:10:17.963 [info] > git status -z -uall [20ms]
2025-02-26 17:12:28.785 [info] > git config --get commit.template [2ms]
2025-02-26 17:12:28.799 [info] > git for-each-ref --format=%(refname)%00%(upstream:short)%00%(objectname)%00%(upstream:track)%00%(upstream:remotename)%00%(upstream:remoteref) refs/heads/main refs/remotes/main [2ms]
2025-02-26 17:12:28.835 [info] > git status -z -uall [23ms]
2025-02-26 17:12:28.837 [info] > git for-each-ref --sort -committerdate --format %(refname) %(objectname) %(*objectname) [4ms]
2025-02-26 17:12:28.965 [info] > git fetch [205ms]
2025-02-26 17:12:28.985 [info] > git config --get commit.template [11ms]
2025-02-26 17:12:28.986 [info] > git for-each-ref --format=%(refname)%00%(upstream:short)%00%(objectname)%00%(upstream:track)%00%(upstream:remotename)%00%(upstream:remoteref) refs/heads/main refs/remotes/main [2ms]
2025-02-26 17:12:29.009 [info] > git for-each-ref --sort -committerdate --format %(refname) %(objectname) %(*objectname) [4ms]
2025-02-26 17:12:29.014 [info] > git status -z -uall [20ms]
2025-02-26 17:12:29.885 [info] > git show --textconv :main.py [13ms]
2025-02-26 17:12:29.886 [info] > git ls-files --stage -- /home/marty_jehng/main.py [5ms]
2025-02-26 17:12:29.901 [info] > git cat-file -s fa10f94d0343d51d9c386295b5e7db33526a17f5 [3ms]
2025-02-26 17:13:39.276 [info] > git config --get commit.template [9ms]
2025-02-26 17:13:39.277 [info] > git for-each-ref --format=%(refname)%00%(upstream:short)%00%(objectname)%00%(upstream:track)%00%(upstream:remotename)%00%(upstream:remoteref) refs/heads/main refs/remotes/main [2ms]
2025-02-26 17:13:39.298 [info] > git for-each-ref --sort -committerdate --format %(refname) %(objectname) %(*objectname) [4ms]
2025-02-26 17:13:39.305 [info] > git status -z -uall [20ms]
2025-02-26 17:13:39.322 [info] > git ls-files --stage -- /home/marty_jehng/main.py [2ms]
2025-02-26 17:13:39.332 [info] > git cat-file -s fa10f94d0343d51d9c386295b5e7db33526a17f5 [1ms]
2025-02-26 17:13:40.302 [info] > git show --textconv :main.py [3ms]
2025-02-26 17:15:00.190 [info] > git config --get commit.template [10ms]
2025-02-26 17:15:00.192 [info] > git for-each-ref --format=%(refname)%00%(upstream:short)%00%(objectname)%00%(upstream:track)%00%(upstream:remotename)%00%(upstream:remoteref) refs/heads/main refs/remotes/main [3ms]
2025-02-26 17:15:00.222 [info] > git for-each-ref --sort -committerdate --format %(refname) %(objectname) %(*objectname) [2ms]
2025-02-26 17:15:00.225 [info] > git status -z -uall [22ms]
2025-02-26 17:15:05.250 [info] > git config --get commit.template [8ms]
2025-02-26 17:15:05.252 [info] > git for-each-ref --format=%(refname)%00%(upstream:short)%00%(objectname)%00%(upstream:track)%00%(upstream:remotename)%00%(upstream:remoteref) refs/heads/main refs/remotes/main [2ms]
2025-02-26 17:15:05.271 [info] > git for-each-ref --sort -committerdate --format %(refname) %(objectname) %(*objectname) [3ms]
2025-02-26 17:15:05.276 [info] > git status -z -uall [17ms]
2025-02-26 17:15:10.307 [info] > git config --get commit.template [12ms]
2025-02-26 17:15:10.308 [info] > git for-each-ref --format=%(refname)%00%(upstream:short)%00%(objectname)%00%(upstream:track)%00%(upstream:remotename)%00%(upstream:remoteref) refs/heads/main refs/remotes/main [2ms]
2025-02-26 17:15:10.343 [info] > git status -z -uall [23ms]
2025-02-26 17:15:10.345 [info] > git for-each-ref --sort -committerdate --format %(refname) %(objectname) %(*objectname) [2ms]
2025-02-26 17:15:48.051 [info] > git config --get commit.template [10ms]
2025-02-26 17:15:48.052 [info] > git for-each-ref --format=%(refname)%00%(upstream:short)%00%(objectname)%00%(upstream:track)%00%(upstream:remotename)%00%(upstream:remoteref) refs/heads/main refs/remotes/main [2ms]
2025-02-26 17:15:48.087 [info] > git status -z -uall [26ms]
2025-02-26 17:15:48.087 [info] > git for-each-ref --sort -committerdate --format %(refname) %(objectname) %(*objectname) [3ms]
2025-02-26 17:15:48.222 [info] > git fetch [192ms]
2025-02-26 17:15:48.241 [info] > git config --get commit.template [9ms]
2025-02-26 17:15:48.242 [info] > git for-each-ref --format=%(refname)%00%(upstream:short)%00%(objectname)%00%(upstream:track)%00%(upstream:remotename)%00%(upstream:remoteref) refs/heads/main refs/remotes/main [2ms]
2025-02-26 17:15:48.261 [info] > git for-each-ref --sort -committerdate --format %(refname) %(objectname) %(*objectname) [2ms]
2025-02-26 17:15:48.267 [info] > git status -z -uall [17ms]
2025-02-26 17:15:50.405 [info] > git ls-files --stage -- /home/marty_jehng/main.py [2ms]
2025-02-26 17:15:50.418 [info] > git cat-file -s fa10f94d0343d51d9c386295b5e7db33526a17f5 [2ms]
2025-02-26 17:15:50.477 [info] > git show --textconv :main.py [4ms]
2025-02-26 17:15:50.831 [info] > git ls-files --stage -- /home/marty_jehng/main.py [2ms]
2025-02-26 17:15:50.842 [info] > git cat-file -s fa10f94d0343d51d9c386295b5e7db33526a17f5 [2ms]
2025-02-26 17:15:50.889 [info] > git show --textconv :main.py [3ms]
2025-02-26 17:16:23.423 [info] > git config --get commit.template [9ms]
2025-02-26 17:16:23.424 [info] > git for-each-ref --format=%(refname)%00%(upstream:short)%00%(objectname)%00%(upstream:track)%00%(upstream:remotename)%00%(upstream:remoteref) refs/heads/main refs/remotes/main [2ms]
2025-02-26 17:16:23.452 [info] > git for-each-ref --sort -committerdate --format %(refname) %(objectname) %(*objectname) [5ms]
2025-02-26 17:16:23.454 [info] > git status -z -uall [21ms]
2025-02-26 17:18:55.269 [info] > git config --get commit.template [15ms]
2025-02-26 17:18:55.271 [info] > git for-each-ref --format=%(refname)%00%(upstream:short)%00%(objectname)%00%(upstream:track)%00%(upstream:remotename)%00%(upstream:remoteref) refs/heads/main refs/remotes/main [3ms]
2025-02-26 17:18:55.301 [info] > git for-each-ref --sort -committerdate --format %(refname) %(objectname) %(*objectname) [2ms]
2025-02-26 17:18:55.314 [info] > git status -z -uall [28ms]
2025-02-26 17:18:55.450 [info] > git fetch [216ms]
2025-02-26 17:18:55.465 [info] > git config --get commit.template [1ms]
2025-02-26 17:18:55.476 [info] > git for-each-ref --format=%(refname)%00%(upstream:short)%00%(objectname)%00%(upstream:track)%00%(upstream:remotename)%00%(upstream:remoteref) refs/heads/main refs/remotes/main [2ms]
2025-02-26 17:18:55.503 [info] > git for-each-ref --sort -committerdate --format %(refname) %(objectname) %(*objectname) [3ms]
2025-02-26 17:18:55.504 [info] > git status -z -uall [19ms]
2025-02-26 17:18:57.048 [info] > git ls-files --stage -- /home/marty_jehng/main.py [2ms]
2025-02-26 17:18:57.058 [info] > git cat-file -s fa10f94d0343d51d9c386295b5e7db33526a17f5 [2ms]
2025-02-26 17:18:57.113 [info] > git show --textconv :main.py [2ms]
2025-02-26 17:18:58.198 [info] > git ls-files --stage -- /home/marty_jehng/main.py [3ms]
2025-02-26 17:18:58.209 [info] > git cat-file -s fa10f94d0343d51d9c386295b5e7db33526a17f5 [1ms]
2025-02-26 17:18:58.290 [info] > git show --textconv :main.py [2ms]
2025-02-26 17:20:52.306 [info] > git config --get commit.template [8ms]
2025-02-26 17:20:52.307 [info] > git for-each-ref --format=%(refname)%00%(upstream:short)%00%(objectname)%00%(upstream:track)%00%(upstream:remotename)%00%(upstream:remoteref) refs/heads/main refs/remotes/main [1ms]
2025-02-26 17:20:52.326 [info] > git for-each-ref --sort -committerdate --format %(refname) %(objectname) %(*objectname) [2ms]
2025-02-26 17:20:52.333 [info] > git status -z -uall [19ms]
2025-02-26 17:20:57.356 [info] > git config --get commit.template [9ms]
2025-02-26 17:20:57.357 [info] > git for-each-ref --format=%(refname)%00%(upstream:short)%00%(objectname)%00%(upstream:track)%00%(upstream:remotename)%00%(upstream:remoteref) refs/heads/main refs/remotes/main [2ms]
2025-02-26 17:20:57.376 [info] > git for-each-ref --sort -committerdate --format %(refname) %(objectname) %(*objectname) [2ms]
2025-02-26 17:20:57.381 [info] > git status -z -uall [17ms]
2025-02-26 17:21:02.410 [info] > git for-each-ref --format=%(refname)%00%(upstream:short)%00%(objectname)%00%(upstream:track)%00%(upstream:remotename)%00%(upstream:remoteref) refs/heads/main refs/remotes/main [2ms]
2025-02-26 17:21:02.410 [info] > git config --get commit.template [13ms]
2025-02-26 17:21:02.435 [info] > git for-each-ref --sort -committerdate --format %(refname) %(objectname) %(*objectname) [5ms]
2025-02-26 17:21:02.440 [info] > git status -z -uall [19ms]
2025-02-26 17:21:11.364 [info] > git config --get commit.template [12ms]
2025-02-26 17:21:11.367 [info] > git for-each-ref --format=%(refname)%00%(upstream:short)%00%(objectname)%00%(upstream:track)%00%(upstream:remotename)%00%(upstream:remoteref) refs/heads/main refs/remotes/main [4ms]
2025-02-26 17:21:11.396 [info] > git for-each-ref --sort -committerdate --format %(refname) %(objectname) %(*objectname) [3ms]
2025-02-26 17:21:11.400 [info] > git status -z -uall [18ms]
2025-02-26 17:21:16.422 [info] > git config --get commit.template [2ms]
2025-02-26 17:21:16.436 [info] > git for-each-ref --format=%(refname)%00%(upstream:short)%00%(objectname)%00%(upstream:track)%00%(upstream:remotename)%00%(upstream:remoteref) refs/heads/main refs/remotes/main [1ms]
2025-02-26 17:21:16.480 [info] > git for-each-ref --sort -committerdate --format %(refname) %(objectname) %(*objectname) [3ms]
2025-02-26 17:21:16.490 [info] > git status -z -uall [37ms]
2025-02-26 17:22:43.019 [info] > git config --get commit.template [3ms]
2025-02-26 17:22:43.030 [info] > git for-each-ref --format=%(refname)%00%(upstream:short)%00%(objectname)%00%(upstream:track)%00%(upstream:remotename)%00%(upstream:remoteref) refs/heads/main refs/remotes/main [1ms]
2025-02-26 17:22:43.066 [info] > git for-each-ref --sort -committerdate --format %(refname) %(objectname) %(*objectname) [5ms]
2025-02-26 17:22:43.079 [info] > git status -z -uall [38ms]
2025-02-26 17:22:43.204 [info] > git fetch [202ms]
2025-02-26 17:22:43.223 [info] > git config --get commit.template [9ms]
2025-02-26 17:22:43.225 [info] > git for-each-ref --format=%(refname)%00%(upstream:short)%00%(objectname)%00%(upstream:track)%00%(upstream:remotename)%00%(upstream:remoteref) refs/heads/main refs/remotes/main [2ms]
2025-02-26 17:22:43.253 [info] > git for-each-ref --sort -committerdate --format %(refname) %(objectname) %(*objectname) [3ms]
2025-02-26 17:22:43.255 [info] > git status -z -uall [20ms]
2025-02-26 17:36:31.451 [info] > git ls-files --stage -- /home/marty_jehng/main.py [2ms]
2025-02-26 17:36:31.460 [info] > git cat-file -s fa10f94d0343d51d9c386295b5e7db33526a17f5 [1ms]
2025-02-26 17:36:31.510 [info] > git show --textconv :main.py [3ms]
2025-02-26 17:45:00.659 [info] > git config --get commit.template [8ms]
2025-02-26 17:45:00.660 [info] > git for-each-ref --format=%(refname)%00%(upstream:short)%00%(objectname)%00%(upstream:track)%00%(upstream:remotename)%00%(upstream:remoteref) refs/heads/main refs/remotes/main [2ms]
2025-02-26 17:45:00.689 [info] > git for-each-ref --sort -committerdate --format %(refname) %(objectname) %(*objectname) [5ms]
2025-02-26 17:45:00.698 [info] > git status -z -uall [30ms]
2025-02-26 17:45:00.824 [info] > git fetch [183ms]
2025-02-26 17:45:00.851 [info] > git config --get commit.template [11ms]
2025-02-26 17:45:00.852 [info] > git for-each-ref --format=%(refname)%00%(upstream:short)%00%(objectname)%00%(upstream:track)%00%(upstream:remotename)%00%(upstream:remoteref) refs/heads/main refs/remotes/main [4ms]
2025-02-26 17:45:00.872 [info] > git for-each-ref --sort -committerdate --format %(refname) %(objectname) %(*objectname) [3ms]
2025-02-26 17:45:00.878 [info] > git status -z -uall [18ms]
2025-02-26 17:45:20.074 [info] > git config --get commit.template [8ms]
2025-02-26 17:45:20.075 [info] > git for-each-ref --format=%(refname)%00%(upstream:short)%00%(objectname)%00%(upstream:track)%00%(upstream:remotename)%00%(upstream:remoteref) refs/heads/main refs/remotes/main [1ms]
2025-02-26 17:45:20.097 [info] > git for-each-ref --sort -committerdate --format %(refname) %(objectname) %(*objectname) [4ms]
2025-02-26 17:45:20.101 [info] > git status -z -uall [18ms]
2025-02-26 17:45:20.189 [info] > git ls-files --stage -- /home/marty_jehng/main.py [2ms]
2025-02-26 17:45:20.198 [info] > git cat-file -s fa10f94d0343d51d9c386295b5e7db33526a17f5 [1ms]
2025-02-26 17:45:21.147 [info] > git show --textconv :main.py [3ms]
2025-02-26 17:47:19.895 [info] > git config --get commit.template [2ms]
2025-02-26 17:47:19.905 [info] > git for-each-ref --format=%(refname)%00%(upstream:short)%00%(objectname)%00%(upstream:track)%00%(upstream:remotename)%00%(upstream:remoteref) refs/heads/main refs/remotes/main [2ms]
2025-02-26 17:47:19.926 [info] > git for-each-ref --sort -committerdate --format %(refname) %(objectname) %(*objectname) [3ms]
2025-02-26 17:47:19.932 [info] > git status -z -uall [19ms]
2025-02-26 17:52:42.037 [info] > git config --get commit.template [10ms]
2025-02-26 17:52:42.038 [info] > git for-each-ref --format=%(refname)%00%(upstream:short)%00%(objectname)%00%(upstream:track)%00%(upstream:remotename)%00%(upstream:remoteref) refs/heads/main refs/remotes/main [2ms]
2025-02-26 17:52:42.065 [info] > git for-each-ref --sort -committerdate --format %(refname) %(objectname) %(*objectname) [5ms]
2025-02-26 17:52:42.067 [info] > git status -z -uall [19ms]
2025-02-26 17:52:42.228 [info] > git fetch [215ms]
2025-02-26 17:52:42.246 [info] > git config --get commit.template [9ms]
2025-02-26 17:52:42.247 [info] > git for-each-ref --format=%(refname)%00%(upstream:short)%00%(objectname)%00%(upstream:track)%00%(upstream:remotename)%00%(upstream:remoteref) refs/heads/main refs/remotes/main [2ms]
2025-02-26 17:52:42.269 [info] > git for-each-ref --sort -committerdate --format %(refname) %(objectname) %(*objectname) [3ms]
2025-02-26 17:52:42.274 [info] > git status -z -uall [18ms]
