Initializing document watcher...
Document watcher initialized
/User/settings.json: Using EditorConfig core...
/User/settings.json: Using EditorConfig core...
vscode.git.Git: {}
marty_jehng/README-cloudshell.txt: {}
marty_jehng/README-cloudshell.txt: {}
vscode.git.Git: {}
marty_jehng/README-cloudshell.txt: {}
marty_jehng/README-cloudshell.txt: {}
marty_jehng/README-cloudshell.txt: {}
marty_jehng/README-cloudshell.txt: {}
marty_jehng/README-cloudshell.txt: {}
marty_jehng/README-cloudshell.txt: {}
vscode.git.Git: {}
marty_jehng/.git/COMMIT_EDITMSG: {}
marty_jehng/.git/COMMIT_EDITMSG: Using EditorConfig core...
marty_jehng/.git/COMMIT_EDITMSG: Using EditorConfig core...
marty_jehng/.git/COMMIT_EDITMSG: Using EditorConfig core...
marty_jehng/.git/COMMIT_EDITMSG: Using EditorConfig core...
marty_jehng/README-cloudshell.txt: {}
vscode.git.Git: {}
marty_jehng/README-cloudshell.txt: {}
marty_jehng/README-cloudshell.txt: {}
marty_jehng/README-cloudshell.txt: {}
marty_jehng/README-cloudshell.txt: {}
marty_jehng/README-cloudshell.txt: {}
marty_jehng/README-cloudshell.txt: {}
marty_jehng/README-cloudshell.txt: {}
marty_jehng/main.py: {}
marty_jehng/script.js: {}
marty_jehng/index.html: {}
marty_jehng/requirements.txt: {}
marty_jehng/Procfile: {}
marty_jehng/Procfile: {}
marty_jehng/main.py: {}
marty_jehng/main.py: Using EditorConfig core...
marty_jehng/main.py: {}
marty_jehng/script.js: {}
marty_jehng/script.js: Using EditorConfig core...
marty_jehng/script.js: {}
marty_jehng/requirements.txt: {}
marty_jehng/requirements.txt: Using EditorConfig core...
marty_jehng/requirements.txt: {}
marty_jehng/requirements.txt: {}
marty_jehng/Procfile: {}
marty_jehng/Procfile: {}
marty_jehng/Procfile: {}
marty_jehng/main.py: {}
vscode.git.Git: {}
marty_jehng/main.py: {}
marty_jehng/main.py: {}
marty_jehng/main.py: {}
marty_jehng/main.py: {}
marty_jehng/index.html: {}
marty_jehng/index.html: {}
marty_jehng/index.html: {}
marty_jehng/index.html: {}
marty_jehng/index.html: {}
marty_jehng/index.html: Using EditorConfig core...
marty_jehng/index.html: {}
