2025-04-01 14:48:46.393 [info] Reading sessions from keychain...
2025-04-01 14:48:46.394 [info] Getting sessions for all scopes...
2025-04-01 14:48:46.394 [info] Got 0 sessions for ...
2025-04-01 14:48:46.394 [info] Getting sessions for read:user,repo,user:email,workflow...
2025-04-01 14:48:46.394 [info] Got 0 sessions for read:user,repo,user:email,workflow...
2025-04-01 15:03:13.957 [info] Getting sessions for read:user,repo,user:email,workflow...
2025-04-01 15:03:13.957 [info] Got 0 sessions for read:user,repo,user:email,workflow...
2025-04-01 15:03:16.354 [info] Logging in with 'any' account...
2025-04-01 15:03:16.354 [info] Logging in for the following scopes: read:user repo user:email workflow
2025-04-01 15:03:16.443 [info] Trying device code flow... (read:user repo user:email workflow)
2025-04-01 15:03:52.414 [info] Getting user info...
2025-04-01 15:03:52.645 [info] Got account info!
2025-04-01 15:03:52.646 [info] Storing 1 sessions...
2025-04-01 15:03:52.683 [info] Reading sessions from keychain...
2025-04-01 15:03:52.683 [info] Stored 1 sessions!
2025-04-01 15:03:52.683 [info] Login success!
2025-04-01 15:03:52.723 [info] Got stored sessions!
2025-04-01 15:03:52.724 [info] Got 1 verified sessions.
2025-04-01 15:03:53.101 [info] Getting sessions for read:user,repo,user:email,workflow...
2025-04-01 15:03:53.101 [info] Got 1 sessions for read:user,repo,user:email,workflow...
