2025-02-26 03:47:29.052 [info] Extension host with pid 1160 started
2025-02-26 03:47:29.052 [error] Error: EEXIST: file already exists, open '/home/marty_jehng/.codeoss/data/User/workspaceStorage/-a1338d7/vscode.lock'
2025-02-26 03:47:29.074 [info] Lock '/home/marty_jehng/.codeoss/data/User/workspaceStorage/-a1338d7/vscode.lock': Could not acquire lock, checking if the file is stale.
2025-02-26 03:47:29.075 [info] Lock '/home/marty_jehng/.codeoss/data/User/workspaceStorage/-a1338d7/vscode.lock': The pid 1173 appears to be gone.
2025-02-26 03:47:29.075 [info] Lock '/home/marty_jehng/.codeoss/data/User/workspaceStorage/-a1338d7/vscode.lock': Deleting a stale lock.
2025-02-26 03:47:29.079 [info] Lock '/home/marty_jehng/.codeoss/data/User/workspaceStorage/-a1338d7/vscode.lock': Lock acquired.
2025-02-26 03:47:31.834 [info] ExtensionService#_doActivateExtension vscode.emmet, startup: false, activationEvent: 'onLanguage'
2025-02-26 03:47:31.835 [info] ExtensionService#_doActivateExtension vscode.html-language-features, startup: false, activationEvent: 'onLanguage:html'
2025-02-26 03:47:31.836 [info] ExtensionService#_doActivateExtension google.cloud-shell, startup: false, activationEvent: 'onTerminalProfile:cloudshell.default'
2025-02-26 03:47:32.059 [info] ExtensionService#_doActivateExtension vscode.configuration-editing, startup: false, activationEvent: 'onLanguage:jsonc'
2025-02-26 03:47:32.059 [info] ExtensionService#_doActivateExtension vscode.json-language-features, startup: false, activationEvent: 'onLanguage:jsonc'
2025-02-26 03:47:32.060 [info] ExtensionService#_doActivateExtension vscode.typescript-language-features, startup: false, activationEvent: 'onLanguage:jsonc'
2025-02-26 03:47:32.501 [info] ExtensionService#_doActivateExtension vscode.git-base, startup: true, activationEvent: '*', root cause: vscode.git
2025-02-26 03:47:32.510 [info] ExtensionService#_doActivateExtension ms-python.python, startup: true, activationEvent: 'workspaceContains:requirements.txt'
2025-02-26 03:47:32.762 [info] ExtensionService#_doActivateExtension vscode.git, startup: true, activationEvent: '*'
2025-02-26 03:47:32.766 [info] ExtensionService#_doActivateExtension vscode.github, startup: true, activationEvent: '*'
2025-02-26 03:47:32.978 [error] Error: spawn /google/devshell/editor/code-oss-for-cloud-shell/extensions/ms-python.python/python-env-tools/bin/pet ENOENT
	at ChildProcess._handle.onexit (node:internal/child_process:286:19)
	at onErrorNT (node:internal/child_process:484:16)
	at process.processTicksAndRejections (node:internal/process/task_queues:82:21)
2025-02-26 03:47:33.234 [info] ExtensionService#_doActivateExtension redhat.fabric8-analytics, startup: true, activationEvent: 'workspaceContains:**/package.json,**/pom.xml,**/go.mod,**/requirements.txt,**/build.gradle,**/Dockerfile,**/Containerfile'
2025-02-26 03:47:33.925 [info] Eager extensions activated
2025-02-26 03:47:33.926 [info] ExtensionService#_doActivateExtension EditorConfig.EditorConfig, startup: false, activationEvent: 'onStartupFinished'
2025-02-26 03:47:33.927 [info] ExtensionService#_doActivateExtension google.geminicodeassist, startup: false, activationEvent: 'onStartupFinished', root cause: googlecloudtools.cloudcode
2025-02-26 03:47:33.927 [info] ExtensionService#_doActivateExtension vscode.debug-auto-launch, startup: false, activationEvent: 'onStartupFinished'
2025-02-26 03:47:33.928 [info] ExtensionService#_doActivateExtension vscode.merge-conflict, startup: false, activationEvent: 'onStartupFinished'
2025-02-26 03:47:37.192 [info] ExtensionService#_doActivateExtension googlecloudtools.cloudcode, startup: false, activationEvent: 'onStartupFinished'
2025-02-26 03:47:39.375 [info] ExtensionService#_doActivateExtension vscode.github-authentication, startup: false, activationEvent: 'onAuthenticationRequest:github'
2025-02-26 04:06:44.613 [info] ExtensionService#_doActivateExtension vscode.simple-browser, startup: false, activationEvent: 'onOpenExternalUri:https'
2025-02-26 04:14:12.306 [info] ExtensionService#_doActivateExtension vscode.media-preview, startup: false, activationEvent: 'onCustomEditor:vscode.audioPreview'
2025-02-26 04:19:50.451 [error] Actual command not found, wanted to execute git.commit /18 __vscee322ff3-6797-436c-86e1-815e511550af undefined
