2025-02-03 21:23:14.509 [info] [main] Log level: Info
2025-02-03 21:23:14.510 [info] [main] Validating found git in: "git"
2025-02-03 21:23:14.510 [info] [main] Using git "2.43.0" from "git"
2025-02-03 21:23:14.510 [info] [Model][doInitialScan] Initial repository scan started
2025-02-03 21:23:14.510 [info] > git rev-parse --show-toplevel [5049ms]
2025-02-03 21:23:14.513 [info] > git rev-parse --git-dir --git-common-dir [10ms]
2025-02-03 21:23:14.525 [info] [Model][openRepository] Opened repository: /home/marty_jehng
2025-02-03 21:23:15.009 [info] > git config --get commit.template [421ms]
2025-02-03 21:23:15.389 [info] > git rev-parse --show-toplevel [297ms]
2025-02-03 21:23:15.430 [info] > git for-each-ref --format=%(refname)%00%(upstream:short)%00%(objectname)%00%(upstream:track)%00%(upstream:remotename)%00%(upstream:remoteref) refs/heads/main refs/remotes/main [409ms]
2025-02-03 21:23:15.460 [info] > git rev-parse --show-toplevel [58ms]
2025-02-03 21:23:15.520 [info] > git rev-parse --show-toplevel [40ms]
2025-02-03 21:23:15.625 [info] > git check-ignore -v -z --stdin [95ms]
2025-02-03 21:23:15.627 [info] > git rev-parse --show-toplevel [52ms]
2025-02-03 21:23:15.631 [info] > git for-each-ref --sort -committerdate --format %(refname) %(objectname) %(*objectname) [67ms]
2025-02-03 21:23:15.677 [info] > git status -z -uall [131ms]
2025-02-03 21:23:15.718 [info] > git rev-parse --show-toplevel [63ms]
2025-02-03 21:23:15.733 [info] > git for-each-ref --format=%(refname)%00%(upstream:short)%00%(objectname)%00%(upstream:track)%00%(upstream:remotename)%00%(upstream:remoteref) refs/heads/main refs/remotes/main [36ms]
2025-02-03 21:23:15.811 [info] > git rev-parse --show-toplevel [79ms]
2025-02-03 21:23:15.812 [info] > git config --get commit.template [96ms]
2025-02-03 21:23:15.867 [info] > git config --local branch.main.vscode-merge-base [124ms]
2025-02-03 21:23:15.867 [warning] [Git][config] git config failed: Failed to execute git
2025-02-03 21:23:15.884 [info] > git rev-parse --show-toplevel [24ms]
2025-02-03 21:23:15.885 [info] > git for-each-ref --format=%(refname)%00%(upstream:short)%00%(objectname)%00%(upstream:track)%00%(upstream:remotename)%00%(upstream:remoteref) refs/heads/main refs/remotes/main [32ms]
2025-02-03 21:23:15.933 [info] > git rev-parse --show-toplevel [24ms]
2025-02-03 21:23:16.064 [info] > git status -z -uall [51ms]
2025-02-03 21:23:16.064 [info] > git for-each-ref --sort -committerdate --format %(refname) %(objectname) %(*objectname) [21ms]
2025-02-03 21:23:16.079 [info] > git rev-parse --show-toplevel [87ms]
2025-02-03 21:23:16.097 [info] > git reflog main --grep-reflog=branch: Created from *. [220ms]
2025-02-03 21:23:16.113 [info] > git rev-parse --show-toplevel [21ms]
2025-02-03 21:23:16.114 [info] > git for-each-ref --format=%(refname)%00%(upstream:short)%00%(objectname)%00%(upstream:track)%00%(upstream:remotename)%00%(upstream:remoteref) refs/heads/main refs/remotes/main [36ms]
2025-02-03 21:23:16.140 [info] > git symbolic-ref --short refs/remotes/origin/HEAD [33ms]
2025-02-03 21:23:16.140 [info] fatal: ref refs/remotes/origin/HEAD is not a symbolic ref
2025-02-03 21:23:16.140 [warning] [Repository][getDefaultBranch] Failed to get default branch details: Failed to execute git.
2025-02-03 21:23:16.249 [info] > git merge-base refs/heads/main refs/remotes/origin/main [99ms]
2025-02-03 21:23:16.261 [info] > git rev-parse --show-toplevel [128ms]
2025-02-03 21:23:16.262 [info] > git config --local branch.main.vscode-merge-base [139ms]
2025-02-03 21:23:16.262 [warning] [Git][config] git config failed: Failed to execute git
2025-02-03 21:23:16.332 [info] > git reflog main --grep-reflog=branch: Created from *. [59ms]
2025-02-03 21:23:16.345 [info] > git diff --name-status -z --diff-filter=ADMR de75fc871eea0e20d778f033cbe16dcd2318be1f...refs/remotes/origin/main [84ms]
2025-02-03 21:23:16.349 [info] > git rev-parse --show-toplevel [19ms]
2025-02-03 21:23:16.350 [info] [Model][doInitialScan] Initial repository scan completed - repositories (1), closed repositories (0), parent repositories (0), unsafe repositories (0)
2025-02-03 21:23:16.356 [info] > git symbolic-ref --short refs/remotes/origin/HEAD [12ms]
2025-02-03 21:23:16.357 [info] fatal: ref refs/remotes/origin/HEAD is not a symbolic ref
2025-02-03 21:23:16.357 [warning] [Repository][getDefaultBranch] Failed to get default branch details: Failed to execute git.
2025-02-03 21:23:22.529 [info] > git config --get commit.template [31ms]
2025-02-03 21:23:22.601 [info] > git for-each-ref --format=%(refname)%00%(upstream:short)%00%(objectname)%00%(upstream:track)%00%(upstream:remotename)%00%(upstream:remoteref) refs/heads/main refs/remotes/main [22ms]
2025-02-03 21:23:22.670 [info] > git for-each-ref --sort -committerdate --format %(refname) %(objectname) %(*objectname) [12ms]
2025-02-03 21:23:22.683 [info] > git status -z -uall [47ms]
2025-02-03 21:23:23.031 [info] > git check-ignore -v -z --stdin [15ms]
2025-02-03 21:23:27.709 [info] > git config --get commit.template [8ms]
2025-02-03 21:23:27.710 [info] > git for-each-ref --format=%(refname)%00%(upstream:short)%00%(objectname)%00%(upstream:track)%00%(upstream:remotename)%00%(upstream:remoteref) refs/heads/main refs/remotes/main [2ms]
2025-02-03 21:23:27.749 [info] > git for-each-ref --sort -committerdate --format %(refname) %(objectname) %(*objectname) [22ms]
2025-02-03 21:23:27.751 [info] > git status -z -uall [34ms]
2025-02-03 21:23:32.771 [info] > git config --get commit.template [9ms]
2025-02-03 21:23:32.772 [info] > git for-each-ref --format=%(refname)%00%(upstream:short)%00%(objectname)%00%(upstream:track)%00%(upstream:remotename)%00%(upstream:remoteref) refs/heads/main refs/remotes/main [2ms]
2025-02-03 21:23:32.794 [info] > git for-each-ref --sort -committerdate --format %(refname) %(objectname) %(*objectname) [4ms]
2025-02-03 21:23:32.804 [info] > git status -z -uall [24ms]
2025-02-03 21:23:37.823 [info] > git config --get commit.template [9ms]
2025-02-03 21:23:37.825 [info] > git for-each-ref --format=%(refname)%00%(upstream:short)%00%(objectname)%00%(upstream:track)%00%(upstream:remotename)%00%(upstream:remoteref) refs/heads/main refs/remotes/main [3ms]
2025-02-03 21:23:37.845 [info] > git for-each-ref --sort -committerdate --format %(refname) %(objectname) %(*objectname) [4ms]
2025-02-03 21:23:37.855 [info] > git status -z -uall [23ms]
2025-02-03 21:23:42.875 [info] > git config --get commit.template [8ms]
2025-02-03 21:23:42.877 [info] > git for-each-ref --format=%(refname)%00%(upstream:short)%00%(objectname)%00%(upstream:track)%00%(upstream:remotename)%00%(upstream:remoteref) refs/heads/main refs/remotes/main [3ms]
2025-02-03 21:23:42.898 [info] > git for-each-ref --sort -committerdate --format %(refname) %(objectname) %(*objectname) [4ms]
2025-02-03 21:23:42.908 [info] > git status -z -uall [24ms]
2025-02-03 21:23:47.930 [info] > git config --get commit.template [10ms]
2025-02-03 21:23:47.933 [info] > git for-each-ref --format=%(refname)%00%(upstream:short)%00%(objectname)%00%(upstream:track)%00%(upstream:remotename)%00%(upstream:remoteref) refs/heads/main refs/remotes/main [4ms]
2025-02-03 21:23:47.955 [info] > git for-each-ref --sort -committerdate --format %(refname) %(objectname) %(*objectname) [4ms]
2025-02-03 21:23:47.974 [info] > git status -z -uall [31ms]
