2025-01-28 00:11:15.782 [info] Extension host with pid 1204 started
2025-01-28 00:11:15.802 [info] Lock '/home/marty_jehng/.codeoss/data/User/workspaceStorage/7bb47b8f/vscode.lock': Lock acquired.
2025-01-28 00:11:16.331 [info] ExtensionService#_doActivateExtension vscode.emmet, startup: false, activationEvent: 'onLanguage'
2025-01-28 00:11:16.332 [info] ExtensionService#_doActivateExtension vscode.html-language-features, startup: false, activationEvent: 'onLanguage:html'
2025-01-28 00:11:16.332 [info] ExtensionService#_doActivateExtension google.cloud-shell, startup: false, activationEvent: 'onTerminalProfile:cloudshell.default'
2025-01-28 00:11:16.696 [info] ExtensionService#_doActivateExtension vscode.configuration-editing, startup: false, activationEvent: 'onLanguage:jsonc'
2025-01-28 00:11:16.696 [info] ExtensionService#_doActivateExtension vscode.json-language-features, startup: false, activationEvent: 'onLanguage:jsonc'
2025-01-28 00:11:16.697 [info] ExtensionService#_doActivateExtension vscode.typescript-language-features, startup: false, activationEvent: 'onLanguage:jsonc'
2025-01-28 00:11:17.334 [info] ExtensionService#_doActivateExtension vscode.git-base, startup: true, activationEvent: '*', root cause: vscode.git
2025-01-28 00:11:17.351 [info] ExtensionService#_doActivateExtension ms-python.python, startup: true, activationEvent: 'workspaceContains:requirements.txt'
2025-01-28 00:11:17.779 [info] ExtensionService#_doActivateExtension vscode.git, startup: true, activationEvent: '*'
2025-01-28 00:11:17.779 [info] ExtensionService#_doActivateExtension vscode.github, startup: true, activationEvent: '*'
2025-01-28 00:11:18.139 [error] Error: spawn /google/devshell/editor/code-oss-for-cloud-shell/extensions/ms-python.python/python-env-tools/bin/pet ENOENT
	at ChildProcess._handle.onexit (node:internal/child_process:286:19)
	at onErrorNT (node:internal/child_process:484:16)
	at process.processTicksAndRejections (node:internal/process/task_queues:82:21)
2025-01-28 00:11:18.217 [info] ExtensionService#_doActivateExtension redhat.fabric8-analytics, startup: true, activationEvent: 'workspaceContains:**/package.json,**/pom.xml,**/go.mod,**/requirements.txt,**/build.gradle,**/Dockerfile,**/Containerfile'
2025-01-28 00:11:18.814 [info] Eager extensions activated
2025-01-28 00:11:18.814 [info] ExtensionService#_doActivateExtension EditorConfig.EditorConfig, startup: false, activationEvent: 'onStartupFinished'
2025-01-28 00:11:18.815 [info] ExtensionService#_doActivateExtension google.geminicodeassist, startup: false, activationEvent: 'onStartupFinished', root cause: googlecloudtools.cloudcode
2025-01-28 00:11:18.815 [info] ExtensionService#_doActivateExtension vscode.debug-auto-launch, startup: false, activationEvent: 'onStartupFinished'
2025-01-28 00:11:18.816 [info] ExtensionService#_doActivateExtension vscode.merge-conflict, startup: false, activationEvent: 'onStartupFinished'
2025-01-28 00:11:21.581 [info] ExtensionService#_doActivateExtension googlecloudtools.cloudcode, startup: false, activationEvent: 'onStartupFinished'
2025-01-28 00:11:25.964 [info] ExtensionService#_doActivateExtension vscode.github-authentication, startup: false, activationEvent: 'onAuthenticationRequest:github'
2025-01-28 00:21:46.069 [warning] [Decorations] CAPPING events from decorations provider vscode.git 305
2025-01-28 00:21:51.120 [warning] [Decorations] CAPPING events from decorations provider vscode.git 335
2025-01-28 00:21:51.334 [error] [ms-python.python] provider FAILED
2025-01-28 00:21:51.354 [error] Error: AttributeError: 'HoverDisable' object has no attribute 'namespace_'
    at ae (/google/devshell/editor/code-oss-for-cloud-shell/extensions/ms-python.python/out/client/extension.js:2:2049071)
    at oe (/google/devshell/editor/code-oss-for-cloud-shell/extensions/ms-python.python/out/client/extension.js:2:2047031)
    at Immediate.<anonymous> (/google/devshell/editor/code-oss-for-cloud-shell/extensions/ms-python.python/out/client/extension.js:2:2043325)
    at processImmediate (node:internal/timers:483:21)
2025-01-28 00:21:52.166 [error] [ms-python.python] provider FAILED
2025-01-28 00:21:52.166 [error] Error: AttributeError: 'HoverDisable' object has no attribute 'namespace_'
    at ae (/google/devshell/editor/code-oss-for-cloud-shell/extensions/ms-python.python/out/client/extension.js:2:2049071)
    at oe (/google/devshell/editor/code-oss-for-cloud-shell/extensions/ms-python.python/out/client/extension.js:2:2047031)
    at Immediate.<anonymous> (/google/devshell/editor/code-oss-for-cloud-shell/extensions/ms-python.python/out/client/extension.js:2:2043325)
    at processImmediate (node:internal/timers:483:21)
2025-01-28 00:21:53.165 [error] [ms-python.python] provider FAILED
2025-01-28 00:21:53.165 [error] Error: AttributeError: 'HoverDisable' object has no attribute 'namespace_'
    at ae (/google/devshell/editor/code-oss-for-cloud-shell/extensions/ms-python.python/out/client/extension.js:2:2049071)
    at oe (/google/devshell/editor/code-oss-for-cloud-shell/extensions/ms-python.python/out/client/extension.js:2:2047031)
    at Immediate.<anonymous> (/google/devshell/editor/code-oss-for-cloud-shell/extensions/ms-python.python/out/client/extension.js:2:2043325)
    at processImmediate (node:internal/timers:483:21)
2025-01-28 00:21:57.072 [warning] [Decorations] CAPPING events from decorations provider vscode.git 337
2025-01-28 00:22:02.117 [warning] [Decorations] CAPPING events from decorations provider vscode.git 337
2025-01-28 00:22:07.162 [warning] [Decorations] CAPPING events from decorations provider vscode.git 338
2025-01-28 00:22:12.208 [warning] [Decorations] CAPPING events from decorations provider vscode.git 347
2025-01-28 00:22:17.255 [warning] [Decorations] CAPPING events from decorations provider vscode.git 347
2025-01-28 00:22:22.302 [warning] [Decorations] CAPPING events from decorations provider vscode.git 348
2025-01-28 00:22:27.347 [warning] [Decorations] CAPPING events from decorations provider vscode.git 348
2025-01-28 00:22:32.397 [warning] [Decorations] CAPPING events from decorations provider vscode.git 348
2025-01-28 00:22:37.441 [warning] [Decorations] CAPPING events from decorations provider vscode.git 352
2025-01-28 00:22:42.490 [warning] [Decorations] CAPPING events from decorations provider vscode.git 352
2025-01-28 00:22:47.538 [warning] [Decorations] CAPPING events from decorations provider vscode.git 352
2025-01-28 00:22:52.585 [warning] [Decorations] CAPPING events from decorations provider vscode.git 352
2025-01-28 00:23:16.197 [warning] [Decorations] CAPPING events from decorations provider vscode.git 352
2025-01-28 00:23:21.248 [warning] [Decorations] CAPPING events from decorations provider vscode.git 355
2025-01-28 00:23:26.295 [warning] [Decorations] CAPPING events from decorations provider vscode.git 355
2025-01-28 00:23:34.184 [warning] [Decorations] CAPPING events from decorations provider vscode.git 357
2025-01-28 00:23:40.148 [warning] [Decorations] CAPPING events from decorations provider vscode.git 358
2025-01-28 00:23:45.195 [warning] [Decorations] CAPPING events from decorations provider vscode.git 358
2025-01-28 00:23:50.245 [warning] [Decorations] CAPPING events from decorations provider vscode.git 358
2025-01-28 00:23:55.298 [warning] [Decorations] CAPPING events from decorations provider vscode.git 358
2025-01-28 00:24:00.352 [warning] [Decorations] CAPPING events from decorations provider vscode.git 358
2025-01-28 00:24:05.401 [warning] [Decorations] CAPPING events from decorations provider vscode.git 358
2025-01-28 00:24:10.454 [warning] [Decorations] CAPPING events from decorations provider vscode.git 358
2025-01-28 00:24:15.502 [warning] [Decorations] CAPPING events from decorations provider vscode.git 358
2025-01-28 00:24:22.217 [warning] [Decorations] CAPPING events from decorations provider vscode.git 358
2025-01-28 00:24:27.267 [warning] [Decorations] CAPPING events from decorations provider vscode.git 358
2025-01-28 00:24:32.316 [warning] [Decorations] CAPPING events from decorations provider vscode.git 360
2025-01-28 00:24:37.363 [warning] [Decorations] CAPPING events from decorations provider vscode.git 361
2025-01-28 00:24:42.408 [warning] [Decorations] CAPPING events from decorations provider vscode.git 361
2025-01-28 00:24:47.460 [warning] [Decorations] CAPPING events from decorations provider vscode.git 361
2025-01-28 00:24:52.506 [warning] [Decorations] CAPPING events from decorations provider vscode.git 361
2025-01-28 00:24:57.553 [warning] [Decorations] CAPPING events from decorations provider vscode.git 361
2025-01-28 00:25:02.599 [warning] [Decorations] CAPPING events from decorations provider vscode.git 361
2025-01-28 00:25:07.646 [warning] [Decorations] CAPPING events from decorations provider vscode.git 361
2025-01-28 00:25:12.695 [warning] [Decorations] CAPPING events from decorations provider vscode.git 366
2025-01-28 00:25:17.742 [warning] [Decorations] CAPPING events from decorations provider vscode.git 373
2025-01-28 00:25:22.786 [warning] [Decorations] CAPPING events from decorations provider vscode.git 373
2025-01-28 00:25:27.830 [warning] [Decorations] CAPPING events from decorations provider vscode.git 373
2025-01-28 00:25:32.874 [warning] [Decorations] CAPPING events from decorations provider vscode.git 373
2025-01-28 00:25:37.922 [warning] [Decorations] CAPPING events from decorations provider vscode.git 374
2025-01-28 00:25:42.967 [warning] [Decorations] CAPPING events from decorations provider vscode.git 374
2025-01-28 00:25:48.012 [warning] [Decorations] CAPPING events from decorations provider vscode.git 374
2025-01-28 00:25:53.058 [warning] [Decorations] CAPPING events from decorations provider vscode.git 374
2025-01-28 00:25:58.103 [warning] [Decorations] CAPPING events from decorations provider vscode.git 374
2025-01-28 00:26:03.179 [warning] [Decorations] CAPPING events from decorations provider vscode.git 374
2025-01-28 00:26:08.226 [warning] [Decorations] CAPPING events from decorations provider vscode.git 374
2025-01-28 00:26:13.271 [warning] [Decorations] CAPPING events from decorations provider vscode.git 374
2025-01-28 00:26:18.316 [warning] [Decorations] CAPPING events from decorations provider vscode.git 374
2025-01-28 00:26:23.368 [warning] [Decorations] CAPPING events from decorations provider vscode.git 374
2025-01-28 00:26:28.418 [warning] [Decorations] CAPPING events from decorations provider vscode.git 374
2025-01-28 00:26:33.467 [warning] [Decorations] CAPPING events from decorations provider vscode.git 374
2025-01-28 00:27:08.071 [warning] [Decorations] CAPPING events from decorations provider vscode.git 374
2025-01-28 00:27:13.138 [warning] [Decorations] CAPPING events from decorations provider vscode.git 376
2025-01-28 00:27:18.185 [warning] [Decorations] CAPPING events from decorations provider vscode.git 376
2025-01-28 00:27:23.236 [warning] [Decorations] CAPPING events from decorations provider vscode.git 376
2025-01-28 00:27:28.284 [warning] [Decorations] CAPPING events from decorations provider vscode.git 376
2025-01-28 00:27:33.334 [warning] [Decorations] CAPPING events from decorations provider vscode.git 377
2025-01-28 00:27:38.382 [warning] [Decorations] CAPPING events from decorations provider vscode.git 377
2025-01-28 00:27:43.429 [warning] [Decorations] CAPPING events from decorations provider vscode.git 377
2025-01-28 00:27:48.474 [warning] [Decorations] CAPPING events from decorations provider vscode.git 377
2025-01-28 00:27:53.521 [warning] [Decorations] CAPPING events from decorations provider vscode.git 389
2025-01-28 00:27:58.569 [warning] [Decorations] CAPPING events from decorations provider vscode.git 389
2025-01-28 00:28:03.618 [warning] [Decorations] CAPPING events from decorations provider vscode.git 389
2025-01-28 00:28:08.665 [warning] [Decorations] CAPPING events from decorations provider vscode.git 389
2025-01-28 00:28:13.714 [warning] [Decorations] CAPPING events from decorations provider vscode.git 389
2025-01-28 00:28:18.759 [warning] [Decorations] CAPPING events from decorations provider vscode.git 390
2025-01-28 00:28:23.814 [warning] [Decorations] CAPPING events from decorations provider vscode.git 390
2025-01-28 00:28:30.125 [warning] [Decorations] CAPPING events from decorations provider vscode.git 390
2025-01-28 00:28:35.172 [warning] [Decorations] CAPPING events from decorations provider vscode.git 390
2025-01-28 00:28:40.223 [warning] [Decorations] CAPPING events from decorations provider vscode.git 390
2025-01-28 00:28:45.275 [warning] [Decorations] CAPPING events from decorations provider vscode.git 390
2025-01-28 00:28:52.135 [warning] [Decorations] CAPPING events from decorations provider vscode.git 390
2025-01-28 00:28:57.184 [warning] [Decorations] CAPPING events from decorations provider vscode.git 390
2025-01-28 00:29:02.242 [warning] [Decorations] CAPPING events from decorations provider vscode.git 390
2025-01-28 00:29:07.293 [warning] [Decorations] CAPPING events from decorations provider vscode.git 390
2025-01-28 00:29:12.344 [warning] [Decorations] CAPPING events from decorations provider vscode.git 390
2025-01-28 00:29:17.398 [warning] [Decorations] CAPPING events from decorations provider vscode.git 390
2025-01-28 00:29:22.444 [warning] [Decorations] CAPPING events from decorations provider vscode.git 390
2025-01-28 00:29:27.491 [warning] [Decorations] CAPPING events from decorations provider vscode.git 390
2025-01-28 00:29:32.538 [warning] [Decorations] CAPPING events from decorations provider vscode.git 390
2025-01-28 00:29:36.535 [warning] [Decorations] CAPPING events from decorations provider vscode.git 390
2025-01-28 00:29:36.945 [warning] [Decorations] CAPPING events from decorations provider vscode.git 344
2025-01-28 00:29:37.609 [warning] [Decorations] CAPPING events from decorations provider vscode.git 344
