2025-01-21 04:15:22.810 [warning] Dir "/home/marty_jehng/.pixi/envs" is not watchable (directory does not exist)
2025-01-21 04:15:22.810 [info] Starting Environment refresh
2025-01-21 04:15:22.810 [info] Searching for interpreters in posix paths locator
2025-01-21 04:15:22.810 [info] Searching for pyenv environments
2025-01-21 04:15:22.810 [info] Searching for conda environments
2025-01-21 04:15:22.810 [info] Searching for global virtual environments
2025-01-21 04:15:22.810 [info] Searching for custom virtual environments
2025-01-21 04:15:22.810 [info] pyenv is not installed
2025-01-21 04:15:22.810 [info] Finished searching for pyenv environments: 17 milliseconds
2025-01-21 04:15:22.810 [info] Finished searching for custom virtual envs: 16 milliseconds
2025-01-21 04:15:22.810 [info] > conda info --json
2025-01-21 04:15:22.810 [info] > hatch env show --json
2025-01-21 04:15:22.810 [info] cwd: .
2025-01-21 04:15:22.810 [info] > pyenv which python
2025-01-21 04:15:22.810 [info] cwd: .
2025-01-21 04:15:22.810 [info] Finished searching for global virtual envs: 55 milliseconds
2025-01-21 04:15:22.811 [info] Found: /bin/python --> /bin/python3.12
2025-01-21 04:15:22.813 [info] Found: /bin/python3 --> /bin/python3.12
2025-01-21 04:15:22.813 [info] Found: /bin/python3.12 --> /bin/python3.12
2025-01-21 04:15:22.840 [info] Found: /usr/bin/python --> /usr/bin/python3.12
2025-01-21 04:15:22.840 [info] Found: /usr/bin/python3 --> /usr/bin/python3.12
2025-01-21 04:15:22.840 [info] Found: /usr/bin/python3.12 --> /usr/bin/python3.12
2025-01-21 04:15:22.879 [info] Finished searching for interpreters in posix paths locator: 132 milliseconds
2025-01-21 04:15:22.879 [info] > /bin/python -I /google/devshell/editor/code-oss-for-cloud-shell/extensions/ms-python.python/python_files/get_output_via_markers.py /google/devshell/editor/code-oss-for-cloud-shell/extensions/ms-python.python/python_files/interpreterInfo.py
2025-01-21 04:15:22.908 [info] > /usr/bin/python -I /google/devshell/editor/code-oss-for-cloud-shell/extensions/ms-python.python/python_files/get_output_via_markers.py /google/devshell/editor/code-oss-for-cloud-shell/extensions/ms-python.python/python_files/interpreterInfo.py
2025-01-21 04:15:22.908 [info] Environments refresh paths discovered (event): 169 milliseconds
2025-01-21 04:15:22.908 [info] Environments refresh paths discovered: 169 milliseconds
2025-01-21 04:15:22.976 [info] Environments refresh finished (event): 236 milliseconds
2025-01-21 04:15:22.986 [info] Environment refresh took 247 milliseconds
2025-01-21 04:15:22.994 [info] Python interpreter path: /bin/python
2025-01-21 04:15:26.140 [info] Starting Jedi language server for marty_jehng.
2025-01-21 04:15:42.094 [info] Running installed packages checker:  {
  id: '/bin/python',
  sysPrefix: '/usr',
  envType: 'Global',
  envName: '',
  envPath: '',
  path: '/bin/python',
  architecture: 3,
  sysVersion: '3.12.3 (main, Nov  6 2024, 18:32:19) [GCC 13.2.0]',
  version: {
    raw: '3.12.3',
    major: 3,
    minor: 12,
    patch: 3,
    build: [],
    prerelease: [ 'final', '0' ]
  },
  displayName: 'Python 3.12.3 64-bit',
  detailedDisplayName: 'Python 3.12.3 64-bit',
  type: undefined
} /google/devshell/editor/code-oss-for-cloud-shell/extensions/ms-python.python/python_files/installed_check.py /home/marty_jehng/requirements.txt
2025-01-21 04:15:42.094 [info] > /bin/python /google/devshell/editor/code-oss-for-cloud-shell/extensions/ms-python.python/python_files/installed_check.py ./requirements.txt
2025-01-21 04:16:07.244 [info] Discover tests for workspace name: marty_jehng - uri: /home/marty_jehng/main.py
2025-01-21 04:16:55.725 [info] Running installed packages checker:  {
  id: '/bin/python',
  sysPrefix: '/usr',
  envType: 'Global',
  envName: '',
  envPath: '',
  path: '/bin/python',
  architecture: 3,
  sysVersion: '3.12.3 (main, Nov  6 2024, 18:32:19) [GCC 13.2.0]',
  version: {
    raw: '3.12.3',
    major: 3,
    minor: 12,
    patch: 3,
    build: [],
    prerelease: [ 'final', '0' ]
  },
  displayName: 'Python 3.12.3 64-bit',
  detailedDisplayName: 'Python 3.12.3 64-bit',
  type: undefined
} /google/devshell/editor/code-oss-for-cloud-shell/extensions/ms-python.python/python_files/installed_check.py /home/marty_jehng/requirements.txt
2025-01-21 04:16:55.726 [info] > /bin/python /google/devshell/editor/code-oss-for-cloud-shell/extensions/ms-python.python/python_files/installed_check.py ./requirements.txt
