2025-03-24 21:09:07.875 [info] [main] Log level: Info
2025-03-24 21:09:07.875 [info] [main] Validating found git in: "git"
2025-03-24 21:09:07.875 [info] [main] Using git "2.43.0" from "git"
2025-03-24 21:09:07.875 [info] [Model][doInitialScan] Initial repository scan started
2025-03-24 21:09:07.875 [info] > git rev-parse --show-toplevel [35ms]
2025-03-24 21:09:07.875 [info] > git rev-parse --git-dir --git-common-dir [6ms]
2025-03-24 21:09:07.875 [info] [Model][openRepository] Opened repository: /home/marty_jehng
2025-03-24 21:09:07.875 [info] > git rev-parse --show-toplevel [21ms]
2025-03-24 21:09:07.875 [info] > git config --get commit.template [26ms]
2025-03-24 21:09:07.875 [info] > git rev-parse --show-toplevel [10ms]
2025-03-24 21:09:07.875 [info] > git rev-parse --show-toplevel [2ms]
2025-03-24 21:09:07.875 [info] > git rev-parse --show-toplevel [2ms]
2025-03-24 21:09:07.875 [info] > git rev-parse --show-toplevel [3ms]
2025-03-24 21:09:07.875 [info] > git rev-parse --show-toplevel [2ms]
2025-03-24 21:09:07.875 [info] > git rev-parse --show-toplevel [3ms]
2025-03-24 21:09:07.875 [info] > git rev-parse --show-toplevel [2ms]
2025-03-24 21:09:07.875 [info] > git rev-parse --show-toplevel [2ms]
2025-03-24 21:09:07.875 [info] > git for-each-ref --format=%(refname)%00%(upstream:short)%00%(objectname)%00%(upstream:track)%00%(upstream:remotename)%00%(upstream:remoteref) refs/heads/main refs/remotes/main [71ms]
2025-03-24 21:09:07.875 [info] > git rev-parse --show-toplevel [4ms]
2025-03-24 21:09:07.875 [info] > git rev-parse --show-toplevel [19ms]
2025-03-24 21:09:07.875 [info] > git rev-parse --show-toplevel [22ms]
2025-03-24 21:09:07.875 [info] [Model][doInitialScan] Initial repository scan completed - repositories (1), closed repositories (0), parent repositories (0), unsafe repositories (0)
2025-03-24 21:09:07.875 [info] > git for-each-ref --sort -committerdate --format %(refname) %(objectname) %(*objectname) [28ms]
2025-03-24 21:09:07.875 [info] > git status -z -uall [87ms]
2025-03-24 21:09:07.875 [info] > git for-each-ref --format=%(refname)%00%(upstream:short)%00%(objectname)%00%(upstream:track)%00%(upstream:remotename)%00%(upstream:remoteref) refs/heads/main refs/remotes/main [21ms]
2025-03-24 21:09:07.875 [info] > git config --get commit.template [11ms]
2025-03-24 21:09:07.875 [info] > git config --local branch.main.vscode-merge-base [10ms]
2025-03-24 21:09:07.875 [warning] [Git][config] git config failed: Failed to execute git
2025-03-24 21:09:07.875 [info] > git for-each-ref --format=%(refname)%00%(upstream:short)%00%(objectname)%00%(upstream:track)%00%(upstream:remotename)%00%(upstream:remoteref) refs/heads/main refs/remotes/main [11ms]
2025-03-24 21:09:07.875 [info] > git status -z -uall [184ms]
2025-03-24 21:09:07.875 [info] > git for-each-ref --sort -committerdate --format %(refname) %(objectname) %(*objectname) [170ms]
2025-03-24 21:09:07.875 [info] > git for-each-ref --format=%(refname)%00%(upstream:short)%00%(objectname)%00%(upstream:track)%00%(upstream:remotename)%00%(upstream:remoteref) refs/heads/main refs/remotes/main [18ms]
2025-03-24 21:09:07.875 [info] > git reflog main --grep-reflog=branch: Created from *. [267ms]
2025-03-24 21:09:07.875 [info] > git config --local branch.main.vscode-merge-base [15ms]
2025-03-24 21:09:07.875 [warning] [Git][config] git config failed: Failed to execute git
2025-03-24 21:09:07.875 [info] > git symbolic-ref --short refs/remotes/origin/HEAD [16ms]
2025-03-24 21:09:07.875 [info] fatal: ref refs/remotes/origin/HEAD is not a symbolic ref
2025-03-24 21:09:07.875 [warning] [Repository][getDefaultBranch] Failed to get default branch details: Failed to execute git.
2025-03-24 21:09:07.875 [info] > git merge-base refs/heads/main refs/remotes/origin/main [45ms]
2025-03-24 21:09:07.875 [info] > git reflog main --grep-reflog=branch: Created from *. [65ms]
2025-03-24 21:09:07.875 [info] > git diff --name-status -z --diff-filter=ADMR 7bf02d47bd14540f696f1d7b7776fd7b8789dbeb...refs/remotes/origin/main [7ms]
2025-03-24 21:09:07.875 [info] > git symbolic-ref --short refs/remotes/origin/HEAD [4ms]
2025-03-24 21:09:07.875 [info] fatal: ref refs/remotes/origin/HEAD is not a symbolic ref
2025-03-24 21:09:07.875 [warning] [Repository][getDefaultBranch] Failed to get default branch details: Failed to execute git.
2025-03-24 21:09:08.303 [info] > git check-ignore -v -z --stdin [3ms]
2025-03-24 21:10:21.709 [info] > git config --get commit.template [9ms]
2025-03-24 21:10:21.710 [info] > git for-each-ref --format=%(refname)%00%(upstream:short)%00%(objectname)%00%(upstream:track)%00%(upstream:remotename)%00%(upstream:remoteref) refs/heads/main refs/remotes/main [3ms]
2025-03-24 21:10:21.741 [info] > git status -z -uall [20ms]
2025-03-24 21:10:21.742 [info] > git for-each-ref --sort -committerdate --format %(refname) %(objectname) %(*objectname) [6ms]
2025-03-24 21:10:22.349 [info] > git ls-files --stage -- /home/marty_jehng/templates/index.html [6ms]
2025-03-24 21:10:22.381 [info] > git cat-file -s 669b09e241b4e46af6cb71d78701ec397bd26412 [5ms]
2025-03-24 21:10:22.384 [info] > git show --textconv :templates/index.html [57ms]
2025-03-24 21:10:26.787 [info] > git config --get commit.template [8ms]
2025-03-24 21:10:26.789 [info] > git for-each-ref --format=%(refname)%00%(upstream:short)%00%(objectname)%00%(upstream:track)%00%(upstream:remotename)%00%(upstream:remoteref) refs/heads/main refs/remotes/main [3ms]
2025-03-24 21:10:26.810 [info] > git for-each-ref --sort -committerdate --format %(refname) %(objectname) %(*objectname) [4ms]
2025-03-24 21:10:26.817 [info] > git status -z -uall [21ms]
2025-03-24 21:10:31.848 [info] > git config --get commit.template [9ms]
2025-03-24 21:10:31.850 [info] > git for-each-ref --format=%(refname)%00%(upstream:short)%00%(objectname)%00%(upstream:track)%00%(upstream:remotename)%00%(upstream:remoteref) refs/heads/main refs/remotes/main [3ms]
2025-03-24 21:10:31.871 [info] > git for-each-ref --sort -committerdate --format %(refname) %(objectname) %(*objectname) [3ms]
2025-03-24 21:10:31.877 [info] > git status -z -uall [19ms]
2025-03-24 21:10:36.908 [info] > git config --get commit.template [9ms]
2025-03-24 21:10:36.911 [info] > git for-each-ref --format=%(refname)%00%(upstream:short)%00%(objectname)%00%(upstream:track)%00%(upstream:remotename)%00%(upstream:remoteref) refs/heads/main refs/remotes/main [3ms]
2025-03-24 21:10:36.932 [info] > git for-each-ref --sort -committerdate --format %(refname) %(objectname) %(*objectname) [4ms]
2025-03-24 21:10:36.937 [info] > git status -z -uall [19ms]
2025-03-24 21:10:44.241 [info] > git config --get commit.template [10ms]
2025-03-24 21:10:44.244 [info] > git for-each-ref --format=%(refname)%00%(upstream:short)%00%(objectname)%00%(upstream:track)%00%(upstream:remotename)%00%(upstream:remoteref) refs/heads/main refs/remotes/main [3ms]
2025-03-24 21:10:44.267 [info] > git for-each-ref --sort -committerdate --format %(refname) %(objectname) %(*objectname) [6ms]
2025-03-24 21:10:44.271 [info] > git status -z -uall [20ms]
2025-03-24 21:10:49.303 [info] > git config --get commit.template [10ms]
2025-03-24 21:10:49.306 [info] > git for-each-ref --format=%(refname)%00%(upstream:short)%00%(objectname)%00%(upstream:track)%00%(upstream:remotename)%00%(upstream:remoteref) refs/heads/main refs/remotes/main [4ms]
2025-03-24 21:10:49.334 [info] > git for-each-ref --sort -committerdate --format %(refname) %(objectname) %(*objectname) [7ms]
2025-03-24 21:10:49.339 [info] > git status -z -uall [24ms]
2025-03-24 21:10:54.371 [info] > git config --get commit.template [5ms]
2025-03-24 21:10:54.381 [info] > git for-each-ref --format=%(refname)%00%(upstream:short)%00%(objectname)%00%(upstream:track)%00%(upstream:remotename)%00%(upstream:remoteref) refs/heads/main refs/remotes/main [3ms]
2025-03-24 21:10:54.402 [info] > git for-each-ref --sort -committerdate --format %(refname) %(objectname) %(*objectname) [4ms]
2025-03-24 21:10:54.408 [info] > git status -z -uall [20ms]
2025-03-24 21:10:59.443 [info] > git config --get commit.template [8ms]
2025-03-24 21:10:59.444 [info] > git for-each-ref --format=%(refname)%00%(upstream:short)%00%(objectname)%00%(upstream:track)%00%(upstream:remotename)%00%(upstream:remoteref) refs/heads/main refs/remotes/main [3ms]
2025-03-24 21:10:59.470 [info] > git for-each-ref --sort -committerdate --format %(refname) %(objectname) %(*objectname) [4ms]
2025-03-24 21:10:59.473 [info] > git status -z -uall [19ms]
2025-03-24 21:11:04.504 [info] > git config --get commit.template [2ms]
2025-03-24 21:11:04.516 [info] > git for-each-ref --format=%(refname)%00%(upstream:short)%00%(objectname)%00%(upstream:track)%00%(upstream:remotename)%00%(upstream:remoteref) refs/heads/main refs/remotes/main [2ms]
2025-03-24 21:11:04.547 [info] > git for-each-ref --sort -committerdate --format %(refname) %(objectname) %(*objectname) [9ms]
2025-03-24 21:11:04.561 [info] > git status -z -uall [35ms]
2025-03-24 21:11:09.582 [info] > git config --get commit.template [4ms]
2025-03-24 21:11:09.591 [info] > git for-each-ref --format=%(refname)%00%(upstream:short)%00%(objectname)%00%(upstream:track)%00%(upstream:remotename)%00%(upstream:remoteref) refs/heads/main refs/remotes/main [2ms]
2025-03-24 21:11:09.611 [info] > git for-each-ref --sort -committerdate --format %(refname) %(objectname) %(*objectname) [2ms]
2025-03-24 21:11:09.617 [info] > git status -z -uall [20ms]
2025-03-24 21:11:11.152 [info] > git ls-files --stage -- /home/marty_jehng/main.py [7ms]
2025-03-24 21:11:11.170 [info] > git show --textconv :main.py [41ms]
2025-03-24 21:11:11.180 [info] > git cat-file -s fa10f94d0343d51d9c386295b5e7db33526a17f5 [15ms]
2025-03-24 21:11:14.650 [info] > git config --get commit.template [9ms]
2025-03-24 21:11:14.652 [info] > git for-each-ref --format=%(refname)%00%(upstream:short)%00%(objectname)%00%(upstream:track)%00%(upstream:remotename)%00%(upstream:remoteref) refs/heads/main refs/remotes/main [3ms]
2025-03-24 21:11:14.673 [info] > git for-each-ref --sort -committerdate --format %(refname) %(objectname) %(*objectname) [6ms]
2025-03-24 21:11:14.686 [info] > git status -z -uall [28ms]
2025-03-24 21:11:19.750 [info] > git config --get commit.template [9ms]
2025-03-24 21:11:19.757 [info] > git for-each-ref --format=%(refname)%00%(upstream:short)%00%(objectname)%00%(upstream:track)%00%(upstream:remotename)%00%(upstream:remoteref) refs/heads/main refs/remotes/main [8ms]
2025-03-24 21:11:19.780 [info] > git for-each-ref --sort -committerdate --format %(refname) %(objectname) %(*objectname) [4ms]
2025-03-24 21:11:19.798 [info] > git status -z -uall [33ms]
2025-03-24 21:11:24.841 [info] > git config --get commit.template [7ms]
2025-03-24 21:11:24.843 [info] > git for-each-ref --format=%(refname)%00%(upstream:short)%00%(objectname)%00%(upstream:track)%00%(upstream:remotename)%00%(upstream:remoteref) refs/heads/main refs/remotes/main [2ms]
2025-03-24 21:11:24.863 [info] > git for-each-ref --sort -committerdate --format %(refname) %(objectname) %(*objectname) [4ms]
2025-03-24 21:11:24.880 [info] > git status -z -uall [30ms]
2025-03-24 21:11:29.928 [info] > git config --get commit.template [8ms]
2025-03-24 21:11:29.930 [info] > git for-each-ref --format=%(refname)%00%(upstream:short)%00%(objectname)%00%(upstream:track)%00%(upstream:remotename)%00%(upstream:remoteref) refs/heads/main refs/remotes/main [3ms]
2025-03-24 21:11:29.950 [info] > git for-each-ref --sort -committerdate --format %(refname) %(objectname) %(*objectname) [4ms]
2025-03-24 21:11:29.967 [info] > git status -z -uall [30ms]
2025-03-24 21:11:35.027 [info] > git config --get commit.template [9ms]
2025-03-24 21:11:35.029 [info] > git for-each-ref --format=%(refname)%00%(upstream:short)%00%(objectname)%00%(upstream:track)%00%(upstream:remotename)%00%(upstream:remoteref) refs/heads/main refs/remotes/main [3ms]
2025-03-24 21:11:35.050 [info] > git for-each-ref --sort -committerdate --format %(refname) %(objectname) %(*objectname) [3ms]
2025-03-24 21:11:35.066 [info] > git status -z -uall [30ms]
2025-03-24 21:11:40.127 [info] > git config --get commit.template [8ms]
2025-03-24 21:11:40.129 [info] > git for-each-ref --format=%(refname)%00%(upstream:short)%00%(objectname)%00%(upstream:track)%00%(upstream:remotename)%00%(upstream:remoteref) refs/heads/main refs/remotes/main [3ms]
2025-03-24 21:11:40.152 [info] > git for-each-ref --sort -committerdate --format %(refname) %(objectname) %(*objectname) [3ms]
2025-03-24 21:11:40.172 [info] > git status -z -uall [33ms]
2025-03-24 21:11:45.216 [info] > git config --get commit.template [10ms]
2025-03-24 21:11:45.217 [info] > git for-each-ref --format=%(refname)%00%(upstream:short)%00%(objectname)%00%(upstream:track)%00%(upstream:remotename)%00%(upstream:remoteref) refs/heads/main refs/remotes/main [5ms]
2025-03-24 21:11:45.245 [info] > git for-each-ref --sort -committerdate --format %(refname) %(objectname) %(*objectname) [5ms]
2025-03-24 21:11:45.259 [info] > git status -z -uall [32ms]
2025-03-24 21:11:48.663 [info] > git show --textconv :main copy.py [12ms]
2025-03-24 21:11:48.666 [info] > git ls-files --stage -- /home/marty_jehng/main copy.py [5ms]
2025-03-24 21:11:48.748 [info] > git check-ignore -v -z --stdin [4ms]
2025-03-24 21:11:50.298 [info] > git config --get commit.template [9ms]
2025-03-24 21:11:50.300 [info] > git for-each-ref --format=%(refname)%00%(upstream:short)%00%(objectname)%00%(upstream:track)%00%(upstream:remotename)%00%(upstream:remoteref) refs/heads/main refs/remotes/main [3ms]
2025-03-24 21:11:50.322 [info] > git for-each-ref --sort -committerdate --format %(refname) %(objectname) %(*objectname) [5ms]
2025-03-24 21:11:50.340 [info] > git status -z -uall [34ms]
2025-03-24 21:11:52.829 [info] > git ls-files --stage -- /home/marty_jehng/Procfile [3ms]
2025-03-24 21:11:52.843 [info] > git show --textconv :Procfile [23ms]
2025-03-24 21:11:52.843 [info] > git cat-file -s 1ba043977def09b463bc26405ba8108eec86caf4 [8ms]
2025-03-24 21:11:55.383 [info] > git config --get commit.template [9ms]
2025-03-24 21:11:55.385 [info] > git for-each-ref --format=%(refname)%00%(upstream:short)%00%(objectname)%00%(upstream:track)%00%(upstream:remotename)%00%(upstream:remoteref) refs/heads/main refs/remotes/main [3ms]
2025-03-24 21:11:55.410 [info] > git for-each-ref --sort -committerdate --format %(refname) %(objectname) %(*objectname) [3ms]
2025-03-24 21:11:55.428 [info] > git status -z -uall [33ms]
2025-03-24 21:11:57.754 [info] > git show --textconv :main.py [8ms]
2025-03-24 21:11:57.757 [info] > git ls-files --stage -- /home/marty_jehng/main.py [5ms]
2025-03-24 21:11:57.770 [info] > git cat-file -s fa10f94d0343d51d9c386295b5e7db33526a17f5 [2ms]
2025-03-24 21:11:58.238 [info] > git show --textconv :main copy.py [8ms]
2025-03-24 21:11:58.240 [info] > git ls-files --stage -- /home/marty_jehng/main copy.py [3ms]
2025-03-24 21:12:00.463 [info] > git config --get commit.template [7ms]
2025-03-24 21:12:00.465 [info] > git for-each-ref --format=%(refname)%00%(upstream:short)%00%(objectname)%00%(upstream:track)%00%(upstream:remotename)%00%(upstream:remoteref) refs/heads/main refs/remotes/main [3ms]
2025-03-24 21:12:00.486 [info] > git for-each-ref --sort -committerdate --format %(refname) %(objectname) %(*objectname) [4ms]
2025-03-24 21:12:00.509 [info] > git status -z -uall [36ms]
2025-03-24 21:12:05.547 [info] > git config --get commit.template [9ms]
2025-03-24 21:12:05.549 [info] > git for-each-ref --format=%(refname)%00%(upstream:short)%00%(objectname)%00%(upstream:track)%00%(upstream:remotename)%00%(upstream:remoteref) refs/heads/main refs/remotes/main [4ms]
2025-03-24 21:12:05.573 [info] > git for-each-ref --sort -committerdate --format %(refname) %(objectname) %(*objectname) [5ms]
2025-03-24 21:12:05.593 [info] > git status -z -uall [36ms]
2025-03-24 21:12:10.632 [info] > git config --get commit.template [8ms]
2025-03-24 21:12:10.634 [info] > git for-each-ref --format=%(refname)%00%(upstream:short)%00%(objectname)%00%(upstream:track)%00%(upstream:remotename)%00%(upstream:remoteref) refs/heads/main refs/remotes/main [3ms]
2025-03-24 21:12:10.667 [info] > git for-each-ref --sort -committerdate --format %(refname) %(objectname) %(*objectname) [9ms]
2025-03-24 21:12:10.691 [info] > git status -z -uall [46ms]
2025-03-24 21:12:15.733 [info] > git config --get commit.template [8ms]
2025-03-24 21:12:15.735 [info] > git for-each-ref --format=%(refname)%00%(upstream:short)%00%(objectname)%00%(upstream:track)%00%(upstream:remotename)%00%(upstream:remoteref) refs/heads/main refs/remotes/main [3ms]
2025-03-24 21:12:15.757 [info] > git for-each-ref --sort -committerdate --format %(refname) %(objectname) %(*objectname) [2ms]
2025-03-24 21:12:15.783 [info] > git status -z -uall [38ms]
2025-03-24 21:12:20.821 [info] > git config --get commit.template [9ms]
2025-03-24 21:12:20.822 [info] > git for-each-ref --format=%(refname)%00%(upstream:short)%00%(objectname)%00%(upstream:track)%00%(upstream:remotename)%00%(upstream:remoteref) refs/heads/main refs/remotes/main [3ms]
2025-03-24 21:12:20.840 [info] > git for-each-ref --sort -committerdate --format %(refname) %(objectname) %(*objectname) [2ms]
2025-03-24 21:12:20.866 [info] > git status -z -uall [38ms]
2025-03-24 21:12:25.901 [info] > git config --get commit.template [9ms]
2025-03-24 21:12:25.903 [info] > git for-each-ref --format=%(refname)%00%(upstream:short)%00%(objectname)%00%(upstream:track)%00%(upstream:remotename)%00%(upstream:remoteref) refs/heads/main refs/remotes/main [3ms]
2025-03-24 21:12:25.923 [info] > git for-each-ref --sort -committerdate --format %(refname) %(objectname) %(*objectname) [3ms]
2025-03-24 21:12:25.949 [info] > git status -z -uall [39ms]
2025-03-24 21:12:30.985 [info] > git config --get commit.template [8ms]
2025-03-24 21:12:30.987 [info] > git for-each-ref --format=%(refname)%00%(upstream:short)%00%(objectname)%00%(upstream:track)%00%(upstream:remotename)%00%(upstream:remoteref) refs/heads/main refs/remotes/main [3ms]
2025-03-24 21:12:31.009 [info] > git for-each-ref --sort -committerdate --format %(refname) %(objectname) %(*objectname) [4ms]
2025-03-24 21:12:31.056 [info] > git status -z -uall [61ms]
2025-03-24 21:12:36.090 [info] > git config --get commit.template [8ms]
2025-03-24 21:12:36.092 [info] > git for-each-ref --format=%(refname)%00%(upstream:short)%00%(objectname)%00%(upstream:track)%00%(upstream:remotename)%00%(upstream:remoteref) refs/heads/main refs/remotes/main [2ms]
2025-03-24 21:12:36.111 [info] > git for-each-ref --sort -committerdate --format %(refname) %(objectname) %(*objectname) [4ms]
2025-03-24 21:12:36.159 [info] > git status -z -uall [60ms]
2025-03-24 21:12:41.192 [info] > git config --get commit.template [8ms]
2025-03-24 21:12:41.194 [info] > git for-each-ref --format=%(refname)%00%(upstream:short)%00%(objectname)%00%(upstream:track)%00%(upstream:remotename)%00%(upstream:remoteref) refs/heads/main refs/remotes/main [3ms]
2025-03-24 21:12:41.214 [info] > git for-each-ref --sort -committerdate --format %(refname) %(objectname) %(*objectname) [3ms]
2025-03-24 21:12:41.270 [info] > git status -z -uall [69ms]
2025-03-24 21:12:46.304 [info] > git config --get commit.template [8ms]
2025-03-24 21:12:46.306 [info] > git for-each-ref --format=%(refname)%00%(upstream:short)%00%(objectname)%00%(upstream:track)%00%(upstream:remotename)%00%(upstream:remoteref) refs/heads/main refs/remotes/main [3ms]
2025-03-24 21:12:46.329 [info] > git for-each-ref --sort -committerdate --format %(refname) %(objectname) %(*objectname) [4ms]
2025-03-24 21:12:46.379 [info] > git status -z -uall [66ms]
2025-03-24 21:12:51.420 [info] > git config --get commit.template [11ms]
2025-03-24 21:12:51.421 [info] > git for-each-ref --format=%(refname)%00%(upstream:short)%00%(objectname)%00%(upstream:track)%00%(upstream:remotename)%00%(upstream:remoteref) refs/heads/main refs/remotes/main [2ms]
2025-03-24 21:12:51.443 [info] > git for-each-ref --sort -committerdate --format %(refname) %(objectname) %(*objectname) [5ms]
2025-03-24 21:12:51.491 [info] > git status -z -uall [61ms]
2025-03-24 21:12:56.535 [info] > git config --get commit.template [8ms]
2025-03-24 21:12:56.537 [info] > git for-each-ref --format=%(refname)%00%(upstream:short)%00%(objectname)%00%(upstream:track)%00%(upstream:remotename)%00%(upstream:remoteref) refs/heads/main refs/remotes/main [3ms]
2025-03-24 21:12:56.559 [info] > git for-each-ref --sort -committerdate --format %(refname) %(objectname) %(*objectname) [3ms]
2025-03-24 21:12:56.608 [info] > git status -z -uall [62ms]
2025-03-24 21:13:01.651 [info] > git config --get commit.template [11ms]
2025-03-24 21:13:01.656 [info] > git for-each-ref --format=%(refname)%00%(upstream:short)%00%(objectname)%00%(upstream:track)%00%(upstream:remotename)%00%(upstream:remoteref) refs/heads/main refs/remotes/main [6ms]
2025-03-24 21:13:01.686 [info] > git for-each-ref --sort -committerdate --format %(refname) %(objectname) %(*objectname) [5ms]
2025-03-24 21:13:01.736 [info] > git status -z -uall [68ms]
2025-03-24 21:13:06.768 [info] > git config --get commit.template [7ms]
2025-03-24 21:13:06.770 [info] > git for-each-ref --format=%(refname)%00%(upstream:short)%00%(objectname)%00%(upstream:track)%00%(upstream:remotename)%00%(upstream:remoteref) refs/heads/main refs/remotes/main [2ms]
2025-03-24 21:13:06.800 [info] > git for-each-ref --sort -committerdate --format %(refname) %(objectname) %(*objectname) [12ms]
2025-03-24 21:13:06.843 [info] > git status -z -uall [65ms]
2025-03-24 21:13:11.878 [info] > git config --get commit.template [9ms]
2025-03-24 21:13:11.880 [info] > git for-each-ref --format=%(refname)%00%(upstream:short)%00%(objectname)%00%(upstream:track)%00%(upstream:remotename)%00%(upstream:remoteref) refs/heads/main refs/remotes/main [3ms]
2025-03-24 21:13:11.902 [info] > git for-each-ref --sort -committerdate --format %(refname) %(objectname) %(*objectname) [6ms]
2025-03-24 21:13:11.950 [info] > git status -z -uall [63ms]
2025-03-24 21:13:16.984 [info] > git config --get commit.template [9ms]
2025-03-24 21:13:16.986 [info] > git for-each-ref --format=%(refname)%00%(upstream:short)%00%(objectname)%00%(upstream:track)%00%(upstream:remotename)%00%(upstream:remoteref) refs/heads/main refs/remotes/main [3ms]
2025-03-24 21:13:17.008 [info] > git for-each-ref --sort -committerdate --format %(refname) %(objectname) %(*objectname) [3ms]
2025-03-24 21:13:17.059 [info] > git status -z -uall [65ms]
2025-03-24 21:13:22.093 [info] > git config --get commit.template [8ms]
2025-03-24 21:13:22.095 [info] > git for-each-ref --format=%(refname)%00%(upstream:short)%00%(objectname)%00%(upstream:track)%00%(upstream:remotename)%00%(upstream:remoteref) refs/heads/main refs/remotes/main [3ms]
2025-03-24 21:13:22.121 [info] > git for-each-ref --sort -committerdate --format %(refname) %(objectname) %(*objectname) [9ms]
2025-03-24 21:13:22.167 [info] > git status -z -uall [65ms]
2025-03-24 21:13:27.195 [info] > git config --get commit.template [2ms]
2025-03-24 21:13:27.209 [info] > git for-each-ref --format=%(refname)%00%(upstream:short)%00%(objectname)%00%(upstream:track)%00%(upstream:remotename)%00%(upstream:remoteref) refs/heads/main refs/remotes/main [3ms]
2025-03-24 21:13:27.233 [info] > git for-each-ref --sort -committerdate --format %(refname) %(objectname) %(*objectname) [5ms]
2025-03-24 21:13:27.283 [info] > git status -z -uall [65ms]
2025-03-24 21:13:32.321 [info] > git config --get commit.template [10ms]
2025-03-24 21:13:32.326 [info] > git for-each-ref --format=%(refname)%00%(upstream:short)%00%(objectname)%00%(upstream:track)%00%(upstream:remotename)%00%(upstream:remoteref) refs/heads/main refs/remotes/main [7ms]
2025-03-24 21:13:32.349 [info] > git for-each-ref --sort -committerdate --format %(refname) %(objectname) %(*objectname) [4ms]
2025-03-24 21:13:32.403 [info] > git status -z -uall [70ms]
2025-03-24 21:13:37.439 [info] > git config --get commit.template [8ms]
2025-03-24 21:13:37.442 [info] > git for-each-ref --format=%(refname)%00%(upstream:short)%00%(objectname)%00%(upstream:track)%00%(upstream:remotename)%00%(upstream:remoteref) refs/heads/main refs/remotes/main [4ms]
2025-03-24 21:13:37.466 [info] > git for-each-ref --sort -committerdate --format %(refname) %(objectname) %(*objectname) [5ms]
2025-03-24 21:13:37.515 [info] > git status -z -uall [66ms]
2025-03-24 21:13:42.552 [info] > git config --get commit.template [8ms]
2025-03-24 21:13:42.554 [info] > git for-each-ref --format=%(refname)%00%(upstream:short)%00%(objectname)%00%(upstream:track)%00%(upstream:remotename)%00%(upstream:remoteref) refs/heads/main refs/remotes/main [3ms]
2025-03-24 21:13:42.576 [info] > git for-each-ref --sort -committerdate --format %(refname) %(objectname) %(*objectname) [3ms]
2025-03-24 21:13:42.626 [info] > git status -z -uall [63ms]
2025-03-24 21:13:47.661 [info] > git config --get commit.template [7ms]
2025-03-24 21:13:47.663 [info] > git for-each-ref --format=%(refname)%00%(upstream:short)%00%(objectname)%00%(upstream:track)%00%(upstream:remotename)%00%(upstream:remoteref) refs/heads/main refs/remotes/main [3ms]
2025-03-24 21:13:47.689 [info] > git for-each-ref --sort -committerdate --format %(refname) %(objectname) %(*objectname) [4ms]
2025-03-24 21:13:47.732 [info] > git status -z -uall [63ms]
2025-03-24 21:13:52.765 [info] > git config --get commit.template [8ms]
2025-03-24 21:13:52.767 [info] > git for-each-ref --format=%(refname)%00%(upstream:short)%00%(objectname)%00%(upstream:track)%00%(upstream:remotename)%00%(upstream:remoteref) refs/heads/main refs/remotes/main [3ms]
2025-03-24 21:13:52.785 [info] > git for-each-ref --sort -committerdate --format %(refname) %(objectname) %(*objectname) [3ms]
2025-03-24 21:13:52.843 [info] > git status -z -uall [71ms]
2025-03-24 21:13:57.876 [info] > git config --get commit.template [7ms]
2025-03-24 21:13:57.877 [info] > git for-each-ref --format=%(refname)%00%(upstream:short)%00%(objectname)%00%(upstream:track)%00%(upstream:remotename)%00%(upstream:remoteref) refs/heads/main refs/remotes/main [2ms]
2025-03-24 21:13:57.898 [info] > git for-each-ref --sort -committerdate --format %(refname) %(objectname) %(*objectname) [4ms]
2025-03-24 21:13:57.948 [info] > git status -z -uall [63ms]
2025-03-24 21:14:02.985 [info] > git config --get commit.template [8ms]
2025-03-24 21:14:02.987 [info] > git for-each-ref --format=%(refname)%00%(upstream:short)%00%(objectname)%00%(upstream:track)%00%(upstream:remotename)%00%(upstream:remoteref) refs/heads/main refs/remotes/main [2ms]
2025-03-24 21:14:03.006 [info] > git for-each-ref --sort -committerdate --format %(refname) %(objectname) %(*objectname) [3ms]
2025-03-24 21:14:03.054 [info] > git status -z -uall [62ms]
2025-03-24 21:14:08.090 [info] > git config --get commit.template [8ms]
2025-03-24 21:14:08.092 [info] > git for-each-ref --format=%(refname)%00%(upstream:short)%00%(objectname)%00%(upstream:track)%00%(upstream:remotename)%00%(upstream:remoteref) refs/heads/main refs/remotes/main [3ms]
2025-03-24 21:14:08.113 [info] > git for-each-ref --sort -committerdate --format %(refname) %(objectname) %(*objectname) [3ms]
2025-03-24 21:14:08.169 [info] > git status -z -uall [69ms]
2025-03-24 21:14:13.201 [info] > git config --get commit.template [5ms]
2025-03-24 21:14:13.210 [info] > git for-each-ref --format=%(refname)%00%(upstream:short)%00%(objectname)%00%(upstream:track)%00%(upstream:remotename)%00%(upstream:remoteref) refs/heads/main refs/remotes/main [3ms]
2025-03-24 21:14:13.231 [info] > git for-each-ref --sort -committerdate --format %(refname) %(objectname) %(*objectname) [4ms]
2025-03-24 21:14:13.283 [info] > git status -z -uall [67ms]
2025-03-24 21:14:18.315 [info] > git config --get commit.template [7ms]
2025-03-24 21:14:18.318 [info] > git for-each-ref --format=%(refname)%00%(upstream:short)%00%(objectname)%00%(upstream:track)%00%(upstream:remotename)%00%(upstream:remoteref) refs/heads/main refs/remotes/main [3ms]
2025-03-24 21:14:18.352 [info] > git for-each-ref --sort -committerdate --format %(refname) %(objectname) %(*objectname) [10ms]
2025-03-24 21:14:18.397 [info] > git status -z -uall [69ms]
2025-03-24 21:14:23.434 [info] > git config --get commit.template [7ms]
2025-03-24 21:14:23.436 [info] > git for-each-ref --format=%(refname)%00%(upstream:short)%00%(objectname)%00%(upstream:track)%00%(upstream:remotename)%00%(upstream:remoteref) refs/heads/main refs/remotes/main [3ms]
2025-03-24 21:14:23.454 [info] > git for-each-ref --sort -committerdate --format %(refname) %(objectname) %(*objectname) [4ms]
2025-03-24 21:14:23.508 [info] > git status -z -uall [66ms]
2025-03-24 21:14:28.542 [info] > git config --get commit.template [9ms]
2025-03-24 21:14:28.545 [info] > git for-each-ref --format=%(refname)%00%(upstream:short)%00%(objectname)%00%(upstream:track)%00%(upstream:remotename)%00%(upstream:remoteref) refs/heads/main refs/remotes/main [4ms]
2025-03-24 21:14:28.569 [info] > git for-each-ref --sort -committerdate --format %(refname) %(objectname) %(*objectname) [5ms]
2025-03-24 21:14:28.627 [info] > git status -z -uall [75ms]
2025-03-24 21:14:33.660 [info] > git config --get commit.template [7ms]
2025-03-24 21:14:33.662 [info] > git for-each-ref --format=%(refname)%00%(upstream:short)%00%(objectname)%00%(upstream:track)%00%(upstream:remotename)%00%(upstream:remoteref) refs/heads/main refs/remotes/main [3ms]
2025-03-24 21:14:33.683 [info] > git for-each-ref --sort -committerdate --format %(refname) %(objectname) %(*objectname) [5ms]
2025-03-24 21:14:33.732 [info] > git status -z -uall [64ms]
2025-03-24 21:14:38.765 [info] > git config --get commit.template [8ms]
2025-03-24 21:14:38.767 [info] > git for-each-ref --format=%(refname)%00%(upstream:short)%00%(objectname)%00%(upstream:track)%00%(upstream:remotename)%00%(upstream:remoteref) refs/heads/main refs/remotes/main [3ms]
2025-03-24 21:14:38.787 [info] > git for-each-ref --sort -committerdate --format %(refname) %(objectname) %(*objectname) [4ms]
2025-03-24 21:14:38.843 [info] > git status -z -uall [70ms]
2025-03-24 21:14:45.492 [info] > git config --get commit.template [9ms]
2025-03-24 21:14:45.494 [info] > git for-each-ref --format=%(refname)%00%(upstream:short)%00%(objectname)%00%(upstream:track)%00%(upstream:remotename)%00%(upstream:remoteref) refs/heads/main refs/remotes/main [3ms]
2025-03-24 21:14:45.515 [info] > git for-each-ref --sort -committerdate --format %(refname) %(objectname) %(*objectname) [3ms]
2025-03-24 21:14:45.564 [info] > git status -z -uall [63ms]
2025-03-24 21:14:50.595 [info] > git config --get commit.template [5ms]
2025-03-24 21:14:50.604 [info] > git for-each-ref --format=%(refname)%00%(upstream:short)%00%(objectname)%00%(upstream:track)%00%(upstream:remotename)%00%(upstream:remoteref) refs/heads/main refs/remotes/main [3ms]
2025-03-24 21:14:50.626 [info] > git for-each-ref --sort -committerdate --format %(refname) %(objectname) %(*objectname) [5ms]
2025-03-24 21:14:50.678 [info] > git status -z -uall [67ms]
2025-03-24 21:14:55.709 [info] > git config --get commit.template [7ms]
2025-03-24 21:14:55.711 [info] > git for-each-ref --format=%(refname)%00%(upstream:short)%00%(objectname)%00%(upstream:track)%00%(upstream:remotename)%00%(upstream:remoteref) refs/heads/main refs/remotes/main [3ms]
2025-03-24 21:14:55.730 [info] > git for-each-ref --sort -committerdate --format %(refname) %(objectname) %(*objectname) [3ms]
2025-03-24 21:14:55.780 [info] > git status -z -uall [62ms]
2025-03-24 21:15:00.817 [info] > git config --get commit.template [7ms]
2025-03-24 21:15:00.820 [info] > git for-each-ref --format=%(refname)%00%(upstream:short)%00%(objectname)%00%(upstream:track)%00%(upstream:remotename)%00%(upstream:remoteref) refs/heads/main refs/remotes/main [4ms]
2025-03-24 21:15:00.840 [info] > git for-each-ref --sort -committerdate --format %(refname) %(objectname) %(*objectname) [4ms]
2025-03-24 21:15:00.891 [info] > git status -z -uall [64ms]
2025-03-24 21:15:05.926 [info] > git config --get commit.template [8ms]
2025-03-24 21:15:05.928 [info] > git for-each-ref --format=%(refname)%00%(upstream:short)%00%(objectname)%00%(upstream:track)%00%(upstream:remotename)%00%(upstream:remoteref) refs/heads/main refs/remotes/main [4ms]
2025-03-24 21:15:05.951 [info] > git for-each-ref --sort -committerdate --format %(refname) %(objectname) %(*objectname) [4ms]
2025-03-24 21:15:06.001 [info] > git status -z -uall [65ms]
2025-03-24 21:15:11.034 [info] > git config --get commit.template [8ms]
2025-03-24 21:15:11.036 [info] > git for-each-ref --format=%(refname)%00%(upstream:short)%00%(objectname)%00%(upstream:track)%00%(upstream:remotename)%00%(upstream:remoteref) refs/heads/main refs/remotes/main [3ms]
2025-03-24 21:15:11.057 [info] > git for-each-ref --sort -committerdate --format %(refname) %(objectname) %(*objectname) [3ms]
2025-03-24 21:15:11.107 [info] > git status -z -uall [64ms]
2025-03-24 21:15:16.140 [info] > git config --get commit.template [7ms]
2025-03-24 21:15:16.142 [info] > git for-each-ref --format=%(refname)%00%(upstream:short)%00%(objectname)%00%(upstream:track)%00%(upstream:remotename)%00%(upstream:remoteref) refs/heads/main refs/remotes/main [3ms]
2025-03-24 21:15:16.165 [info] > git for-each-ref --sort -committerdate --format %(refname) %(objectname) %(*objectname) [6ms]
2025-03-24 21:15:16.214 [info] > git status -z -uall [65ms]
2025-03-24 21:15:21.250 [info] > git config --get commit.template [7ms]
2025-03-24 21:15:21.252 [info] > git for-each-ref --format=%(refname)%00%(upstream:short)%00%(objectname)%00%(upstream:track)%00%(upstream:remotename)%00%(upstream:remoteref) refs/heads/main refs/remotes/main [3ms]
2025-03-24 21:15:21.273 [info] > git for-each-ref --sort -committerdate --format %(refname) %(objectname) %(*objectname) [3ms]
2025-03-24 21:15:21.325 [info] > git status -z -uall [65ms]
2025-03-24 21:15:26.360 [info] > git for-each-ref --format=%(refname)%00%(upstream:short)%00%(objectname)%00%(upstream:track)%00%(upstream:remotename)%00%(upstream:remoteref) refs/heads/main refs/remotes/main [4ms]
2025-03-24 21:15:26.361 [info] > git config --get commit.template [11ms]
2025-03-24 21:15:26.380 [info] > git for-each-ref --sort -committerdate --format %(refname) %(objectname) %(*objectname) [5ms]
2025-03-24 21:15:26.429 [info] > git status -z -uall [62ms]
2025-03-24 21:15:31.465 [info] > git config --get commit.template [7ms]
2025-03-24 21:15:31.467 [info] > git for-each-ref --format=%(refname)%00%(upstream:short)%00%(objectname)%00%(upstream:track)%00%(upstream:remotename)%00%(upstream:remoteref) refs/heads/main refs/remotes/main [3ms]
2025-03-24 21:15:31.487 [info] > git for-each-ref --sort -committerdate --format %(refname) %(objectname) %(*objectname) [4ms]
2025-03-24 21:15:31.539 [info] > git status -z -uall [66ms]
2025-03-24 21:15:36.577 [info] > git config --get commit.template [8ms]
2025-03-24 21:15:36.579 [info] > git for-each-ref --format=%(refname)%00%(upstream:short)%00%(objectname)%00%(upstream:track)%00%(upstream:remotename)%00%(upstream:remoteref) refs/heads/main refs/remotes/main [3ms]
2025-03-24 21:15:36.599 [info] > git for-each-ref --sort -committerdate --format %(refname) %(objectname) %(*objectname) [2ms]
2025-03-24 21:15:36.650 [info] > git status -z -uall [64ms]
2025-03-24 21:15:41.686 [info] > git config --get commit.template [11ms]
2025-03-24 21:15:41.688 [info] > git for-each-ref --format=%(refname)%00%(upstream:short)%00%(objectname)%00%(upstream:track)%00%(upstream:remotename)%00%(upstream:remoteref) refs/heads/main refs/remotes/main [4ms]
2025-03-24 21:15:41.720 [info] > git for-each-ref --sort -committerdate --format %(refname) %(objectname) %(*objectname) [6ms]
2025-03-24 21:15:41.770 [info] > git status -z -uall [75ms]
2025-03-24 21:15:46.803 [info] > git config --get commit.template [8ms]
2025-03-24 21:15:46.805 [info] > git for-each-ref --format=%(refname)%00%(upstream:short)%00%(objectname)%00%(upstream:track)%00%(upstream:remotename)%00%(upstream:remoteref) refs/heads/main refs/remotes/main [3ms]
2025-03-24 21:15:46.826 [info] > git for-each-ref --sort -committerdate --format %(refname) %(objectname) %(*objectname) [5ms]
2025-03-24 21:15:46.879 [info] > git status -z -uall [68ms]
2025-03-24 21:15:51.912 [info] > git config --get commit.template [7ms]
2025-03-24 21:15:51.914 [info] > git for-each-ref --format=%(refname)%00%(upstream:short)%00%(objectname)%00%(upstream:track)%00%(upstream:remotename)%00%(upstream:remoteref) refs/heads/main refs/remotes/main [3ms]
2025-03-24 21:15:51.934 [info] > git for-each-ref --sort -committerdate --format %(refname) %(objectname) %(*objectname) [3ms]
2025-03-24 21:15:51.991 [info] > git status -z -uall [70ms]
2025-03-24 21:15:57.025 [info] > git config --get commit.template [7ms]
2025-03-24 21:15:57.027 [info] > git for-each-ref --format=%(refname)%00%(upstream:short)%00%(objectname)%00%(upstream:track)%00%(upstream:remotename)%00%(upstream:remoteref) refs/heads/main refs/remotes/main [3ms]
2025-03-24 21:15:57.047 [info] > git for-each-ref --sort -committerdate --format %(refname) %(objectname) %(*objectname) [4ms]
2025-03-24 21:15:57.096 [info] > git status -z -uall [63ms]
2025-03-24 21:16:02.129 [info] > git config --get commit.template [7ms]
2025-03-24 21:16:02.131 [info] > git for-each-ref --format=%(refname)%00%(upstream:short)%00%(objectname)%00%(upstream:track)%00%(upstream:remotename)%00%(upstream:remoteref) refs/heads/main refs/remotes/main [3ms]
2025-03-24 21:16:02.152 [info] > git for-each-ref --sort -committerdate --format %(refname) %(objectname) %(*objectname) [3ms]
2025-03-24 21:16:02.200 [info] > git status -z -uall [62ms]
2025-03-24 21:16:07.266 [info] > git config --get commit.template [18ms]
2025-03-24 21:16:07.271 [info] > git for-each-ref --format=%(refname)%00%(upstream:short)%00%(objectname)%00%(upstream:track)%00%(upstream:remotename)%00%(upstream:remoteref) refs/heads/main refs/remotes/main [6ms]
2025-03-24 21:16:07.316 [info] > git for-each-ref --sort -committerdate --format %(refname) %(objectname) %(*objectname) [6ms]
2025-03-24 21:16:07.430 [info] > git status -z -uall [141ms]
2025-03-24 21:16:12.481 [info] > git config --get commit.template [8ms]
2025-03-24 21:16:12.483 [info] > git for-each-ref --format=%(refname)%00%(upstream:short)%00%(objectname)%00%(upstream:track)%00%(upstream:remotename)%00%(upstream:remoteref) refs/heads/main refs/remotes/main [2ms]
2025-03-24 21:16:12.503 [info] > git for-each-ref --sort -committerdate --format %(refname) %(objectname) %(*objectname) [3ms]
2025-03-24 21:16:12.551 [info] > git status -z -uall [62ms]
2025-03-24 21:16:18.619 [info] > git config --get commit.template [7ms]
2025-03-24 21:16:18.622 [info] > git for-each-ref --format=%(refname)%00%(upstream:short)%00%(objectname)%00%(upstream:track)%00%(upstream:remotename)%00%(upstream:remoteref) refs/heads/main refs/remotes/main [4ms]
2025-03-24 21:16:18.643 [info] > git for-each-ref --sort -committerdate --format %(refname) %(objectname) %(*objectname) [4ms]
2025-03-24 21:16:18.691 [info] > git status -z -uall [61ms]
2025-03-24 21:16:23.725 [info] > git config --get commit.template [7ms]
2025-03-24 21:16:23.727 [info] > git for-each-ref --format=%(refname)%00%(upstream:short)%00%(objectname)%00%(upstream:track)%00%(upstream:remotename)%00%(upstream:remoteref) refs/heads/main refs/remotes/main [3ms]
2025-03-24 21:16:23.744 [info] > git for-each-ref --sort -committerdate --format %(refname) %(objectname) %(*objectname) [2ms]
2025-03-24 21:16:23.794 [info] > git status -z -uall [62ms]
2025-03-24 21:16:28.827 [info] > git config --get commit.template [8ms]
2025-03-24 21:16:28.828 [info] > git for-each-ref --format=%(refname)%00%(upstream:short)%00%(objectname)%00%(upstream:track)%00%(upstream:remotename)%00%(upstream:remoteref) refs/heads/main refs/remotes/main [2ms]
2025-03-24 21:16:28.849 [info] > git for-each-ref --sort -committerdate --format %(refname) %(objectname) %(*objectname) [2ms]
2025-03-24 21:16:28.896 [info] > git status -z -uall [61ms]
2025-03-24 21:16:33.929 [info] > git config --get commit.template [8ms]
2025-03-24 21:16:33.931 [info] > git for-each-ref --format=%(refname)%00%(upstream:short)%00%(objectname)%00%(upstream:track)%00%(upstream:remotename)%00%(upstream:remoteref) refs/heads/main refs/remotes/main [3ms]
2025-03-24 21:16:33.949 [info] > git for-each-ref --sort -committerdate --format %(refname) %(objectname) %(*objectname) [3ms]
2025-03-24 21:16:33.997 [info] > git status -z -uall [60ms]
2025-03-24 21:16:39.032 [info] > git config --get commit.template [7ms]
2025-03-24 21:16:39.034 [info] > git for-each-ref --format=%(refname)%00%(upstream:short)%00%(objectname)%00%(upstream:track)%00%(upstream:remotename)%00%(upstream:remoteref) refs/heads/main refs/remotes/main [3ms]
2025-03-24 21:16:39.053 [info] > git for-each-ref --sort -committerdate --format %(refname) %(objectname) %(*objectname) [3ms]
2025-03-24 21:16:39.099 [info] > git status -z -uall [59ms]
2025-03-24 21:16:44.133 [info] > git config --get commit.template [8ms]
2025-03-24 21:16:44.135 [info] > git for-each-ref --format=%(refname)%00%(upstream:short)%00%(objectname)%00%(upstream:track)%00%(upstream:remotename)%00%(upstream:remoteref) refs/heads/main refs/remotes/main [3ms]
2025-03-24 21:16:44.154 [info] > git for-each-ref --sort -committerdate --format %(refname) %(objectname) %(*objectname) [3ms]
2025-03-24 21:16:44.206 [info] > git status -z -uall [65ms]
2025-03-24 21:16:49.239 [info] > git config --get commit.template [8ms]
2025-03-24 21:16:49.241 [info] > git for-each-ref --format=%(refname)%00%(upstream:short)%00%(objectname)%00%(upstream:track)%00%(upstream:remotename)%00%(upstream:remoteref) refs/heads/main refs/remotes/main [3ms]
2025-03-24 21:16:49.262 [info] > git for-each-ref --sort -committerdate --format %(refname) %(objectname) %(*objectname) [4ms]
2025-03-24 21:16:49.309 [info] > git status -z -uall [61ms]
2025-03-24 21:16:54.343 [info] > git config --get commit.template [9ms]
2025-03-24 21:16:54.345 [info] > git for-each-ref --format=%(refname)%00%(upstream:short)%00%(objectname)%00%(upstream:track)%00%(upstream:remotename)%00%(upstream:remoteref) refs/heads/main refs/remotes/main [4ms]
2025-03-24 21:16:54.365 [info] > git for-each-ref --sort -committerdate --format %(refname) %(objectname) %(*objectname) [4ms]
2025-03-24 21:16:54.414 [info] > git status -z -uall [62ms]
2025-03-24 21:16:59.450 [info] > git config --get commit.template [8ms]
2025-03-24 21:16:59.452 [info] > git for-each-ref --format=%(refname)%00%(upstream:short)%00%(objectname)%00%(upstream:track)%00%(upstream:remotename)%00%(upstream:remoteref) refs/heads/main refs/remotes/main [3ms]
2025-03-24 21:16:59.472 [info] > git for-each-ref --sort -committerdate --format %(refname) %(objectname) %(*objectname) [3ms]
2025-03-24 21:16:59.519 [info] > git status -z -uall [60ms]
2025-03-24 21:17:04.555 [info] > git config --get commit.template [8ms]
2025-03-24 21:17:04.557 [info] > git for-each-ref --format=%(refname)%00%(upstream:short)%00%(objectname)%00%(upstream:track)%00%(upstream:remotename)%00%(upstream:remoteref) refs/heads/main refs/remotes/main [3ms]
2025-03-24 21:17:04.577 [info] > git for-each-ref --sort -committerdate --format %(refname) %(objectname) %(*objectname) [2ms]
2025-03-24 21:17:04.629 [info] > git status -z -uall [64ms]
2025-03-24 21:17:09.667 [info] > git config --get commit.template [11ms]
2025-03-24 21:17:09.669 [info] > git for-each-ref --format=%(refname)%00%(upstream:short)%00%(objectname)%00%(upstream:track)%00%(upstream:remotename)%00%(upstream:remoteref) refs/heads/main refs/remotes/main [3ms]
2025-03-24 21:17:09.689 [info] > git for-each-ref --sort -committerdate --format %(refname) %(objectname) %(*objectname) [4ms]
2025-03-24 21:17:09.738 [info] > git status -z -uall [62ms]
2025-03-24 21:17:14.770 [info] > git config --get commit.template [8ms]
2025-03-24 21:17:14.772 [info] > git for-each-ref --format=%(refname)%00%(upstream:short)%00%(objectname)%00%(upstream:track)%00%(upstream:remotename)%00%(upstream:remoteref) refs/heads/main refs/remotes/main [3ms]
2025-03-24 21:17:14.794 [info] > git for-each-ref --sort -committerdate --format %(refname) %(objectname) %(*objectname) [3ms]
2025-03-24 21:17:14.846 [info] > git status -z -uall [66ms]
2025-03-24 21:17:19.879 [info] > git config --get commit.template [9ms]
2025-03-24 21:17:19.881 [info] > git for-each-ref --format=%(refname)%00%(upstream:short)%00%(objectname)%00%(upstream:track)%00%(upstream:remotename)%00%(upstream:remoteref) refs/heads/main refs/remotes/main [4ms]
2025-03-24 21:17:19.908 [info] > git for-each-ref --sort -committerdate --format %(refname) %(objectname) %(*objectname) [6ms]
2025-03-24 21:17:19.956 [info] > git status -z -uall [65ms]
2025-03-24 21:17:24.991 [info] > git config --get commit.template [8ms]
2025-03-24 21:17:24.993 [info] > git for-each-ref --format=%(refname)%00%(upstream:short)%00%(objectname)%00%(upstream:track)%00%(upstream:remotename)%00%(upstream:remoteref) refs/heads/main refs/remotes/main [3ms]
2025-03-24 21:17:25.017 [info] > git for-each-ref --sort -committerdate --format %(refname) %(objectname) %(*objectname) [4ms]
2025-03-24 21:17:25.063 [info] > git status -z -uall [63ms]
2025-03-24 21:17:30.096 [info] > git config --get commit.template [8ms]
2025-03-24 21:17:30.097 [info] > git for-each-ref --format=%(refname)%00%(upstream:short)%00%(objectname)%00%(upstream:track)%00%(upstream:remotename)%00%(upstream:remoteref) refs/heads/main refs/remotes/main [2ms]
2025-03-24 21:17:30.120 [info] > git for-each-ref --sort -committerdate --format %(refname) %(objectname) %(*objectname) [3ms]
2025-03-24 21:17:30.168 [info] > git status -z -uall [62ms]
2025-03-24 21:17:35.204 [info] > git config --get commit.template [9ms]
2025-03-24 21:17:35.206 [info] > git for-each-ref --format=%(refname)%00%(upstream:short)%00%(objectname)%00%(upstream:track)%00%(upstream:remotename)%00%(upstream:remoteref) refs/heads/main refs/remotes/main [3ms]
2025-03-24 21:17:35.227 [info] > git for-each-ref --sort -committerdate --format %(refname) %(objectname) %(*objectname) [3ms]
2025-03-24 21:17:35.278 [info] > git status -z -uall [64ms]
2025-03-24 21:17:40.317 [info] > git config --get commit.template [8ms]
2025-03-24 21:17:40.319 [info] > git for-each-ref --format=%(refname)%00%(upstream:short)%00%(objectname)%00%(upstream:track)%00%(upstream:remotename)%00%(upstream:remoteref) refs/heads/main refs/remotes/main [2ms]
2025-03-24 21:17:40.353 [info] > git for-each-ref --sort -committerdate --format %(refname) %(objectname) %(*objectname) [7ms]
2025-03-24 21:17:40.394 [info] > git status -z -uall [65ms]
2025-03-24 21:17:45.430 [info] > git config --get commit.template [9ms]
2025-03-24 21:17:45.432 [info] > git for-each-ref --format=%(refname)%00%(upstream:short)%00%(objectname)%00%(upstream:track)%00%(upstream:remotename)%00%(upstream:remoteref) refs/heads/main refs/remotes/main [3ms]
2025-03-24 21:17:45.452 [info] > git for-each-ref --sort -committerdate --format %(refname) %(objectname) %(*objectname) [3ms]
2025-03-24 21:17:45.500 [info] > git status -z -uall [61ms]
2025-03-24 21:17:50.535 [info] > git config --get commit.template [7ms]
2025-03-24 21:17:50.537 [info] > git for-each-ref --format=%(refname)%00%(upstream:short)%00%(objectname)%00%(upstream:track)%00%(upstream:remotename)%00%(upstream:remoteref) refs/heads/main refs/remotes/main [2ms]
2025-03-24 21:17:50.558 [info] > git for-each-ref --sort -committerdate --format %(refname) %(objectname) %(*objectname) [2ms]
2025-03-24 21:17:50.612 [info] > git status -z -uall [67ms]
2025-03-24 21:17:55.661 [info] > git config --get commit.template [8ms]
2025-03-24 21:17:55.663 [info] > git for-each-ref --format=%(refname)%00%(upstream:short)%00%(objectname)%00%(upstream:track)%00%(upstream:remotename)%00%(upstream:remoteref) refs/heads/main refs/remotes/main [2ms]
2025-03-24 21:17:55.688 [info] > git for-each-ref --sort -committerdate --format %(refname) %(objectname) %(*objectname) [7ms]
2025-03-24 21:17:55.731 [info] > git status -z -uall [61ms]
2025-03-24 21:18:00.769 [info] > git config --get commit.template [8ms]
2025-03-24 21:18:00.771 [info] > git for-each-ref --format=%(refname)%00%(upstream:short)%00%(objectname)%00%(upstream:track)%00%(upstream:remotename)%00%(upstream:remoteref) refs/heads/main refs/remotes/main [3ms]
2025-03-24 21:18:00.790 [info] > git for-each-ref --sort -committerdate --format %(refname) %(objectname) %(*objectname) [3ms]
2025-03-24 21:18:00.840 [info] > git status -z -uall [63ms]
2025-03-24 21:18:05.876 [info] > git config --get commit.template [8ms]
2025-03-24 21:18:05.878 [info] > git for-each-ref --format=%(refname)%00%(upstream:short)%00%(objectname)%00%(upstream:track)%00%(upstream:remotename)%00%(upstream:remoteref) refs/heads/main refs/remotes/main [3ms]
2025-03-24 21:18:05.898 [info] > git for-each-ref --sort -committerdate --format %(refname) %(objectname) %(*objectname) [4ms]
2025-03-24 21:18:05.945 [info] > git status -z -uall [60ms]
2025-03-24 21:18:10.980 [info] > git config --get commit.template [7ms]
2025-03-24 21:18:10.982 [info] > git for-each-ref --format=%(refname)%00%(upstream:short)%00%(objectname)%00%(upstream:track)%00%(upstream:remotename)%00%(upstream:remoteref) refs/heads/main refs/remotes/main [2ms]
2025-03-24 21:18:11.003 [info] > git for-each-ref --sort -committerdate --format %(refname) %(objectname) %(*objectname) [3ms]
2025-03-24 21:18:11.053 [info] > git status -z -uall [64ms]
2025-03-24 21:18:16.084 [info] > git config --get commit.template [7ms]
2025-03-24 21:18:16.086 [info] > git for-each-ref --format=%(refname)%00%(upstream:short)%00%(objectname)%00%(upstream:track)%00%(upstream:remotename)%00%(upstream:remoteref) refs/heads/main refs/remotes/main [3ms]
2025-03-24 21:18:16.111 [info] > git for-each-ref --sort -committerdate --format %(refname) %(objectname) %(*objectname) [4ms]
2025-03-24 21:18:16.157 [info] > git status -z -uall [62ms]
2025-03-24 21:18:21.197 [info] > git config --get commit.template [7ms]
2025-03-24 21:18:21.200 [info] > git for-each-ref --format=%(refname)%00%(upstream:short)%00%(objectname)%00%(upstream:track)%00%(upstream:remotename)%00%(upstream:remoteref) refs/heads/main refs/remotes/main [2ms]
2025-03-24 21:18:21.218 [info] > git for-each-ref --sort -committerdate --format %(refname) %(objectname) %(*objectname) [3ms]
2025-03-24 21:18:21.269 [info] > git status -z -uall [63ms]
2025-03-24 21:18:26.309 [info] > git config --get commit.template [8ms]
2025-03-24 21:18:26.311 [info] > git for-each-ref --format=%(refname)%00%(upstream:short)%00%(objectname)%00%(upstream:track)%00%(upstream:remotename)%00%(upstream:remoteref) refs/heads/main refs/remotes/main [2ms]
2025-03-24 21:18:26.333 [info] > git for-each-ref --sort -committerdate --format %(refname) %(objectname) %(*objectname) [3ms]
2025-03-24 21:18:26.382 [info] > git status -z -uall [64ms]
2025-03-24 21:18:31.416 [info] > git config --get commit.template [8ms]
2025-03-24 21:18:31.418 [info] > git for-each-ref --format=%(refname)%00%(upstream:short)%00%(objectname)%00%(upstream:track)%00%(upstream:remotename)%00%(upstream:remoteref) refs/heads/main refs/remotes/main [3ms]
2025-03-24 21:18:31.437 [info] > git for-each-ref --sort -committerdate --format %(refname) %(objectname) %(*objectname) [3ms]
2025-03-24 21:18:31.488 [info] > git status -z -uall [64ms]
2025-03-24 21:18:36.521 [info] > git config --get commit.template [9ms]
2025-03-24 21:18:36.523 [info] > git for-each-ref --format=%(refname)%00%(upstream:short)%00%(objectname)%00%(upstream:track)%00%(upstream:remotename)%00%(upstream:remoteref) refs/heads/main refs/remotes/main [3ms]
2025-03-24 21:18:36.545 [info] > git for-each-ref --sort -committerdate --format %(refname) %(objectname) %(*objectname) [4ms]
2025-03-24 21:18:36.594 [info] > git status -z -uall [64ms]
2025-03-24 21:18:41.639 [info] > git config --get commit.template [11ms]
2025-03-24 21:18:41.644 [info] > git for-each-ref --format=%(refname)%00%(upstream:short)%00%(objectname)%00%(upstream:track)%00%(upstream:remotename)%00%(upstream:remoteref) refs/heads/main refs/remotes/main [6ms]
2025-03-24 21:18:41.683 [info] > git for-each-ref --sort -committerdate --format %(refname) %(objectname) %(*objectname) [7ms]
2025-03-24 21:18:41.735 [info] > git status -z -uall [80ms]
2025-03-24 21:18:46.777 [info] > git config --get commit.template [9ms]
2025-03-24 21:18:46.779 [info] > git for-each-ref --format=%(refname)%00%(upstream:short)%00%(objectname)%00%(upstream:track)%00%(upstream:remotename)%00%(upstream:remoteref) refs/heads/main refs/remotes/main [3ms]
2025-03-24 21:18:46.802 [info] > git for-each-ref --sort -committerdate --format %(refname) %(objectname) %(*objectname) [3ms]
2025-03-24 21:18:46.854 [info] > git status -z -uall [67ms]
2025-03-24 21:18:51.891 [info] > git config --get commit.template [7ms]
2025-03-24 21:18:51.893 [info] > git for-each-ref --format=%(refname)%00%(upstream:short)%00%(objectname)%00%(upstream:track)%00%(upstream:remotename)%00%(upstream:remoteref) refs/heads/main refs/remotes/main [3ms]
2025-03-24 21:18:51.912 [info] > git for-each-ref --sort -committerdate --format %(refname) %(objectname) %(*objectname) [2ms]
2025-03-24 21:18:51.961 [info] > git status -z -uall [62ms]
2025-03-24 21:18:56.996 [info] > git config --get commit.template [8ms]
2025-03-24 21:18:56.998 [info] > git for-each-ref --format=%(refname)%00%(upstream:short)%00%(objectname)%00%(upstream:track)%00%(upstream:remotename)%00%(upstream:remoteref) refs/heads/main refs/remotes/main [3ms]
2025-03-24 21:18:57.018 [info] > git for-each-ref --sort -committerdate --format %(refname) %(objectname) %(*objectname) [4ms]
2025-03-24 21:18:57.072 [info] > git status -z -uall [67ms]
2025-03-24 21:19:02.107 [info] > git config --get commit.template [8ms]
2025-03-24 21:19:02.109 [info] > git for-each-ref --format=%(refname)%00%(upstream:short)%00%(objectname)%00%(upstream:track)%00%(upstream:remotename)%00%(upstream:remoteref) refs/heads/main refs/remotes/main [3ms]
2025-03-24 21:19:02.129 [info] > git for-each-ref --sort -committerdate --format %(refname) %(objectname) %(*objectname) [4ms]
2025-03-24 21:19:02.175 [info] > git status -z -uall [60ms]
2025-03-24 21:19:07.209 [info] > git config --get commit.template [8ms]
2025-03-24 21:19:07.211 [info] > git for-each-ref --format=%(refname)%00%(upstream:short)%00%(objectname)%00%(upstream:track)%00%(upstream:remotename)%00%(upstream:remoteref) refs/heads/main refs/remotes/main [3ms]
2025-03-24 21:19:07.230 [info] > git for-each-ref --sort -committerdate --format %(refname) %(objectname) %(*objectname) [3ms]
2025-03-24 21:19:07.276 [info] > git status -z -uall [59ms]
2025-03-24 21:19:12.310 [info] > git config --get commit.template [8ms]
2025-03-24 21:19:12.311 [info] > git for-each-ref --format=%(refname)%00%(upstream:short)%00%(objectname)%00%(upstream:track)%00%(upstream:remotename)%00%(upstream:remoteref) refs/heads/main refs/remotes/main [2ms]
2025-03-24 21:19:12.331 [info] > git for-each-ref --sort -committerdate --format %(refname) %(objectname) %(*objectname) [5ms]
2025-03-24 21:19:12.380 [info] > git status -z -uall [62ms]
2025-03-24 21:19:17.415 [info] > git config --get commit.template [8ms]
2025-03-24 21:19:17.417 [info] > git for-each-ref --format=%(refname)%00%(upstream:short)%00%(objectname)%00%(upstream:track)%00%(upstream:remotename)%00%(upstream:remoteref) refs/heads/main refs/remotes/main [2ms]
2025-03-24 21:19:17.436 [info] > git for-each-ref --sort -committerdate --format %(refname) %(objectname) %(*objectname) [2ms]
2025-03-24 21:19:17.483 [info] > git status -z -uall [60ms]
2025-03-24 21:19:22.521 [info] > git config --get commit.template [7ms]
2025-03-24 21:19:22.522 [info] > git for-each-ref --format=%(refname)%00%(upstream:short)%00%(objectname)%00%(upstream:track)%00%(upstream:remotename)%00%(upstream:remoteref) refs/heads/main refs/remotes/main [2ms]
2025-03-24 21:19:22.542 [info] > git for-each-ref --sort -committerdate --format %(refname) %(objectname) %(*objectname) [3ms]
2025-03-24 21:19:22.590 [info] > git status -z -uall [60ms]
2025-03-24 21:19:27.622 [info] > git config --get commit.template [7ms]
2025-03-24 21:19:27.624 [info] > git for-each-ref --format=%(refname)%00%(upstream:short)%00%(objectname)%00%(upstream:track)%00%(upstream:remotename)%00%(upstream:remoteref) refs/heads/main refs/remotes/main [3ms]
2025-03-24 21:19:27.647 [info] > git for-each-ref --sort -committerdate --format %(refname) %(objectname) %(*objectname) [7ms]
2025-03-24 21:19:27.694 [info] > git status -z -uall [62ms]
2025-03-24 21:19:32.726 [info] > git config --get commit.template [7ms]
2025-03-24 21:19:32.728 [info] > git for-each-ref --format=%(refname)%00%(upstream:short)%00%(objectname)%00%(upstream:track)%00%(upstream:remotename)%00%(upstream:remoteref) refs/heads/main refs/remotes/main [3ms]
2025-03-24 21:19:32.749 [info] > git for-each-ref --sort -committerdate --format %(refname) %(objectname) %(*objectname) [5ms]
2025-03-24 21:19:32.799 [info] > git status -z -uall [65ms]
2025-03-24 21:19:37.833 [info] > git config --get commit.template [8ms]
2025-03-24 21:19:37.834 [info] > git for-each-ref --format=%(refname)%00%(upstream:short)%00%(objectname)%00%(upstream:track)%00%(upstream:remotename)%00%(upstream:remoteref) refs/heads/main refs/remotes/main [2ms]
2025-03-24 21:19:37.852 [info] > git for-each-ref --sort -committerdate --format %(refname) %(objectname) %(*objectname) [4ms]
2025-03-24 21:19:37.900 [info] > git status -z -uall [60ms]
2025-03-24 21:19:42.932 [info] > git config --get commit.template [7ms]
2025-03-24 21:19:42.934 [info] > git for-each-ref --format=%(refname)%00%(upstream:short)%00%(objectname)%00%(upstream:track)%00%(upstream:remotename)%00%(upstream:remoteref) refs/heads/main refs/remotes/main [3ms]
2025-03-24 21:19:42.952 [info] > git for-each-ref --sort -committerdate --format %(refname) %(objectname) %(*objectname) [4ms]
2025-03-24 21:19:42.998 [info] > git status -z -uall [58ms]
2025-03-24 21:19:48.032 [info] > git config --get commit.template [8ms]
2025-03-24 21:19:48.033 [info] > git for-each-ref --format=%(refname)%00%(upstream:short)%00%(objectname)%00%(upstream:track)%00%(upstream:remotename)%00%(upstream:remoteref) refs/heads/main refs/remotes/main [2ms]
2025-03-24 21:19:48.053 [info] > git for-each-ref --sort -committerdate --format %(refname) %(objectname) %(*objectname) [2ms]
2025-03-24 21:19:48.103 [info] > git status -z -uall [62ms]
2025-03-24 21:19:53.139 [info] > git config --get commit.template [9ms]
2025-03-24 21:19:53.141 [info] > git for-each-ref --format=%(refname)%00%(upstream:short)%00%(objectname)%00%(upstream:track)%00%(upstream:remotename)%00%(upstream:remoteref) refs/heads/main refs/remotes/main [2ms]
2025-03-24 21:19:53.162 [info] > git for-each-ref --sort -committerdate --format %(refname) %(objectname) %(*objectname) [5ms]
2025-03-24 21:19:53.211 [info] > git status -z -uall [64ms]
2025-03-24 21:19:58.245 [info] > git config --get commit.template [8ms]
2025-03-24 21:19:58.246 [info] > git for-each-ref --format=%(refname)%00%(upstream:short)%00%(objectname)%00%(upstream:track)%00%(upstream:remotename)%00%(upstream:remoteref) refs/heads/main refs/remotes/main [2ms]
2025-03-24 21:19:58.265 [info] > git for-each-ref --sort -committerdate --format %(refname) %(objectname) %(*objectname) [2ms]
2025-03-24 21:19:58.314 [info] > git status -z -uall [61ms]
2025-03-24 21:20:03.348 [info] > git config --get commit.template [10ms]
2025-03-24 21:20:03.350 [info] > git for-each-ref --format=%(refname)%00%(upstream:short)%00%(objectname)%00%(upstream:track)%00%(upstream:remotename)%00%(upstream:remoteref) refs/heads/main refs/remotes/main [3ms]
2025-03-24 21:20:03.369 [info] > git for-each-ref --sort -committerdate --format %(refname) %(objectname) %(*objectname) [4ms]
2025-03-24 21:20:03.417 [info] > git status -z -uall [61ms]
2025-03-24 21:20:08.451 [info] > git config --get commit.template [8ms]
2025-03-24 21:20:08.455 [info] > git for-each-ref --format=%(refname)%00%(upstream:short)%00%(objectname)%00%(upstream:track)%00%(upstream:remotename)%00%(upstream:remoteref) refs/heads/main refs/remotes/main [4ms]
2025-03-24 21:20:08.477 [info] > git for-each-ref --sort -committerdate --format %(refname) %(objectname) %(*objectname) [4ms]
2025-03-24 21:20:08.529 [info] > git status -z -uall [67ms]
2025-03-24 21:20:26.301 [info] > git config --get commit.template [13ms]
2025-03-24 21:20:26.311 [info] > git for-each-ref --format=%(refname)%00%(upstream:short)%00%(objectname)%00%(upstream:track)%00%(upstream:remotename)%00%(upstream:remoteref) refs/heads/main refs/remotes/main [11ms]
2025-03-24 21:20:26.339 [info] > git for-each-ref --sort -committerdate --format %(refname) %(objectname) %(*objectname) [3ms]
2025-03-24 21:20:26.385 [info] > git status -z -uall [62ms]
