2025-04-01 14:20:44.051 [info] [main] Log level: Info
2025-04-01 14:20:44.051 [info] [main] Validating found git in: "git"
2025-04-01 14:20:44.051 [info] [main] Using git "2.43.0" from "git"
2025-04-01 14:20:44.051 [info] [Model][doInitialScan] Initial repository scan started
2025-04-01 14:20:44.051 [info] > git rev-parse --show-toplevel [261ms]
2025-04-01 14:20:44.051 [info] > git rev-parse --git-dir --git-common-dir [2515ms]
2025-04-01 14:20:44.051 [info] [Model][openRepository] Opened repository: /home/marty_jehng
2025-04-01 14:20:44.051 [info] > git config --get commit.template [116ms]
2025-04-01 14:20:44.110 [info] > git for-each-ref --format=%(refname)%00%(upstream:short)%00%(objectname)%00%(upstream:track)%00%(upstream:remotename)%00%(upstream:remoteref) refs/heads/main refs/remotes/main [40ms]
2025-04-01 14:20:47.936 [info] > git status -z -uall [357ms]
2025-04-01 14:20:47.936 [info] > git check-ignore -v -z --stdin [184ms]
2025-04-01 14:20:47.938 [info] > git for-each-ref --sort -committerdate --format %(refname) %(objectname) %(*objectname) [294ms]
2025-04-01 14:20:47.939 [info] > git rev-parse --show-toplevel [384ms]
2025-04-01 14:20:48.016 [info] > git for-each-ref --format=%(refname)%00%(upstream:short)%00%(objectname)%00%(upstream:track)%00%(upstream:remotename)%00%(upstream:remoteref) refs/heads/main refs/remotes/main [18ms]
2025-04-01 14:20:48.023 [info] > git rev-parse --show-toplevel [76ms]
2025-04-01 14:20:48.055 [info] > git config --get commit.template [43ms]
2025-04-01 14:20:48.305 [info] > git rev-parse --show-toplevel [258ms]
2025-04-01 14:20:48.306 [info] > git config --local branch.main.vscode-merge-base [282ms]
2025-04-01 14:20:48.306 [warning] [Git][config] git config failed: Failed to execute git
2025-04-01 14:20:48.532 [info] > git rev-parse --show-toplevel [125ms]
2025-04-01 14:20:48.534 [info] > git for-each-ref --format=%(refname)%00%(upstream:short)%00%(objectname)%00%(upstream:track)%00%(upstream:remotename)%00%(upstream:remoteref) refs/heads/main refs/remotes/main [142ms]
2025-04-01 14:20:48.534 [info] > git reflog main --grep-reflog=branch: Created from *. [217ms]
2025-04-01 14:20:48.606 [info] > git symbolic-ref --short refs/remotes/origin/HEAD [37ms]
2025-04-01 14:20:48.607 [info] fatal: ref refs/remotes/origin/HEAD is not a symbolic ref
2025-04-01 14:20:48.607 [warning] [Repository][getDefaultBranch] Failed to get default branch details: Failed to execute git.
2025-04-01 14:20:48.645 [info] > git merge-base refs/heads/main refs/remotes/origin/main [10ms]
2025-04-01 14:20:48.675 [info] > git rev-parse --show-toplevel [75ms]
2025-04-01 14:20:48.944 [info] > git diff --name-status -z --diff-filter=ADMR 7bf02d47bd14540f696f1d7b7776fd7b8789dbeb...refs/remotes/origin/main [270ms]
2025-04-01 14:20:49.025 [info] > git rev-parse --show-toplevel [273ms]
2025-04-01 14:20:49.026 [info] > git for-each-ref --sort -committerdate --format %(refname) %(objectname) %(*objectname) [298ms]
2025-04-01 14:20:49.127 [info] > git status -z -uall [427ms]
2025-04-01 14:20:49.131 [info] > git rev-parse --show-toplevel [72ms]
2025-04-01 14:20:49.253 [info] > git rev-parse --show-toplevel [47ms]
2025-04-01 14:20:49.627 [info] > git rev-parse --show-toplevel [65ms]
2025-04-01 14:20:49.690 [info] > git rev-parse --show-toplevel [14ms]
2025-04-01 14:20:49.724 [info] > git rev-parse --show-toplevel [10ms]
2025-04-01 14:20:49.747 [info] > git rev-parse --show-toplevel [8ms]
2025-04-01 14:20:49.748 [info] [Model][doInitialScan] Initial repository scan completed - repositories (1), closed repositories (0), parent repositories (0), unsafe repositories (0)
2025-04-01 14:20:49.786 [info] > git show --textconv :main copy.py [21ms]
2025-04-01 14:20:49.789 [info] > git ls-files --stage -- /home/marty_jehng/main copy.py [8ms]
2025-04-01 14:20:51.750 [info] > git config --get commit.template [60ms]
2025-04-01 14:20:51.854 [info] > git for-each-ref --format=%(refname)%00%(upstream:short)%00%(objectname)%00%(upstream:track)%00%(upstream:remotename)%00%(upstream:remoteref) refs/heads/main refs/remotes/main [44ms]
2025-04-01 14:20:52.017 [info] > git for-each-ref --sort -committerdate --format %(refname) %(objectname) %(*objectname) [63ms]
2025-04-01 14:20:52.482 [info] > git status -z -uall [561ms]
2025-04-01 14:20:58.100 [info] > git check-ignore -v -z --stdin [152ms]
2025-04-01 14:20:58.105 [info] > git config --get commit.template [90ms]
2025-04-01 14:20:58.304 [info] > git show --textconv :main copy 2.py [93ms]
2025-04-01 14:20:58.305 [info] > git ls-files --stage -- /home/marty_jehng/main copy 2.py [53ms]
2025-04-01 14:20:58.319 [info] > git for-each-ref --format=%(refname)%00%(upstream:short)%00%(objectname)%00%(upstream:track)%00%(upstream:remotename)%00%(upstream:remoteref) refs/heads/main refs/remotes/main [176ms]
2025-04-01 14:20:58.631 [info] > git for-each-ref --sort -committerdate --format %(refname) %(objectname) %(*objectname) [70ms]
2025-04-01 14:20:59.154 [info] > git status -z -uall [671ms]
2025-04-01 14:20:59.154 [info] > git show --textconv :main copy.py [50ms]
2025-04-01 14:20:59.156 [info] > git ls-files --stage -- /home/marty_jehng/main copy.py [20ms]
2025-04-01 14:21:04.261 [info] > git config --get commit.template [12ms]
2025-04-01 14:21:04.263 [info] > git for-each-ref --format=%(refname)%00%(upstream:short)%00%(objectname)%00%(upstream:track)%00%(upstream:remotename)%00%(upstream:remoteref) refs/heads/main refs/remotes/main [3ms]
2025-04-01 14:21:04.292 [info] > git for-each-ref --sort -committerdate --format %(refname) %(objectname) %(*objectname) [5ms]
2025-04-01 14:21:04.401 [info] > git status -z -uall [127ms]
2025-04-01 14:21:06.169 [info] > git show --textconv :main.py [23ms]
2025-04-01 14:21:06.170 [info] > git ls-files --stage -- /home/marty_jehng/main.py [8ms]
2025-04-01 14:21:06.189 [info] > git cat-file -s fa10f94d0343d51d9c386295b5e7db33526a17f5 [5ms]
2025-04-01 14:21:09.449 [info] > git config --get commit.template [13ms]
2025-04-01 14:21:09.450 [info] > git for-each-ref --format=%(refname)%00%(upstream:short)%00%(objectname)%00%(upstream:track)%00%(upstream:remotename)%00%(upstream:remoteref) refs/heads/main refs/remotes/main [3ms]
2025-04-01 14:21:09.484 [info] > git for-each-ref --sort -committerdate --format %(refname) %(objectname) %(*objectname) [3ms]
2025-04-01 14:21:09.586 [info] > git status -z -uall [124ms]
2025-04-01 14:21:13.988 [info] > git show --textconv :main copy 2.py [33ms]
2025-04-01 14:21:13.988 [info] > git ls-files --stage -- /home/marty_jehng/main copy 2.py [17ms]
2025-04-01 14:21:14.637 [info] > git config --get commit.template [14ms]
2025-04-01 14:21:14.638 [info] > git for-each-ref --format=%(refname)%00%(upstream:short)%00%(objectname)%00%(upstream:track)%00%(upstream:remotename)%00%(upstream:remoteref) refs/heads/main refs/remotes/main [3ms]
2025-04-01 14:21:14.672 [info] > git for-each-ref --sort -committerdate --format %(refname) %(objectname) %(*objectname) [5ms]
2025-04-01 14:21:14.776 [info] > git status -z -uall [125ms]
2025-04-01 14:21:19.835 [info] > git config --get commit.template [12ms]
2025-04-01 14:21:19.836 [info] > git for-each-ref --format=%(refname)%00%(upstream:short)%00%(objectname)%00%(upstream:track)%00%(upstream:remotename)%00%(upstream:remoteref) refs/heads/main refs/remotes/main [3ms]
2025-04-01 14:21:19.865 [info] > git for-each-ref --sort -committerdate --format %(refname) %(objectname) %(*objectname) [5ms]
2025-04-01 14:21:19.968 [info] > git status -z -uall [122ms]
2025-04-01 14:21:25.007 [info] > git config --get commit.template [11ms]
2025-04-01 14:21:25.009 [info] > git for-each-ref --format=%(refname)%00%(upstream:short)%00%(objectname)%00%(upstream:track)%00%(upstream:remotename)%00%(upstream:remoteref) refs/heads/main refs/remotes/main [3ms]
2025-04-01 14:21:25.037 [info] > git for-each-ref --sort -committerdate --format %(refname) %(objectname) %(*objectname) [4ms]
2025-04-01 14:21:25.137 [info] > git status -z -uall [119ms]
2025-04-01 14:21:30.182 [info] > git config --get commit.template [12ms]
2025-04-01 14:21:30.182 [info] > git for-each-ref --format=%(refname)%00%(upstream:short)%00%(objectname)%00%(upstream:track)%00%(upstream:remotename)%00%(upstream:remoteref) refs/heads/main refs/remotes/main [3ms]
2025-04-01 14:21:30.221 [info] > git for-each-ref --sort -committerdate --format %(refname) %(objectname) %(*objectname) [5ms]
2025-04-01 14:21:30.321 [info] > git status -z -uall [125ms]
2025-04-01 14:21:34.133 [info] > git show --textconv :main.py [12ms]
2025-04-01 14:21:34.135 [info] > git ls-files --stage -- /home/marty_jehng/main.py [4ms]
2025-04-01 14:21:34.148 [info] > git cat-file -s fa10f94d0343d51d9c386295b5e7db33526a17f5 [3ms]
2025-04-01 14:21:35.367 [info] > git config --get commit.template [12ms]
2025-04-01 14:21:35.368 [info] > git for-each-ref --format=%(refname)%00%(upstream:short)%00%(objectname)%00%(upstream:track)%00%(upstream:remotename)%00%(upstream:remoteref) refs/heads/main refs/remotes/main [2ms]
2025-04-01 14:21:35.397 [info] > git for-each-ref --sort -committerdate --format %(refname) %(objectname) %(*objectname) [4ms]
2025-04-01 14:21:35.502 [info] > git status -z -uall [124ms]
2025-04-01 14:21:40.553 [info] > git config --get commit.template [12ms]
2025-04-01 14:21:40.555 [info] > git for-each-ref --format=%(refname)%00%(upstream:short)%00%(objectname)%00%(upstream:track)%00%(upstream:remotename)%00%(upstream:remoteref) refs/heads/main refs/remotes/main [3ms]
2025-04-01 14:21:40.585 [info] > git for-each-ref --sort -committerdate --format %(refname) %(objectname) %(*objectname) [4ms]
2025-04-01 14:21:40.744 [info] > git status -z -uall [179ms]
2025-04-01 14:21:50.079 [info] > git config --get commit.template [30ms]
2025-04-01 14:21:50.121 [info] > git for-each-ref --format=%(refname)%00%(upstream:short)%00%(objectname)%00%(upstream:track)%00%(upstream:remotename)%00%(upstream:remoteref) refs/heads/main refs/remotes/main [10ms]
2025-04-01 14:21:50.165 [info] > git for-each-ref --sort -committerdate --format %(refname) %(objectname) %(*objectname) [8ms]
2025-04-01 14:21:50.393 [info] > git status -z -uall [251ms]
2025-04-01 14:22:01.602 [info] > git config --get commit.template [9ms]
2025-04-01 14:22:01.604 [info] > git for-each-ref --format=%(refname)%00%(upstream:short)%00%(objectname)%00%(upstream:track)%00%(upstream:remotename)%00%(upstream:remoteref) refs/heads/main refs/remotes/main [3ms]
2025-04-01 14:22:01.630 [info] > git for-each-ref --sort -committerdate --format %(refname) %(objectname) %(*objectname) [7ms]
2025-04-01 14:22:01.739 [info] > git status -z -uall [127ms]
2025-04-01 14:22:06.780 [info] > git config --get commit.template [9ms]
2025-04-01 14:22:06.782 [info] > git for-each-ref --format=%(refname)%00%(upstream:short)%00%(objectname)%00%(upstream:track)%00%(upstream:remotename)%00%(upstream:remoteref) refs/heads/main refs/remotes/main [4ms]
2025-04-01 14:22:06.810 [info] > git for-each-ref --sort -committerdate --format %(refname) %(objectname) %(*objectname) [2ms]
2025-04-01 14:22:06.916 [info] > git status -z -uall [124ms]
2025-04-01 14:22:12.587 [info] > git config --get commit.template [11ms]
2025-04-01 14:22:12.589 [info] > git for-each-ref --format=%(refname)%00%(upstream:short)%00%(objectname)%00%(upstream:track)%00%(upstream:remotename)%00%(upstream:remoteref) refs/heads/main refs/remotes/main [3ms]
2025-04-01 14:22:12.617 [info] > git for-each-ref --sort -committerdate --format %(refname) %(objectname) %(*objectname) [4ms]
2025-04-01 14:22:12.720 [info] > git status -z -uall [123ms]
2025-04-01 14:23:30.844 [info] > git config --get commit.template [11ms]
2025-04-01 14:23:30.846 [info] > git for-each-ref --format=%(refname)%00%(upstream:short)%00%(objectname)%00%(upstream:track)%00%(upstream:remotename)%00%(upstream:remoteref) refs/heads/main refs/remotes/main [4ms]
2025-04-01 14:23:30.876 [info] > git for-each-ref --sort -committerdate --format %(refname) %(objectname) %(*objectname) [5ms]
2025-04-01 14:23:30.982 [info] > git status -z -uall [128ms]
2025-04-01 14:23:36.036 [info] > git config --get commit.template [9ms]
2025-04-01 14:23:36.037 [info] > git for-each-ref --format=%(refname)%00%(upstream:short)%00%(objectname)%00%(upstream:track)%00%(upstream:remotename)%00%(upstream:remoteref) refs/heads/main refs/remotes/main [2ms]
2025-04-01 14:23:36.061 [info] > git for-each-ref --sort -committerdate --format %(refname) %(objectname) %(*objectname) [5ms]
2025-04-01 14:23:36.165 [info] > git status -z -uall [121ms]
2025-04-01 14:23:49.844 [info] > git config --get commit.template [3ms]
2025-04-01 14:23:49.863 [info] > git for-each-ref --format=%(refname)%00%(upstream:short)%00%(objectname)%00%(upstream:track)%00%(upstream:remotename)%00%(upstream:remoteref) refs/heads/main refs/remotes/main [2ms]
2025-04-01 14:23:49.893 [info] > git for-each-ref --sort -committerdate --format %(refname) %(objectname) %(*objectname) [6ms]
2025-04-01 14:23:50.016 [info] > git status -z -uall [144ms]
2025-04-01 14:24:05.692 [info] > git config --get commit.template [8ms]
2025-04-01 14:24:05.693 [info] > git for-each-ref --format=%(refname)%00%(upstream:short)%00%(objectname)%00%(upstream:track)%00%(upstream:remotename)%00%(upstream:remoteref) refs/heads/main refs/remotes/main [2ms]
2025-04-01 14:24:05.715 [info] > git for-each-ref --sort -committerdate --format %(refname) %(objectname) %(*objectname) [4ms]
2025-04-01 14:24:05.824 [info] > git status -z -uall [124ms]
2025-04-01 14:25:25.824 [info] > git config --get commit.template [8ms]
2025-04-01 14:25:25.826 [info] > git for-each-ref --format=%(refname)%00%(upstream:short)%00%(objectname)%00%(upstream:track)%00%(upstream:remotename)%00%(upstream:remoteref) refs/heads/main refs/remotes/main [3ms]
2025-04-01 14:25:25.849 [info] > git for-each-ref --sort -committerdate --format %(refname) %(objectname) %(*objectname) [5ms]
2025-04-01 14:25:26.015 [info] > git status -z -uall [183ms]
2025-04-01 14:25:31.089 [info] > git config --get commit.template [3ms]
2025-04-01 14:25:31.100 [info] > git for-each-ref --format=%(refname)%00%(upstream:short)%00%(objectname)%00%(upstream:track)%00%(upstream:remotename)%00%(upstream:remoteref) refs/heads/main refs/remotes/main [1ms]
2025-04-01 14:25:31.125 [info] > git for-each-ref --sort -committerdate --format %(refname) %(objectname) %(*objectname) [4ms]
2025-04-01 14:25:31.239 [info] > git status -z -uall [131ms]
2025-04-01 14:28:59.883 [info] > git config --get commit.template [3ms]
2025-04-01 14:28:59.893 [info] > git for-each-ref --format=%(refname)%00%(upstream:short)%00%(objectname)%00%(upstream:track)%00%(upstream:remotename)%00%(upstream:remoteref) refs/heads/main refs/remotes/main [3ms]
2025-04-01 14:28:59.921 [info] > git for-each-ref --sort -committerdate --format %(refname) %(objectname) %(*objectname) [5ms]
2025-04-01 14:29:00.034 [info] > git status -z -uall [133ms]
2025-04-01 14:29:05.109 [info] > git config --get commit.template [2ms]
2025-04-01 14:29:05.121 [info] > git for-each-ref --format=%(refname)%00%(upstream:short)%00%(objectname)%00%(upstream:track)%00%(upstream:remotename)%00%(upstream:remoteref) refs/heads/main refs/remotes/main [3ms]
2025-04-01 14:29:05.144 [info] > git for-each-ref --sort -committerdate --format %(refname) %(objectname) %(*objectname) [4ms]
2025-04-01 14:29:05.256 [info] > git status -z -uall [127ms]
2025-04-01 14:29:10.300 [info] > git config --get commit.template [10ms]
2025-04-01 14:29:10.302 [info] > git for-each-ref --format=%(refname)%00%(upstream:short)%00%(objectname)%00%(upstream:track)%00%(upstream:remotename)%00%(upstream:remoteref) refs/heads/main refs/remotes/main [4ms]
2025-04-01 14:29:10.325 [info] > git for-each-ref --sort -committerdate --format %(refname) %(objectname) %(*objectname) [4ms]
2025-04-01 14:29:10.436 [info] > git status -z -uall [127ms]
