2025-01-28 00:11:18.655 [warning] Dir "/home/marty_jehng/.pixi/envs" is not watchable (directory does not exist)
2025-01-28 00:11:25.009 [info] > pyenv which python
2025-01-28 00:11:25.009 [info] cwd: .
2025-01-28 00:11:26.358 [info] > /bin/python -I /google/devshell/editor/code-oss-for-cloud-shell/extensions/ms-python.python/python_files/get_output_via_markers.py /google/devshell/editor/code-oss-for-cloud-shell/extensions/ms-python.python/python_files/interpreterInfo.py
2025-01-28 00:11:26.639 [info] Python interpreter path: /bin/python
2025-01-28 00:11:31.783 [info] Starting Jedi language server for marty_jehng.
2025-01-28 00:20:36.608 [info] Discover tests for workspace name: marty_jehng - uri: /home/marty_jehng/main.py
2025-01-28 00:20:59.396 [info] Discover tests for workspace name: marty_jehng - uri: /home/marty_jehng/main.py
2025-01-28 00:21:09.944 [info] Discover tests for workspace name: marty_jehng - uri: /home/marty_jehng/main.py
2025-01-28 00:21:11.267 [info] Discover tests for workspace name: marty_jehng - uri: /home/marty_jehng/main.py
2025-01-28 00:21:53.091 [info] Discover tests for workspace name: marty_jehng - uri: /home/marty_jehng/main.py
2025-01-28 00:22:04.723 [info] Discover tests for workspace name: marty_jehng - uri: /home/marty_jehng/main.py
2025-01-28 00:22:20.745 [info] Discover tests for workspace name: marty_jehng - uri: /home/marty_jehng/main.py
2025-01-28 00:23:20.956 [info] Discover tests for workspace name: marty_jehng - uri: /home/marty_jehng/main.py
2025-01-28 00:23:28.738 [info] Discover tests for workspace name: marty_jehng - uri: /home/marty_jehng/main.py
2025-01-28 00:23:34.972 [info] Discover tests for workspace name: marty_jehng - uri: /home/marty_jehng/main.py
2025-01-28 00:24:35.689 [info] Discover tests for workspace name: marty_jehng - uri: /home/marty_jehng/main.py
2025-01-28 00:27:12.286 [info] Discover tests for workspace name: marty_jehng - uri: /home/marty_jehng/main.py
2025-01-28 00:27:49.418 [info] Discover tests for workspace name: marty_jehng - uri: /home/marty_jehng/main.py
2025-01-28 00:28:17.564 [info] Discover tests for workspace name: marty_jehng - uri: /home/marty_jehng/main.py
