2025-04-01 14:08:18.583 [warning] Dir "/home/marty_jehng/.pixi/envs" is not watchable (directory does not exist)
2025-04-01 14:08:18.690 [info] Python interpreter path: /bin/python
2025-04-01 14:08:19.045 [info] > pyenv which python
2025-04-01 14:08:19.045 [info] cwd: .
2025-04-01 14:08:24.056 [info] Starting Jedi language server for marty_jehng.
2025-04-01 14:13:19.999 [info] Discover tests for workspace name: marty_jehng - uri: /home/marty_jehng/main copy.py
2025-04-01 14:14:00.020 [info] Discover tests for workspace name: marty_jehng - uri: /home/marty_jehng/main copy.py
2025-04-01 14:14:01.644 [info] Discover tests for workspace name: marty_jehng - uri: /home/marty_jehng/main copy.py
2025-04-01 14:14:17.048 [info] Discover tests for workspace name: marty_jehng - uri: /home/marty_jehng/main copy.py
2025-04-01 14:14:18.568 [info] Discover tests for workspace name: marty_jehng - uri: /home/marty_jehng/main copy.py
2025-04-01 14:15:25.389 [info] Discover tests for workspace name: marty_jehng - uri: /home/marty_jehng/main copy.py
2025-04-01 14:15:27.185 [info] Discover tests for workspace name: marty_jehng - uri: /home/marty_jehng/main copy.py
2025-04-01 14:15:49.454 [info] Discover tests for workspace name: marty_jehng - uri: /home/marty_jehng/main copy.py
2025-04-01 14:15:58.834 [info] Discover tests for workspace name: marty_jehng - uri: /home/marty_jehng/main copy.py
2025-04-01 14:16:19.666 [info] Discover tests for workspace name: marty_jehng - uri: /home/marty_jehng/main copy.py
2025-04-01 14:16:25.041 [info] Discover tests for workspace name: marty_jehng - uri: /home/marty_jehng/main copy.py
2025-04-01 14:16:31.680 [info] Discover tests for workspace name: marty_jehng - uri: /home/marty_jehng/main copy.py
2025-04-01 14:16:33.960 [info] Discover tests for workspace name: marty_jehng - uri: /home/marty_jehng/main copy.py
2025-04-01 14:16:50.073 [info] Discover tests for workspace name: marty_jehng - uri: /home/marty_jehng/main copy.py
2025-04-01 14:16:54.426 [info] Discover tests for workspace name: marty_jehng - uri: /home/marty_jehng/main copy.py
2025-04-01 14:17:40.217 [info] Discover tests for workspace name: marty_jehng - uri: /home/marty_jehng/main copy.py
2025-04-01 14:17:49.301 [info] Discover tests for workspace name: marty_jehng - uri: /home/marty_jehng/main copy.py
2025-04-01 14:17:57.904 [info] Discover tests for workspace name: marty_jehng - uri: /home/marty_jehng/main copy.py
2025-04-01 14:18:00.729 [info] Discover tests for workspace name: marty_jehng - uri: /home/marty_jehng/main copy.py
2025-04-01 14:18:25.929 [info] Discover tests for workspace name: marty_jehng - uri: /home/marty_jehng/main copy.py
2025-04-01 14:18:32.885 [info] Discover tests for workspace name: marty_jehng - uri: /home/marty_jehng/main copy.py
2025-04-01 14:18:36.468 [info] Discover tests for workspace name: marty_jehng - uri: /home/marty_jehng/main copy.py
2025-04-01 14:18:56.963 [info] Discover tests for workspace name: marty_jehng - uri: /home/marty_jehng/main copy.py
