Initializing document watcher...
Document watcher initialized
marty_jehng/requirements.txt: {}
marty_jehng/main.py: {}
marty_jehng/main.py: {}
No more open editors.
marty_jehng/Procfile: {}
marty_jehng/main.py: {}
marty_jehng/main.py: {}
marty_jehng/requirements.txt: {}
marty_jehng/requirements.txt: Using EditorConfig core...
marty_jehng/requirements.txt: Using EditorConfig core...
marty_jehng/requirements.txt: Using EditorConfig core...
marty_jehng/main copy.py: {}
marty_jehng/main.py: {}
marty_jehng/main.py: {}
marty_jehng/main.py: {}
marty_jehng/main.py: {}
marty_jehng/main.py: {}
marty_jehng/main.py: {}
marty_jehng/main.py: {}
marty_jehng/main.py: {}
marty_jehng/uploads/20250401-024304PM.wav.txt: {}
marty_jehng/main.py: {}
marty_jehng/templates/index.html: {}
marty_jehng/templates/index.html: {}
marty_jehng/templates/index.html: {}
marty_jehng/uploads/20250401-024304PM.wav.txt: {}
marty_jehng/main.py: {}
marty_jehng/main.py: {}
marty_jehng/main.py: {}
marty_jehng/main.py: {}
marty_jehng/main.py: {}
marty_jehng/main.py: {}
