0 verbose cli /usr/local/nvm/versions/node/v22.13.1/bin/node /usr/local/nvm/versions/node/v22.13.1/bin/npm
1 info using npm@11.0.0
2 info using node@v22.13.1
3 silly config load:file:/usr/local/nvm/versions/node/v22.13.1/lib/node_modules/npm/npmrc
4 silly config load:file:/home/marty_jehng/.cache/typescript/5.6/.npmrc
5 silly config load:file:/home/marty_jehng/.npmrc
6 silly config load:file:/usr/local/nvm/versions/node/v22.13.1/etc/npmrc
7 verbose title npm install types-registry@latest
8 verbose argv "install" "--ignore-scripts" "types-registry@latest"
9 verbose logfile logs-max:10 dir:/home/marty_jehng/.npm/_logs/2025-01-28T03_39_47_701Z-
10 verbose logfile /home/marty_jehng/.npm/_logs/2025-01-28T03_39_47_701Z-debug-0.log
11 silly logfile start cleaning logs, removing 12 files
12 silly packumentCache heap:2197815296 maxSize:549453824 maxEntrySize:274726912
13 silly packumentCache corgi:https://registry.npmjs.org/types-registry cache-miss
14 silly logfile done cleaning log files
15 http fetch GET 200 https://registry.npmjs.org/types-registry 248ms (cache updated)
16 silly packumentCache corgi:https://registry.npmjs.org/types-registry set size:undefined disposed:false
17 silly idealTree buildDeps
18 silly fetch manifest types-registry@0.1.705
19 silly packumentCache full:https://registry.npmjs.org/types-registry cache-miss
20 http fetch GET 200 https://registry.npmjs.org/types-registry 81ms (cache updated)
21 silly packumentCache full:https://registry.npmjs.org/types-registry set size:undefined disposed:false
22 silly placeDep ROOT types-registry@0.1.705 REPLACE for:  want: 0.1.705
23 silly reify mark retired [
23 silly reify   '/home/marty_jehng/.cache/typescript/5.6/node_modules/types-registry'
23 silly reify ]
24 silly reify moves {
24 silly reify   '/home/marty_jehng/.cache/typescript/5.6/node_modules/types-registry': '/home/marty_jehng/.cache/typescript/5.6/node_modules/.types-registry-ewJNklM5'
24 silly reify }
25 silly audit bulk request { 'types-registry': [ '0.1.705' ] }
26 http cache types-registry@https://registry.npmjs.org/types-registry/-/types-registry-0.1.705.tgz 0ms (cache hit)
27 silly tarball no local data for types-registry@https://registry.npmjs.org/types-registry/-/types-registry-0.1.705.tgz. Extracting by manifest.
28 http fetch POST 200 https://registry.npmjs.org/-/npm/v1/security/advisories/bulk 133ms
29 silly audit report {}
30 http fetch GET 200 https://registry.npmjs.org/types-registry/-/types-registry-0.1.705.tgz 171ms (cache miss)
31 silly CHANGE node_modules/types-registry
32 verbose cwd /home/marty_jehng/.cache/typescript/5.6
33 verbose os Linux 6.1.124+
34 verbose node v22.13.1
35 verbose npm  v11.0.0
36 verbose exit 0
37 info ok
