Initializing document watcher...
Document watcher initialized
marty_jehng/main.py: {}
marty_jehng/main.py: {}
marty_jehng/main.py: {}
marty_jehng/main.py: {}
marty_jehng/main.py: Using EditorConfig core...
marty_jehng/main.py: Using EditorConfig core...
marty_jehng/main.py: Using EditorConfig core...
marty_jehng/main.py: Using EditorConfig core...
marty_jehng/main.py: Using EditorConfig core...
marty_jehng/main.py: Using EditorConfig core...
marty_jehng/main.py: Using EditorConfig core...
marty_jehng/main.py: Using EditorConfig core...
marty_jehng/main.py: Using EditorConfig core...
marty_jehng/main.py: Using EditorConfig core...
marty_jehng/main.py: Using EditorConfig core...
marty_jehng/main.py: Using EditorConfig core...
marty_jehng/main.py: Using EditorConfig core...
marty_jehng/main.py: Using EditorConfig core...
marty_jehng/main.py: {}
marty_jehng/main.py: {}
marty_jehng/main.py: {}
marty_jehng/main.py: Using EditorConfig core...
marty_jehng/main.py: Using EditorConfig core...
marty_jehng/main.py: {}
marty_jehng/main.py: {}
marty_jehng/main.py: {}
marty_jehng/main.py: {}
marty_jehng/main.py: Using EditorConfig core...
marty_jehng/main.py: {}
marty_jehng/main.py: {}
marty_jehng/main.py: Using EditorConfig core...
marty_jehng/main.py: Using EditorConfig core...
marty_jehng/main.py: Using EditorConfig core...
marty_jehng/main.py: {}
marty_jehng/main.py: Using EditorConfig core...
marty_jehng/main.py: Using EditorConfig core...
marty_jehng/main.py: Using EditorConfig core...
marty_jehng/main.py: {}
marty_jehng/main.py: Using EditorConfig core...
marty_jehng/main.py: Using EditorConfig core...
marty_jehng/main.py: {}
marty_jehng/main.py: Using EditorConfig core...
marty_jehng/main.py: {}
marty_jehng/main.py: {}
marty_jehng/main.py: {}
marty_jehng/main.py: {}
marty_jehng/main.py: {}
marty_jehng/main.py: {}
marty_jehng/main.py: {}
marty_jehng/main.py: {}
marty_jehng/main.py: {}
marty_jehng/templates/index.html: {}
marty_jehng/templates/index.html: Using EditorConfig core...
marty_jehng/templates/index.html: Using EditorConfig core...
marty_jehng/templates/index.html: {}
marty_jehng/templates/index.html: {}
marty_jehng/.git/COMMIT_EDITMSG: {}
marty_jehng/templates/index.html: {}
marty_jehng/templates/index.html: {}
marty_jehng/.git/COMMIT_EDITMSG: {}
marty_jehng/templates/index.html: {}
marty_jehng/templates/index.html: {}
/User/settings.json: Using EditorConfig core...
marty_jehng/templates/index.html: {}
marty_jehng/templates/index.html: {}
/home/marty_jehng/.bash_history: {}
marty_jehng/.git/COMMIT_EDITMSG: {}
marty_jehng/.git/COMMIT_EDITMSG: Using EditorConfig core...
marty_jehng/templates/index.html: {}
marty_jehng/templates/index.html: {}
marty_jehng/templates/index.html: {}
marty_jehng/templates/index.html: {}
