2025-01-24 21:23:40.988 [info] Extension host with pid 1197 started
2025-01-24 21:23:40.988 [error] Error: EEXIST: file already exists, open '/home/marty_jehng/.codeoss/data/User/workspaceStorage/7bb47b8f/vscode.lock'
2025-01-24 21:23:41.006 [info] Lock '/home/marty_jehng/.codeoss/data/User/workspaceStorage/7bb47b8f/vscode.lock': Could not acquire lock, checking if the file is stale.
2025-01-24 21:23:41.019 [info] Lock '/home/marty_jehng/.codeoss/data/User/workspaceStorage/7bb47b8f/vscode.lock': The pid 1218 appears to be gone.
2025-01-24 21:23:41.019 [info] Lock '/home/marty_jehng/.codeoss/data/User/workspaceStorage/7bb47b8f/vscode.lock': Deleting a stale lock.
2025-01-24 21:23:41.035 [info] Lock '/home/marty_jehng/.codeoss/data/User/workspaceStorage/7bb47b8f/vscode.lock': Lock acquired.
2025-01-24 21:23:42.633 [info] ExtensionService#_doActivateExtension vscode.emmet, startup: false, activationEvent: 'onLanguage'
2025-01-24 21:23:42.635 [info] ExtensionService#_doActivateExtension ms-python.python, startup: false, activationEvent: 'onLanguage:python'
2025-01-24 21:23:42.635 [info] ExtensionService#_doActivateExtension google.cloud-shell, startup: false, activationEvent: 'onTerminalProfile:cloudshell.default'
2025-01-24 21:23:43.197 [error] Error: spawn /google/devshell/editor/code-oss-for-cloud-shell/extensions/ms-python.python/python-env-tools/bin/pet ENOENT
	at ChildProcess._handle.onexit (node:internal/child_process:286:19)
	at onErrorNT (node:internal/child_process:484:16)
	at process.processTicksAndRejections (node:internal/process/task_queues:82:21)
2025-01-24 21:23:43.300 [info] ExtensionService#_doActivateExtension vscode.configuration-editing, startup: false, activationEvent: 'onLanguage:jsonc'
2025-01-24 21:23:43.300 [info] ExtensionService#_doActivateExtension vscode.json-language-features, startup: false, activationEvent: 'onLanguage:jsonc'
2025-01-24 21:23:43.301 [info] ExtensionService#_doActivateExtension vscode.typescript-language-features, startup: false, activationEvent: 'onLanguage:jsonc'
2025-01-24 21:23:43.585 [info] ExtensionService#_doActivateExtension vscode.git-base, startup: true, activationEvent: '*', root cause: vscode.git
2025-01-24 21:23:43.718 [info] ExtensionService#_doActivateExtension vscode.git, startup: true, activationEvent: '*'
2025-01-24 21:23:43.719 [info] ExtensionService#_doActivateExtension vscode.github, startup: true, activationEvent: '*'
2025-01-24 21:23:44.081 [info] ExtensionService#_doActivateExtension redhat.fabric8-analytics, startup: true, activationEvent: 'workspaceContains:**/package.json,**/pom.xml,**/go.mod,**/requirements.txt,**/build.gradle,**/Dockerfile,**/Containerfile'
2025-01-24 21:23:44.712 [info] Eager extensions activated
2025-01-24 21:23:44.712 [info] ExtensionService#_doActivateExtension EditorConfig.EditorConfig, startup: false, activationEvent: 'onStartupFinished'
2025-01-24 21:23:44.713 [info] ExtensionService#_doActivateExtension google.geminicodeassist, startup: false, activationEvent: 'onStartupFinished', root cause: googlecloudtools.cloudcode
2025-01-24 21:23:44.713 [info] ExtensionService#_doActivateExtension vscode.debug-auto-launch, startup: false, activationEvent: 'onStartupFinished'
2025-01-24 21:23:44.714 [info] ExtensionService#_doActivateExtension vscode.merge-conflict, startup: false, activationEvent: 'onStartupFinished'
2025-01-24 21:23:46.852 [info] ExtensionService#_doActivateExtension googlecloudtools.cloudcode, startup: false, activationEvent: 'onStartupFinished'
2025-01-24 21:23:52.722 [info] ExtensionService#_doActivateExtension vscode.github-authentication, startup: false, activationEvent: 'onAuthenticationRequest:github'
