2025-01-28 00:32:51.486 [info] Extension host with pid 3658 started
2025-01-28 00:32:51.486 [error] Error: EEXIST: file already exists, open '/home/marty_jehng/.codeoss/data/User/workspaceStorage/7bb47b8f/vscode.lock'
2025-01-28 00:32:51.494 [info] Lock '/home/marty_jehng/.codeoss/data/User/workspaceStorage/7bb47b8f/vscode.lock': Could not acquire lock, checking if the file is stale.
2025-01-28 00:32:51.500 [info] Lock '/home/marty_jehng/.codeoss/data/User/workspaceStorage/7bb47b8f/vscode.lock': The lock does not look stale, elapsed: 512 ms, giving up.
2025-01-28 00:32:51.507 [error] Error: EEXIST: file already exists, open '/home/marty_jehng/.codeoss/data/User/workspaceStorage/7bb47b8f-1/vscode.lock'
2025-01-28 00:32:51.508 [info] Lock '/home/marty_jehng/.codeoss/data/User/workspaceStorage/7bb47b8f-1/vscode.lock': Could not acquire lock, checking if the file is stale.
2025-01-28 00:32:51.509 [info] Lock '/home/marty_jehng/.codeoss/data/User/workspaceStorage/7bb47b8f-1/vscode.lock': The pid 3998 appears to be gone.
2025-01-28 00:32:51.509 [info] Lock '/home/marty_jehng/.codeoss/data/User/workspaceStorage/7bb47b8f-1/vscode.lock': Deleting a stale lock.
2025-01-28 00:32:51.517 [info] Lock '/home/marty_jehng/.codeoss/data/User/workspaceStorage/7bb47b8f-1/vscode.lock': Lock acquired.
2025-01-28 00:32:52.073 [info] ExtensionService#_doActivateExtension vscode.emmet, startup: false, activationEvent: 'onLanguage'
2025-01-28 00:32:52.074 [info] ExtensionService#_doActivateExtension ms-python.python, startup: false, activationEvent: 'onLanguage:python'
2025-01-28 00:32:52.074 [info] ExtensionService#_doActivateExtension google.cloud-shell, startup: false, activationEvent: 'onTerminalProfile:cloudshell.default'
2025-01-28 00:32:52.636 [error] Error: spawn /google/devshell/editor/code-oss-for-cloud-shell/extensions/ms-python.python/python-env-tools/bin/pet ENOENT
	at ChildProcess._handle.onexit (node:internal/child_process:286:19)
	at onErrorNT (node:internal/child_process:484:16)
	at process.processTicksAndRejections (node:internal/process/task_queues:82:21)
2025-01-28 00:32:52.778 [info] ExtensionService#_doActivateExtension vscode.git-base, startup: true, activationEvent: '*', root cause: vscode.git
2025-01-28 00:32:52.800 [info] ExtensionService#_doActivateExtension vscode.configuration-editing, startup: false, activationEvent: 'onLanguage:jsonc'
2025-01-28 00:32:52.801 [info] ExtensionService#_doActivateExtension vscode.json-language-features, startup: false, activationEvent: 'onLanguage:jsonc'
2025-01-28 00:32:52.801 [info] ExtensionService#_doActivateExtension vscode.typescript-language-features, startup: false, activationEvent: 'onLanguage:jsonc'
2025-01-28 00:32:52.975 [info] ExtensionService#_doActivateExtension vscode.git, startup: true, activationEvent: '*'
2025-01-28 00:32:52.975 [info] ExtensionService#_doActivateExtension vscode.github, startup: true, activationEvent: '*'
2025-01-28 00:32:53.271 [info] ExtensionService#_doActivateExtension redhat.fabric8-analytics, startup: true, activationEvent: 'workspaceContains:**/package.json,**/pom.xml,**/go.mod,**/requirements.txt,**/build.gradle,**/Dockerfile,**/Containerfile'
2025-01-28 00:32:53.592 [info] Eager extensions activated
2025-01-28 00:32:53.594 [info] ExtensionService#_doActivateExtension EditorConfig.EditorConfig, startup: false, activationEvent: 'onStartupFinished'
2025-01-28 00:32:53.594 [info] ExtensionService#_doActivateExtension google.geminicodeassist, startup: false, activationEvent: 'onStartupFinished', root cause: googlecloudtools.cloudcode
2025-01-28 00:32:53.595 [info] ExtensionService#_doActivateExtension vscode.debug-auto-launch, startup: false, activationEvent: 'onStartupFinished'
2025-01-28 00:32:53.596 [info] ExtensionService#_doActivateExtension vscode.merge-conflict, startup: false, activationEvent: 'onStartupFinished'
2025-01-28 00:32:55.707 [info] ExtensionService#_doActivateExtension googlecloudtools.cloudcode, startup: false, activationEvent: 'onStartupFinished'
2025-01-28 00:33:00.437 [warning] [Decorations] CAPPING events from decorations provider vscode.git 356
2025-01-28 00:33:00.817 [info] ExtensionService#_doActivateExtension vscode.github-authentication, startup: false, activationEvent: 'onAuthenticationRequest:github'
2025-01-28 00:33:01.244 [warning] [Decorations] CAPPING events from decorations provider vscode.git 357
2025-01-28 00:33:50.456 [warning] [Decorations] CAPPING events from decorations provider vscode.git 359
2025-01-28 00:34:00.282 [warning] [Decorations] CAPPING events from decorations provider vscode.git 359
2025-01-28 00:36:17.694 [warning] [Decorations] CAPPING events from decorations provider vscode.git 359
2025-01-28 00:36:39.950 [warning] [Decorations] CAPPING events from decorations provider vscode.git 359
2025-01-28 00:36:59.374 [warning] [Decorations] CAPPING events from decorations provider vscode.git 359
2025-01-28 00:38:06.885 [warning] [Decorations] CAPPING events from decorations provider vscode.git 360
2025-01-28 00:38:11.960 [warning] [Decorations] CAPPING events from decorations provider vscode.git 360
2025-01-28 00:38:17.023 [warning] [Decorations] CAPPING events from decorations provider vscode.git 360
2025-01-28 00:38:26.785 [warning] [Decorations] CAPPING events from decorations provider vscode.git 360
2025-01-28 00:38:31.844 [warning] [Decorations] CAPPING events from decorations provider vscode.git 360
2025-01-28 00:38:42.589 [warning] [Decorations] CAPPING events from decorations provider vscode.git 360
2025-01-28 00:38:47.650 [warning] [Decorations] CAPPING events from decorations provider vscode.git 360
2025-01-28 00:38:52.706 [warning] [Decorations] CAPPING events from decorations provider vscode.git 360
2025-01-28 00:38:57.766 [warning] [Decorations] CAPPING events from decorations provider vscode.git 360
2025-01-28 00:39:04.378 [warning] [Decorations] CAPPING events from decorations provider vscode.git 360
2025-01-28 00:39:09.438 [warning] [Decorations] CAPPING events from decorations provider vscode.git 360
2025-01-28 00:39:14.498 [warning] [Decorations] CAPPING events from decorations provider vscode.git 360
2025-01-28 00:39:19.555 [warning] [Decorations] CAPPING events from decorations provider vscode.git 360
2025-01-28 00:39:48.720 [warning] [Decorations] CAPPING events from decorations provider vscode.git 360
2025-01-28 00:39:53.782 [warning] [Decorations] CAPPING events from decorations provider vscode.git 360
2025-01-28 00:42:30.193 [warning] [Decorations] CAPPING events from decorations provider vscode.git 361
2025-01-28 00:43:12.614 [warning] [Decorations] CAPPING events from decorations provider vscode.git 361
2025-01-28 00:43:17.676 [warning] [Decorations] CAPPING events from decorations provider vscode.git 363
2025-01-28 00:43:22.738 [warning] [Decorations] CAPPING events from decorations provider vscode.git 363
2025-01-28 00:43:35.958 [warning] [Decorations] CAPPING events from decorations provider vscode.git 363
2025-01-28 00:43:41.013 [warning] [Decorations] CAPPING events from decorations provider vscode.git 363
2025-01-28 00:44:30.640 [warning] [Decorations] CAPPING events from decorations provider vscode.git 363
2025-01-28 00:44:35.700 [warning] [Decorations] CAPPING events from decorations provider vscode.git 363
2025-01-28 00:44:40.758 [warning] [Decorations] CAPPING events from decorations provider vscode.git 363
2025-01-28 00:44:43.551 [info] ExtensionService#_doActivateExtension vscode.html-language-features, startup: false, activationEvent: 'onLanguage:html'
2025-01-28 00:44:45.816 [warning] [Decorations] CAPPING events from decorations provider vscode.git 364
2025-01-28 00:44:50.879 [warning] [Decorations] CAPPING events from decorations provider vscode.git 364
2025-01-28 00:44:55.940 [warning] [Decorations] CAPPING events from decorations provider vscode.git 364
2025-01-28 00:45:00.995 [warning] [Decorations] CAPPING events from decorations provider vscode.git 364
2025-01-28 00:45:06.051 [warning] [Decorations] CAPPING events from decorations provider vscode.git 364
2025-01-28 00:45:11.110 [warning] [Decorations] CAPPING events from decorations provider vscode.git 369
2025-01-28 00:45:16.165 [warning] [Decorations] CAPPING events from decorations provider vscode.git 369
2025-01-28 00:45:21.222 [warning] [Decorations] CAPPING events from decorations provider vscode.git 369
2025-01-28 00:45:26.278 [warning] [Decorations] CAPPING events from decorations provider vscode.git 369
2025-01-28 00:45:37.597 [warning] [Decorations] CAPPING events from decorations provider vscode.git 369
2025-01-28 00:45:42.663 [warning] [Decorations] CAPPING events from decorations provider vscode.git 369
2025-01-28 00:45:47.720 [warning] [Decorations] CAPPING events from decorations provider vscode.git 369
2025-01-28 00:45:52.777 [warning] [Decorations] CAPPING events from decorations provider vscode.git 369
2025-01-28 00:45:57.833 [warning] [Decorations] CAPPING events from decorations provider vscode.git 369
2025-01-28 00:46:02.890 [warning] [Decorations] CAPPING events from decorations provider vscode.git 369
2025-01-28 00:46:07.954 [warning] [Decorations] CAPPING events from decorations provider vscode.git 369
2025-01-28 00:46:13.017 [warning] [Decorations] CAPPING events from decorations provider vscode.git 369
2025-01-28 00:46:18.076 [warning] [Decorations] CAPPING events from decorations provider vscode.git 369
2025-01-28 00:46:23.162 [warning] [Decorations] CAPPING events from decorations provider vscode.git 369
2025-01-28 00:46:28.220 [warning] [Decorations] CAPPING events from decorations provider vscode.git 369
2025-01-28 00:46:33.277 [warning] [Decorations] CAPPING events from decorations provider vscode.git 369
2025-01-28 00:46:38.334 [warning] [Decorations] CAPPING events from decorations provider vscode.git 369
2025-01-28 00:46:43.395 [warning] [Decorations] CAPPING events from decorations provider vscode.git 369
2025-01-28 00:47:24.166 [warning] [Decorations] CAPPING events from decorations provider vscode.git 370
2025-01-28 00:47:29.228 [warning] [Decorations] CAPPING events from decorations provider vscode.git 370
2025-01-28 00:47:34.292 [warning] [Decorations] CAPPING events from decorations provider vscode.git 370
2025-01-28 00:47:39.353 [warning] [Decorations] CAPPING events from decorations provider vscode.git 370
2025-01-28 00:47:44.410 [warning] [Decorations] CAPPING events from decorations provider vscode.git 370
2025-01-28 00:47:49.466 [warning] [Decorations] CAPPING events from decorations provider vscode.git 370
2025-01-28 00:47:54.526 [warning] [Decorations] CAPPING events from decorations provider vscode.git 370
2025-01-28 00:47:59.589 [warning] [Decorations] CAPPING events from decorations provider vscode.git 370
2025-01-28 00:48:04.648 [warning] [Decorations] CAPPING events from decorations provider vscode.git 370
2025-01-28 00:48:09.708 [warning] [Decorations] CAPPING events from decorations provider vscode.git 370
2025-01-28 00:48:14.766 [warning] [Decorations] CAPPING events from decorations provider vscode.git 370
2025-01-28 00:48:19.825 [warning] [Decorations] CAPPING events from decorations provider vscode.git 370
2025-01-28 00:48:24.885 [warning] [Decorations] CAPPING events from decorations provider vscode.git 372
2025-01-28 00:48:29.948 [warning] [Decorations] CAPPING events from decorations provider vscode.git 372
2025-01-28 00:48:35.006 [warning] [Decorations] CAPPING events from decorations provider vscode.git 372
2025-01-28 00:48:40.068 [warning] [Decorations] CAPPING events from decorations provider vscode.git 372
2025-01-28 00:48:45.126 [warning] [Decorations] CAPPING events from decorations provider vscode.git 372
2025-01-28 00:48:50.181 [warning] [Decorations] CAPPING events from decorations provider vscode.git 372
2025-01-28 00:48:55.237 [warning] [Decorations] CAPPING events from decorations provider vscode.git 372
2025-01-28 00:49:00.295 [warning] [Decorations] CAPPING events from decorations provider vscode.git 372
2025-01-28 00:49:05.354 [warning] [Decorations] CAPPING events from decorations provider vscode.git 372
2025-01-28 00:49:10.413 [warning] [Decorations] CAPPING events from decorations provider vscode.git 372
2025-01-28 00:49:15.473 [warning] [Decorations] CAPPING events from decorations provider vscode.git 372
2025-01-28 00:49:20.531 [warning] [Decorations] CAPPING events from decorations provider vscode.git 373
2025-01-28 00:49:25.590 [warning] [Decorations] CAPPING events from decorations provider vscode.git 373
2025-01-28 00:49:30.652 [warning] [Decorations] CAPPING events from decorations provider vscode.git 373
2025-01-28 00:49:35.708 [warning] [Decorations] CAPPING events from decorations provider vscode.git 373
2025-01-28 00:49:40.766 [warning] [Decorations] CAPPING events from decorations provider vscode.git 373
2025-01-28 00:49:45.823 [warning] [Decorations] CAPPING events from decorations provider vscode.git 373
2025-01-28 00:49:54.279 [warning] [Decorations] CAPPING events from decorations provider vscode.git 373
2025-01-28 00:49:59.336 [warning] [Decorations] CAPPING events from decorations provider vscode.git 373
2025-01-28 00:50:04.394 [warning] [Decorations] CAPPING events from decorations provider vscode.git 373
2025-01-28 00:50:09.449 [warning] [Decorations] CAPPING events from decorations provider vscode.git 373
2025-01-28 00:50:14.506 [warning] [Decorations] CAPPING events from decorations provider vscode.git 373
2025-01-28 00:50:19.613 [warning] [Decorations] CAPPING events from decorations provider vscode.git 374
2025-01-28 00:50:25.240 [warning] [Decorations] CAPPING events from decorations provider vscode.git 374
2025-01-28 00:50:30.295 [warning] [Decorations] CAPPING events from decorations provider vscode.git 374
2025-01-28 00:50:36.256 [warning] [Decorations] CAPPING events from decorations provider vscode.git 375
2025-01-28 00:50:42.246 [warning] [Decorations] CAPPING events from decorations provider vscode.git 375
2025-01-28 00:50:47.306 [warning] [Decorations] CAPPING events from decorations provider vscode.git 375
2025-01-28 00:50:59.255 [warning] [Decorations] CAPPING events from decorations provider vscode.git 375
2025-01-28 00:51:04.310 [warning] [Decorations] CAPPING events from decorations provider vscode.git 375
2025-01-28 00:51:09.372 [warning] [Decorations] CAPPING events from decorations provider vscode.git 375
2025-01-28 00:51:14.430 [warning] [Decorations] CAPPING events from decorations provider vscode.git 375
2025-01-28 00:51:19.488 [warning] [Decorations] CAPPING events from decorations provider vscode.git 375
2025-01-28 00:51:28.283 [warning] [Decorations] CAPPING events from decorations provider vscode.git 376
2025-01-28 00:51:33.341 [warning] [Decorations] CAPPING events from decorations provider vscode.git 376
2025-01-28 00:51:38.398 [warning] [Decorations] CAPPING events from decorations provider vscode.git 376
2025-01-28 00:51:43.453 [warning] [Decorations] CAPPING events from decorations provider vscode.git 376
2025-01-28 00:51:48.508 [warning] [Decorations] CAPPING events from decorations provider vscode.git 376
2025-01-28 00:51:55.288 [warning] [Decorations] CAPPING events from decorations provider vscode.git 376
2025-01-28 00:52:00.377 [warning] [Decorations] CAPPING events from decorations provider vscode.git 376
2025-01-28 00:52:09.290 [warning] [Decorations] CAPPING events from decorations provider vscode.git 376
2025-01-28 00:52:14.350 [warning] [Decorations] CAPPING events from decorations provider vscode.git 376
2025-01-28 00:52:19.421 [warning] [Decorations] CAPPING events from decorations provider vscode.git 376
2025-01-28 00:52:24.483 [warning] [Decorations] CAPPING events from decorations provider vscode.git 376
2025-01-28 00:52:29.554 [warning] [Decorations] CAPPING events from decorations provider vscode.git 376
2025-01-28 00:52:34.613 [warning] [Decorations] CAPPING events from decorations provider vscode.git 376
2025-01-28 00:52:39.674 [warning] [Decorations] CAPPING events from decorations provider vscode.git 376
2025-01-28 00:52:44.743 [warning] [Decorations] CAPPING events from decorations provider vscode.git 376
2025-01-28 00:52:49.804 [warning] [Decorations] CAPPING events from decorations provider vscode.git 376
2025-01-28 00:56:21.971 [warning] [Decorations] CAPPING events from decorations provider vscode.git 376
2025-01-28 00:56:27.039 [warning] [Decorations] CAPPING events from decorations provider vscode.git 383
2025-01-28 00:57:14.151 [warning] [Decorations] CAPPING events from decorations provider vscode.git 387
2025-01-28 00:57:19.216 [warning] [Decorations] CAPPING events from decorations provider vscode.git 387
2025-01-28 00:57:24.277 [warning] [Decorations] CAPPING events from decorations provider vscode.git 387
2025-01-28 00:57:29.339 [warning] [Decorations] CAPPING events from decorations provider vscode.git 387
2025-01-28 00:57:34.402 [warning] [Decorations] CAPPING events from decorations provider vscode.git 387
2025-01-28 00:57:39.466 [warning] [Decorations] CAPPING events from decorations provider vscode.git 387
2025-01-28 00:57:44.532 [warning] [Decorations] CAPPING events from decorations provider vscode.git 387
2025-01-28 00:57:49.591 [warning] [Decorations] CAPPING events from decorations provider vscode.git 387
2025-01-28 00:58:33.232 [warning] [Decorations] CAPPING events from decorations provider vscode.git 387
2025-01-28 00:58:38.291 [warning] [Decorations] CAPPING events from decorations provider vscode.git 387
2025-01-28 00:58:43.354 [warning] [Decorations] CAPPING events from decorations provider vscode.git 387
2025-01-28 00:58:48.411 [warning] [Decorations] CAPPING events from decorations provider vscode.git 387
2025-01-28 00:58:53.482 [warning] [Decorations] CAPPING events from decorations provider vscode.git 387
2025-01-28 01:00:00.750 [warning] [Decorations] CAPPING events from decorations provider vscode.git 387
2025-01-28 01:00:05.809 [warning] [Decorations] CAPPING events from decorations provider vscode.git 387
2025-01-28 01:00:10.876 [warning] [Decorations] CAPPING events from decorations provider vscode.git 387
2025-01-28 01:00:15.935 [warning] [Decorations] CAPPING events from decorations provider vscode.git 387
2025-01-28 01:00:21.006 [warning] [Decorations] CAPPING events from decorations provider vscode.git 387
2025-01-28 01:00:26.066 [warning] [Decorations] CAPPING events from decorations provider vscode.git 387
2025-01-28 01:00:31.128 [warning] [Decorations] CAPPING events from decorations provider vscode.git 387
2025-01-28 01:00:36.189 [warning] [Decorations] CAPPING events from decorations provider vscode.git 387
2025-01-28 01:00:41.253 [warning] [Decorations] CAPPING events from decorations provider vscode.git 387
2025-01-28 01:00:46.318 [warning] [Decorations] CAPPING events from decorations provider vscode.git 387
2025-01-28 01:01:17.176 [warning] [Decorations] CAPPING events from decorations provider vscode.git 387
2025-01-28 01:01:22.240 [warning] [Decorations] CAPPING events from decorations provider vscode.git 387
2025-01-28 01:01:27.303 [warning] [Decorations] CAPPING events from decorations provider vscode.git 387
2025-01-28 01:01:32.924 [warning] [Decorations] CAPPING events from decorations provider vscode.git 390
2025-01-28 01:01:39.930 [warning] [Decorations] CAPPING events from decorations provider vscode.git 390
2025-01-28 01:01:44.994 [warning] [Decorations] CAPPING events from decorations provider vscode.git 390
2025-01-28 01:01:50.052 [warning] [Decorations] CAPPING events from decorations provider vscode.git 390
2025-01-28 01:01:52.184 [error] [ms-python.python] provider FAILED
2025-01-28 01:01:52.208 [error] Error: UnboundLocalError: cannot access local variable 'start_index' where it is not associated with a value
    at ae (/google/devshell/editor/code-oss-for-cloud-shell/extensions/ms-python.python/out/client/extension.js:2:2049071)
    at oe (/google/devshell/editor/code-oss-for-cloud-shell/extensions/ms-python.python/out/client/extension.js:2:2047031)
    at Immediate.<anonymous> (/google/devshell/editor/code-oss-for-cloud-shell/extensions/ms-python.python/out/client/extension.js:2:2043325)
    at processImmediate (node:internal/timers:483:21)
2025-01-28 01:01:53.255 [error] [ms-python.python] provider FAILED
2025-01-28 01:01:53.255 [error] Error: UnboundLocalError: cannot access local variable 'start_index' where it is not associated with a value
    at ae (/google/devshell/editor/code-oss-for-cloud-shell/extensions/ms-python.python/out/client/extension.js:2:2049071)
    at oe (/google/devshell/editor/code-oss-for-cloud-shell/extensions/ms-python.python/out/client/extension.js:2:2047031)
    at Immediate.<anonymous> (/google/devshell/editor/code-oss-for-cloud-shell/extensions/ms-python.python/out/client/extension.js:2:2043325)
    at processImmediate (node:internal/timers:483:21)
2025-01-28 01:01:55.923 [warning] [Decorations] CAPPING events from decorations provider vscode.git 390
2025-01-28 01:02:03.860 [warning] [Decorations] CAPPING events from decorations provider vscode.git 390
2025-01-28 01:02:08.925 [warning] [Decorations] CAPPING events from decorations provider vscode.git 390
2025-01-28 01:02:13.990 [warning] [Decorations] CAPPING events from decorations provider vscode.git 390
2025-01-28 01:02:19.051 [warning] [Decorations] CAPPING events from decorations provider vscode.git 390
2025-01-28 01:02:24.110 [warning] [Decorations] CAPPING events from decorations provider vscode.git 390
2025-01-28 01:02:29.170 [warning] [Decorations] CAPPING events from decorations provider vscode.git 390
2025-01-28 01:02:34.239 [warning] [Decorations] CAPPING events from decorations provider vscode.git 391
2025-01-28 01:02:39.299 [warning] [Decorations] CAPPING events from decorations provider vscode.git 391
2025-01-28 01:02:44.363 [warning] [Decorations] CAPPING events from decorations provider vscode.git 391
2025-01-28 01:02:49.423 [warning] [Decorations] CAPPING events from decorations provider vscode.git 391
2025-01-28 01:02:54.482 [warning] [Decorations] CAPPING events from decorations provider vscode.git 395
2025-01-28 01:03:08.975 [warning] [Decorations] CAPPING events from decorations provider vscode.git 397
2025-01-28 01:03:14.033 [warning] [Decorations] CAPPING events from decorations provider vscode.git 397
2025-01-28 01:03:19.090 [warning] [Decorations] CAPPING events from decorations provider vscode.git 397
2025-01-28 01:03:24.161 [warning] [Decorations] CAPPING events from decorations provider vscode.git 397
2025-01-28 01:03:29.220 [warning] [Decorations] CAPPING events from decorations provider vscode.git 397
2025-01-28 01:03:34.292 [warning] [Decorations] CAPPING events from decorations provider vscode.git 397
2025-01-28 01:03:39.366 [warning] [Decorations] CAPPING events from decorations provider vscode.git 397
2025-01-28 01:03:42.669 [warning] [Decorations] CAPPING events from decorations provider vscode.git 397
2025-01-28 01:51:37.941 [info] Extension host terminating: renderer disconnected for too long (2)
2025-01-28 01:51:37.942 [info] Lock '/home/marty_jehng/.codeoss/data/User/workspaceStorage/7bb47b8f-1/vscode.lock': Marking the lockfile as scheduled to be released in 6000 ms.
2025-01-28 01:51:38.006 [error] Canceled: Canceled
    at new eA (file:///google/devshell/editor/code-oss-for-cloud-shell/out/vs/workbench/api/node/extensionHostProcess.js:31:116752)
    at Zb.U (file:///google/devshell/editor/code-oss-for-cloud-shell/out/vs/workbench/api/node/extensionHostProcess.js:31:121364)
    at Proxy.s.<computed>.n.charCodeAt.s.<computed> (file:///google/devshell/editor/code-oss-for-cloud-shell/out/vs/workbench/api/node/extensionHostProcess.js:31:118858)
    at T0.g (file:///google/devshell/editor/code-oss-for-cloud-shell/out/vs/workbench/api/node/extensionHostProcess.js:114:32325)
    at T0.executeCommand (file:///google/devshell/editor/code-oss-for-cloud-shell/out/vs/workbench/api/node/extensionHostProcess.js:114:31826)
    at r.registerCommand.description (file:///google/devshell/editor/code-oss-for-cloud-shell/out/vs/workbench/api/node/extensionHostProcess.js:114:31156)
    at T0.h (file:///google/devshell/editor/code-oss-for-cloud-shell/out/vs/workbench/api/node/extensionHostProcess.js:114:32845)
    at T0.g (file:///google/devshell/editor/code-oss-for-cloud-shell/out/vs/workbench/api/node/extensionHostProcess.js:114:31919)
    at T0.executeCommand (file:///google/devshell/editor/code-oss-for-cloud-shell/out/vs/workbench/api/node/extensionHostProcess.js:114:31826)
    at Object.executeCommand (file:///google/devshell/editor/code-oss-for-cloud-shell/out/vs/workbench/api/node/extensionHostProcess.js:156:37049)
    at gh.O [as value] (/google/devshell/editor/code-oss-for-cloud-shell/extensions/git/dist/main.js:2:173696)
    at T.B (file:///google/devshell/editor/code-oss-for-cloud-shell/out/vs/workbench/api/node/extensionHostProcess.js:29:732)
    at T.C (file:///google/devshell/editor/code-oss-for-cloud-shell/out/vs/workbench/api/node/extensionHostProcess.js:29:802)
    at T.fire (file:///google/devshell/editor/code-oss-for-cloud-shell/out/vs/workbench/api/node/extensionHostProcess.js:29:1019)
    at Object.p [as dispose] (/google/devshell/editor/code-oss-for-cloud-shell/extensions/git/dist/main.js:2:194274)
    at /google/devshell/editor/code-oss-for-cloud-shell/extensions/git/dist/main.js:2:200396
    at Array.forEach (<anonymous>)
    at f.dispose (/google/devshell/editor/code-oss-for-cloud-shell/extensions/git/dist/main.js:2:200382)
    at D1.<anonymous> (file:///google/devshell/editor/code-oss-for-cloud-shell/out/vs/workbench/api/node/extensionHostProcess.js:108:19996)
    at D1.dispose (file:///google/devshell/editor/code-oss-for-cloud-shell/out/vs/workbench/api/node/extensionHostProcess.js:108:20092)
    at D1.<anonymous> (/google/devshell/editor/code-oss-for-cloud-shell/extensions/git/dist/main.js:2:175994)
    at D1.dispose (file:///google/devshell/editor/code-oss-for-cloud-shell/out/vs/workbench/api/node/extensionHostProcess.js:108:20092)
    at Si (file:///google/devshell/editor/code-oss-for-cloud-shell/out/vs/workbench/api/node/extensionHostProcess.js:24:701)
    at file:///google/devshell/editor/code-oss-for-cloud-shell/out/vs/workbench/api/node/extensionHostProcess.js:118:14995
    at file:///google/devshell/editor/code-oss-for-cloud-shell/out/vs/workbench/api/node/extensionHostProcess.js:24:1011
    at Object.dispose (file:///google/devshell/editor/code-oss-for-cloud-shell/out/vs/workbench/api/node/extensionHostProcess.js:7:2146)
    at dB.eb (file:///google/devshell/editor/code-oss-for-cloud-shell/out/vs/workbench/api/node/extensionHostProcess.js:118:11922)
    at file:///google/devshell/editor/code-oss-for-cloud-shell/out/vs/workbench/api/node/extensionHostProcess.js:118:9877
    at Array.map (<anonymous>)
    at dB.$ (file:///google/devshell/editor/code-oss-for-cloud-shell/out/vs/workbench/api/node/extensionHostProcess.js:118:9865)
    at dB.terminate (file:///google/devshell/editor/code-oss-for-cloud-shell/out/vs/workbench/api/node/extensionHostProcess.js:118:10108)
    at M3.terminate (file:///google/devshell/editor/code-oss-for-cloud-shell/out/vs/workbench/api/node/extensionHostProcess.js:119:1424)
    at ps (file:///google/devshell/editor/code-oss-for-cloud-shell/out/vs/workbench/api/node/extensionHostProcess.js:174:15058)
    at H4.a (file:///google/devshell/editor/code-oss-for-cloud-shell/out/vs/workbench/api/node/extensionHostProcess.js:174:11968)
    at H4.h (file:///google/devshell/editor/code-oss-for-cloud-shell/out/vs/workbench/api/node/extensionHostProcess.js:30:75706)
    at listOnTimeout (node:internal/timers:581:17)
    at processTimers (node:internal/timers:519:7) setContext undefined
2025-01-28 01:51:38.012 [error] Canceled: Canceled
    at new eA (file:///google/devshell/editor/code-oss-for-cloud-shell/out/vs/workbench/api/node/extensionHostProcess.js:31:116752)
    at Zb.U (file:///google/devshell/editor/code-oss-for-cloud-shell/out/vs/workbench/api/node/extensionHostProcess.js:31:121364)
    at Proxy.s.<computed>.n.charCodeAt.s.<computed> (file:///google/devshell/editor/code-oss-for-cloud-shell/out/vs/workbench/api/node/extensionHostProcess.js:31:118858)
    at T0.g (file:///google/devshell/editor/code-oss-for-cloud-shell/out/vs/workbench/api/node/extensionHostProcess.js:114:32325)
    at T0.executeCommand (file:///google/devshell/editor/code-oss-for-cloud-shell/out/vs/workbench/api/node/extensionHostProcess.js:114:31826)
    at r.registerCommand.description (file:///google/devshell/editor/code-oss-for-cloud-shell/out/vs/workbench/api/node/extensionHostProcess.js:114:31156)
    at T0.h (file:///google/devshell/editor/code-oss-for-cloud-shell/out/vs/workbench/api/node/extensionHostProcess.js:114:32845)
    at T0.g (file:///google/devshell/editor/code-oss-for-cloud-shell/out/vs/workbench/api/node/extensionHostProcess.js:114:31919)
    at T0.executeCommand (file:///google/devshell/editor/code-oss-for-cloud-shell/out/vs/workbench/api/node/extensionHostProcess.js:114:31826)
    at Object.executeCommand (file:///google/devshell/editor/code-oss-for-cloud-shell/out/vs/workbench/api/node/extensionHostProcess.js:156:37049)
    at a.VscodeDevShareProvider.set hasGitHubRepositories [as hasGitHubRepositories] (/google/devshell/editor/code-oss-for-cloud-shell/extensions/github/dist/extension.js:2:25682)
    at /google/devshell/editor/code-oss-for-cloud-shell/extensions/github/dist/extension.js:2:26641
    at gh.value (/google/devshell/editor/code-oss-for-cloud-shell/extensions/git/dist/main.js:2:282537)
    at T.B (file:///google/devshell/editor/code-oss-for-cloud-shell/out/vs/workbench/api/node/extensionHostProcess.js:29:732)
    at T.C (file:///google/devshell/editor/code-oss-for-cloud-shell/out/vs/workbench/api/node/extensionHostProcess.js:29:802)
    at T.fire (file:///google/devshell/editor/code-oss-for-cloud-shell/out/vs/workbench/api/node/extensionHostProcess.js:29:1019)
    at Object.p [as dispose] (/google/devshell/editor/code-oss-for-cloud-shell/extensions/git/dist/main.js:2:194274)
    at /google/devshell/editor/code-oss-for-cloud-shell/extensions/git/dist/main.js:2:200396
    at Array.forEach (<anonymous>)
    at f.dispose (/google/devshell/editor/code-oss-for-cloud-shell/extensions/git/dist/main.js:2:200382)
    at D1.<anonymous> (file:///google/devshell/editor/code-oss-for-cloud-shell/out/vs/workbench/api/node/extensionHostProcess.js:108:19996)
    at D1.dispose (file:///google/devshell/editor/code-oss-for-cloud-shell/out/vs/workbench/api/node/extensionHostProcess.js:108:20092)
    at D1.<anonymous> (/google/devshell/editor/code-oss-for-cloud-shell/extensions/git/dist/main.js:2:175994)
    at D1.dispose (file:///google/devshell/editor/code-oss-for-cloud-shell/out/vs/workbench/api/node/extensionHostProcess.js:108:20092)
    at Si (file:///google/devshell/editor/code-oss-for-cloud-shell/out/vs/workbench/api/node/extensionHostProcess.js:24:701)
    at file:///google/devshell/editor/code-oss-for-cloud-shell/out/vs/workbench/api/node/extensionHostProcess.js:118:14995
    at file:///google/devshell/editor/code-oss-for-cloud-shell/out/vs/workbench/api/node/extensionHostProcess.js:24:1011
    at Object.dispose (file:///google/devshell/editor/code-oss-for-cloud-shell/out/vs/workbench/api/node/extensionHostProcess.js:7:2146)
    at dB.eb (file:///google/devshell/editor/code-oss-for-cloud-shell/out/vs/workbench/api/node/extensionHostProcess.js:118:11922)
    at file:///google/devshell/editor/code-oss-for-cloud-shell/out/vs/workbench/api/node/extensionHostProcess.js:118:9877
    at Array.map (<anonymous>)
    at dB.$ (file:///google/devshell/editor/code-oss-for-cloud-shell/out/vs/workbench/api/node/extensionHostProcess.js:118:9865)
    at dB.terminate (file:///google/devshell/editor/code-oss-for-cloud-shell/out/vs/workbench/api/node/extensionHostProcess.js:118:10108)
    at M3.terminate (file:///google/devshell/editor/code-oss-for-cloud-shell/out/vs/workbench/api/node/extensionHostProcess.js:119:1424)
    at ps (file:///google/devshell/editor/code-oss-for-cloud-shell/out/vs/workbench/api/node/extensionHostProcess.js:174:15058)
    at H4.a (file:///google/devshell/editor/code-oss-for-cloud-shell/out/vs/workbench/api/node/extensionHostProcess.js:174:11968)
    at H4.h (file:///google/devshell/editor/code-oss-for-cloud-shell/out/vs/workbench/api/node/extensionHostProcess.js:30:75706)
    at listOnTimeout (node:internal/timers:581:17)
    at processTimers (node:internal/timers:519:7) setContext undefined
2025-01-28 01:51:38.050 [info] Extension host with pid 3658 exiting with code 0
