2025-04-01 04:13:56.779 [info] [main] Log level: Info
2025-04-01 04:13:56.780 [info] [main] Validating found git in: "git"
2025-04-01 04:13:56.780 [info] [main] Using git "2.43.0" from "git"
2025-04-01 04:13:56.780 [info] [Model][doInitialScan] Initial repository scan started
2025-04-01 04:13:56.780 [info] > git rev-parse --show-toplevel [8ms]
2025-04-01 04:13:56.780 [info] > git rev-parse --git-dir --git-common-dir [3ms]
2025-04-01 04:13:56.780 [info] [Model][openRepository] Opened repository: /home/marty_jehng
2025-04-01 04:13:56.780 [info] > git config --get commit.template [6ms]
2025-04-01 04:13:56.780 [info] > git rev-parse --show-toplevel [6ms]
2025-04-01 04:13:56.780 [info] > git rev-parse --show-toplevel [4ms]
2025-04-01 04:13:56.781 [info] > git rev-parse --show-toplevel [2ms]
2025-04-01 04:13:56.787 [info] > git rev-parse --show-toplevel [1ms]
2025-04-01 04:13:56.791 [info] > git rev-parse --show-toplevel [2ms]
2025-04-01 04:13:56.799 [info] > git for-each-ref --format=%(refname)%00%(upstream:short)%00%(objectname)%00%(upstream:track)%00%(upstream:remotename)%00%(upstream:remoteref) refs/heads/main refs/remotes/main [31ms]
2025-04-01 04:13:57.114 [info] > git rev-parse --show-toplevel [319ms]
2025-04-01 04:13:57.134 [info] > git rev-parse --show-toplevel [4ms]
2025-04-01 04:13:58.837 [info] > git status -z -uall [1678ms]
2025-04-01 04:13:58.837 [info] > git for-each-ref --sort -committerdate --format %(refname) %(objectname) %(*objectname) [1662ms]
2025-04-01 04:13:58.948 [info] > git rev-parse --show-toplevel [1746ms]
2025-04-01 04:13:59.086 [info] > git check-ignore -v -z --stdin [239ms]
2025-04-01 04:13:59.089 [info] > git for-each-ref --format=%(refname)%00%(upstream:short)%00%(objectname)%00%(upstream:track)%00%(upstream:remotename)%00%(upstream:remoteref) refs/heads/main refs/remotes/main [148ms]
2025-04-01 04:13:59.426 [info] > git config --local branch.main.vscode-merge-base [327ms]
2025-04-01 04:13:59.426 [warning] [Git][config] git config failed: Failed to execute git
2025-04-01 04:13:59.438 [info] > git rev-parse --show-toplevel [464ms]
2025-04-01 04:13:59.439 [info] > git config --get commit.template [474ms]
2025-04-01 04:13:59.530 [info] > git rev-parse --show-toplevel [35ms]
2025-04-01 04:13:59.650 [info] > git rev-parse --show-toplevel [90ms]
2025-04-01 04:13:59.652 [info] > git for-each-ref --format=%(refname)%00%(upstream:short)%00%(objectname)%00%(upstream:track)%00%(upstream:remotename)%00%(upstream:remoteref) refs/heads/main refs/remotes/main [124ms]
2025-04-01 04:13:59.676 [info] > git reflog main --grep-reflog=branch: Created from *. [239ms]
2025-04-01 04:13:59.731 [info] > git rev-parse --show-toplevel [59ms]
2025-04-01 04:13:59.735 [info] [Model][doInitialScan] Initial repository scan completed - repositories (1), closed repositories (0), parent repositories (0), unsafe repositories (0)
2025-04-01 04:13:59.798 [info] > git show --textconv :main copy.py [43ms]
2025-04-01 04:13:59.808 [info] > git symbolic-ref --short refs/remotes/origin/HEAD [121ms]
2025-04-01 04:13:59.808 [info] fatal: ref refs/remotes/origin/HEAD is not a symbolic ref
2025-04-01 04:13:59.808 [warning] [Repository][getDefaultBranch] Failed to get default branch details: Failed to execute git.
2025-04-01 04:14:00.677 [info] > git ls-files --stage -- /home/marty_jehng/main copy.py [902ms]
2025-04-01 04:14:00.746 [info] > git merge-base refs/heads/main refs/remotes/origin/main [905ms]
2025-04-01 04:14:00.790 [info] > git for-each-ref --sort -committerdate --format %(refname) %(objectname) %(*objectname) [117ms]
2025-04-01 04:14:00.832 [info] > git diff --name-status -z --diff-filter=ADMR 7bf02d47bd14540f696f1d7b7776fd7b8789dbeb...refs/remotes/origin/main [63ms]
2025-04-01 04:14:00.896 [info] > git status -z -uall [239ms]
2025-04-01 04:18:00.454 [info] > git config --get commit.template [2ms]
2025-04-01 04:18:00.466 [info] > git for-each-ref --format=%(refname)%00%(upstream:short)%00%(objectname)%00%(upstream:track)%00%(upstream:remotename)%00%(upstream:remoteref) refs/heads/main refs/remotes/main [3ms]
2025-04-01 04:18:00.491 [info] > git for-each-ref --sort -committerdate --format %(refname) %(objectname) %(*objectname) [3ms]
2025-04-01 04:18:00.544 [info] > git status -z -uall [69ms]
2025-04-01 04:18:05.634 [info] > git for-each-ref --format=%(refname)%00%(upstream:short)%00%(objectname)%00%(upstream:track)%00%(upstream:remotename)%00%(upstream:remoteref) refs/heads/main refs/remotes/main [6ms]
2025-04-01 04:18:05.635 [info] > git config --get commit.template [16ms]
2025-04-01 04:18:05.656 [info] > git for-each-ref --sort -committerdate --format %(refname) %(objectname) %(*objectname) [3ms]
2025-04-01 04:18:05.709 [info] > git status -z -uall [67ms]
2025-04-01 04:18:22.605 [info] > git config --get commit.template [9ms]
2025-04-01 04:18:22.607 [info] > git for-each-ref --format=%(refname)%00%(upstream:short)%00%(objectname)%00%(upstream:track)%00%(upstream:remotename)%00%(upstream:remoteref) refs/heads/main refs/remotes/main [3ms]
2025-04-01 04:18:22.631 [info] > git for-each-ref --sort -committerdate --format %(refname) %(objectname) %(*objectname) [5ms]
2025-04-01 04:18:22.684 [info] > git status -z -uall [70ms]
2025-04-01 04:24:41.886 [info] > git config --get commit.template [2ms]
2025-04-01 04:24:41.895 [info] > git for-each-ref --format=%(refname)%00%(upstream:short)%00%(objectname)%00%(upstream:track)%00%(upstream:remotename)%00%(upstream:remoteref) refs/heads/main refs/remotes/main [2ms]
2025-04-01 04:24:41.918 [info] > git for-each-ref --sort -committerdate --format %(refname) %(objectname) %(*objectname) [4ms]
2025-04-01 04:24:41.972 [info] > git status -z -uall [70ms]
2025-04-01 04:28:28.113 [info] > git config --get commit.template [9ms]
2025-04-01 04:28:28.114 [info] > git for-each-ref --format=%(refname)%00%(upstream:short)%00%(objectname)%00%(upstream:track)%00%(upstream:remotename)%00%(upstream:remoteref) refs/heads/main refs/remotes/main [3ms]
2025-04-01 04:28:28.137 [info] > git for-each-ref --sort -committerdate --format %(refname) %(objectname) %(*objectname) [4ms]
2025-04-01 04:28:28.190 [info] > git status -z -uall [67ms]
2025-04-01 04:28:33.250 [info] > git config --get commit.template [8ms]
2025-04-01 04:28:33.251 [info] > git for-each-ref --format=%(refname)%00%(upstream:short)%00%(objectname)%00%(upstream:track)%00%(upstream:remotename)%00%(upstream:remoteref) refs/heads/main refs/remotes/main [2ms]
2025-04-01 04:28:33.273 [info] > git for-each-ref --sort -committerdate --format %(refname) %(objectname) %(*objectname) [4ms]
2025-04-01 04:28:33.323 [info] > git status -z -uall [65ms]
2025-04-01 04:28:38.370 [info] > git config --get commit.template [9ms]
2025-04-01 04:28:38.372 [info] > git for-each-ref --format=%(refname)%00%(upstream:short)%00%(objectname)%00%(upstream:track)%00%(upstream:remotename)%00%(upstream:remoteref) refs/heads/main refs/remotes/main [3ms]
2025-04-01 04:28:38.394 [info] > git for-each-ref --sort -committerdate --format %(refname) %(objectname) %(*objectname) [3ms]
2025-04-01 04:28:38.446 [info] > git status -z -uall [66ms]
2025-04-01 04:28:47.356 [info] > git config --get commit.template [13ms]
2025-04-01 04:28:47.357 [info] > git for-each-ref --format=%(refname)%00%(upstream:short)%00%(objectname)%00%(upstream:track)%00%(upstream:remotename)%00%(upstream:remoteref) refs/heads/main refs/remotes/main [2ms]
2025-04-01 04:28:47.379 [info] > git for-each-ref --sort -committerdate --format %(refname) %(objectname) %(*objectname) [3ms]
2025-04-01 04:28:47.436 [info] > git status -z -uall [71ms]
2025-04-01 04:28:47.856 [info] > git check-ignore -v -z --stdin [2ms]
