Initializing document watcher...
Document watcher initialized
marty_jehng/templates/index.html: {}
marty_jehng/templates/index.html: {}
marty_jehng/templates/index.html: {}
marty_jehng/main.py: {}
marty_jehng/main.py: {}
marty_jehng/main.py: {}
marty_jehng/main.py: {}
marty_jehng/main.py: {}
marty_jehng/main.py: {}
marty_jehng/main.py: {}
marty_jehng/main.py: Using EditorConfig core...
marty_jehng/main.py: {}
marty_jehng/main.py: Using EditorConfig core...
marty_jehng/main.py: Using EditorConfig core...
marty_jehng/main.py: Using EditorConfig core...
marty_jehng/main.py: Using EditorConfig core...
marty_jehng/main.py: Using EditorConfig core...
marty_jehng/main.py: {}
marty_jehng/main.py: Using EditorConfig core...
marty_jehng/main.py: {}
marty_jehng/main.py: Using EditorConfig core...
marty_jehng/main.py: Using EditorConfig core...
marty_jehng/main.py: Using EditorConfig core...
marty_jehng/main.py: {}
marty_jehng/main.py: {}
marty_jehng/main.py: {}
marty_jehng/main.py: {}
marty_jehng/main.py: Using EditorConfig core...
marty_jehng/main.py: {}
marty_jehng/main.py: {}
marty_jehng/main.py: {}
marty_jehng/main.py: Using EditorConfig core...
marty_jehng/main.py: Using EditorConfig core...
marty_jehng/main.py: Using EditorConfig core...
marty_jehng/.git/COMMIT_EDITMSG: {}
marty_jehng/main.py: {}
