2025-04-01 14:32:04.566 [info] [main] Log level: Info
2025-04-01 14:32:04.566 [info] [main] Validating found git in: "git"
2025-04-01 14:32:04.566 [info] [main] Using git "2.43.0" from "git"
2025-04-01 14:32:04.566 [info] [Model][doInitialScan] Initial repository scan started
2025-04-01 14:32:04.566 [info] > git rev-parse --show-toplevel [3ms]
2025-04-01 14:32:04.566 [info] > git rev-parse --git-dir --git-common-dir [3ms]
2025-04-01 14:32:04.566 [info] [Model][openRepository] Opened repository: /home/marty_jehng
2025-04-01 14:32:04.566 [info] > git config --get commit.template [5ms]
2025-04-01 14:32:04.566 [info] > git rev-parse --show-toplevel [3ms]
2025-04-01 14:32:04.566 [info] > git for-each-ref --format=%(refname)%00%(upstream:short)%00%(objectname)%00%(upstream:track)%00%(upstream:remotename)%00%(upstream:remoteref) refs/heads/main refs/remotes/main [5ms]
2025-04-01 14:32:04.566 [info] > git rev-parse --show-toplevel [2ms]
2025-04-01 14:32:04.566 [info] > git rev-parse --show-toplevel [14ms]
2025-04-01 14:32:04.566 [info] > git for-each-ref --sort -committerdate --format %(refname) %(objectname) %(*objectname) [4ms]
2025-04-01 14:32:04.566 [info] > git status -z -uall [322ms]
2025-04-01 14:32:04.566 [info] > git rev-parse --show-toplevel [365ms]
2025-04-01 14:32:04.566 [info] > git for-each-ref --format=%(refname)%00%(upstream:short)%00%(objectname)%00%(upstream:track)%00%(upstream:remotename)%00%(upstream:remoteref) refs/heads/main refs/remotes/main [22ms]
2025-04-01 14:32:04.566 [info] > git rev-parse --show-toplevel [5ms]
2025-04-01 14:32:04.566 [info] > git config --get commit.template [10ms]
2025-04-01 14:32:04.566 [info] > git config --local branch.main.vscode-merge-base [14ms]
2025-04-01 14:32:04.566 [warning] [Git][config] git config failed: Failed to execute git
2025-04-01 14:32:04.566 [info] > git rev-parse --show-toplevel [302ms]
2025-04-01 14:32:04.566 [info] > git for-each-ref --format=%(refname)%00%(upstream:short)%00%(objectname)%00%(upstream:track)%00%(upstream:remotename)%00%(upstream:remoteref) refs/heads/main refs/remotes/main [307ms]
2025-04-01 14:32:04.566 [info] > git reflog main --grep-reflog=branch: Created from *. [314ms]
2025-04-01 14:32:04.575 [info] > git symbolic-ref --short refs/remotes/origin/HEAD [20ms]
2025-04-01 14:32:04.575 [info] fatal: ref refs/remotes/origin/HEAD is not a symbolic ref
2025-04-01 14:32:04.575 [warning] [Repository][getDefaultBranch] Failed to get default branch details: Failed to execute git.
2025-04-01 14:32:04.588 [info] > git merge-base refs/heads/main refs/remotes/origin/main [5ms]
2025-04-01 14:32:04.596 [info] > git rev-parse --show-toplevel [24ms]
2025-04-01 14:32:04.621 [info] > git diff --name-status -z --diff-filter=ADMR 7bf02d47bd14540f696f1d7b7776fd7b8789dbeb...refs/remotes/origin/main [26ms]
2025-04-01 14:32:04.627 [info] > git rev-parse --show-toplevel [22ms]
2025-04-01 14:32:04.631 [info] > git for-each-ref --sort -committerdate --format %(refname) %(objectname) %(*objectname) [11ms]
2025-04-01 14:32:04.649 [info] > git rev-parse --show-toplevel [4ms]
2025-04-01 14:32:04.666 [info] > git rev-parse --show-toplevel [5ms]
2025-04-01 14:32:04.684 [info] > git rev-parse --show-toplevel [6ms]
2025-04-01 14:32:04.706 [info] > git rev-parse --show-toplevel [6ms]
2025-04-01 14:32:04.707 [info] [Model][doInitialScan] Initial repository scan completed - repositories (1), closed repositories (0), parent repositories (0), unsafe repositories (0)
2025-04-01 14:32:04.778 [info] > git check-ignore -v -z --stdin [5ms]
2025-04-01 14:32:04.870 [info] > git status -z -uall [258ms]
2025-04-01 14:32:10.466 [info] > git config --get commit.template [4ms]
2025-04-01 14:32:10.490 [info] > git for-each-ref --format=%(refname)%00%(upstream:short)%00%(objectname)%00%(upstream:track)%00%(upstream:remotename)%00%(upstream:remoteref) refs/heads/main refs/remotes/main [7ms]
2025-04-01 14:32:10.547 [info] > git for-each-ref --sort -committerdate --format %(refname) %(objectname) %(*objectname) [8ms]
2025-04-01 14:32:11.104 [info] > git status -z -uall [588ms]
2025-04-01 14:32:21.206 [info] > git show --textconv :requirements.txt [755ms]
2025-04-01 14:32:21.477 [info] > git ls-files --stage -- /home/marty_jehng/requirements.txt [1000ms]
2025-04-01 14:32:21.592 [info] > git config --get commit.template [1305ms]
2025-04-01 14:32:22.455 [info] > git show --textconv :main.py [482ms]
2025-04-01 14:32:22.456 [info] > git cat-file -s 3ec0098c8261f1a6786b647359fc2b1be7662979 [892ms]
2025-04-01 14:32:22.888 [info] > git ls-files --stage -- /home/marty_jehng/main.py [810ms]
2025-04-01 14:32:22.945 [info] > git cat-file -s fa10f94d0343d51d9c386295b5e7db33526a17f5 [32ms]
2025-04-01 14:32:22.946 [info] > git for-each-ref --format=%(refname)%00%(upstream:short)%00%(objectname)%00%(upstream:track)%00%(upstream:remotename)%00%(upstream:remoteref) refs/heads/main refs/remotes/main [81ms]
2025-04-01 14:32:23.289 [info] > git for-each-ref --sort -committerdate --format %(refname) %(objectname) %(*objectname) [97ms]
2025-04-01 14:32:23.682 [info] > git status -z -uall [532ms]
2025-04-01 14:34:38.714 [info] > git config --get commit.template [19ms]
2025-04-01 14:34:38.718 [info] > git for-each-ref --format=%(refname)%00%(upstream:short)%00%(objectname)%00%(upstream:track)%00%(upstream:remotename)%00%(upstream:remoteref) refs/heads/main refs/remotes/main [8ms]
2025-04-01 14:34:38.771 [info] > git for-each-ref --sort -committerdate --format %(refname) %(objectname) %(*objectname) [12ms]
2025-04-01 14:34:39.003 [info] > git status -z -uall [267ms]
2025-04-01 14:34:43.580 [info] > git ls-files --stage -- /home/marty_jehng/Procfile [4ms]
2025-04-01 14:34:43.605 [info] > git cat-file -s 1ba043977def09b463bc26405ba8108eec86caf4 [14ms]
2025-04-01 14:34:43.608 [info] > git show --textconv :Procfile [44ms]
2025-04-01 14:34:44.166 [info] > git config --get commit.template [17ms]
2025-04-01 14:34:44.169 [info] > git for-each-ref --format=%(refname)%00%(upstream:short)%00%(objectname)%00%(upstream:track)%00%(upstream:remotename)%00%(upstream:remoteref) refs/heads/main refs/remotes/main [8ms]
2025-04-01 14:34:44.213 [info] > git for-each-ref --sort -committerdate --format %(refname) %(objectname) %(*objectname) [6ms]
2025-04-01 14:34:44.439 [info] > git status -z -uall [254ms]
2025-04-01 14:34:47.766 [info] > git show --textconv :main.py [37ms]
2025-04-01 14:34:47.774 [info] > git ls-files --stage -- /home/marty_jehng/main.py [15ms]
2025-04-01 14:34:47.797 [info] > git cat-file -s fa10f94d0343d51d9c386295b5e7db33526a17f5 [5ms]
2025-04-01 14:34:49.528 [info] > git config --get commit.template [17ms]
2025-04-01 14:34:49.533 [info] > git for-each-ref --format=%(refname)%00%(upstream:short)%00%(objectname)%00%(upstream:track)%00%(upstream:remotename)%00%(upstream:remoteref) refs/heads/main refs/remotes/main [7ms]
2025-04-01 14:34:49.585 [info] > git for-each-ref --sort -committerdate --format %(refname) %(objectname) %(*objectname) [10ms]
2025-04-01 14:34:49.783 [info] > git status -z -uall [233ms]
2025-04-01 14:34:56.688 [info] > git config --get commit.template [17ms]
2025-04-01 14:34:56.693 [info] > git for-each-ref --format=%(refname)%00%(upstream:short)%00%(objectname)%00%(upstream:track)%00%(upstream:remotename)%00%(upstream:remoteref) refs/heads/main refs/remotes/main [8ms]
2025-04-01 14:34:56.740 [info] > git for-each-ref --sort -committerdate --format %(refname) %(objectname) %(*objectname) [11ms]
2025-04-01 14:34:57.005 [info] > git status -z -uall [298ms]
2025-04-01 14:34:58.121 [info] > git show --textconv :requirements.txt [34ms]
2025-04-01 14:34:58.122 [info] > git ls-files --stage -- /home/marty_jehng/requirements.txt [15ms]
2025-04-01 14:34:58.139 [info] > git cat-file -s 3ec0098c8261f1a6786b647359fc2b1be7662979 [4ms]
2025-04-01 14:35:14.965 [info] > git show --textconv :main copy.py [22ms]
2025-04-01 14:35:14.972 [info] > git ls-files --stage -- /home/marty_jehng/main copy.py [14ms]
2025-04-01 14:35:15.672 [info] > git show --textconv :main.py [17ms]
2025-04-01 14:35:15.677 [info] > git ls-files --stage -- /home/marty_jehng/main.py [6ms]
2025-04-01 14:35:15.692 [info] > git cat-file -s fa10f94d0343d51d9c386295b5e7db33526a17f5 [2ms]
2025-04-01 14:40:03.469 [info] > git config --get commit.template [4ms]
2025-04-01 14:40:03.497 [info] > git for-each-ref --format=%(refname)%00%(upstream:short)%00%(objectname)%00%(upstream:track)%00%(upstream:remotename)%00%(upstream:remoteref) refs/heads/main refs/remotes/main [11ms]
2025-04-01 14:40:03.554 [info] > git for-each-ref --sort -committerdate --format %(refname) %(objectname) %(*objectname) [14ms]
2025-04-01 14:40:03.776 [info] > git status -z -uall [262ms]
2025-04-01 14:40:08.908 [info] > git config --get commit.template [18ms]
2025-04-01 14:40:08.912 [info] > git for-each-ref --format=%(refname)%00%(upstream:short)%00%(objectname)%00%(upstream:track)%00%(upstream:remotename)%00%(upstream:remoteref) refs/heads/main refs/remotes/main [6ms]
2025-04-01 14:40:08.954 [info] > git for-each-ref --sort -committerdate --format %(refname) %(objectname) %(*objectname) [8ms]
2025-04-01 14:40:09.156 [info] > git status -z -uall [228ms]
2025-04-01 14:40:55.061 [info] > git config --get commit.template [6ms]
2025-04-01 14:40:55.081 [info] > git for-each-ref --format=%(refname)%00%(upstream:short)%00%(objectname)%00%(upstream:track)%00%(upstream:remotename)%00%(upstream:remoteref) refs/heads/main refs/remotes/main [3ms]
2025-04-01 14:40:55.128 [info] > git for-each-ref --sort -committerdate --format %(refname) %(objectname) %(*objectname) [9ms]
2025-04-01 14:40:55.346 [info] > git status -z -uall [251ms]
2025-04-01 14:41:00.467 [info] > git config --get commit.template [15ms]
2025-04-01 14:41:00.472 [info] > git for-each-ref --format=%(refname)%00%(upstream:short)%00%(objectname)%00%(upstream:track)%00%(upstream:remotename)%00%(upstream:remoteref) refs/heads/main refs/remotes/main [7ms]
2025-04-01 14:41:00.523 [info] > git for-each-ref --sort -committerdate --format %(refname) %(objectname) %(*objectname) [7ms]
2025-04-01 14:41:00.732 [info] > git status -z -uall [245ms]
2025-04-01 14:43:54.089 [info] > git for-each-ref --format=%(refname)%00%(upstream:short)%00%(objectname)%00%(upstream:track)%00%(upstream:remotename)%00%(upstream:remoteref) refs/heads/main refs/remotes/main [8ms]
2025-04-01 14:43:54.092 [info] > git config --get commit.template [72ms]
2025-04-01 14:43:54.220 [info] > git for-each-ref --sort -committerdate --format %(refname) %(objectname) %(*objectname) [8ms]
2025-04-01 14:43:54.427 [info] > git status -z -uall [262ms]
2025-04-01 14:43:59.600 [info] > git for-each-ref --format=%(refname)%00%(upstream:short)%00%(objectname)%00%(upstream:track)%00%(upstream:remotename)%00%(upstream:remoteref) refs/heads/main refs/remotes/main [23ms]
2025-04-01 14:43:59.601 [info] > git config --get commit.template [47ms]
2025-04-01 14:43:59.646 [info] > git for-each-ref --sort -committerdate --format %(refname) %(objectname) %(*objectname) [8ms]
2025-04-01 14:43:59.950 [info] > git status -z -uall [333ms]
2025-04-01 14:45:15.380 [info] > git check-ignore -v -z --stdin [7ms]
2025-04-01 14:45:17.192 [info] > git show --textconv :uploads/20250401-024304PM.wav.txt [22ms]
2025-04-01 14:45:17.198 [info] > git ls-files --stage -- /home/marty_jehng/uploads/20250401-024304PM.wav.txt [7ms]
2025-04-01 14:45:23.759 [info] > git show --textconv :main.py [20ms]
2025-04-01 14:45:23.765 [info] > git ls-files --stage -- /home/marty_jehng/main.py [10ms]
2025-04-01 14:45:23.783 [info] > git cat-file -s fa10f94d0343d51d9c386295b5e7db33526a17f5 [3ms]
2025-04-01 14:45:27.476 [info] > git show --textconv :templates/index.html [74ms]
2025-04-01 14:45:27.477 [info] > git ls-files --stage -- /home/marty_jehng/templates/index.html [58ms]
2025-04-01 14:45:27.524 [info] > git cat-file -s 669b09e241b4e46af6cb71d78701ec397bd26412 [8ms]
2025-04-01 14:46:14.048 [info] > git config --get commit.template [4ms]
2025-04-01 14:46:14.069 [info] > git for-each-ref --format=%(refname)%00%(upstream:short)%00%(objectname)%00%(upstream:track)%00%(upstream:remotename)%00%(upstream:remoteref) refs/heads/main refs/remotes/main [6ms]
2025-04-01 14:46:14.110 [info] > git for-each-ref --sort -committerdate --format %(refname) %(objectname) %(*objectname) [13ms]
2025-04-01 14:46:14.326 [info] > git status -z -uall [244ms]
2025-04-01 14:46:19.455 [info] > git config --get commit.template [1ms]
2025-04-01 14:46:19.470 [info] > git for-each-ref --format=%(refname)%00%(upstream:short)%00%(objectname)%00%(upstream:track)%00%(upstream:remotename)%00%(upstream:remoteref) refs/heads/main refs/remotes/main [4ms]
2025-04-01 14:46:19.512 [info] > git for-each-ref --sort -committerdate --format %(refname) %(objectname) %(*objectname) [9ms]
2025-04-01 14:46:19.721 [info] > git status -z -uall [238ms]
2025-04-01 14:46:21.082 [info] > git show --textconv :uploads/20250401-024304PM.wav.txt [17ms]
2025-04-01 14:46:21.087 [info] > git ls-files --stage -- /home/marty_jehng/uploads/20250401-024304PM.wav.txt [7ms]
2025-04-01 14:46:23.000 [info] > git show --textconv :main.py [19ms]
2025-04-01 14:46:23.007 [info] > git ls-files --stage -- /home/marty_jehng/main.py [11ms]
2025-04-01 14:46:23.033 [info] > git cat-file -s fa10f94d0343d51d9c386295b5e7db33526a17f5 [5ms]
2025-04-01 14:46:24.798 [info] > git config --get commit.template [15ms]
2025-04-01 14:46:24.801 [info] > git for-each-ref --format=%(refname)%00%(upstream:short)%00%(objectname)%00%(upstream:track)%00%(upstream:remotename)%00%(upstream:remoteref) refs/heads/main refs/remotes/main [5ms]
2025-04-01 14:46:24.839 [info] > git for-each-ref --sort -committerdate --format %(refname) %(objectname) %(*objectname) [9ms]
2025-04-01 14:46:25.066 [info] > git status -z -uall [252ms]
2025-04-01 14:46:30.154 [info] > git config --get commit.template [24ms]
2025-04-01 14:46:30.160 [info] > git for-each-ref --format=%(refname)%00%(upstream:short)%00%(objectname)%00%(upstream:track)%00%(upstream:remotename)%00%(upstream:remoteref) refs/heads/main refs/remotes/main [7ms]
2025-04-01 14:46:30.241 [info] > git for-each-ref --sort -committerdate --format %(refname) %(objectname) %(*objectname) [8ms]
2025-04-01 14:46:30.633 [info] > git status -z -uall [444ms]
2025-04-01 14:46:35.761 [info] > git config --get commit.template [15ms]
2025-04-01 14:46:35.768 [info] > git for-each-ref --format=%(refname)%00%(upstream:short)%00%(objectname)%00%(upstream:track)%00%(upstream:remotename)%00%(upstream:remoteref) refs/heads/main refs/remotes/main [5ms]
2025-04-01 14:46:35.814 [info] > git for-each-ref --sort -committerdate --format %(refname) %(objectname) %(*objectname) [6ms]
2025-04-01 14:46:36.142 [info] > git status -z -uall [355ms]
2025-04-01 14:46:41.222 [info] > git config --get commit.template [17ms]
2025-04-01 14:46:41.226 [info] > git for-each-ref --format=%(refname)%00%(upstream:short)%00%(objectname)%00%(upstream:track)%00%(upstream:remotename)%00%(upstream:remoteref) refs/heads/main refs/remotes/main [5ms]
2025-04-01 14:46:41.276 [info] > git for-each-ref --sort -committerdate --format %(refname) %(objectname) %(*objectname) [5ms]
2025-04-01 14:46:41.493 [info] > git status -z -uall [252ms]
2025-04-01 14:46:46.597 [info] > git config --get commit.template [20ms]
2025-04-01 14:46:46.598 [info] > git for-each-ref --format=%(refname)%00%(upstream:short)%00%(objectname)%00%(upstream:track)%00%(upstream:remotename)%00%(upstream:remoteref) refs/heads/main refs/remotes/main [5ms]
2025-04-01 14:46:46.641 [info] > git for-each-ref --sort -committerdate --format %(refname) %(objectname) %(*objectname) [7ms]
2025-04-01 14:46:46.859 [info] > git status -z -uall [248ms]
2025-04-01 14:46:51.926 [info] > git config --get commit.template [17ms]
2025-04-01 14:46:51.931 [info] > git for-each-ref --format=%(refname)%00%(upstream:short)%00%(objectname)%00%(upstream:track)%00%(upstream:remotename)%00%(upstream:remoteref) refs/heads/main refs/remotes/main [6ms]
2025-04-01 14:46:51.975 [info] > git for-each-ref --sort -committerdate --format %(refname) %(objectname) %(*objectname) [9ms]
2025-04-01 14:46:52.200 [info] > git status -z -uall [253ms]
2025-04-01 14:46:57.264 [info] > git config --get commit.template [15ms]
2025-04-01 14:46:57.268 [info] > git for-each-ref --format=%(refname)%00%(upstream:short)%00%(objectname)%00%(upstream:track)%00%(upstream:remotename)%00%(upstream:remoteref) refs/heads/main refs/remotes/main [5ms]
2025-04-01 14:46:57.320 [info] > git for-each-ref --sort -committerdate --format %(refname) %(objectname) %(*objectname) [9ms]
2025-04-01 14:46:57.540 [info] > git status -z -uall [258ms]
2025-04-01 14:47:02.675 [info] > git config --get commit.template [3ms]
2025-04-01 14:47:02.693 [info] > git for-each-ref --format=%(refname)%00%(upstream:short)%00%(objectname)%00%(upstream:track)%00%(upstream:remotename)%00%(upstream:remoteref) refs/heads/main refs/remotes/main [6ms]
2025-04-01 14:47:02.741 [info] > git for-each-ref --sort -committerdate --format %(refname) %(objectname) %(*objectname) [7ms]
2025-04-01 14:47:02.960 [info] > git status -z -uall [255ms]
2025-04-01 14:47:08.046 [info] > git config --get commit.template [19ms]
2025-04-01 14:47:08.048 [info] > git for-each-ref --format=%(refname)%00%(upstream:short)%00%(objectname)%00%(upstream:track)%00%(upstream:remotename)%00%(upstream:remoteref) refs/heads/main refs/remotes/main [6ms]
2025-04-01 14:47:08.096 [info] > git for-each-ref --sort -committerdate --format %(refname) %(objectname) %(*objectname) [6ms]
2025-04-01 14:47:08.313 [info] > git status -z -uall [244ms]
2025-04-01 14:47:11.652 [info] > git show --textconv :main.py [30ms]
2025-04-01 14:47:11.657 [info] > git ls-files --stage -- /home/marty_jehng/main.py [8ms]
2025-04-01 14:47:11.671 [info] > git cat-file -s fa10f94d0343d51d9c386295b5e7db33526a17f5 [2ms]
2025-04-01 14:47:18.642 [info] > git config --get commit.template [13ms]
2025-04-01 14:47:18.646 [info] > git for-each-ref --format=%(refname)%00%(upstream:short)%00%(objectname)%00%(upstream:track)%00%(upstream:remotename)%00%(upstream:remoteref) refs/heads/main refs/remotes/main [5ms]
2025-04-01 14:47:18.687 [info] > git for-each-ref --sort -committerdate --format %(refname) %(objectname) %(*objectname) [6ms]
2025-04-01 14:47:18.890 [info] > git status -z -uall [232ms]
2025-04-01 14:47:26.715 [info] > git config --get commit.template [3ms]
2025-04-01 14:47:26.737 [info] > git for-each-ref --format=%(refname)%00%(upstream:short)%00%(objectname)%00%(upstream:track)%00%(upstream:remotename)%00%(upstream:remoteref) refs/heads/main refs/remotes/main [7ms]
2025-04-01 14:47:26.781 [info] > git for-each-ref --sort -committerdate --format %(refname) %(objectname) %(*objectname) [10ms]
2025-04-01 14:47:27.010 [info] > git status -z -uall [256ms]
2025-04-01 14:47:32.093 [info] > git config --get commit.template [23ms]
2025-04-01 14:47:32.097 [info] > git for-each-ref --format=%(refname)%00%(upstream:short)%00%(objectname)%00%(upstream:track)%00%(upstream:remotename)%00%(upstream:remoteref) refs/heads/main refs/remotes/main [5ms]
2025-04-01 14:47:32.132 [info] > git for-each-ref --sort -committerdate --format %(refname) %(objectname) %(*objectname) [6ms]
2025-04-01 14:47:32.353 [info] > git status -z -uall [243ms]
2025-04-01 14:47:37.421 [info] > git config --get commit.template [15ms]
2025-04-01 14:47:37.423 [info] > git for-each-ref --format=%(refname)%00%(upstream:short)%00%(objectname)%00%(upstream:track)%00%(upstream:remotename)%00%(upstream:remoteref) refs/heads/main refs/remotes/main [4ms]
2025-04-01 14:47:37.464 [info] > git for-each-ref --sort -committerdate --format %(refname) %(objectname) %(*objectname) [6ms]
2025-04-01 14:47:37.685 [info] > git status -z -uall [251ms]
2025-04-01 14:47:48.365 [info] > git config --get commit.template [26ms]
2025-04-01 14:47:48.367 [info] > git for-each-ref --format=%(refname)%00%(upstream:short)%00%(objectname)%00%(upstream:track)%00%(upstream:remotename)%00%(upstream:remoteref) refs/heads/main refs/remotes/main [10ms]
2025-04-01 14:47:48.418 [info] > git for-each-ref --sort -committerdate --format %(refname) %(objectname) %(*objectname) [8ms]
2025-04-01 14:47:48.622 [info] > git status -z -uall [242ms]
