2025-04-01 04:29:35.162 [info] Extension host with pid 2105 started
2025-04-01 04:29:35.176 [info] Lock '/home/marty_jehng/.codeoss/data/User/workspaceStorage/-116e28db/vscode.lock': Lock acquired.
2025-04-01 04:29:36.241 [info] ExtensionService#_doActivateExtension vscode.emmet, startup: false, activationEvent: 'onLanguage'
2025-04-01 04:29:36.242 [info] ExtensionService#_doActivateExtension ms-python.python, startup: false, activationEvent: 'onLanguage:python'
2025-04-01 04:29:36.731 [error] Error: spawn /google/devshell/editor/code-oss-for-cloud-shell/extensions/ms-python.python/python-env-tools/bin/pet ENOENT
	at ChildProcess._handle.onexit (node:internal/child_process:286:19)
	at onErrorNT (node:internal/child_process:484:16)
	at process.processTicksAndRejections (node:internal/process/task_queues:82:21)
2025-04-01 04:29:36.854 [info] ExtensionService#_doActivateExtension vscode.git-base, startup: true, activationEvent: '*', root cause: vscode.git
2025-04-01 04:29:36.958 [info] ExtensionService#_doActivateExtension vscode.git, startup: true, activationEvent: '*'
2025-04-01 04:29:36.959 [info] ExtensionService#_doActivateExtension vscode.github, startup: true, activationEvent: '*'
2025-04-01 04:29:37.291 [info] ExtensionService#_doActivateExtension redhat.fabric8-analytics, startup: true, activationEvent: 'workspaceContains:**/package.json,**/pom.xml,**/go.mod,**/requirements.txt,**/build.gradle,**/Dockerfile,**/Containerfile'
2025-04-01 04:29:37.613 [info] Eager extensions activated
2025-04-01 04:29:37.614 [info] ExtensionService#_doActivateExtension EditorConfig.EditorConfig, startup: false, activationEvent: 'onStartupFinished'
2025-04-01 04:29:37.614 [info] ExtensionService#_doActivateExtension google.cloud-shell, startup: false, activationEvent: 'onStartupFinished'
2025-04-01 04:29:37.615 [info] ExtensionService#_doActivateExtension google.geminicodeassist, startup: false, activationEvent: 'onStartupFinished', root cause: googlecloudtools.cloudcode
2025-04-01 04:29:37.615 [info] ExtensionService#_doActivateExtension vscode.debug-auto-launch, startup: false, activationEvent: 'onStartupFinished'
2025-04-01 04:29:37.616 [info] ExtensionService#_doActivateExtension vscode.merge-conflict, startup: false, activationEvent: 'onStartupFinished'
2025-04-01 04:29:40.848 [warning] [Decorations] CAPPING events from decorations provider vscode.git 781
2025-04-01 04:29:41.246 [info] ExtensionService#_doActivateExtension vscode.configuration-editing, startup: false, activationEvent: 'onLanguage:jsonc'
2025-04-01 04:29:41.247 [info] ExtensionService#_doActivateExtension vscode.json-language-features, startup: false, activationEvent: 'onLanguage:jsonc'
2025-04-01 04:29:41.247 [info] ExtensionService#_doActivateExtension vscode.typescript-language-features, startup: false, activationEvent: 'onLanguage:jsonc'
2025-04-01 04:29:41.250 [info] ExtensionService#_doActivateExtension vscode.github-authentication, startup: false, activationEvent: 'onAuthenticationRequest:github'
2025-04-01 04:29:42.038 [error] unauthorized. cloudshell.authorize {"value":"google.cloud-shell","_lower":"google.cloud-shell"}
2025-04-01 04:29:42.134 [info] ExtensionService#_doActivateExtension googlecloudtools.cloudcode, startup: false, activationEvent: 'onStartupFinished'
2025-04-01 04:29:45.100 [warning] [Decorations] CAPPING events from decorations provider vscode.git 784
2025-04-01 04:29:46.608 [warning] [Decorations] CAPPING events from decorations provider vscode.git 788
2025-04-01 04:30:46.444 [warning] [Decorations] CAPPING events from decorations provider vscode.git 789
2025-04-01 04:34:17.278 [warning] [Decorations] CAPPING events from decorations provider vscode.git 781
2025-04-01 04:34:22.427 [warning] [Decorations] CAPPING events from decorations provider vscode.git 780
2025-04-01 04:34:27.589 [warning] [Decorations] CAPPING events from decorations provider vscode.git 780
2025-04-01 04:34:32.726 [warning] [Decorations] CAPPING events from decorations provider vscode.git 780
2025-04-01 04:34:37.859 [warning] [Decorations] CAPPING events from decorations provider vscode.git 780
2025-04-01 04:34:42.985 [warning] [Decorations] CAPPING events from decorations provider vscode.git 780
2025-04-01 04:34:48.104 [warning] [Decorations] CAPPING events from decorations provider vscode.git 780
2025-04-01 04:34:53.238 [warning] [Decorations] CAPPING events from decorations provider vscode.git 780
2025-04-01 04:34:58.365 [warning] [Decorations] CAPPING events from decorations provider vscode.git 780
2025-04-01 04:35:03.481 [warning] [Decorations] CAPPING events from decorations provider vscode.git 780
2025-04-01 04:35:08.598 [warning] [Decorations] CAPPING events from decorations provider vscode.git 780
2025-04-01 04:35:13.716 [warning] [Decorations] CAPPING events from decorations provider vscode.git 780
2025-04-01 04:35:18.832 [warning] [Decorations] CAPPING events from decorations provider vscode.git 780
2025-04-01 04:35:23.961 [warning] [Decorations] CAPPING events from decorations provider vscode.git 780
2025-04-01 04:35:29.078 [warning] [Decorations] CAPPING events from decorations provider vscode.git 780
2025-04-01 04:35:34.194 [warning] [Decorations] CAPPING events from decorations provider vscode.git 780
2025-04-01 04:35:39.777 [warning] [Decorations] CAPPING events from decorations provider vscode.git 780
2025-04-01 04:35:44.909 [warning] [Decorations] CAPPING events from decorations provider vscode.git 780
2025-04-01 04:35:50.026 [warning] [Decorations] CAPPING events from decorations provider vscode.git 780
2025-04-01 04:35:55.149 [warning] [Decorations] CAPPING events from decorations provider vscode.git 780
2025-04-01 04:36:00.268 [warning] [Decorations] CAPPING events from decorations provider vscode.git 780
2025-04-01 04:36:05.395 [warning] [Decorations] CAPPING events from decorations provider vscode.git 780
2025-04-01 04:36:10.526 [warning] [Decorations] CAPPING events from decorations provider vscode.git 780
2025-04-01 04:36:15.644 [warning] [Decorations] CAPPING events from decorations provider vscode.git 780
2025-04-01 04:36:20.762 [warning] [Decorations] CAPPING events from decorations provider vscode.git 780
2025-04-01 04:36:25.880 [warning] [Decorations] CAPPING events from decorations provider vscode.git 780
2025-04-01 04:36:30.998 [warning] [Decorations] CAPPING events from decorations provider vscode.git 780
2025-04-01 04:36:36.120 [warning] [Decorations] CAPPING events from decorations provider vscode.git 780
2025-04-01 04:36:41.240 [warning] [Decorations] CAPPING events from decorations provider vscode.git 780
2025-04-01 04:36:46.373 [warning] [Decorations] CAPPING events from decorations provider vscode.git 780
2025-04-01 04:36:51.496 [warning] [Decorations] CAPPING events from decorations provider vscode.git 780
2025-04-01 04:36:56.620 [warning] [Decorations] CAPPING events from decorations provider vscode.git 780
2025-04-01 04:37:01.742 [warning] [Decorations] CAPPING events from decorations provider vscode.git 780
2025-04-01 04:37:06.863 [warning] [Decorations] CAPPING events from decorations provider vscode.git 780
2025-04-01 04:37:11.988 [warning] [Decorations] CAPPING events from decorations provider vscode.git 780
2025-04-01 04:37:17.112 [warning] [Decorations] CAPPING events from decorations provider vscode.git 780
2025-04-01 04:37:22.239 [warning] [Decorations] CAPPING events from decorations provider vscode.git 780
2025-04-01 04:37:27.357 [warning] [Decorations] CAPPING events from decorations provider vscode.git 780
2025-04-01 04:37:32.474 [warning] [Decorations] CAPPING events from decorations provider vscode.git 780
2025-04-01 04:37:37.591 [warning] [Decorations] CAPPING events from decorations provider vscode.git 780
2025-04-01 04:37:42.712 [warning] [Decorations] CAPPING events from decorations provider vscode.git 780
2025-04-01 04:37:47.835 [warning] [Decorations] CAPPING events from decorations provider vscode.git 780
2025-04-01 04:37:52.963 [warning] [Decorations] CAPPING events from decorations provider vscode.git 780
2025-04-01 04:37:58.090 [warning] [Decorations] CAPPING events from decorations provider vscode.git 780
2025-04-01 04:38:03.211 [warning] [Decorations] CAPPING events from decorations provider vscode.git 780
2025-04-01 04:38:08.337 [warning] [Decorations] CAPPING events from decorations provider vscode.git 780
2025-04-01 04:38:13.455 [warning] [Decorations] CAPPING events from decorations provider vscode.git 780
2025-04-01 04:38:18.576 [warning] [Decorations] CAPPING events from decorations provider vscode.git 780
2025-04-01 04:38:23.695 [warning] [Decorations] CAPPING events from decorations provider vscode.git 780
2025-04-01 04:38:28.827 [warning] [Decorations] CAPPING events from decorations provider vscode.git 780
2025-04-01 04:38:33.949 [warning] [Decorations] CAPPING events from decorations provider vscode.git 780
2025-04-01 04:38:39.083 [warning] [Decorations] CAPPING events from decorations provider vscode.git 780
2025-04-01 04:38:44.203 [warning] [Decorations] CAPPING events from decorations provider vscode.git 780
2025-04-01 04:38:49.329 [warning] [Decorations] CAPPING events from decorations provider vscode.git 780
2025-04-01 04:38:54.446 [warning] [Decorations] CAPPING events from decorations provider vscode.git 780
2025-04-01 04:38:59.562 [warning] [Decorations] CAPPING events from decorations provider vscode.git 780
2025-04-01 04:39:04.677 [warning] [Decorations] CAPPING events from decorations provider vscode.git 780
2025-04-01 04:39:09.792 [warning] [Decorations] CAPPING events from decorations provider vscode.git 780
2025-04-01 04:39:14.919 [warning] [Decorations] CAPPING events from decorations provider vscode.git 780
2025-04-01 04:39:20.047 [warning] [Decorations] CAPPING events from decorations provider vscode.git 780
2025-04-01 04:39:25.167 [warning] [Decorations] CAPPING events from decorations provider vscode.git 780
2025-04-01 04:39:30.291 [warning] [Decorations] CAPPING events from decorations provider vscode.git 780
2025-04-01 04:39:35.407 [warning] [Decorations] CAPPING events from decorations provider vscode.git 780
2025-04-01 04:39:40.522 [warning] [Decorations] CAPPING events from decorations provider vscode.git 780
2025-04-01 04:39:45.638 [warning] [Decorations] CAPPING events from decorations provider vscode.git 780
2025-04-01 04:39:50.768 [warning] [Decorations] CAPPING events from decorations provider vscode.git 780
2025-04-01 04:39:55.884 [warning] [Decorations] CAPPING events from decorations provider vscode.git 780
2025-04-01 04:40:01.013 [warning] [Decorations] CAPPING events from decorations provider vscode.git 780
2025-04-01 04:40:06.138 [warning] [Decorations] CAPPING events from decorations provider vscode.git 780
2025-04-01 04:40:11.260 [warning] [Decorations] CAPPING events from decorations provider vscode.git 780
2025-04-01 04:40:16.382 [warning] [Decorations] CAPPING events from decorations provider vscode.git 780
2025-04-01 04:40:21.502 [warning] [Decorations] CAPPING events from decorations provider vscode.git 780
2025-04-01 04:40:26.618 [warning] [Decorations] CAPPING events from decorations provider vscode.git 780
2025-04-01 04:40:31.739 [warning] [Decorations] CAPPING events from decorations provider vscode.git 780
2025-04-01 04:40:36.859 [warning] [Decorations] CAPPING events from decorations provider vscode.git 780
2025-04-01 04:40:41.976 [warning] [Decorations] CAPPING events from decorations provider vscode.git 780
2025-04-01 04:40:47.091 [warning] [Decorations] CAPPING events from decorations provider vscode.git 780
2025-04-01 04:40:52.206 [warning] [Decorations] CAPPING events from decorations provider vscode.git 780
2025-04-01 04:40:57.321 [warning] [Decorations] CAPPING events from decorations provider vscode.git 780
2025-04-01 04:41:02.436 [warning] [Decorations] CAPPING events from decorations provider vscode.git 780
2025-04-01 04:41:07.555 [warning] [Decorations] CAPPING events from decorations provider vscode.git 780
2025-04-01 04:41:12.672 [warning] [Decorations] CAPPING events from decorations provider vscode.git 780
2025-04-01 04:41:17.792 [warning] [Decorations] CAPPING events from decorations provider vscode.git 780
2025-04-01 04:41:22.911 [warning] [Decorations] CAPPING events from decorations provider vscode.git 780
2025-04-01 04:41:28.038 [warning] [Decorations] CAPPING events from decorations provider vscode.git 780
2025-04-01 04:41:33.158 [warning] [Decorations] CAPPING events from decorations provider vscode.git 780
2025-04-01 04:41:38.290 [warning] [Decorations] CAPPING events from decorations provider vscode.git 780
2025-04-01 04:41:43.434 [warning] [Decorations] CAPPING events from decorations provider vscode.git 780
2025-04-01 04:41:48.554 [warning] [Decorations] CAPPING events from decorations provider vscode.git 780
2025-04-01 04:41:53.672 [warning] [Decorations] CAPPING events from decorations provider vscode.git 780
2025-04-01 04:41:58.793 [warning] [Decorations] CAPPING events from decorations provider vscode.git 780
2025-04-01 04:42:03.909 [warning] [Decorations] CAPPING events from decorations provider vscode.git 780
2025-04-01 04:42:09.026 [warning] [Decorations] CAPPING events from decorations provider vscode.git 780
2025-04-01 04:42:14.153 [warning] [Decorations] CAPPING events from decorations provider vscode.git 780
2025-04-01 04:42:19.274 [warning] [Decorations] CAPPING events from decorations provider vscode.git 780
2025-04-01 04:42:24.399 [warning] [Decorations] CAPPING events from decorations provider vscode.git 780
2025-04-01 04:42:29.518 [warning] [Decorations] CAPPING events from decorations provider vscode.git 780
2025-04-01 04:42:34.744 [warning] [Decorations] CAPPING events from decorations provider vscode.git 780
2025-04-01 04:42:39.875 [warning] [Decorations] CAPPING events from decorations provider vscode.git 780
2025-04-01 04:42:44.998 [warning] [Decorations] CAPPING events from decorations provider vscode.git 780
2025-04-01 04:42:50.120 [warning] [Decorations] CAPPING events from decorations provider vscode.git 780
2025-04-01 04:42:55.245 [warning] [Decorations] CAPPING events from decorations provider vscode.git 780
2025-04-01 04:43:00.369 [warning] [Decorations] CAPPING events from decorations provider vscode.git 780
2025-04-01 04:43:05.488 [warning] [Decorations] CAPPING events from decorations provider vscode.git 780
2025-04-01 04:43:10.618 [warning] [Decorations] CAPPING events from decorations provider vscode.git 780
2025-04-01 04:43:15.747 [warning] [Decorations] CAPPING events from decorations provider vscode.git 780
2025-04-01 04:43:20.863 [warning] [Decorations] CAPPING events from decorations provider vscode.git 780
2025-04-01 04:43:25.979 [warning] [Decorations] CAPPING events from decorations provider vscode.git 780
2025-04-01 04:43:31.100 [warning] [Decorations] CAPPING events from decorations provider vscode.git 780
2025-04-01 04:43:36.216 [warning] [Decorations] CAPPING events from decorations provider vscode.git 780
2025-04-01 04:43:41.330 [warning] [Decorations] CAPPING events from decorations provider vscode.git 780
2025-04-01 04:43:46.448 [warning] [Decorations] CAPPING events from decorations provider vscode.git 780
2025-04-01 04:43:51.562 [warning] [Decorations] CAPPING events from decorations provider vscode.git 780
2025-04-01 04:43:56.684 [warning] [Decorations] CAPPING events from decorations provider vscode.git 780
2025-04-01 04:44:01.804 [warning] [Decorations] CAPPING events from decorations provider vscode.git 780
2025-04-01 04:44:06.924 [warning] [Decorations] CAPPING events from decorations provider vscode.git 780
2025-04-01 04:44:12.040 [warning] [Decorations] CAPPING events from decorations provider vscode.git 780
2025-04-01 04:44:17.202 [warning] [Decorations] CAPPING events from decorations provider vscode.git 780
2025-04-01 04:44:22.333 [warning] [Decorations] CAPPING events from decorations provider vscode.git 780
2025-04-01 04:44:27.460 [warning] [Decorations] CAPPING events from decorations provider vscode.git 780
2025-04-01 04:44:32.576 [warning] [Decorations] CAPPING events from decorations provider vscode.git 780
2025-04-01 04:44:37.696 [warning] [Decorations] CAPPING events from decorations provider vscode.git 780
2025-04-01 04:44:42.812 [warning] [Decorations] CAPPING events from decorations provider vscode.git 780
2025-04-01 04:44:48.016 [warning] [Decorations] CAPPING events from decorations provider vscode.git 780
2025-04-01 04:44:53.140 [warning] [Decorations] CAPPING events from decorations provider vscode.git 780
2025-04-01 04:44:58.259 [warning] [Decorations] CAPPING events from decorations provider vscode.git 780
2025-04-01 04:45:03.379 [warning] [Decorations] CAPPING events from decorations provider vscode.git 780
2025-04-01 04:45:08.501 [warning] [Decorations] CAPPING events from decorations provider vscode.git 780
2025-04-01 04:45:48.578 [warning] [Decorations] CAPPING events from decorations provider vscode.git 780
2025-04-01 04:45:53.769 [warning] [Decorations] CAPPING events from decorations provider vscode.git 780
2025-04-01 04:45:58.900 [warning] [Decorations] CAPPING events from decorations provider vscode.git 780
2025-04-01 04:46:04.026 [warning] [Decorations] CAPPING events from decorations provider vscode.git 780
2025-04-01 04:46:09.152 [warning] [Decorations] CAPPING events from decorations provider vscode.git 780
2025-04-01 04:46:14.268 [warning] [Decorations] CAPPING events from decorations provider vscode.git 780
2025-04-01 04:46:19.393 [warning] [Decorations] CAPPING events from decorations provider vscode.git 780
2025-04-01 04:46:24.516 [warning] [Decorations] CAPPING events from decorations provider vscode.git 780
2025-04-01 04:46:29.643 [warning] [Decorations] CAPPING events from decorations provider vscode.git 780
2025-04-01 04:46:34.764 [warning] [Decorations] CAPPING events from decorations provider vscode.git 780
2025-04-01 04:46:39.882 [warning] [Decorations] CAPPING events from decorations provider vscode.git 780
2025-04-01 04:46:44.997 [warning] [Decorations] CAPPING events from decorations provider vscode.git 780
2025-04-01 04:46:50.115 [warning] [Decorations] CAPPING events from decorations provider vscode.git 780
2025-04-01 04:46:55.232 [warning] [Decorations] CAPPING events from decorations provider vscode.git 780
2025-04-01 04:47:00.361 [warning] [Decorations] CAPPING events from decorations provider vscode.git 780
2025-04-01 04:47:05.487 [warning] [Decorations] CAPPING events from decorations provider vscode.git 780
2025-04-01 04:47:11.015 [warning] [Decorations] CAPPING events from decorations provider vscode.git 780
2025-04-01 04:47:16.137 [warning] [Decorations] CAPPING events from decorations provider vscode.git 780
2025-04-01 04:47:21.265 [warning] [Decorations] CAPPING events from decorations provider vscode.git 780
2025-04-01 04:47:26.388 [warning] [Decorations] CAPPING events from decorations provider vscode.git 780
2025-04-01 04:47:31.515 [warning] [Decorations] CAPPING events from decorations provider vscode.git 780
2025-04-01 04:47:36.649 [warning] [Decorations] CAPPING events from decorations provider vscode.git 780
2025-04-01 04:47:41.776 [warning] [Decorations] CAPPING events from decorations provider vscode.git 780
2025-04-01 04:47:46.903 [warning] [Decorations] CAPPING events from decorations provider vscode.git 780
2025-04-01 04:47:52.027 [warning] [Decorations] CAPPING events from decorations provider vscode.git 780
2025-04-01 04:47:57.182 [warning] [Decorations] CAPPING events from decorations provider vscode.git 780
2025-04-01 04:48:02.305 [warning] [Decorations] CAPPING events from decorations provider vscode.git 780
2025-04-01 04:48:07.424 [warning] [Decorations] CAPPING events from decorations provider vscode.git 780
2025-04-01 04:48:12.548 [warning] [Decorations] CAPPING events from decorations provider vscode.git 780
2025-04-01 04:48:17.675 [warning] [Decorations] CAPPING events from decorations provider vscode.git 780
2025-04-01 04:48:22.792 [warning] [Decorations] CAPPING events from decorations provider vscode.git 780
2025-04-01 04:48:27.908 [warning] [Decorations] CAPPING events from decorations provider vscode.git 780
2025-04-01 04:48:33.023 [warning] [Decorations] CAPPING events from decorations provider vscode.git 780
2025-04-01 04:48:38.140 [warning] [Decorations] CAPPING events from decorations provider vscode.git 780
2025-04-01 04:48:43.255 [warning] [Decorations] CAPPING events from decorations provider vscode.git 780
2025-04-01 04:48:48.381 [warning] [Decorations] CAPPING events from decorations provider vscode.git 780
2025-04-01 04:48:53.495 [warning] [Decorations] CAPPING events from decorations provider vscode.git 780
2025-04-01 04:48:58.617 [warning] [Decorations] CAPPING events from decorations provider vscode.git 780
2025-04-01 04:49:03.733 [warning] [Decorations] CAPPING events from decorations provider vscode.git 780
2025-04-01 04:49:08.860 [warning] [Decorations] CAPPING events from decorations provider vscode.git 780
2025-04-01 04:49:13.988 [warning] [Decorations] CAPPING events from decorations provider vscode.git 780
2025-04-01 04:49:19.119 [warning] [Decorations] CAPPING events from decorations provider vscode.git 780
2025-04-01 04:49:24.246 [warning] [Decorations] CAPPING events from decorations provider vscode.git 780
2025-04-01 04:49:29.365 [warning] [Decorations] CAPPING events from decorations provider vscode.git 780
2025-04-01 04:49:34.491 [warning] [Decorations] CAPPING events from decorations provider vscode.git 780
2025-04-01 04:49:39.611 [warning] [Decorations] CAPPING events from decorations provider vscode.git 780
2025-04-01 04:49:44.726 [warning] [Decorations] CAPPING events from decorations provider vscode.git 780
2025-04-01 04:49:49.849 [warning] [Decorations] CAPPING events from decorations provider vscode.git 780
2025-04-01 04:49:54.976 [warning] [Decorations] CAPPING events from decorations provider vscode.git 780
2025-04-01 04:50:00.099 [warning] [Decorations] CAPPING events from decorations provider vscode.git 780
2025-04-01 04:50:05.221 [warning] [Decorations] CAPPING events from decorations provider vscode.git 780
2025-04-01 04:50:10.355 [warning] [Decorations] CAPPING events from decorations provider vscode.git 780
2025-04-01 04:50:15.484 [warning] [Decorations] CAPPING events from decorations provider vscode.git 780
2025-04-01 04:50:20.604 [warning] [Decorations] CAPPING events from decorations provider vscode.git 780
2025-04-01 04:50:25.718 [warning] [Decorations] CAPPING events from decorations provider vscode.git 780
2025-04-01 04:50:30.841 [warning] [Decorations] CAPPING events from decorations provider vscode.git 780
2025-04-01 04:50:35.960 [warning] [Decorations] CAPPING events from decorations provider vscode.git 780
2025-04-01 04:50:41.089 [warning] [Decorations] CAPPING events from decorations provider vscode.git 780
2025-04-01 04:50:46.210 [warning] [Decorations] CAPPING events from decorations provider vscode.git 780
2025-04-01 04:50:51.344 [warning] [Decorations] CAPPING events from decorations provider vscode.git 780
2025-04-01 04:50:56.468 [warning] [Decorations] CAPPING events from decorations provider vscode.git 780
2025-04-01 04:51:01.595 [warning] [Decorations] CAPPING events from decorations provider vscode.git 780
2025-04-01 04:51:06.716 [warning] [Decorations] CAPPING events from decorations provider vscode.git 780
2025-04-01 04:51:11.839 [warning] [Decorations] CAPPING events from decorations provider vscode.git 780
2025-04-01 04:51:16.958 [warning] [Decorations] CAPPING events from decorations provider vscode.git 780
2025-04-01 04:51:22.084 [warning] [Decorations] CAPPING events from decorations provider vscode.git 780
2025-04-01 04:51:27.261 [warning] [Decorations] CAPPING events from decorations provider vscode.git 780
2025-04-01 04:51:32.380 [warning] [Decorations] CAPPING events from decorations provider vscode.git 780
2025-04-01 04:51:37.502 [warning] [Decorations] CAPPING events from decorations provider vscode.git 780
2025-04-01 04:51:42.725 [warning] [Decorations] CAPPING events from decorations provider vscode.git 780
2025-04-01 04:51:47.852 [warning] [Decorations] CAPPING events from decorations provider vscode.git 780
2025-04-01 04:51:52.970 [warning] [Decorations] CAPPING events from decorations provider vscode.git 780
2025-04-01 04:51:58.088 [warning] [Decorations] CAPPING events from decorations provider vscode.git 780
2025-04-01 04:52:03.206 [warning] [Decorations] CAPPING events from decorations provider vscode.git 780
2025-04-01 04:52:08.326 [warning] [Decorations] CAPPING events from decorations provider vscode.git 780
2025-04-01 04:52:13.457 [warning] [Decorations] CAPPING events from decorations provider vscode.git 780
2025-04-01 04:52:18.580 [warning] [Decorations] CAPPING events from decorations provider vscode.git 780
2025-04-01 04:52:23.695 [warning] [Decorations] CAPPING events from decorations provider vscode.git 780
2025-04-01 04:52:28.811 [warning] [Decorations] CAPPING events from decorations provider vscode.git 780
2025-04-01 04:52:33.973 [warning] [Decorations] CAPPING events from decorations provider vscode.git 780
2025-04-01 04:52:39.106 [warning] [Decorations] CAPPING events from decorations provider vscode.git 780
2025-04-01 04:52:44.235 [warning] [Decorations] CAPPING events from decorations provider vscode.git 780
2025-04-01 04:52:49.355 [warning] [Decorations] CAPPING events from decorations provider vscode.git 780
2025-04-01 04:52:54.476 [warning] [Decorations] CAPPING events from decorations provider vscode.git 780
2025-04-01 04:52:59.595 [warning] [Decorations] CAPPING events from decorations provider vscode.git 780
2025-04-01 04:53:04.712 [warning] [Decorations] CAPPING events from decorations provider vscode.git 780
2025-04-01 04:53:09.830 [warning] [Decorations] CAPPING events from decorations provider vscode.git 780
2025-04-01 04:53:14.955 [warning] [Decorations] CAPPING events from decorations provider vscode.git 780
2025-04-01 04:53:20.077 [warning] [Decorations] CAPPING events from decorations provider vscode.git 780
2025-04-01 04:53:25.197 [warning] [Decorations] CAPPING events from decorations provider vscode.git 780
2025-04-01 04:53:30.324 [warning] [Decorations] CAPPING events from decorations provider vscode.git 780
2025-04-01 04:53:35.442 [warning] [Decorations] CAPPING events from decorations provider vscode.git 780
2025-04-01 04:53:40.569 [warning] [Decorations] CAPPING events from decorations provider vscode.git 780
2025-04-01 04:53:45.694 [warning] [Decorations] CAPPING events from decorations provider vscode.git 780
2025-04-01 04:53:50.819 [warning] [Decorations] CAPPING events from decorations provider vscode.git 780
2025-04-01 04:53:56.372 [warning] [Decorations] CAPPING events from decorations provider vscode.git 780
2025-04-01 04:54:01.519 [warning] [Decorations] CAPPING events from decorations provider vscode.git 780
2025-04-01 04:54:06.636 [warning] [Decorations] CAPPING events from decorations provider vscode.git 780
2025-04-01 04:54:11.751 [warning] [Decorations] CAPPING events from decorations provider vscode.git 780
2025-04-01 04:54:16.867 [warning] [Decorations] CAPPING events from decorations provider vscode.git 780
2025-04-01 04:54:21.989 [warning] [Decorations] CAPPING events from decorations provider vscode.git 780
2025-04-01 04:54:27.115 [warning] [Decorations] CAPPING events from decorations provider vscode.git 780
2025-04-01 04:54:32.248 [warning] [Decorations] CAPPING events from decorations provider vscode.git 780
2025-04-01 04:54:37.366 [warning] [Decorations] CAPPING events from decorations provider vscode.git 780
2025-04-01 04:54:42.492 [warning] [Decorations] CAPPING events from decorations provider vscode.git 780
2025-04-01 04:54:47.611 [warning] [Decorations] CAPPING events from decorations provider vscode.git 780
2025-04-01 04:54:52.739 [warning] [Decorations] CAPPING events from decorations provider vscode.git 780
2025-04-01 04:54:57.860 [warning] [Decorations] CAPPING events from decorations provider vscode.git 780
2025-04-01 04:55:02.977 [warning] [Decorations] CAPPING events from decorations provider vscode.git 780
2025-04-01 04:55:08.098 [warning] [Decorations] CAPPING events from decorations provider vscode.git 780
2025-04-01 04:55:13.219 [warning] [Decorations] CAPPING events from decorations provider vscode.git 780
2025-04-01 04:55:18.336 [warning] [Decorations] CAPPING events from decorations provider vscode.git 780
2025-04-01 04:55:23.464 [warning] [Decorations] CAPPING events from decorations provider vscode.git 780
2025-04-01 04:55:28.583 [warning] [Decorations] CAPPING events from decorations provider vscode.git 780
2025-04-01 04:55:33.700 [warning] [Decorations] CAPPING events from decorations provider vscode.git 780
2025-04-01 04:55:38.814 [warning] [Decorations] CAPPING events from decorations provider vscode.git 780
2025-04-01 04:55:43.933 [warning] [Decorations] CAPPING events from decorations provider vscode.git 780
2025-04-01 04:55:49.050 [warning] [Decorations] CAPPING events from decorations provider vscode.git 780
2025-04-01 04:55:54.180 [warning] [Decorations] CAPPING events from decorations provider vscode.git 780
2025-04-01 04:55:59.298 [warning] [Decorations] CAPPING events from decorations provider vscode.git 780
2025-04-01 04:56:04.417 [warning] [Decorations] CAPPING events from decorations provider vscode.git 780
2025-04-01 04:56:09.533 [warning] [Decorations] CAPPING events from decorations provider vscode.git 780
2025-04-01 04:56:14.654 [warning] [Decorations] CAPPING events from decorations provider vscode.git 780
2025-04-01 04:56:19.779 [warning] [Decorations] CAPPING events from decorations provider vscode.git 780
2025-04-01 04:56:24.907 [warning] [Decorations] CAPPING events from decorations provider vscode.git 780
2025-04-01 04:56:30.026 [warning] [Decorations] CAPPING events from decorations provider vscode.git 780
2025-04-01 04:57:27.958 [warning] [Decorations] CAPPING events from decorations provider vscode.git 780
2025-04-01 04:58:28.514 [warning] [Decorations] CAPPING events from decorations provider vscode.git 780
2025-04-01 04:59:28.529 [warning] [Decorations] CAPPING events from decorations provider vscode.git 780
2025-04-01 05:00:28.508 [warning] [Decorations] CAPPING events from decorations provider vscode.git 780
2025-04-01 05:01:28.635 [warning] [Decorations] CAPPING events from decorations provider vscode.git 780
2025-04-01 05:02:29.865 [warning] [Decorations] CAPPING events from decorations provider vscode.git 780
2025-04-01 05:03:28.554 [warning] [Decorations] CAPPING events from decorations provider vscode.git 780
2025-04-01 05:04:28.363 [warning] [Decorations] CAPPING events from decorations provider vscode.git 780
2025-04-01 05:05:28.574 [warning] [Decorations] CAPPING events from decorations provider vscode.git 780
2025-04-01 05:06:28.704 [warning] [Decorations] CAPPING events from decorations provider vscode.git 780
2025-04-01 05:07:28.447 [warning] [Decorations] CAPPING events from decorations provider vscode.git 780
2025-04-01 05:08:28.503 [warning] [Decorations] CAPPING events from decorations provider vscode.git 780
2025-04-01 05:09:28.466 [warning] [Decorations] CAPPING events from decorations provider vscode.git 780
