2025-02-04 03:43:49.551 [info] [main] Log level: Info
2025-02-04 03:43:49.551 [info] [main] Validating found git in: "git"
2025-02-04 03:43:49.551 [info] [main] Using git "2.43.0" from "git"
2025-02-04 03:43:49.551 [info] [Model][doInitialScan] Initial repository scan started
2025-02-04 03:43:49.551 [info] > git rev-parse --show-toplevel [2881ms]
2025-02-04 03:43:49.552 [info] > git rev-parse --git-dir --git-common-dir [17ms]
2025-02-04 03:43:49.563 [info] [Model][openRepository] Opened repository: /home/marty_jehng
2025-02-04 03:43:49.642 [info] > git config --get commit.template [69ms]
2025-02-04 03:43:49.890 [info] > git for-each-ref --format=%(refname)%00%(upstream:short)%00%(objectname)%00%(upstream:track)%00%(upstream:remotename)%00%(upstream:remoteref) refs/heads/main refs/remotes/main [240ms]
2025-02-04 03:43:49.949 [info] > git rev-parse --show-toplevel [43ms]
2025-02-04 03:43:50.079 [info] > git for-each-ref --sort -committerdate --format %(refname) %(objectname) %(*objectname) [152ms]
2025-02-04 03:43:50.097 [info] > git status -z -uall [178ms]
2025-02-04 03:43:50.098 [info] > git rev-parse --show-toplevel [78ms]
2025-02-04 03:43:50.268 [info] > git check-ignore -v -z --stdin [71ms]
2025-02-04 03:43:50.271 [info] > git config --get commit.template [109ms]
2025-02-04 03:43:50.271 [info] > git rev-parse --show-toplevel [119ms]
2025-02-04 03:43:50.272 [info] > git for-each-ref --format=%(refname)%00%(upstream:short)%00%(objectname)%00%(upstream:track)%00%(upstream:remotename)%00%(upstream:remoteref) refs/heads/main refs/remotes/main [149ms]
2025-02-04 03:43:50.376 [info] > git config --local branch.main.vscode-merge-base [94ms]
2025-02-04 03:43:50.377 [warning] [Git][config] git config failed: Failed to execute git
2025-02-04 03:43:50.679 [info] > git rev-parse --show-toplevel [304ms]
2025-02-04 03:43:50.783 [info] > git reflog main --grep-reflog=branch: Created from *. [394ms]
2025-02-04 03:43:50.793 [info] > git for-each-ref --format=%(refname)%00%(upstream:short)%00%(objectname)%00%(upstream:track)%00%(upstream:remotename)%00%(upstream:remoteref) refs/heads/main refs/remotes/main [115ms]
2025-02-04 03:43:50.795 [info] > git rev-parse --show-toplevel [37ms]
2025-02-04 03:43:50.811 [info] > git symbolic-ref --short refs/remotes/origin/HEAD [19ms]
2025-02-04 03:43:50.811 [info] fatal: ref refs/remotes/origin/HEAD is not a symbolic ref
2025-02-04 03:43:50.811 [warning] [Repository][getDefaultBranch] Failed to get default branch details: Failed to execute git.
2025-02-04 03:43:50.891 [info] > git rev-parse --show-toplevel [84ms]
2025-02-04 03:43:50.898 [info] > git merge-base refs/heads/main refs/remotes/origin/main [75ms]
2025-02-04 03:43:51.010 [info] > git status -z -uall [138ms]
2025-02-04 03:43:51.011 [info] > git for-each-ref --sort -committerdate --format %(refname) %(objectname) %(*objectname) [121ms]
2025-02-04 03:43:51.066 [info] > git rev-parse --show-toplevel [124ms]
2025-02-04 03:43:51.066 [info] > git diff --name-status -z --diff-filter=ADMR de75fc871eea0e20d778f033cbe16dcd2318be1f...refs/remotes/origin/main [144ms]
2025-02-04 03:43:51.124 [info] > git rev-parse --show-toplevel [40ms]
2025-02-04 03:43:51.157 [info] > git rev-parse --show-toplevel [4ms]
2025-02-04 03:43:51.221 [info] > git rev-parse --show-toplevel [42ms]
2025-02-04 03:43:51.241 [info] > git rev-parse --show-toplevel [5ms]
2025-02-04 03:43:51.256 [info] > git rev-parse --show-toplevel [3ms]
2025-02-04 03:43:51.257 [info] [Model][doInitialScan] Initial repository scan completed - repositories (1), closed repositories (0), parent repositories (0), unsafe repositories (0)
2025-02-04 03:50:50.610 [info] > git for-each-ref --format=%(refname)%00%(upstream:short)%00%(objectname)%00%(upstream:track)%00%(upstream:remotename)%00%(upstream:remoteref) refs/heads/main refs/remotes/main [4ms]
2025-02-04 03:50:50.611 [info] > git config --get commit.template [12ms]
2025-02-04 03:50:50.635 [info] > git for-each-ref --sort -committerdate --format %(refname) %(objectname) %(*objectname) [5ms]
2025-02-04 03:50:50.644 [info] > git status -z -uall [26ms]
2025-02-04 03:50:55.669 [info] > git config --get commit.template [12ms]
2025-02-04 03:50:55.670 [info] > git for-each-ref --format=%(refname)%00%(upstream:short)%00%(objectname)%00%(upstream:track)%00%(upstream:remotename)%00%(upstream:remoteref) refs/heads/main refs/remotes/main [4ms]
2025-02-04 03:50:55.693 [info] > git for-each-ref --sort -committerdate --format %(refname) %(objectname) %(*objectname) [4ms]
2025-02-04 03:50:55.701 [info] > git status -z -uall [24ms]
2025-02-04 03:50:56.481 [info] > git check-ignore -v -z --stdin [3ms]
2025-02-04 03:51:00.757 [info] > git config --get commit.template [21ms]
2025-02-04 03:51:00.761 [info] > git for-each-ref --format=%(refname)%00%(upstream:short)%00%(objectname)%00%(upstream:track)%00%(upstream:remotename)%00%(upstream:remoteref) refs/heads/main refs/remotes/main [5ms]
2025-02-04 03:51:00.802 [info] > git for-each-ref --sort -committerdate --format %(refname) %(objectname) %(*objectname) [12ms]
2025-02-04 03:51:00.818 [info] > git status -z -uall [45ms]
2025-02-04 03:51:05.843 [info] > git config --get commit.template [10ms]
2025-02-04 03:51:05.844 [info] > git for-each-ref --format=%(refname)%00%(upstream:short)%00%(objectname)%00%(upstream:track)%00%(upstream:remotename)%00%(upstream:remoteref) refs/heads/main refs/remotes/main [3ms]
2025-02-04 03:51:05.870 [info] > git for-each-ref --sort -committerdate --format %(refname) %(objectname) %(*objectname) [4ms]
2025-02-04 03:51:05.883 [info] > git status -z -uall [30ms]
2025-02-04 03:51:06.868 [info] > git log --format=%H%n%aN%n%aE%n%at%n%ct%n%P%n%D%n%B -z --shortstat --diff-merges=first-parent -n50 --skip=0 --topo-order --decorate=full --stdin [10963ms]
2025-02-04 03:51:10.904 [info] > git config --get commit.template [9ms]
2025-02-04 03:51:10.906 [info] > git for-each-ref --format=%(refname)%00%(upstream:short)%00%(objectname)%00%(upstream:track)%00%(upstream:remotename)%00%(upstream:remoteref) refs/heads/main refs/remotes/main [4ms]
2025-02-04 03:51:10.929 [info] > git for-each-ref --sort -committerdate --format %(refname) %(objectname) %(*objectname) [4ms]
2025-02-04 03:51:10.940 [info] > git status -z -uall [25ms]
2025-02-04 03:51:56.180 [info] > git config --get commit.template [10ms]
2025-02-04 03:51:56.185 [info] > git for-each-ref --format=%(refname)%00%(upstream:short)%00%(objectname)%00%(upstream:track)%00%(upstream:remotename)%00%(upstream:remoteref) refs/heads/main refs/remotes/main [5ms]
2025-02-04 03:51:56.210 [info] > git for-each-ref --sort -committerdate --format %(refname) %(objectname) %(*objectname) [5ms]
2025-02-04 03:51:56.225 [info] > git status -z -uall [31ms]
