Initializing document watcher...
Document watcher initialized
marty_jehng/templates/index.html: {}
marty_jehng/templates/index.html: Using EditorConfig core...
marty_jehng/templates/index.html: Using EditorConfig core...
marty_jehng/templates/index.html: Using EditorConfig core...
marty_jehng/templates/index.html: Using EditorConfig core...
marty_jehng/templates/index.html: Using EditorConfig core...
marty_jehng/main.py: {}
marty_jehng/main copy.py: {}
marty_jehng/Procfile: {}
marty_jehng/main.py: {}
marty_jehng/main copy.py: {}
marty_jehng/main copy.py: Using EditorConfig core...
marty_jehng/main copy.py: Using EditorConfig core...
marty_jehng/main copy.py: Using EditorConfig core...
marty_jehng/main copy.py: Using EditorConfig core...
marty_jehng/main copy.py: Using EditorConfig core...
marty_jehng/main copy.py: Using EditorConfig core...
marty_jehng/main copy.py: {}
marty_jehng/main copy.py: {}
marty_jehng/main copy.py: {}
marty_jehng/main copy.py: {}
marty_jehng/main copy.py: {}
marty_jehng/main copy.py: Using EditorConfig core...
marty_jehng/main copy.py: {}
