Initializing document watcher...
Document watcher initialized
marty_jehng/templates/index.html: {}
marty_jehng/templates/index.html: {}
marty_jehng/templates/index.html: {}
marty_jehng/templates/index.html: {}
marty_jehng/main.py: {}
marty_jehng/main.py: {}
marty_jehng/main.py: Using EditorConfig core...
marty_jehng/main.py: {}
marty_jehng/main.py: {}
marty_jehng/main.py: Using EditorConfig core...
marty_jehng/main.py: {}
marty_jehng/main.py: Using EditorConfig core...
marty_jehng/main.py: Using EditorConfig core...
marty_jehng/main.py: Using EditorConfig core...
marty_jehng/main.py: {}
marty_jehng/main.py: Using EditorConfig core...
marty_jehng/main.py: Using EditorConfig core...
marty_jehng/main.py: Using EditorConfig core...
marty_jehng/main.py: Using EditorConfig core...
marty_jehng/main.py: Using EditorConfig core...
marty_jehng/main.py: Using EditorConfig core...
marty_jehng/main.py: Using EditorConfig core...
marty_jehng/main.py: Using EditorConfig core...
marty_jehng/main.py: Using EditorConfig core...
marty_jehng/main.py: Using EditorConfig core...
marty_jehng/main.py: Using EditorConfig core...
marty_jehng/main.py: Using EditorConfig core...
marty_jehng/main.py: Using EditorConfig core...
marty_jehng/main.py: Using EditorConfig core...
marty_jehng/main.py: Using EditorConfig core...
marty_jehng/main.py: Using EditorConfig core...
marty_jehng/main.py: Using EditorConfig core...
marty_jehng/main.py: Using EditorConfig core...
marty_jehng/main.py: {}
marty_jehng/main.py: {}
marty_jehng/main.py: {}
marty_jehng/main.py: {}
marty_jehng/main.py: {}
marty_jehng/main.py: {}
marty_jehng/main.py: {}
marty_jehng/main.py: {}
marty_jehng/main.py: {}
marty_jehng/main.py: {}
marty_jehng/main.py: {}
marty_jehng/main.py: {}
marty_jehng/main.py: {}
marty_jehng/main.py: {}
marty_jehng/main.py: {}
marty_jehng/main.py: {}
marty_jehng/main.py: {}
marty_jehng/main.py: {}
marty_jehng/main.py: Using EditorConfig core...
marty_jehng/main.py: {}
marty_jehng/main.py: {}
marty_jehng/main.py: {}
marty_jehng/uploads/20250226-041359AM.wav.txt: {}
marty_jehng/main.py: {}
marty_jehng/main.py: Using EditorConfig core...
marty_jehng/main.py: Using EditorConfig core...
marty_jehng/main.py: Using EditorConfig core...
marty_jehng/main.py: Using EditorConfig core...
marty_jehng/main.py: Using EditorConfig core...
marty_jehng/main.py: Using EditorConfig core...
marty_jehng/main.py: {}
marty_jehng/main.py: Using EditorConfig core...
marty_jehng/main.py: {}
marty_jehng/main.py: Using EditorConfig core...
marty_jehng/main.py: Using EditorConfig core...
marty_jehng/main.py: Using EditorConfig core...
marty_jehng/main.py: Using EditorConfig core...
marty_jehng/main.py: {}
marty_jehng/main.py: {}
marty_jehng/main.py: {}
/User/settings.json: Using EditorConfig core...
/User/settings.json: Using EditorConfig core...
marty_jehng/main.py: {}
marty_jehng/main.py: {}
marty_jehng/main.py: {}
marty_jehng/main.py: {}
marty_jehng/main.py: {}
marty_jehng/main.py: {}
marty_jehng/main.py: {}
marty_jehng/main.py: {}
marty_jehng/main.py: {}
marty_jehng/main.py: {}
marty_jehng/main.py: {}
marty_jehng/main.py: {}
marty_jehng/main.py: {}
marty_jehng/main.py: {}
marty_jehng/main.py: {}
marty_jehng/main.py: {}
marty_jehng/main.py: {}
