2025-01-28 01:46:52.129 [info] [main] Log level: Info
2025-01-28 01:46:52.129 [info] [main] Validating found git in: "git"
2025-01-28 01:46:52.129 [info] [main] Using git "2.43.0" from "git"
2025-01-28 01:46:52.129 [info] [Model][doInitialScan] Initial repository scan started
2025-01-28 01:46:52.130 [info] > git rev-parse --show-toplevel [336ms]
2025-01-28 01:46:52.130 [info] > git rev-parse --git-dir --git-common-dir [2191ms]
2025-01-28 01:46:52.130 [info] [Model][openRepository] Opened repository: /home/marty_jehng
2025-01-28 01:46:52.157 [info] > git config --get commit.template [236ms]
2025-01-28 01:46:55.481 [info] > git check-ignore -v -z --stdin [52ms]
2025-01-28 01:46:55.496 [info] > git fetch [3599ms]
2025-01-28 01:46:55.496 [info] Missing or invalid credentials.
Skip silent fetch commands
Missing or invalid credentials.
Skip silent fetch commands
remote: Repository not found.
fatal: Authentication failed for 'https://github.com/MartyWYCheng/marty_jehng.git/'
2025-01-28 01:46:55.497 [info] > git for-each-ref --format=%(refname)%00%(upstream:short)%00%(objectname)%00%(upstream:track)%00%(upstream:remotename)%00%(upstream:remoteref) refs/heads/main refs/remotes/main [3293ms]
2025-01-28 01:46:55.641 [info] > git config --get commit.template [116ms]
2025-01-28 01:46:55.642 [info] > git rev-parse --show-toplevel [132ms]
2025-01-28 01:46:55.987 [info] > git for-each-ref --format=%(refname)%00%(upstream:short)%00%(objectname)%00%(upstream:track)%00%(upstream:remotename)%00%(upstream:remoteref) refs/heads/main refs/remotes/main [40ms]
2025-01-28 01:46:56.001 [info] > git for-each-ref --format=%(refname)%00%(upstream:short)%00%(objectname)%00%(upstream:track)%00%(upstream:remotename)%00%(upstream:remoteref) refs/heads/main refs/remotes/main [71ms]
2025-01-28 01:46:56.002 [info] > git rev-parse --show-toplevel [86ms]
2025-01-28 01:46:56.029 [info] > git config --get commit.template [46ms]
2025-01-28 01:46:56.114 [info] > git rev-parse --show-toplevel [98ms]
2025-01-28 01:46:56.115 [info] > git config --local branch.main.vscode-merge-base [115ms]
2025-01-28 01:46:56.116 [warning] [Git][config] git config failed: Failed to execute git
2025-01-28 01:46:56.360 [info] > git rev-parse --show-toplevel [154ms]
2025-01-28 01:46:56.361 [info] > git for-each-ref --format=%(refname)%00%(upstream:short)%00%(objectname)%00%(upstream:track)%00%(upstream:remotename)%00%(upstream:remoteref) refs/heads/main refs/remotes/main [218ms]
2025-01-28 01:46:56.372 [info] > git reflog main --grep-reflog=branch: Created from *. [236ms]
2025-01-28 01:46:56.440 [info] > git for-each-ref --format=%(refname)%00%(upstream:short)%00%(objectname)%00%(upstream:track)%00%(upstream:remotename)%00%(upstream:remoteref) refs/heads/main refs/remotes/main [93ms]
2025-01-28 01:46:56.482 [info] > git rev-parse --show-toplevel [55ms]
2025-01-28 01:46:56.483 [info] > git symbolic-ref --short refs/remotes/origin/HEAD [78ms]
2025-01-28 01:46:56.483 [info] fatal: ref refs/remotes/origin/HEAD is not a symbolic ref
2025-01-28 01:46:56.483 [warning] [Repository][getDefaultBranch] Failed to get default branch details: Failed to execute git.
2025-01-28 01:46:56.534 [info] > git config --local branch.main.vscode-merge-base [66ms]
2025-01-28 01:46:56.534 [warning] [Git][config] git config failed: Failed to execute git
2025-01-28 01:46:56.627 [info] > git rev-parse --show-toplevel [93ms]
2025-01-28 01:46:56.627 [info] > git merge-base refs/heads/main refs/remotes/origin/main [120ms]
2025-01-28 01:46:56.768 [info] > git status -z -uall [202ms]
2025-01-28 01:46:56.771 [info] > git for-each-ref --sort -committerdate --format %(refname) %(objectname) %(*objectname) [179ms]
2025-01-28 01:46:56.810 [info] > git reflog main --grep-reflog=branch: Created from *. [264ms]
2025-01-28 01:46:56.893 [info] > git merge-base refs/heads/main refs/remotes/origin/main [88ms]
2025-01-28 01:46:56.905 [info] > git rev-parse --show-toplevel [139ms]
2025-01-28 01:46:56.905 [info] > git diff --name-status -z --diff-filter=ADMR b3bb6ec5b3defec4bb01029744914b15ba596120...refs/remotes/origin/main [266ms]
2025-01-28 01:46:56.960 [info] > git diff --name-status -z --diff-filter=ADMR b3bb6ec5b3defec4bb01029744914b15ba596120...refs/remotes/origin/main [56ms]
2025-01-28 01:46:56.964 [info] > git symbolic-ref --short refs/remotes/origin/HEAD [142ms]
2025-01-28 01:46:56.964 [info] fatal: ref refs/remotes/origin/HEAD is not a symbolic ref
2025-01-28 01:46:56.964 [warning] [Repository][getDefaultBranch] Failed to get default branch details: Failed to execute git.
2025-01-28 01:46:57.194 [info] > git rev-parse --show-toplevel [236ms]
2025-01-28 01:46:57.256 [info] > git rev-parse --show-toplevel [37ms]
2025-01-28 01:46:57.311 [info] > git rev-parse --show-toplevel [11ms]
2025-01-28 01:46:57.576 [info] > git rev-parse --show-toplevel [254ms]
2025-01-28 01:46:57.577 [info] [Model][doInitialScan] Initial repository scan completed - repositories (1), closed repositories (0), parent repositories (0), unsafe repositories (0)
2025-01-28 01:46:57.800 [info] > git show --textconv :main.py [189ms]
2025-01-28 01:46:57.806 [info] > git show --textconv :uploads/20250128-014531AM.txt [130ms]
2025-01-28 01:46:57.811 [info] > git ls-files --stage -- /home/marty_jehng/main.py [162ms]
2025-01-28 01:46:57.858 [info] > git ls-files --stage -- /home/marty_jehng/uploads/20250128-014531AM.txt [153ms]
2025-01-28 01:46:57.882 [info] > git cat-file -s ec119f91854f9c10525df8b7d0de351b24ca3d5d [36ms]
2025-01-28 01:47:05.817 [info] > git config --get commit.template [49ms]
2025-01-28 01:47:05.867 [info] > git for-each-ref --format=%(refname)%00%(upstream:short)%00%(objectname)%00%(upstream:track)%00%(upstream:remotename)%00%(upstream:remoteref) refs/heads/main refs/remotes/main [13ms]
2025-01-28 01:47:05.960 [info] > git status -z -uall [80ms]
2025-01-28 01:47:05.960 [info] > git show --textconv :20250128-014531AM.txt [22ms]
2025-01-28 01:47:05.966 [info] > git for-each-ref --sort -committerdate --format %(refname) %(objectname) %(*objectname) [67ms]
2025-01-28 01:47:05.981 [info] > git ls-files --stage -- /home/marty_jehng/20250128-014531AM.txt [25ms]
2025-01-28 01:47:10.999 [info] > git config --get commit.template [5ms]
2025-01-28 01:47:11.017 [info] > git for-each-ref --format=%(refname)%00%(upstream:short)%00%(objectname)%00%(upstream:track)%00%(upstream:remotename)%00%(upstream:remoteref) refs/heads/main refs/remotes/main [4ms]
2025-01-28 01:47:11.067 [info] > git status -z -uall [34ms]
2025-01-28 01:47:11.071 [info] > git for-each-ref --sort -committerdate --format %(refname) %(objectname) %(*objectname) [10ms]
2025-01-28 01:47:13.301 [info] > git show --textconv :uploads/20250128-014531AM.txt [14ms]
2025-01-28 01:47:13.308 [info] > git ls-files --stage -- /home/marty_jehng/uploads/20250128-014531AM.txt [10ms]
2025-01-28 01:47:16.109 [info] > git config --get commit.template [18ms]
2025-01-28 01:47:16.117 [info] > git for-each-ref --format=%(refname)%00%(upstream:short)%00%(objectname)%00%(upstream:track)%00%(upstream:remotename)%00%(upstream:remoteref) refs/heads/main refs/remotes/main [9ms]
2025-01-28 01:47:16.151 [info] > git status -z -uall [23ms]
2025-01-28 01:47:16.156 [info] > git for-each-ref --sort -committerdate --format %(refname) %(objectname) %(*objectname) [13ms]
2025-01-28 01:47:17.891 [info] > git show --textconv :main.py [21ms]
2025-01-28 01:47:17.896 [info] > git ls-files --stage -- /home/marty_jehng/main.py [7ms]
2025-01-28 01:47:17.917 [info] > git cat-file -s ec119f91854f9c10525df8b7d0de351b24ca3d5d [5ms]
2025-01-28 01:48:06.099 [info] > git show --textconv :main.py [13ms]
2025-01-28 01:48:06.101 [info] > git ls-files --stage -- /home/marty_jehng/main.py [4ms]
2025-01-28 01:48:06.114 [info] > git cat-file -s ec119f91854f9c10525df8b7d0de351b24ca3d5d [2ms]
2025-01-28 01:48:37.914 [info] > git check-ignore -v -z --stdin [9ms]
2025-01-28 01:48:41.506 [info] > git check-ignore -v -z --stdin [2ms]
2025-01-28 01:49:01.916 [info] > git config --get commit.template [10ms]
2025-01-28 01:49:01.917 [info] > git for-each-ref --format=%(refname)%00%(upstream:short)%00%(objectname)%00%(upstream:track)%00%(upstream:remotename)%00%(upstream:remoteref) refs/heads/main refs/remotes/main [3ms]
2025-01-28 01:49:01.947 [info] > git for-each-ref --sort -committerdate --format %(refname) %(objectname) %(*objectname) [8ms]
2025-01-28 01:49:01.954 [info] > git status -z -uall [27ms]
2025-01-28 01:49:06.984 [info] > git config --get commit.template [10ms]
2025-01-28 01:49:06.986 [info] > git for-each-ref --format=%(refname)%00%(upstream:short)%00%(objectname)%00%(upstream:track)%00%(upstream:remotename)%00%(upstream:remoteref) refs/heads/main refs/remotes/main [3ms]
2025-01-28 01:49:07.010 [info] > git for-each-ref --sort -committerdate --format %(refname) %(objectname) %(*objectname) [4ms]
2025-01-28 01:49:07.013 [info] > git status -z -uall [19ms]
2025-01-28 01:49:07.461 [info] > git show --textconv :templates/index.html [43ms]
2025-01-28 01:49:07.461 [info] > git ls-files --stage -- /home/marty_jehng/templates/index.html [34ms]
2025-01-28 01:49:07.482 [info] > git cat-file -s 9082effb3019ff0c22519d7a69d6df908dc14d4b [9ms]
2025-01-28 01:49:25.347 [info] > git show --textconv :main.py [12ms]
2025-01-28 01:49:25.350 [info] > git ls-files --stage -- /home/marty_jehng/main.py [6ms]
2025-01-28 01:49:25.363 [info] > git cat-file -s ec119f91854f9c10525df8b7d0de351b24ca3d5d [3ms]
2025-01-28 01:49:53.227 [info] > git config --get commit.template [15ms]
2025-01-28 01:49:53.229 [info] > git for-each-ref --format=%(refname)%00%(upstream:short)%00%(objectname)%00%(upstream:track)%00%(upstream:remotename)%00%(upstream:remoteref) refs/heads/main refs/remotes/main [3ms]
2025-01-28 01:49:53.270 [info] > git status -z -uall [28ms]
2025-01-28 01:49:53.277 [info] > git for-each-ref --sort -committerdate --format %(refname) %(objectname) %(*objectname) [12ms]
2025-01-28 01:49:58.306 [info] > git config --get commit.template [9ms]
2025-01-28 01:49:58.308 [info] > git for-each-ref --format=%(refname)%00%(upstream:short)%00%(objectname)%00%(upstream:track)%00%(upstream:remotename)%00%(upstream:remoteref) refs/heads/main refs/remotes/main [3ms]
2025-01-28 01:49:58.333 [info] > git for-each-ref --sort -committerdate --format %(refname) %(objectname) %(*objectname) [4ms]
2025-01-28 01:49:58.336 [info] > git status -z -uall [19ms]
2025-01-28 01:50:02.484 [info] > git show --textconv :main.py [18ms]
2025-01-28 01:50:02.488 [info] > git ls-files --stage -- /home/marty_jehng/main.py [6ms]
2025-01-28 01:50:02.504 [info] > git cat-file -s ec119f91854f9c10525df8b7d0de351b24ca3d5d [4ms]
2025-01-28 01:50:16.430 [info] > git config --get commit.template [9ms]
2025-01-28 01:50:16.431 [info] > git for-each-ref --format=%(refname)%00%(upstream:short)%00%(objectname)%00%(upstream:track)%00%(upstream:remotename)%00%(upstream:remoteref) refs/heads/main refs/remotes/main [4ms]
2025-01-28 01:50:16.459 [info] > git for-each-ref --sort -committerdate --format %(refname) %(objectname) %(*objectname) [4ms]
2025-01-28 01:50:16.462 [info] > git status -z -uall [21ms]
2025-01-28 01:50:26.823 [info] > git check-ignore -v -z --stdin [3ms]
2025-01-28 01:50:35.147 [info] > git config --get commit.template [3ms]
2025-01-28 01:50:35.157 [info] > git for-each-ref --format=%(refname)%00%(upstream:short)%00%(objectname)%00%(upstream:track)%00%(upstream:remotename)%00%(upstream:remoteref) refs/heads/main refs/remotes/main [2ms]
2025-01-28 01:50:35.181 [info] > git for-each-ref --sort -committerdate --format %(refname) %(objectname) %(*objectname) [4ms]
2025-01-28 01:50:35.185 [info] > git status -z -uall [19ms]
2025-01-28 01:51:13.573 [info] > git config --get commit.template [10ms]
2025-01-28 01:51:13.575 [info] > git for-each-ref --format=%(refname)%00%(upstream:short)%00%(objectname)%00%(upstream:track)%00%(upstream:remotename)%00%(upstream:remoteref) refs/heads/main refs/remotes/main [3ms]
2025-01-28 01:51:13.604 [info] > git for-each-ref --sort -committerdate --format %(refname) %(objectname) %(*objectname) [7ms]
2025-01-28 01:51:13.605 [info] > git status -z -uall [21ms]
2025-01-28 01:51:16.947 [info] > git show --textconv :20250128-014836AM.wav.txt [12ms]
2025-01-28 01:51:16.948 [info] > git ls-files --stage -- /home/marty_jehng/20250128-014836AM.wav.txt [3ms]
2025-01-28 01:51:18.631 [info] > git config --get commit.template [10ms]
2025-01-28 01:51:18.633 [info] > git for-each-ref --format=%(refname)%00%(upstream:short)%00%(objectname)%00%(upstream:track)%00%(upstream:remotename)%00%(upstream:remoteref) refs/heads/main refs/remotes/main [2ms]
2025-01-28 01:51:18.660 [info] > git for-each-ref --sort -committerdate --format %(refname) %(objectname) %(*objectname) [7ms]
2025-01-28 01:51:18.661 [info] > git status -z -uall [20ms]
2025-01-28 01:51:19.985 [info] > git show --textconv :main.py [17ms]
2025-01-28 01:51:19.987 [info] > git ls-files --stage -- /home/marty_jehng/main.py [3ms]
2025-01-28 01:51:19.999 [info] > git cat-file -s ec119f91854f9c10525df8b7d0de351b24ca3d5d [3ms]
2025-01-28 01:51:40.749 [info] > git config --get commit.template [13ms]
2025-01-28 01:51:40.749 [info] > git for-each-ref --format=%(refname)%00%(upstream:short)%00%(objectname)%00%(upstream:track)%00%(upstream:remotename)%00%(upstream:remoteref) refs/heads/main refs/remotes/main [4ms]
2025-01-28 01:51:40.776 [info] > git for-each-ref --sort -committerdate --format %(refname) %(objectname) %(*objectname) [5ms]
2025-01-28 01:51:40.778 [info] > git status -z -uall [20ms]
2025-01-28 01:51:45.804 [info] > git config --get commit.template [10ms]
2025-01-28 01:51:45.806 [info] > git for-each-ref --format=%(refname)%00%(upstream:short)%00%(objectname)%00%(upstream:track)%00%(upstream:remotename)%00%(upstream:remoteref) refs/heads/main refs/remotes/main [3ms]
2025-01-28 01:51:45.833 [info] > git for-each-ref --sort -committerdate --format %(refname) %(objectname) %(*objectname) [6ms]
2025-01-28 01:51:45.835 [info] > git status -z -uall [20ms]
2025-01-28 01:51:50.858 [info] > git config --get commit.template [10ms]
2025-01-28 01:51:50.860 [info] > git for-each-ref --format=%(refname)%00%(upstream:short)%00%(objectname)%00%(upstream:track)%00%(upstream:remotename)%00%(upstream:remoteref) refs/heads/main refs/remotes/main [3ms]
2025-01-28 01:51:50.885 [info] > git for-each-ref --sort -committerdate --format %(refname) %(objectname) %(*objectname) [4ms]
2025-01-28 01:51:50.888 [info] > git status -z -uall [19ms]
2025-01-28 01:51:51.938 [info] > git show --textconv :templates/index.html [11ms]
2025-01-28 01:51:51.939 [info] > git ls-files --stage -- /home/marty_jehng/templates/index.html [2ms]
2025-01-28 01:51:51.950 [info] > git cat-file -s 9082effb3019ff0c22519d7a69d6df908dc14d4b [3ms]
2025-01-28 01:51:55.916 [info] > git config --get commit.template [14ms]
2025-01-28 01:51:55.917 [info] > git for-each-ref --format=%(refname)%00%(upstream:short)%00%(objectname)%00%(upstream:track)%00%(upstream:remotename)%00%(upstream:remoteref) refs/heads/main refs/remotes/main [4ms]
2025-01-28 01:51:55.943 [info] > git for-each-ref --sort -committerdate --format %(refname) %(objectname) %(*objectname) [5ms]
2025-01-28 01:51:55.945 [info] > git status -z -uall [19ms]
2025-01-28 01:52:00.969 [info] > git config --get commit.template [10ms]
2025-01-28 01:52:00.971 [info] > git for-each-ref --format=%(refname)%00%(upstream:short)%00%(objectname)%00%(upstream:track)%00%(upstream:remotename)%00%(upstream:remoteref) refs/heads/main refs/remotes/main [3ms]
2025-01-28 01:52:00.997 [info] > git for-each-ref --sort -committerdate --format %(refname) %(objectname) %(*objectname) [4ms]
2025-01-28 01:52:00.999 [info] > git status -z -uall [19ms]
2025-01-28 01:52:23.137 [info] > git config --get commit.template [17ms]
2025-01-28 01:52:23.142 [info] > git for-each-ref --format=%(refname)%00%(upstream:short)%00%(objectname)%00%(upstream:track)%00%(upstream:remotename)%00%(upstream:remoteref) refs/heads/main refs/remotes/main [6ms]
2025-01-28 01:52:23.179 [info] > git for-each-ref --sort -committerdate --format %(refname) %(objectname) %(*objectname) [5ms]
2025-01-28 01:52:23.198 [info] > git status -z -uall [38ms]
2025-01-28 01:52:28.229 [info] > git config --get commit.template [13ms]
2025-01-28 01:52:28.231 [info] > git for-each-ref --format=%(refname)%00%(upstream:short)%00%(objectname)%00%(upstream:track)%00%(upstream:remotename)%00%(upstream:remoteref) refs/heads/main refs/remotes/main [3ms]
2025-01-28 01:52:28.257 [info] > git for-each-ref --sort -committerdate --format %(refname) %(objectname) %(*objectname) [4ms]
2025-01-28 01:52:28.260 [info] > git status -z -uall [20ms]
2025-01-28 01:52:34.793 [info] > git config --get commit.template [14ms]
2025-01-28 01:52:34.793 [info] > git for-each-ref --format=%(refname)%00%(upstream:short)%00%(objectname)%00%(upstream:track)%00%(upstream:remotename)%00%(upstream:remoteref) refs/heads/main refs/remotes/main [4ms]
2025-01-28 01:52:34.819 [info] > git for-each-ref --sort -committerdate --format %(refname) %(objectname) %(*objectname) [5ms]
2025-01-28 01:52:34.821 [info] > git status -z -uall [19ms]
2025-01-28 01:52:41.793 [info] > git config --get commit.template [10ms]
2025-01-28 01:52:41.795 [info] > git for-each-ref --format=%(refname)%00%(upstream:short)%00%(objectname)%00%(upstream:track)%00%(upstream:remotename)%00%(upstream:remoteref) refs/heads/main refs/remotes/main [2ms]
2025-01-28 01:52:41.820 [info] > git for-each-ref --sort -committerdate --format %(refname) %(objectname) %(*objectname) [5ms]
2025-01-28 01:52:41.823 [info] > git status -z -uall [20ms]
2025-01-28 01:52:47.797 [info] > git config --get commit.template [11ms]
2025-01-28 01:52:47.798 [info] > git for-each-ref --format=%(refname)%00%(upstream:short)%00%(objectname)%00%(upstream:track)%00%(upstream:remotename)%00%(upstream:remoteref) refs/heads/main refs/remotes/main [2ms]
2025-01-28 01:52:47.823 [info] > git for-each-ref --sort -committerdate --format %(refname) %(objectname) %(*objectname) [4ms]
2025-01-28 01:52:47.826 [info] > git status -z -uall [19ms]
2025-01-28 01:52:52.850 [info] > git config --get commit.template [10ms]
2025-01-28 01:52:52.852 [info] > git for-each-ref --format=%(refname)%00%(upstream:short)%00%(objectname)%00%(upstream:track)%00%(upstream:remotename)%00%(upstream:remoteref) refs/heads/main refs/remotes/main [3ms]
2025-01-28 01:52:52.877 [info] > git for-each-ref --sort -committerdate --format %(refname) %(objectname) %(*objectname) [4ms]
2025-01-28 01:52:52.880 [info] > git status -z -uall [19ms]
2025-01-28 01:52:57.905 [info] > git config --get commit.template [12ms]
2025-01-28 01:52:57.907 [info] > git for-each-ref --format=%(refname)%00%(upstream:short)%00%(objectname)%00%(upstream:track)%00%(upstream:remotename)%00%(upstream:remoteref) refs/heads/main refs/remotes/main [3ms]
2025-01-28 01:52:57.932 [info] > git for-each-ref --sort -committerdate --format %(refname) %(objectname) %(*objectname) [5ms]
2025-01-28 01:52:57.936 [info] > git status -z -uall [21ms]
2025-01-28 01:53:33.405 [info] > git config --get commit.template [9ms]
2025-01-28 01:53:33.407 [info] > git for-each-ref --format=%(refname)%00%(upstream:short)%00%(objectname)%00%(upstream:track)%00%(upstream:remotename)%00%(upstream:remoteref) refs/heads/main refs/remotes/main [3ms]
2025-01-28 01:53:33.433 [info] > git for-each-ref --sort -committerdate --format %(refname) %(objectname) %(*objectname) [6ms]
2025-01-28 01:53:33.434 [info] > git status -z -uall [19ms]
2025-01-28 01:53:38.458 [info] > git config --get commit.template [10ms]
2025-01-28 01:53:38.460 [info] > git for-each-ref --format=%(refname)%00%(upstream:short)%00%(objectname)%00%(upstream:track)%00%(upstream:remotename)%00%(upstream:remoteref) refs/heads/main refs/remotes/main [3ms]
2025-01-28 01:53:38.485 [info] > git for-each-ref --sort -committerdate --format %(refname) %(objectname) %(*objectname) [5ms]
2025-01-28 01:53:38.488 [info] > git status -z -uall [20ms]
2025-01-28 01:53:43.515 [info] > git config --get commit.template [10ms]
2025-01-28 01:53:43.516 [info] > git for-each-ref --format=%(refname)%00%(upstream:short)%00%(objectname)%00%(upstream:track)%00%(upstream:remotename)%00%(upstream:remoteref) refs/heads/main refs/remotes/main [2ms]
2025-01-28 01:53:43.543 [info] > git for-each-ref --sort -committerdate --format %(refname) %(objectname) %(*objectname) [6ms]
2025-01-28 01:53:43.546 [info] > git status -z -uall [21ms]
2025-01-28 01:53:45.561 [info] > git show --textconv :main.py [15ms]
2025-01-28 01:53:45.565 [info] > git ls-files --stage -- /home/marty_jehng/main.py [9ms]
2025-01-28 01:53:45.578 [info] > git cat-file -s ec119f91854f9c10525df8b7d0de351b24ca3d5d [3ms]
2025-01-28 01:53:48.572 [info] > git for-each-ref --format=%(refname)%00%(upstream:short)%00%(objectname)%00%(upstream:track)%00%(upstream:remotename)%00%(upstream:remoteref) refs/heads/main refs/remotes/main [4ms]
2025-01-28 01:53:48.573 [info] > git config --get commit.template [13ms]
2025-01-28 01:53:48.607 [info] > git for-each-ref --sort -committerdate --format %(refname) %(objectname) %(*objectname) [5ms]
2025-01-28 01:53:48.610 [info] > git status -z -uall [21ms]
2025-01-28 01:53:53.641 [info] > git config --get commit.template [15ms]
2025-01-28 01:53:53.643 [info] > git for-each-ref --format=%(refname)%00%(upstream:short)%00%(objectname)%00%(upstream:track)%00%(upstream:remotename)%00%(upstream:remoteref) refs/heads/main refs/remotes/main [3ms]
2025-01-28 01:53:53.695 [info] > git for-each-ref --sort -committerdate --format %(refname) %(objectname) %(*objectname) [8ms]
2025-01-28 01:53:53.704 [info] > git status -z -uall [41ms]
2025-01-28 01:54:06.844 [info] > git config --get commit.template [2ms]
2025-01-28 01:54:06.855 [info] > git for-each-ref --format=%(refname)%00%(upstream:short)%00%(objectname)%00%(upstream:track)%00%(upstream:remotename)%00%(upstream:remoteref) refs/heads/main refs/remotes/main [3ms]
2025-01-28 01:54:06.884 [info] > git status -z -uall [14ms]
2025-01-28 01:54:06.886 [info] > git for-each-ref --sort -committerdate --format %(refname) %(objectname) %(*objectname) [3ms]
2025-01-28 01:54:17.893 [info] > git config --get commit.template [10ms]
2025-01-28 01:54:17.895 [info] > git for-each-ref --format=%(refname)%00%(upstream:short)%00%(objectname)%00%(upstream:track)%00%(upstream:remotename)%00%(upstream:remoteref) refs/heads/main refs/remotes/main [3ms]
2025-01-28 01:54:17.920 [info] > git for-each-ref --sort -committerdate --format %(refname) %(objectname) %(*objectname) [4ms]
2025-01-28 01:54:17.924 [info] > git status -z -uall [21ms]
2025-01-28 01:54:19.854 [info] > git show --textconv :templates/index.html [13ms]
2025-01-28 01:54:19.856 [info] > git ls-files --stage -- /home/marty_jehng/templates/index.html [5ms]
2025-01-28 01:54:19.869 [info] > git cat-file -s 9082effb3019ff0c22519d7a69d6df908dc14d4b [4ms]
2025-01-28 01:54:22.947 [info] > git config --get commit.template [10ms]
2025-01-28 01:54:22.949 [info] > git for-each-ref --format=%(refname)%00%(upstream:short)%00%(objectname)%00%(upstream:track)%00%(upstream:remotename)%00%(upstream:remoteref) refs/heads/main refs/remotes/main [3ms]
2025-01-28 01:54:22.982 [info] > git status -z -uall [16ms]
2025-01-28 01:54:22.983 [info] > git for-each-ref --sort -committerdate --format %(refname) %(objectname) %(*objectname) [6ms]
2025-01-28 01:54:28.011 [info] > git config --get commit.template [10ms]
2025-01-28 01:54:28.013 [info] > git for-each-ref --format=%(refname)%00%(upstream:short)%00%(objectname)%00%(upstream:track)%00%(upstream:remotename)%00%(upstream:remoteref) refs/heads/main refs/remotes/main [3ms]
2025-01-28 01:54:28.038 [info] > git for-each-ref --sort -committerdate --format %(refname) %(objectname) %(*objectname) [4ms]
2025-01-28 01:54:28.042 [info] > git status -z -uall [20ms]
2025-01-28 01:54:33.066 [info] > git config --get commit.template [10ms]
2025-01-28 01:54:33.068 [info] > git for-each-ref --format=%(refname)%00%(upstream:short)%00%(objectname)%00%(upstream:track)%00%(upstream:remotename)%00%(upstream:remoteref) refs/heads/main refs/remotes/main [3ms]
2025-01-28 01:54:33.092 [info] > git for-each-ref --sort -committerdate --format %(refname) %(objectname) %(*objectname) [6ms]
2025-01-28 01:54:33.095 [info] > git status -z -uall [20ms]
2025-01-28 01:54:57.225 [info] > git for-each-ref --format=%(refname)%00%(upstream:short)%00%(objectname)%00%(upstream:track)%00%(upstream:remotename)%00%(upstream:remoteref) refs/heads/main refs/remotes/main [4ms]
2025-01-28 01:54:57.225 [info] > git config --get commit.template [12ms]
2025-01-28 01:54:57.253 [info] > git for-each-ref --sort -committerdate --format %(refname) %(objectname) %(*objectname) [5ms]
2025-01-28 01:54:57.255 [info] > git status -z -uall [21ms]
2025-01-28 01:55:01.755 [info] > git check-ignore -v -z --stdin [2ms]
2025-01-28 01:55:02.279 [info] > git config --get commit.template [9ms]
2025-01-28 01:55:02.280 [info] > git for-each-ref --format=%(refname)%00%(upstream:short)%00%(objectname)%00%(upstream:track)%00%(upstream:remotename)%00%(upstream:remoteref) refs/heads/main refs/remotes/main [2ms]
2025-01-28 01:55:02.306 [info] > git for-each-ref --sort -committerdate --format %(refname) %(objectname) %(*objectname) [5ms]
2025-01-28 01:55:02.309 [info] > git status -z -uall [19ms]
2025-01-28 01:55:17.032 [info] > git config --get commit.template [10ms]
2025-01-28 01:55:17.034 [info] > git for-each-ref --format=%(refname)%00%(upstream:short)%00%(objectname)%00%(upstream:track)%00%(upstream:remotename)%00%(upstream:remoteref) refs/heads/main refs/remotes/main [3ms]
2025-01-28 01:55:17.061 [info] > git for-each-ref --sort -committerdate --format %(refname) %(objectname) %(*objectname) [7ms]
2025-01-28 01:55:17.062 [info] > git status -z -uall [19ms]
2025-01-28 01:55:22.090 [info] > git for-each-ref --format=%(refname)%00%(upstream:short)%00%(objectname)%00%(upstream:track)%00%(upstream:remotename)%00%(upstream:remoteref) refs/heads/main refs/remotes/main [1ms]
2025-01-28 01:55:22.090 [info] > git config --get commit.template [14ms]
2025-01-28 01:55:22.116 [info] > git for-each-ref --sort -committerdate --format %(refname) %(objectname) %(*objectname) [5ms]
2025-01-28 01:55:22.119 [info] > git status -z -uall [20ms]
2025-01-28 01:55:27.142 [info] > git config --get commit.template [10ms]
2025-01-28 01:55:27.144 [info] > git for-each-ref --format=%(refname)%00%(upstream:short)%00%(objectname)%00%(upstream:track)%00%(upstream:remotename)%00%(upstream:remoteref) refs/heads/main refs/remotes/main [3ms]
2025-01-28 01:55:27.170 [info] > git for-each-ref --sort -committerdate --format %(refname) %(objectname) %(*objectname) [5ms]
2025-01-28 01:55:27.173 [info] > git status -z -uall [20ms]
2025-01-28 01:55:29.490 [info] > git show --textconv :main.py [21ms]
2025-01-28 01:55:29.496 [info] > git ls-files --stage -- /home/marty_jehng/main.py [10ms]
2025-01-28 01:55:29.512 [info] > git cat-file -s ec119f91854f9c10525df8b7d0de351b24ca3d5d [3ms]
2025-01-28 01:55:32.191 [info] > git config --get commit.template [3ms]
2025-01-28 01:55:32.202 [info] > git for-each-ref --format=%(refname)%00%(upstream:short)%00%(objectname)%00%(upstream:track)%00%(upstream:remotename)%00%(upstream:remoteref) refs/heads/main refs/remotes/main [3ms]
2025-01-28 01:55:32.228 [info] > git for-each-ref --sort -committerdate --format %(refname) %(objectname) %(*objectname) [5ms]
2025-01-28 01:55:32.231 [info] > git status -z -uall [20ms]
2025-01-28 01:55:37.253 [info] > git config --get commit.template [10ms]
2025-01-28 01:55:37.256 [info] > git for-each-ref --format=%(refname)%00%(upstream:short)%00%(objectname)%00%(upstream:track)%00%(upstream:remotename)%00%(upstream:remoteref) refs/heads/main refs/remotes/main [4ms]
2025-01-28 01:55:37.285 [info] > git status -z -uall [21ms]
2025-01-28 01:55:37.290 [info] > git for-each-ref --sort -committerdate --format %(refname) %(objectname) %(*objectname) [14ms]
2025-01-28 01:55:42.313 [info] > git config --get commit.template [10ms]
2025-01-28 01:55:42.315 [info] > git for-each-ref --format=%(refname)%00%(upstream:short)%00%(objectname)%00%(upstream:track)%00%(upstream:remotename)%00%(upstream:remoteref) refs/heads/main refs/remotes/main [3ms]
2025-01-28 01:55:42.340 [info] > git for-each-ref --sort -committerdate --format %(refname) %(objectname) %(*objectname) [6ms]
2025-01-28 01:55:42.343 [info] > git status -z -uall [20ms]
2025-01-28 01:55:47.365 [info] > git config --get commit.template [10ms]
2025-01-28 01:55:47.368 [info] > git for-each-ref --format=%(refname)%00%(upstream:short)%00%(objectname)%00%(upstream:track)%00%(upstream:remotename)%00%(upstream:remoteref) refs/heads/main refs/remotes/main [2ms]
2025-01-28 01:55:47.392 [info] > git for-each-ref --sort -committerdate --format %(refname) %(objectname) %(*objectname) [4ms]
2025-01-28 01:55:47.395 [info] > git status -z -uall [19ms]
2025-01-28 01:55:52.413 [info] > git config --get commit.template [3ms]
2025-01-28 01:55:52.424 [info] > git for-each-ref --format=%(refname)%00%(upstream:short)%00%(objectname)%00%(upstream:track)%00%(upstream:remotename)%00%(upstream:remoteref) refs/heads/main refs/remotes/main [3ms]
2025-01-28 01:55:52.448 [info] > git for-each-ref --sort -committerdate --format %(refname) %(objectname) %(*objectname) [4ms]
2025-01-28 01:55:52.452 [info] > git status -z -uall [19ms]
2025-01-28 01:55:57.476 [info] > git config --get commit.template [10ms]
2025-01-28 01:55:57.478 [info] > git for-each-ref --format=%(refname)%00%(upstream:short)%00%(objectname)%00%(upstream:track)%00%(upstream:remotename)%00%(upstream:remoteref) refs/heads/main refs/remotes/main [3ms]
2025-01-28 01:55:57.509 [info] > git for-each-ref --sort -committerdate --format %(refname) %(objectname) %(*objectname) [5ms]
2025-01-28 01:55:57.513 [info] > git status -z -uall [22ms]
2025-01-28 01:55:59.841 [info] > git show --textconv :templates/index.html [12ms]
2025-01-28 01:55:59.841 [info] > git ls-files --stage -- /home/marty_jehng/templates/index.html [3ms]
2025-01-28 01:55:59.854 [info] > git cat-file -s 9082effb3019ff0c22519d7a69d6df908dc14d4b [5ms]
2025-01-28 01:56:02.542 [info] > git for-each-ref --format=%(refname)%00%(upstream:short)%00%(objectname)%00%(upstream:track)%00%(upstream:remotename)%00%(upstream:remoteref) refs/heads/main refs/remotes/main [2ms]
2025-01-28 01:56:02.543 [info] > git config --get commit.template [15ms]
2025-01-28 01:56:02.578 [info] > git for-each-ref --sort -committerdate --format %(refname) %(objectname) %(*objectname) [4ms]
2025-01-28 01:56:02.581 [info] > git status -z -uall [20ms]
2025-01-28 01:56:04.968 [info] > git show --textconv :main.py [12ms]
2025-01-28 01:56:04.969 [info] > git ls-files --stage -- /home/marty_jehng/main.py [3ms]
2025-01-28 01:56:04.980 [info] > git cat-file -s ec119f91854f9c10525df8b7d0de351b24ca3d5d [3ms]
2025-01-28 01:56:07.605 [info] > git config --get commit.template [10ms]
2025-01-28 01:56:07.607 [info] > git for-each-ref --format=%(refname)%00%(upstream:short)%00%(objectname)%00%(upstream:track)%00%(upstream:remotename)%00%(upstream:remoteref) refs/heads/main refs/remotes/main [3ms]
2025-01-28 01:56:07.638 [info] > git for-each-ref --sort -committerdate --format %(refname) %(objectname) %(*objectname) [8ms]
2025-01-28 01:56:07.640 [info] > git status -z -uall [24ms]
2025-01-28 01:56:12.670 [info] > git config --get commit.template [13ms]
2025-01-28 01:56:12.676 [info] > git for-each-ref --format=%(refname)%00%(upstream:short)%00%(objectname)%00%(upstream:track)%00%(upstream:remotename)%00%(upstream:remoteref) refs/heads/main refs/remotes/main [6ms]
2025-01-28 01:56:12.701 [info] > git for-each-ref --sort -committerdate --format %(refname) %(objectname) %(*objectname) [4ms]
2025-01-28 01:56:12.704 [info] > git status -z -uall [20ms]
2025-01-28 01:56:25.939 [info] > git check-ignore -v -z --stdin [4ms]
2025-01-28 01:56:31.688 [info] > git check-ignore -v -z --stdin [2ms]
2025-01-28 01:57:43.094 [info] > git config --get commit.template [10ms]
2025-01-28 01:57:43.096 [info] > git for-each-ref --format=%(refname)%00%(upstream:short)%00%(objectname)%00%(upstream:track)%00%(upstream:remotename)%00%(upstream:remoteref) refs/heads/main refs/remotes/main [3ms]
2025-01-28 01:57:43.158 [info] > git for-each-ref --sort -committerdate --format %(refname) %(objectname) %(*objectname) [12ms]
2025-01-28 01:57:43.171 [info] > git status -z -uall [50ms]
2025-01-28 01:57:45.744 [info] > git show --textconv :uploads/20250128-015624AM.wav.txt [12ms]
2025-01-28 01:57:45.744 [info] > git ls-files --stage -- /home/marty_jehng/uploads/20250128-015624AM.wav.txt [3ms]
2025-01-28 01:57:47.045 [info] > git show --textconv :uploads/20250128-014836AM.wav.txt [10ms]
2025-01-28 01:57:47.047 [info] > git ls-files --stage -- /home/marty_jehng/uploads/20250128-014836AM.wav.txt [2ms]
2025-01-28 01:57:48.191 [info] > git config --get commit.template [2ms]
2025-01-28 01:57:48.202 [info] > git for-each-ref --format=%(refname)%00%(upstream:short)%00%(objectname)%00%(upstream:track)%00%(upstream:remotename)%00%(upstream:remoteref) refs/heads/main refs/remotes/main [3ms]
2025-01-28 01:57:48.226 [info] > git for-each-ref --sort -committerdate --format %(refname) %(objectname) %(*objectname) [4ms]
2025-01-28 01:57:48.230 [info] > git status -z -uall [20ms]
2025-01-28 01:58:01.899 [info] > git check-ignore -v -z --stdin [4ms]
2025-01-28 01:58:02.553 [info] > git config --get commit.template [12ms]
2025-01-28 01:58:02.553 [info] > git for-each-ref --format=%(refname)%00%(upstream:short)%00%(objectname)%00%(upstream:track)%00%(upstream:remotename)%00%(upstream:remoteref) refs/heads/main refs/remotes/main [3ms]
2025-01-28 01:58:02.583 [info] > git for-each-ref --sort -committerdate --format %(refname) %(objectname) %(*objectname) [4ms]
2025-01-28 01:58:02.585 [info] > git status -z -uall [22ms]
2025-01-28 01:58:03.865 [info] > git check-ignore -v -z --stdin [2ms]
2025-01-28 01:58:07.364 [info] > git show --textconv :main.py [12ms]
2025-01-28 01:58:07.365 [info] > git ls-files --stage -- /home/marty_jehng/main.py [3ms]
2025-01-28 01:58:07.375 [info] > git cat-file -s ec119f91854f9c10525df8b7d0de351b24ca3d5d [3ms]
2025-01-28 01:58:37.984 [info] > git config --get commit.template [11ms]
2025-01-28 01:58:37.985 [info] > git for-each-ref --format=%(refname)%00%(upstream:short)%00%(objectname)%00%(upstream:track)%00%(upstream:remotename)%00%(upstream:remoteref) refs/heads/main refs/remotes/main [3ms]
2025-01-28 01:58:38.009 [info] > git for-each-ref --sort -committerdate --format %(refname) %(objectname) %(*objectname) [4ms]
2025-01-28 01:58:38.013 [info] > git status -z -uall [20ms]
2025-01-28 01:58:43.039 [info] > git config --get commit.template [9ms]
2025-01-28 01:58:43.041 [info] > git for-each-ref --format=%(refname)%00%(upstream:short)%00%(objectname)%00%(upstream:track)%00%(upstream:remotename)%00%(upstream:remoteref) refs/heads/main refs/remotes/main [3ms]
2025-01-28 01:58:43.065 [info] > git for-each-ref --sort -committerdate --format %(refname) %(objectname) %(*objectname) [6ms]
2025-01-28 01:58:43.069 [info] > git status -z -uall [20ms]
2025-01-28 01:58:48.093 [info] > git config --get commit.template [12ms]
2025-01-28 01:58:48.094 [info] > git for-each-ref --format=%(refname)%00%(upstream:short)%00%(objectname)%00%(upstream:track)%00%(upstream:remotename)%00%(upstream:remoteref) refs/heads/main refs/remotes/main [4ms]
2025-01-28 01:58:48.120 [info] > git for-each-ref --sort -committerdate --format %(refname) %(objectname) %(*objectname) [4ms]
2025-01-28 01:58:48.124 [info] > git status -z -uall [19ms]
2025-01-28 01:58:49.915 [info] > git show --textconv :main.py [10ms]
2025-01-28 01:58:49.916 [info] > git ls-files --stage -- /home/marty_jehng/main.py [5ms]
2025-01-28 01:58:49.933 [info] > git cat-file -s ec119f91854f9c10525df8b7d0de351b24ca3d5d [6ms]
2025-01-28 01:58:53.159 [info] > git config --get commit.template [18ms]
2025-01-28 01:58:53.163 [info] > git for-each-ref --format=%(refname)%00%(upstream:short)%00%(objectname)%00%(upstream:track)%00%(upstream:remotename)%00%(upstream:remoteref) refs/heads/main refs/remotes/main [5ms]
2025-01-28 01:58:53.191 [info] > git for-each-ref --sort -committerdate --format %(refname) %(objectname) %(*objectname) [5ms]
2025-01-28 01:58:53.200 [info] > git status -z -uall [24ms]
2025-01-28 01:58:54.931 [info] > git check-ignore -v -z --stdin [7ms]
2025-01-28 01:58:57.325 [info] > git log --format=%H%n%aN%n%aE%n%at%n%ct%n%P%n%D%n%B -z --shortstat --diff-merges=first-parent -n50 --skip=0 --topo-order --decorate=full --stdin [3334ms]
2025-01-28 01:58:58.223 [info] > git config --get commit.template [10ms]
2025-01-28 01:58:58.225 [info] > git for-each-ref --format=%(refname)%00%(upstream:short)%00%(objectname)%00%(upstream:track)%00%(upstream:remotename)%00%(upstream:remoteref) refs/heads/main refs/remotes/main [3ms]
2025-01-28 01:58:58.248 [info] > git for-each-ref --sort -committerdate --format %(refname) %(objectname) %(*objectname) [4ms]
2025-01-28 01:58:58.251 [info] > git status -z -uall [18ms]
2025-01-28 01:59:03.276 [info] > git config --get commit.template [11ms]
2025-01-28 01:59:03.277 [info] > git for-each-ref --format=%(refname)%00%(upstream:short)%00%(objectname)%00%(upstream:track)%00%(upstream:remotename)%00%(upstream:remoteref) refs/heads/main refs/remotes/main [4ms]
2025-01-28 01:59:03.302 [info] > git for-each-ref --sort -committerdate --format %(refname) %(objectname) %(*objectname) [4ms]
2025-01-28 01:59:03.305 [info] > git status -z -uall [19ms]
2025-01-28 01:59:08.329 [info] > git config --get commit.template [11ms]
2025-01-28 01:59:08.331 [info] > git for-each-ref --format=%(refname)%00%(upstream:short)%00%(objectname)%00%(upstream:track)%00%(upstream:remotename)%00%(upstream:remoteref) refs/heads/main refs/remotes/main [4ms]
2025-01-28 01:59:08.355 [info] > git for-each-ref --sort -committerdate --format %(refname) %(objectname) %(*objectname) [4ms]
2025-01-28 01:59:08.358 [info] > git status -z -uall [19ms]
