2025-04-01 14:48:36.555 [info] [main] Log level: Info
2025-04-01 14:48:36.555 [info] [main] Validating found git in: "git"
2025-04-01 14:48:36.555 [info] [main] Using git "2.43.0" from "git"
2025-04-01 14:48:36.555 [info] [Model][doInitialScan] Initial repository scan started
2025-04-01 14:48:36.555 [info] > git rev-parse --show-toplevel [774ms]
2025-04-01 14:48:36.555 [info] > git rev-parse --git-dir --git-common-dir [320ms]
2025-04-01 14:48:36.555 [info] [Model][openRepository] Opened repository: /home/marty_jehng
2025-04-01 14:48:36.555 [info] > git config --get commit.template [370ms]
2025-04-01 14:48:41.540 [info] > git for-each-ref --format=%(refname)%00%(upstream:short)%00%(objectname)%00%(upstream:track)%00%(upstream:remotename)%00%(upstream:remoteref) refs/heads/main refs/remotes/main [648ms]
2025-04-01 14:48:42.247 [info] > git check-ignore -v -z --stdin [671ms]
2025-04-01 14:48:42.485 [info] > git rev-parse --show-toplevel [190ms]
2025-04-01 14:48:42.554 [info] > git for-each-ref --sort -committerdate --format %(refname) %(objectname) %(*objectname) [189ms]
2025-04-01 14:48:42.776 [info] > git rev-parse --show-toplevel [190ms]
2025-04-01 14:48:42.883 [info] > git rev-parse --show-toplevel [21ms]
2025-04-01 14:48:43.208 [info] > git status -z -uall [882ms]
2025-04-01 14:48:43.257 [info] > git rev-parse --show-toplevel [328ms]
2025-04-01 14:48:44.319 [info] > git for-each-ref --format=%(refname)%00%(upstream:short)%00%(objectname)%00%(upstream:track)%00%(upstream:remotename)%00%(upstream:remoteref) refs/heads/main refs/remotes/main [938ms]
2025-04-01 14:48:44.360 [info] > git config --local branch.main.vscode-merge-base [22ms]
2025-04-01 14:48:44.362 [warning] [Git][config] git config failed: Failed to execute git
2025-04-01 14:48:44.393 [info] > git config --get commit.template [77ms]
2025-04-01 14:48:44.395 [info] > git rev-parse --show-toplevel [93ms]
2025-04-01 14:48:44.440 [info] > git reflog main --grep-reflog=branch: Created from *. [47ms]
2025-04-01 14:48:44.457 [info] > git for-each-ref --format=%(refname)%00%(upstream:short)%00%(objectname)%00%(upstream:track)%00%(upstream:remotename)%00%(upstream:remoteref) refs/heads/main refs/remotes/main [21ms]
2025-04-01 14:48:44.461 [info] > git rev-parse --show-toplevel [46ms]
2025-04-01 14:48:44.505 [info] > git symbolic-ref --short refs/remotes/origin/HEAD [51ms]
2025-04-01 14:48:44.505 [info] fatal: ref refs/remotes/origin/HEAD is not a symbolic ref
2025-04-01 14:48:44.505 [warning] [Repository][getDefaultBranch] Failed to get default branch details: Failed to execute git.
2025-04-01 14:48:44.644 [info] > git rev-parse --show-toplevel [80ms]
2025-04-01 14:48:44.647 [info] > git merge-base refs/heads/main refs/remotes/origin/main [115ms]
2025-04-01 14:48:44.947 [info] > git rev-parse --show-toplevel [175ms]
2025-04-01 14:48:44.955 [info] > git diff --name-status -z --diff-filter=ADMR 7bf02d47bd14540f696f1d7b7776fd7b8789dbeb...refs/remotes/origin/main [277ms]
2025-04-01 14:48:45.007 [info] > git for-each-ref --sort -committerdate --format %(refname) %(objectname) %(*objectname) [66ms]
2025-04-01 14:48:45.015 [info] > git rev-parse --show-toplevel [12ms]
2025-04-01 14:48:45.071 [info] > git rev-parse --show-toplevel [14ms]
2025-04-01 14:48:45.127 [info] > git rev-parse --show-toplevel [12ms]
2025-04-01 14:48:45.178 [info] > git rev-parse --show-toplevel [13ms]
2025-04-01 14:48:45.181 [info] [Model][doInitialScan] Initial repository scan completed - repositories (1), closed repositories (0), parent repositories (0), unsafe repositories (0)
2025-04-01 14:48:45.319 [info] > git show --textconv :main.py [85ms]
2025-04-01 14:48:45.339 [info] > git ls-files --stage -- /home/marty_jehng/main.py [53ms]
2025-04-01 14:48:45.387 [info] > git cat-file -s fa10f94d0343d51d9c386295b5e7db33526a17f5 [16ms]
2025-04-01 14:48:45.423 [info] > git status -z -uall [531ms]
2025-04-01 14:55:20.554 [info] > git config --get commit.template [9ms]
2025-04-01 14:55:20.555 [info] > git for-each-ref --format=%(refname)%00%(upstream:short)%00%(objectname)%00%(upstream:track)%00%(upstream:remotename)%00%(upstream:remoteref) refs/heads/main refs/remotes/main [3ms]
2025-04-01 14:55:20.579 [info] > git for-each-ref --sort -committerdate --format %(refname) %(objectname) %(*objectname) [3ms]
2025-04-01 14:55:20.708 [info] > git status -z -uall [144ms]
2025-04-01 14:55:34.816 [info] > git config --get commit.template [11ms]
2025-04-01 14:55:34.817 [info] > git for-each-ref --format=%(refname)%00%(upstream:short)%00%(objectname)%00%(upstream:track)%00%(upstream:remotename)%00%(upstream:remoteref) refs/heads/main refs/remotes/main [4ms]
2025-04-01 14:55:34.847 [info] > git for-each-ref --sort -committerdate --format %(refname) %(objectname) %(*objectname) [4ms]
2025-04-01 14:55:34.974 [info] > git status -z -uall [145ms]
2025-04-01 15:01:38.809 [info] > git config --get commit.template [8ms]
2025-04-01 15:01:38.810 [info] > git for-each-ref --format=%(refname)%00%(upstream:short)%00%(objectname)%00%(upstream:track)%00%(upstream:remotename)%00%(upstream:remoteref) refs/heads/main refs/remotes/main [3ms]
2025-04-01 15:01:38.846 [info] > git for-each-ref --sort -committerdate --format %(refname) %(objectname) %(*objectname) [9ms]
2025-04-01 15:01:38.969 [info] > git status -z -uall [149ms]
2025-04-01 15:01:44.044 [info] > git config --get commit.template [11ms]
2025-04-01 15:01:44.046 [info] > git for-each-ref --format=%(refname)%00%(upstream:short)%00%(objectname)%00%(upstream:track)%00%(upstream:remotename)%00%(upstream:remoteref) refs/heads/main refs/remotes/main [3ms]
2025-04-01 15:01:44.074 [info] > git for-each-ref --sort -committerdate --format %(refname) %(objectname) %(*objectname) [6ms]
2025-04-01 15:01:44.199 [info] > git status -z -uall [145ms]
2025-04-01 15:01:46.838 [info] > git show --textconv :main.py [13ms]
2025-04-01 15:01:46.840 [info] > git ls-files --stage -- /home/marty_jehng/main.py [4ms]
2025-04-01 15:01:46.851 [info] > git cat-file -s fa10f94d0343d51d9c386295b5e7db33526a17f5 [3ms]
2025-04-01 15:01:49.257 [info] > git config --get commit.template [10ms]
2025-04-01 15:01:49.259 [info] > git for-each-ref --format=%(refname)%00%(upstream:short)%00%(objectname)%00%(upstream:track)%00%(upstream:remotename)%00%(upstream:remoteref) refs/heads/main refs/remotes/main [3ms]
2025-04-01 15:01:49.285 [info] > git for-each-ref --sort -committerdate --format %(refname) %(objectname) %(*objectname) [6ms]
2025-04-01 15:01:49.408 [info] > git status -z -uall [141ms]
2025-04-01 15:01:53.448 [info] > git check-ignore -v -z --stdin [6ms]
2025-04-01 15:01:54.473 [info] > git config --get commit.template [16ms]
2025-04-01 15:01:54.476 [info] > git for-each-ref --format=%(refname)%00%(upstream:short)%00%(objectname)%00%(upstream:track)%00%(upstream:remotename)%00%(upstream:remoteref) refs/heads/main refs/remotes/main [5ms]
2025-04-01 15:01:54.515 [info] > git for-each-ref --sort -committerdate --format %(refname) %(objectname) %(*objectname) [5ms]
2025-04-01 15:01:54.725 [info] > git status -z -uall [236ms]
2025-04-01 15:01:59.669 [info] > git -c user.useConfigOnly=true commit --quiet --allow-empty-message --file - [191ms]
2025-04-01 15:01:59.684 [info] > git config --get commit.template [6ms]
2025-04-01 15:01:59.706 [info] > git config --get commit.template [11ms]
2025-04-01 15:01:59.710 [info] > git for-each-ref --format=%(refname)%00%(upstream:short)%00%(objectname)%00%(upstream:track)%00%(upstream:remotename)%00%(upstream:remoteref) refs/heads/main refs/remotes/main [5ms]
2025-04-01 15:01:59.746 [info] > git for-each-ref --sort -committerdate --format %(refname) %(objectname) %(*objectname) [7ms]
2025-04-01 15:01:59.795 [info] > git status -z -uall [67ms]
2025-04-01 15:01:59.864 [info] > git merge-base refs/heads/main refs/remotes/origin/main [23ms]
2025-04-01 15:01:59.879 [info] > git config --get commit.template [15ms]
2025-04-01 15:01:59.880 [info] > git diff --name-status -z --diff-filter=ADMR 7bf02d47bd14540f696f1d7b7776fd7b8789dbeb...refs/remotes/origin/main [6ms]
2025-04-01 15:01:59.895 [info] > git for-each-ref --format=%(refname)%00%(upstream:short)%00%(objectname)%00%(upstream:track)%00%(upstream:remotename)%00%(upstream:remoteref) refs/heads/main refs/remotes/main [5ms]
2025-04-01 15:02:00.232 [info] > git status -z -uall [316ms]
2025-04-01 15:02:00.233 [info] > git for-each-ref --sort -committerdate --format %(refname) %(objectname) %(*objectname) [304ms]
2025-04-01 15:02:00.752 [info] > git check-ignore -v -z --stdin [3ms]
2025-04-01 15:02:03.192 [info] > git config --get commit.template [2ms]
2025-04-01 15:02:03.203 [info] > git for-each-ref --format=%(refname)%00%(upstream:short)%00%(objectname)%00%(upstream:track)%00%(upstream:remotename)%00%(upstream:remoteref) refs/heads/main refs/remotes/main [1ms]
2025-04-01 15:02:03.240 [info] > git for-each-ref --sort -committerdate --format %(refname) %(objectname) %(*objectname) [8ms]
2025-04-01 15:02:03.277 [info] > git status -z -uall [62ms]
2025-04-01 15:02:03.717 [info] > git log --format=%H%n%aN%n%aE%n%at%n%ct%n%P%n%D%n%B -z --shortstat --diff-merges=first-parent -n50 --skip=0 --topo-order --decorate=full --stdin [10900ms]
2025-04-01 15:02:05.219 [info] > git ls-files --stage -- /home/marty_jehng/main.py [5ms]
2025-04-01 15:02:05.236 [info] > git cat-file -s fa10f94d0343d51d9c386295b5e7db33526a17f5 [8ms]
2025-04-01 15:02:05.289 [info] > git config --get commit.template [11ms]
2025-04-01 15:02:05.291 [info] > git for-each-ref --format=%(refname)%00%(upstream:short)%00%(objectname)%00%(upstream:track)%00%(upstream:remotename)%00%(upstream:remoteref) refs/heads/main refs/remotes/main [3ms]
2025-04-01 15:02:05.330 [info] > git for-each-ref --sort -committerdate --format %(refname) %(objectname) %(*objectname) [17ms]
2025-04-01 15:02:05.334 [info] > git show --textconv :main.py [7ms]
2025-04-01 15:02:05.350 [info] > git status -z -uall [50ms]
2025-04-01 15:02:10.391 [info] > git config --get commit.template [3ms]
2025-04-01 15:02:10.401 [info] > git for-each-ref --format=%(refname)%00%(upstream:short)%00%(objectname)%00%(upstream:track)%00%(upstream:remotename)%00%(upstream:remoteref) refs/heads/main refs/remotes/main [3ms]
2025-04-01 15:02:10.421 [info] > git for-each-ref --sort -committerdate --format %(refname) %(objectname) %(*objectname) [4ms]
2025-04-01 15:02:10.453 [info] > git status -z -uall [45ms]
2025-04-01 15:02:15.594 [info] > git config --get commit.template [10ms]
2025-04-01 15:02:15.596 [info] > git for-each-ref --format=%(refname)%00%(upstream:short)%00%(objectname)%00%(upstream:track)%00%(upstream:remotename)%00%(upstream:remoteref) refs/heads/main refs/remotes/main [3ms]
2025-04-01 15:02:15.624 [info] > git for-each-ref --sort -committerdate --format %(refname) %(objectname) %(*objectname) [3ms]
2025-04-01 15:02:15.650 [info] > git status -z -uall [45ms]
2025-04-01 15:02:20.701 [info] > git config --get commit.template [12ms]
2025-04-01 15:02:20.703 [info] > git for-each-ref --format=%(refname)%00%(upstream:short)%00%(objectname)%00%(upstream:track)%00%(upstream:remotename)%00%(upstream:remoteref) refs/heads/main refs/remotes/main [4ms]
2025-04-01 15:02:20.731 [info] > git for-each-ref --sort -committerdate --format %(refname) %(objectname) %(*objectname) [5ms]
2025-04-01 15:02:20.758 [info] > git status -z -uall [43ms]
2025-04-01 15:02:25.798 [info] > git config --get commit.template [10ms]
2025-04-01 15:02:25.800 [info] > git for-each-ref --format=%(refname)%00%(upstream:short)%00%(objectname)%00%(upstream:track)%00%(upstream:remotename)%00%(upstream:remoteref) refs/heads/main refs/remotes/main [3ms]
2025-04-01 15:02:25.826 [info] > git for-each-ref --sort -committerdate --format %(refname) %(objectname) %(*objectname) [4ms]
2025-04-01 15:02:25.856 [info] > git status -z -uall [47ms]
2025-04-01 15:02:40.935 [info] > git log --format=%H%n%aN%n%aE%n%at%n%ct%n%P%n%D%n%B -z --shortstat --diff-merges=first-parent -n50 --skip=0 --topo-order --decorate=full --stdin [6632ms]
2025-04-01 15:03:11.654 [info] > git config --get commit.template [9ms]
2025-04-01 15:03:11.656 [info] > git for-each-ref --format=%(refname)%00%(upstream:short)%00%(objectname)%00%(upstream:track)%00%(upstream:remotename)%00%(upstream:remoteref) refs/heads/main refs/remotes/main [3ms]
2025-04-01 15:03:11.677 [info] > git for-each-ref --sort -committerdate --format %(refname) %(objectname) %(*objectname) [3ms]
2025-04-01 15:03:11.705 [info] > git status -z -uall [42ms]
2025-04-01 15:03:13.390 [info] > git log --oneline --cherry main...main@{upstream} -- [15ms]
2025-04-01 15:03:13.663 [info] > git pull --tags origin main [264ms]
2025-04-01 15:03:13.663 [info] From https://github.com/MartyWYCheng/marty_jehng
 * branch            main       -> FETCH_HEAD
2025-04-01 15:03:14.978 [info] > git ls-files --stage -- /home/marty_jehng/main.py [3ms]
2025-04-01 15:03:14.986 [info] > git cat-file -s fa10f94d0343d51d9c386295b5e7db33526a17f5 [2ms]
2025-04-01 15:03:15.034 [info] > git show --textconv :main.py [3ms]
2025-04-01 15:03:53.746 [info] > git push origin main:main [40074ms]
2025-04-01 15:03:53.746 [info] remote: 
remote: GitHub found 1 vulnerability on MartyWYCheng/marty_jehng's default branch (1 high). To find out more, visit:        
remote:      https://github.com/MartyWYCheng/marty_jehng/security/dependabot/1        
remote: 
To https://github.com/MartyWYCheng/marty_jehng.git
   7bf02d4..f8de6f4  main -> main
2025-04-01 15:03:53.770 [info] > git config --get commit.template [12ms]
2025-04-01 15:03:53.772 [info] > git for-each-ref --format=%(refname)%00%(upstream:short)%00%(objectname)%00%(upstream:track)%00%(upstream:remotename)%00%(upstream:remoteref) refs/heads/main refs/remotes/main [3ms]
2025-04-01 15:03:53.801 [info] > git for-each-ref --sort -committerdate --format %(refname) %(objectname) %(*objectname) [3ms]
2025-04-01 15:03:53.830 [info] > git status -z -uall [48ms]
2025-04-01 15:03:53.890 [info] > git merge-base refs/heads/main refs/remotes/origin/main [4ms]
2025-04-01 15:03:53.907 [info] > git diff --name-status -z --diff-filter=ADMR f8de6f4a2026a143e25d42347d59e16c4979f5b7...refs/remotes/origin/main [5ms]
2025-04-01 15:03:59.927 [info] > git config --get commit.template [4ms]
2025-04-01 15:03:59.947 [info] > git for-each-ref --format=%(refname)%00%(upstream:short)%00%(objectname)%00%(upstream:track)%00%(upstream:remotename)%00%(upstream:remoteref) refs/heads/main refs/remotes/main [4ms]
2025-04-01 15:03:59.994 [info] > git for-each-ref --sort -committerdate --format %(refname) %(objectname) %(*objectname) [11ms]
2025-04-01 15:04:00.043 [info] > git status -z -uall [81ms]
2025-04-01 15:04:00.121 [info] > git ls-files --stage -- /home/marty_jehng/main.py [9ms]
2025-04-01 15:04:00.147 [info] > git cat-file -s fa10f94d0343d51d9c386295b5e7db33526a17f5 [8ms]
2025-04-01 15:04:01.444 [info] > git show --textconv :main.py [5ms]
2025-04-01 15:04:02.721 [info] > git log --format=%H%n%aN%n%aE%n%at%n%ct%n%P%n%D%n%B -z --shortstat --diff-merges=first-parent -n50 --skip=0 --topo-order --decorate=full --stdin [6580ms]
2025-04-01 15:04:05.114 [info] > git config --get commit.template [13ms]
2025-04-01 15:04:05.116 [info] > git for-each-ref --format=%(refname)%00%(upstream:short)%00%(objectname)%00%(upstream:track)%00%(upstream:remotename)%00%(upstream:remoteref) refs/heads/main refs/remotes/main [3ms]
2025-04-01 15:04:05.146 [info] > git for-each-ref --sort -committerdate --format %(refname) %(objectname) %(*objectname) [5ms]
2025-04-01 15:04:05.170 [info] > git status -z -uall [44ms]
2025-04-01 15:04:06.986 [info] > git fetch [227ms]
2025-04-01 15:04:07.008 [info] > git config --get commit.template [11ms]
2025-04-01 15:04:07.011 [info] > git for-each-ref --format=%(refname)%00%(upstream:short)%00%(objectname)%00%(upstream:track)%00%(upstream:remotename)%00%(upstream:remoteref) refs/heads/main refs/remotes/main [4ms]
2025-04-01 15:04:07.043 [info] > git for-each-ref --sort -committerdate --format %(refname) %(objectname) %(*objectname) [4ms]
2025-04-01 15:04:07.069 [info] > git status -z -uall [45ms]
2025-04-01 15:04:09.599 [info] > git ls-files --stage -- /home/marty_jehng/main.py [3ms]
2025-04-01 15:04:09.609 [info] > git cat-file -s fa10f94d0343d51d9c386295b5e7db33526a17f5 [3ms]
2025-04-01 15:04:09.658 [info] > git show --textconv :main.py [3ms]
