2025-04-01 14:20:34.018 [info] Extension host with pid 2927 started
2025-04-01 14:20:34.018 [error] Error: EEXIST: file already exists, open '/home/marty_jehng/.codeoss/data/User/workspaceStorage/-116e28db/vscode.lock'
2025-04-01 14:20:34.051 [info] Lock '/home/marty_jehng/.codeoss/data/User/workspaceStorage/-116e28db/vscode.lock': Could not acquire lock, checking if the file is stale.
2025-04-01 14:20:34.066 [info] Lock '/home/marty_jehng/.codeoss/data/User/workspaceStorage/-116e28db/vscode.lock': The lock does not look stale, elapsed: 753 ms, giving up.
2025-04-01 14:20:34.074 [info] Lock '/home/marty_jehng/.codeoss/data/User/workspaceStorage/-116e28db-1/vscode.lock': Lock acquired.
2025-04-01 14:20:37.193 [info] ExtensionService#_doActivateExtension vscode.emmet, startup: false, activationEvent: 'onLanguage'
2025-04-01 14:20:37.195 [info] ExtensionService#_doActivateExtension ms-python.python, startup: false, activationEvent: 'onLanguage:python'
2025-04-01 14:20:38.197 [info] ExtensionService#_doActivateExtension vscode.git-base, startup: true, activationEvent: '*', root cause: vscode.git
2025-04-01 14:20:40.797 [info] ExtensionService#_doActivateExtension vscode.git, startup: true, activationEvent: '*'
2025-04-01 14:20:40.797 [info] ExtensionService#_doActivateExtension vscode.github, startup: true, activationEvent: '*'
2025-04-01 14:20:40.946 [error] Error: spawn /google/devshell/editor/code-oss-for-cloud-shell/extensions/ms-python.python/python-env-tools/bin/pet ENOENT
	at ChildProcess._handle.onexit (node:internal/child_process:286:19)
	at onErrorNT (node:internal/child_process:484:16)
	at process.processTicksAndRejections (node:internal/process/task_queues:82:21)
2025-04-01 14:20:41.015 [info] ExtensionService#_doActivateExtension redhat.fabric8-analytics, startup: true, activationEvent: 'workspaceContains:**/package.json,**/pom.xml,**/go.mod,**/requirements.txt,**/build.gradle,**/Dockerfile,**/Containerfile'
2025-04-01 14:20:41.358 [info] Eager extensions activated
2025-04-01 14:20:41.358 [info] ExtensionService#_doActivateExtension EditorConfig.EditorConfig, startup: false, activationEvent: 'onStartupFinished'
2025-04-01 14:20:41.359 [info] ExtensionService#_doActivateExtension google.cloud-shell, startup: false, activationEvent: 'onStartupFinished'
2025-04-01 14:20:41.359 [info] ExtensionService#_doActivateExtension google.geminicodeassist, startup: false, activationEvent: 'onStartupFinished', root cause: googlecloudtools.cloudcode
2025-04-01 14:20:41.360 [info] ExtensionService#_doActivateExtension vscode.debug-auto-launch, startup: false, activationEvent: 'onStartupFinished'
2025-04-01 14:20:41.360 [info] ExtensionService#_doActivateExtension vscode.merge-conflict, startup: false, activationEvent: 'onStartupFinished'
2025-04-01 14:20:44.216 [info] ExtensionService#_doActivateExtension googlecloudtools.cloudcode, startup: false, activationEvent: 'onStartupFinished'
2025-04-01 14:20:47.122 [info] ExtensionService#_doActivateExtension vscode.configuration-editing, startup: false, activationEvent: 'onLanguage:jsonc'
2025-04-01 14:20:47.123 [info] ExtensionService#_doActivateExtension vscode.json-language-features, startup: false, activationEvent: 'onLanguage:jsonc'
2025-04-01 14:20:47.123 [info] ExtensionService#_doActivateExtension vscode.typescript-language-features, startup: false, activationEvent: 'onLanguage:jsonc'
2025-04-01 14:20:47.977 [warning] [Decorations] CAPPING events from decorations provider vscode.git 745
2025-04-01 14:20:48.231 [info] ExtensionService#_doActivateExtension vscode.github-authentication, startup: false, activationEvent: 'onAuthenticationRequest:github'
2025-04-01 14:20:49.179 [warning] [Decorations] CAPPING events from decorations provider vscode.git 748
2025-04-01 14:20:52.543 [warning] [Decorations] CAPPING events from decorations provider vscode.git 751
2025-04-01 14:20:59.224 [warning] [Decorations] CAPPING events from decorations provider vscode.git 752
2025-04-01 14:21:04.417 [warning] [Decorations] CAPPING events from decorations provider vscode.git 753
2025-04-01 14:21:09.604 [warning] [Decorations] CAPPING events from decorations provider vscode.git 753
2025-04-01 14:21:14.803 [warning] [Decorations] CAPPING events from decorations provider vscode.git 756
2025-04-01 14:21:19.981 [warning] [Decorations] CAPPING events from decorations provider vscode.git 756
2025-04-01 14:21:25.153 [warning] [Decorations] CAPPING events from decorations provider vscode.git 756
2025-04-01 14:21:30.339 [warning] [Decorations] CAPPING events from decorations provider vscode.git 756
2025-04-01 14:21:35.527 [warning] [Decorations] CAPPING events from decorations provider vscode.git 754
2025-04-01 14:21:40.764 [warning] [Decorations] CAPPING events from decorations provider vscode.git 754
2025-04-01 14:21:50.405 [warning] [Decorations] CAPPING events from decorations provider vscode.git 755
2025-04-01 14:22:01.757 [warning] [Decorations] CAPPING events from decorations provider vscode.git 751
2025-04-01 14:22:06.928 [warning] [Decorations] CAPPING events from decorations provider vscode.git 751
2025-04-01 14:22:12.732 [warning] [Decorations] CAPPING events from decorations provider vscode.git 751
2025-04-01 14:23:31.014 [warning] [Decorations] CAPPING events from decorations provider vscode.git 751
2025-04-01 14:23:36.191 [warning] [Decorations] CAPPING events from decorations provider vscode.git 755
2025-04-01 14:23:50.060 [warning] [Decorations] CAPPING events from decorations provider vscode.git 755
2025-04-01 14:24:05.859 [warning] [Decorations] CAPPING events from decorations provider vscode.git 755
2025-04-01 14:25:26.063 [warning] [Decorations] CAPPING events from decorations provider vscode.git 1235
2025-04-01 14:25:31.264 [warning] [Decorations] CAPPING events from decorations provider vscode.git 1234
2025-04-01 14:29:00.088 [warning] [Decorations] CAPPING events from decorations provider vscode.git 1239
2025-04-01 14:29:05.277 [warning] [Decorations] CAPPING events from decorations provider vscode.git 1239
2025-04-01 14:29:10.458 [warning] [Decorations] CAPPING events from decorations provider vscode.git 1239
2025-04-01 14:36:43.886 [info] Extension host terminating: renderer disconnected for too long (2)
2025-04-01 14:36:43.888 [info] Lock '/home/marty_jehng/.codeoss/data/User/workspaceStorage/-116e28db-1/vscode.lock': Marking the lockfile as scheduled to be released in 6000 ms.
2025-04-01 14:36:44.001 [error] Canceled: Canceled
    at new eA (file:///google/devshell/editor/code-oss-for-cloud-shell/out/vs/workbench/api/node/extensionHostProcess.js:31:116752)
    at Zb.U (file:///google/devshell/editor/code-oss-for-cloud-shell/out/vs/workbench/api/node/extensionHostProcess.js:31:121364)
    at Proxy.s.<computed>.n.charCodeAt.s.<computed> (file:///google/devshell/editor/code-oss-for-cloud-shell/out/vs/workbench/api/node/extensionHostProcess.js:31:118858)
    at T0.g (file:///google/devshell/editor/code-oss-for-cloud-shell/out/vs/workbench/api/node/extensionHostProcess.js:114:32325)
    at T0.executeCommand (file:///google/devshell/editor/code-oss-for-cloud-shell/out/vs/workbench/api/node/extensionHostProcess.js:114:31826)
    at r.registerCommand.description (file:///google/devshell/editor/code-oss-for-cloud-shell/out/vs/workbench/api/node/extensionHostProcess.js:114:31156)
    at T0.h (file:///google/devshell/editor/code-oss-for-cloud-shell/out/vs/workbench/api/node/extensionHostProcess.js:114:32845)
    at T0.g (file:///google/devshell/editor/code-oss-for-cloud-shell/out/vs/workbench/api/node/extensionHostProcess.js:114:31919)
    at T0.executeCommand (file:///google/devshell/editor/code-oss-for-cloud-shell/out/vs/workbench/api/node/extensionHostProcess.js:114:31826)
    at Object.executeCommand (file:///google/devshell/editor/code-oss-for-cloud-shell/out/vs/workbench/api/node/extensionHostProcess.js:156:37049)
    at gh.O [as value] (/google/devshell/editor/code-oss-for-cloud-shell/extensions/git/dist/main.js:2:173696)
    at T.B (file:///google/devshell/editor/code-oss-for-cloud-shell/out/vs/workbench/api/node/extensionHostProcess.js:29:732)
    at T.C (file:///google/devshell/editor/code-oss-for-cloud-shell/out/vs/workbench/api/node/extensionHostProcess.js:29:802)
    at T.fire (file:///google/devshell/editor/code-oss-for-cloud-shell/out/vs/workbench/api/node/extensionHostProcess.js:29:1019)
    at Object.p [as dispose] (/google/devshell/editor/code-oss-for-cloud-shell/extensions/git/dist/main.js:2:194274)
    at /google/devshell/editor/code-oss-for-cloud-shell/extensions/git/dist/main.js:2:200396
    at Array.forEach (<anonymous>)
    at f.dispose (/google/devshell/editor/code-oss-for-cloud-shell/extensions/git/dist/main.js:2:200382)
    at D1.<anonymous> (file:///google/devshell/editor/code-oss-for-cloud-shell/out/vs/workbench/api/node/extensionHostProcess.js:108:19996)
    at D1.dispose (file:///google/devshell/editor/code-oss-for-cloud-shell/out/vs/workbench/api/node/extensionHostProcess.js:108:20092)
    at D1.<anonymous> (/google/devshell/editor/code-oss-for-cloud-shell/extensions/git/dist/main.js:2:175994)
    at D1.dispose (file:///google/devshell/editor/code-oss-for-cloud-shell/out/vs/workbench/api/node/extensionHostProcess.js:108:20092)
    at Si (file:///google/devshell/editor/code-oss-for-cloud-shell/out/vs/workbench/api/node/extensionHostProcess.js:24:701)
    at file:///google/devshell/editor/code-oss-for-cloud-shell/out/vs/workbench/api/node/extensionHostProcess.js:118:14995
    at file:///google/devshell/editor/code-oss-for-cloud-shell/out/vs/workbench/api/node/extensionHostProcess.js:24:1011
    at Object.dispose (file:///google/devshell/editor/code-oss-for-cloud-shell/out/vs/workbench/api/node/extensionHostProcess.js:7:2146)
    at dB.eb (file:///google/devshell/editor/code-oss-for-cloud-shell/out/vs/workbench/api/node/extensionHostProcess.js:118:11922)
    at file:///google/devshell/editor/code-oss-for-cloud-shell/out/vs/workbench/api/node/extensionHostProcess.js:118:9877
    at Array.map (<anonymous>)
    at dB.$ (file:///google/devshell/editor/code-oss-for-cloud-shell/out/vs/workbench/api/node/extensionHostProcess.js:118:9865)
    at dB.terminate (file:///google/devshell/editor/code-oss-for-cloud-shell/out/vs/workbench/api/node/extensionHostProcess.js:118:10108)
    at M3.terminate (file:///google/devshell/editor/code-oss-for-cloud-shell/out/vs/workbench/api/node/extensionHostProcess.js:119:1424)
    at ps (file:///google/devshell/editor/code-oss-for-cloud-shell/out/vs/workbench/api/node/extensionHostProcess.js:174:15058)
    at H4.a (file:///google/devshell/editor/code-oss-for-cloud-shell/out/vs/workbench/api/node/extensionHostProcess.js:174:11968)
    at H4.h (file:///google/devshell/editor/code-oss-for-cloud-shell/out/vs/workbench/api/node/extensionHostProcess.js:30:75706)
    at listOnTimeout (node:internal/timers:581:17)
    at processTimers (node:internal/timers:519:7) setContext undefined
2025-04-01 14:36:44.012 [error] Canceled: Canceled
    at new eA (file:///google/devshell/editor/code-oss-for-cloud-shell/out/vs/workbench/api/node/extensionHostProcess.js:31:116752)
    at Zb.U (file:///google/devshell/editor/code-oss-for-cloud-shell/out/vs/workbench/api/node/extensionHostProcess.js:31:121364)
    at Proxy.s.<computed>.n.charCodeAt.s.<computed> (file:///google/devshell/editor/code-oss-for-cloud-shell/out/vs/workbench/api/node/extensionHostProcess.js:31:118858)
    at T0.g (file:///google/devshell/editor/code-oss-for-cloud-shell/out/vs/workbench/api/node/extensionHostProcess.js:114:32325)
    at T0.executeCommand (file:///google/devshell/editor/code-oss-for-cloud-shell/out/vs/workbench/api/node/extensionHostProcess.js:114:31826)
    at r.registerCommand.description (file:///google/devshell/editor/code-oss-for-cloud-shell/out/vs/workbench/api/node/extensionHostProcess.js:114:31156)
    at T0.h (file:///google/devshell/editor/code-oss-for-cloud-shell/out/vs/workbench/api/node/extensionHostProcess.js:114:32845)
    at T0.g (file:///google/devshell/editor/code-oss-for-cloud-shell/out/vs/workbench/api/node/extensionHostProcess.js:114:31919)
    at T0.executeCommand (file:///google/devshell/editor/code-oss-for-cloud-shell/out/vs/workbench/api/node/extensionHostProcess.js:114:31826)
    at Object.executeCommand (file:///google/devshell/editor/code-oss-for-cloud-shell/out/vs/workbench/api/node/extensionHostProcess.js:156:37049)
    at a.VscodeDevShareProvider.set hasGitHubRepositories [as hasGitHubRepositories] (/google/devshell/editor/code-oss-for-cloud-shell/extensions/github/dist/extension.js:2:25682)
    at /google/devshell/editor/code-oss-for-cloud-shell/extensions/github/dist/extension.js:2:26641
    at gh.value (/google/devshell/editor/code-oss-for-cloud-shell/extensions/git/dist/main.js:2:282537)
    at T.B (file:///google/devshell/editor/code-oss-for-cloud-shell/out/vs/workbench/api/node/extensionHostProcess.js:29:732)
    at T.C (file:///google/devshell/editor/code-oss-for-cloud-shell/out/vs/workbench/api/node/extensionHostProcess.js:29:802)
    at T.fire (file:///google/devshell/editor/code-oss-for-cloud-shell/out/vs/workbench/api/node/extensionHostProcess.js:29:1019)
    at Object.p [as dispose] (/google/devshell/editor/code-oss-for-cloud-shell/extensions/git/dist/main.js:2:194274)
    at /google/devshell/editor/code-oss-for-cloud-shell/extensions/git/dist/main.js:2:200396
    at Array.forEach (<anonymous>)
    at f.dispose (/google/devshell/editor/code-oss-for-cloud-shell/extensions/git/dist/main.js:2:200382)
    at D1.<anonymous> (file:///google/devshell/editor/code-oss-for-cloud-shell/out/vs/workbench/api/node/extensionHostProcess.js:108:19996)
    at D1.dispose (file:///google/devshell/editor/code-oss-for-cloud-shell/out/vs/workbench/api/node/extensionHostProcess.js:108:20092)
    at D1.<anonymous> (/google/devshell/editor/code-oss-for-cloud-shell/extensions/git/dist/main.js:2:175994)
    at D1.dispose (file:///google/devshell/editor/code-oss-for-cloud-shell/out/vs/workbench/api/node/extensionHostProcess.js:108:20092)
    at Si (file:///google/devshell/editor/code-oss-for-cloud-shell/out/vs/workbench/api/node/extensionHostProcess.js:24:701)
    at file:///google/devshell/editor/code-oss-for-cloud-shell/out/vs/workbench/api/node/extensionHostProcess.js:118:14995
    at file:///google/devshell/editor/code-oss-for-cloud-shell/out/vs/workbench/api/node/extensionHostProcess.js:24:1011
    at Object.dispose (file:///google/devshell/editor/code-oss-for-cloud-shell/out/vs/workbench/api/node/extensionHostProcess.js:7:2146)
    at dB.eb (file:///google/devshell/editor/code-oss-for-cloud-shell/out/vs/workbench/api/node/extensionHostProcess.js:118:11922)
    at file:///google/devshell/editor/code-oss-for-cloud-shell/out/vs/workbench/api/node/extensionHostProcess.js:118:9877
    at Array.map (<anonymous>)
    at dB.$ (file:///google/devshell/editor/code-oss-for-cloud-shell/out/vs/workbench/api/node/extensionHostProcess.js:118:9865)
    at dB.terminate (file:///google/devshell/editor/code-oss-for-cloud-shell/out/vs/workbench/api/node/extensionHostProcess.js:118:10108)
    at M3.terminate (file:///google/devshell/editor/code-oss-for-cloud-shell/out/vs/workbench/api/node/extensionHostProcess.js:119:1424)
    at ps (file:///google/devshell/editor/code-oss-for-cloud-shell/out/vs/workbench/api/node/extensionHostProcess.js:174:15058)
    at H4.a (file:///google/devshell/editor/code-oss-for-cloud-shell/out/vs/workbench/api/node/extensionHostProcess.js:174:11968)
    at H4.h (file:///google/devshell/editor/code-oss-for-cloud-shell/out/vs/workbench/api/node/extensionHostProcess.js:30:75706)
    at listOnTimeout (node:internal/timers:581:17)
    at processTimers (node:internal/timers:519:7) setContext undefined
2025-04-01 14:36:44.061 [info] Extension host with pid 2927 exiting with code 0
