2025-01-28 01:47:18.299 [info] WARNING:pygls.protocol.json_rpc:Cancel notification for unknown message id "1"

2025-01-28 01:47:19.417 [info] WARNING:pygls.protocol.json_rpc:Cancel notification for unknown message id "5"

2025-01-28 01:53:48.248 [info] WARNING:pygls.protocol.json_rpc:Cancel notification for unknown message id "70"

2025-01-28 01:53:58.160 [info] WARNING:pygls.protocol.json_rpc:Cancel notification for unknown message id "83"

2025-01-28 01:54:05.062 [info] WARNING:pygls.protocol.json_rpc:Cancel notification for unknown message id "96"

2025-01-28 01:58:06.324 [info] WARNING:pygls.protocol.json_rpc:Cancel notification for unknown message id "115"

2025-01-28 01:58:06.325 [info] WARNING:pygls.protocol.json_rpc:Cancel notification for unknown message id "114"

2025-01-28 02:02:06.023 [info] WARNING:pygls.protocol.json_rpc:Cancel notification for unknown message id "140"

2025-01-28 02:03:54.284 [info] WARNING:pygls.protocol.json_rpc:Cancel notification for unknown message id "164"

2025-01-28 02:05:15.351 [info] WARNING:pygls.protocol.json_rpc:Cancel notification for unknown message id "185"

2025-01-28 02:05:17.401 [info] WARNING:pygls.protocol.json_rpc:Cancel notification for unknown message id "190"

2025-01-28 02:05:22.732 [info] WARNING:pygls.protocol.json_rpc:Cancel notification for unknown message id "200"

2025-01-28 02:05:34.996 [info] WARNING:pygls.protocol.json_rpc:Cancel notification for unknown message id "218"

2025-01-28 02:08:09.767 [info] ERROR:pygls.protocol.json_rpc:Failed to handle request 290 textDocument/hover HoverParams(text_document=TextDocumentIdentifier(uri='file:///home/marty_jehng/main.py'), position=106:13, work_done_token=None)
Traceback (most recent call last):
  File "/google/devshell/editor/code-oss-for-cloud-shell/extensions/ms-python.python/python_files/lib/jedilsp/pygls/protocol/json_rpc.py", line 266, in _handle_request
    self._execute_request(msg_id, handler, params)
  File "/google/devshell/editor/code-oss-for-cloud-shell/extensions/ms-python.python/python_files/lib/jedilsp/pygls/protocol/json_rpc.py", line 188, in _execute_request
    self._send_response(msg_id, handler(params))
                                ^^^^^^^^^^^^^^^
  File "/google/devshell/editor/code-oss-for-cloud-shell/extensions/ms-python.python/python_files/lib/jedilsp/jedi_language_server/server.py", line 402, in hover
    hover_text = jedi_utils.hover_text(
                 ^^^^^^^^^^^^^^^^^^^^^^
  File "/google/devshell/editor/code-oss-for-cloud-shell/extensions/ms-python.python/python_files/lib/jedilsp/jedi_language_server/jedi_utils.py", line 657, in hover_text
    if _hover_ignore(name, initialization_options):
       ^^^^^^^^^^^^^^^^^^^^^^^^^^^^^^^^^^^^^^^^^^^
  File "/google/devshell/editor/code-oss-for-cloud-shell/extensions/ms-python.python/python_files/lib/jedilsp/jedi_language_server/jedi_utils.py", line 638, in _hover_ignore
    ignore_type: HoverDisableOptions = getattr(
                                       ^^^^^^^^
AttributeError: 'HoverDisable' object has no attribute 'namespace_'

2025-01-28 02:08:09.770 [info] [Error - 2:08:09 AM] Request textDocument/hover failed.
2025-01-28 02:08:09.770 [info]   Message: AttributeError: 'HoverDisable' object has no attribute 'namespace_'
  Code: -32603 
[object Object]
2025-01-28 02:08:54.548 [info] WARNING:pygls.protocol.json_rpc:Cancel notification for unknown message id "299"

2025-01-28 02:09:46.581 [info] ERROR:pygls.protocol.json_rpc:Failed to handle request 326 textDocument/hover HoverParams(text_document=TextDocumentIdentifier(uri='file:///home/marty_jehng/main.py'), position=106:10, work_done_token=None)
Traceback (most recent call last):
  File "/google/devshell/editor/code-oss-for-cloud-shell/extensions/ms-python.python/python_files/lib/jedilsp/pygls/protocol/json_rpc.py", line 266, in _handle_request
    self._execute_request(msg_id, handler, params)
  File "/google/devshell/editor/code-oss-for-cloud-shell/extensions/ms-python.python/python_files/lib/jedilsp/pygls/protocol/json_rpc.py", line 188, in _execute_request
    self._send_response(msg_id, handler(params))
                                ^^^^^^^^^^^^^^^
  File "/google/devshell/editor/code-oss-for-cloud-shell/extensions/ms-python.python/python_files/lib/jedilsp/jedi_language_server/server.py", line 402, in hover
    hover_text = jedi_utils.hover_text(
                 ^^^^^^^^^^^^^^^^^^^^^^
  File "/google/devshell/editor/code-oss-for-cloud-shell/extensions/ms-python.python/python_files/lib/jedilsp/jedi_language_server/jedi_utils.py", line 657, in hover_text
    if _hover_ignore(name, initialization_options):
       ^^^^^^^^^^^^^^^^^^^^^^^^^^^^^^^^^^^^^^^^^^^
  File "/google/devshell/editor/code-oss-for-cloud-shell/extensions/ms-python.python/python_files/lib/jedilsp/jedi_language_server/jedi_utils.py", line 638, in _hover_ignore
    ignore_type: HoverDisableOptions = getattr(
                                       ^^^^^^^^
AttributeError: 'HoverDisable' object has no attribute 'namespace_'

2025-01-28 02:09:46.584 [info] [Error - 2:09:46 AM] Request textDocument/hover failed.
2025-01-28 02:09:46.584 [info]   Message: AttributeError: 'HoverDisable' object has no attribute 'namespace_'
  Code: -32603 
[object Object]
2025-01-28 02:13:30.645 [info] WARNING:pygls.protocol.json_rpc:Cancel notification for unknown message id "352"

2025-01-28 02:17:11.104 [info] WARNING:pygls.protocol.json_rpc:Cancel notification for unknown message id "389"

2025-01-28 02:18:24.305 [info] WARNING:pygls.protocol.json_rpc:Cancel notification for unknown message id "407"

2025-01-28 02:19:55.143 [info] WARNING:pygls.protocol.json_rpc:Cancel notification for unknown message id "437"

2025-01-28 02:20:19.204 [info] WARNING:pygls.protocol.json_rpc:Cancel notification for unknown message id "442"

2025-01-28 02:25:40.146 [info] ERROR:pygls.protocol.json_rpc:Failed to handle request 460 textDocument/hover HoverParams(text_document=TextDocumentIdentifier(uri='file:///home/marty_jehng/main.py'), position=106:13, work_done_token=None)
Traceback (most recent call last):
  File "/google/devshell/editor/code-oss-for-cloud-shell/extensions/ms-python.python/python_files/lib/jedilsp/pygls/protocol/json_rpc.py", line 266, in _handle_request
    self._execute_request(msg_id, handler, params)
  File "/google/devshell/editor/code-oss-for-cloud-shell/extensions/ms-python.python/python_files/lib/jedilsp/pygls/protocol/json_rpc.py", line 188, in _execute_request
    self._send_response(msg_id, handler(params))
                                ^^^^^^^^^^^^^^^
  File "/google/devshell/editor/code-oss-for-cloud-shell/extensions/ms-python.python/python_files/lib/jedilsp/jedi_language_server/server.py", line 402, in hover
    hover_text = jedi_utils.hover_text(
                 ^^^^^^^^^^^^^^^^^^^^^^
  File "/google/devshell/editor/code-oss-for-cloud-shell/extensions/ms-python.python/python_files/lib/jedilsp/jedi_language_server/jedi_utils.py", line 657, in hover_text
    if _hover_ignore(name, initialization_options):
       ^^^^^^^^^^^^^^^^^^^^^^^^^^^^^^^^^^^^^^^^^^^
  File "/google/devshell/editor/code-oss-for-cloud-shell/extensions/ms-python.python/python_files/lib/jedilsp/jedi_language_server/jedi_utils.py", line 638, in _hover_ignore
    ignore_type: HoverDisableOptions = getattr(
                                       ^^^^^^^^
AttributeError: 'HoverDisable' object has no attribute 'namespace_'

2025-01-28 02:25:40.148 [info] [Error - 2:25:40 AM] Request textDocument/hover failed.
2025-01-28 02:25:40.148 [info]   Message: AttributeError: 'HoverDisable' object has no attribute 'namespace_'
  Code: -32603 
[object Object]
2025-01-28 02:25:40.427 [info] ERROR:pygls.protocol.json_rpc:Failed to handle request 461 textDocument/hover HoverParams(text_document=TextDocumentIdentifier(uri='file:///home/marty_jehng/main.py'), position=106:13, work_done_token=None)
Traceback (most recent call last):
  File "/google/devshell/editor/code-oss-for-cloud-shell/extensions/ms-python.python/python_files/lib/jedilsp/pygls/protocol/json_rpc.py", line 266, in _handle_request
    self._execute_request(msg_id, handler, params)
  File "/google/devshell/editor/code-oss-for-cloud-shell/extensions/ms-python.python/python_files/lib/jedilsp/pygls/protocol/json_rpc.py", line 188, in _execute_request
    self._send_response(msg_id, handler(params))
                                ^^^^^^^^^^^^^^^
  File "/google/devshell/editor/code-oss-for-cloud-shell/extensions/ms-python.python/python_files/lib/jedilsp/jedi_language_server/server.py", line 402, in hover
    hover_text = jedi_utils.hover_text(
                 ^^^^^^^^^^^^^^^^^^^^^^
  File "/google/devshell/editor/code-oss-for-cloud-shell/extensions/ms-python.python/python_files/lib/jedilsp/jedi_language_server/jedi_utils.py", line 657, in hover_text
    if _hover_ignore(name, initialization_options):
       ^^^^^^^^^^^^^^^^^^^^^^^^^^^^^^^^^^^^^^^^^^^
  File "/google/devshell/editor/code-oss-for-cloud-shell/extensions/ms-python.python/python_files/lib/jedilsp/jedi_language_server/jedi_utils.py", line 638, in _hover_ignore
    ignore_type: HoverDisableOptions = getattr(
                                       ^^^^^^^^
AttributeError: 'HoverDisable' object has no attribute 'namespace_'

2025-01-28 02:25:40.429 [info] [Error - 2:25:40 AM] Request textDocument/hover failed.
2025-01-28 02:25:40.429 [info]   Message: AttributeError: 'HoverDisable' object has no attribute 'namespace_'
  Code: -32603 
[object Object]
2025-01-28 02:25:42.301 [info] ERROR:pygls.protocol.json_rpc:Failed to handle request 462 textDocument/hover HoverParams(text_document=TextDocumentIdentifier(uri='file:///home/marty_jehng/main.py'), position=106:11, work_done_token=None)
Traceback (most recent call last):
  File "/google/devshell/editor/code-oss-for-cloud-shell/extensions/ms-python.python/python_files/lib/jedilsp/pygls/protocol/json_rpc.py", line 266, in _handle_request
    self._execute_request(msg_id, handler, params)
  File "/google/devshell/editor/code-oss-for-cloud-shell/extensions/ms-python.python/python_files/lib/jedilsp/pygls/protocol/json_rpc.py", line 188, in _execute_request
    self._send_response(msg_id, handler(params))
                                ^^^^^^^^^^^^^^^
  File "/google/devshell/editor/code-oss-for-cloud-shell/extensions/ms-python.python/python_files/lib/jedilsp/jedi_language_server/server.py", line 402, in hover
    hover_text = jedi_utils.hover_text(
                 ^^^^^^^^^^^^^^^^^^^^^^
  File "/google/devshell/editor/code-oss-for-cloud-shell/extensions/ms-python.python/python_files/lib/jedilsp/jedi_language_server/jedi_utils.py", line 657, in hover_text
    if _hover_ignore(name, initialization_options):
       ^^^^^^^^^^^^^^^^^^^^^^^^^^^^^^^^^^^^^^^^^^^
  File "/google/devshell/editor/code-oss-for-cloud-shell/extensions/ms-python.python/python_files/lib/jedilsp/jedi_language_server/jedi_utils.py", line 638, in _hover_ignore
    ignore_type: HoverDisableOptions = getattr(
                                       ^^^^^^^^
AttributeError: 'HoverDisable' object has no attribute 'namespace_'

2025-01-28 02:25:42.303 [info] [Error - 2:25:42 AM] Request textDocument/hover failed.
2025-01-28 02:25:42.303 [info]   Message: AttributeError: 'HoverDisable' object has no attribute 'namespace_'
  Code: -32603 
[object Object]
2025-01-28 02:25:44.272 [info] ERROR:pygls.protocol.json_rpc:Failed to handle request 463 textDocument/hover HoverParams(text_document=TextDocumentIdentifier(uri='file:///home/marty_jehng/main.py'), position=106:10, work_done_token=None)
Traceback (most recent call last):
  File "/google/devshell/editor/code-oss-for-cloud-shell/extensions/ms-python.python/python_files/lib/jedilsp/pygls/protocol/json_rpc.py", line 266, in _handle_request
    self._execute_request(msg_id, handler, params)
  File "/google/devshell/editor/code-oss-for-cloud-shell/extensions/ms-python.python/python_files/lib/jedilsp/pygls/protocol/json_rpc.py", line 188, in _execute_request
    self._send_response(msg_id, handler(params))
                                ^^^^^^^^^^^^^^^
  File "/google/devshell/editor/code-oss-for-cloud-shell/extensions/ms-python.python/python_files/lib/jedilsp/jedi_language_server/server.py", line 402, in hover
    hover_text = jedi_utils.hover_text(
                 ^^^^^^^^^^^^^^^^^^^^^^
  File "/google/devshell/editor/code-oss-for-cloud-shell/extensions/ms-python.python/python_files/lib/jedilsp/jedi_language_server/jedi_utils.py", line 657, in hover_text
    if _hover_ignore(name, initialization_options):
       ^^^^^^^^^^^^^^^^^^^^^^^^^^^^^^^^^^^^^^^^^^^
  File "/google/devshell/editor/code-oss-for-cloud-shell/extensions/ms-python.python/python_files/lib/jedilsp/jedi_language_server/jedi_utils.py", line 638, in _hover_ignore
    ignore_type: HoverDisableOptions = getattr(
                                       ^^^^^^^^
AttributeError: 'HoverDisable' object has no attribute 'namespace_'

2025-01-28 02:25:44.274 [info] [Error - 2:25:44 AM] Request textDocument/hover failed.
2025-01-28 02:25:44.274 [info]   Message: AttributeError: 'HoverDisable' object has no attribute 'namespace_'
  Code: -32603 
[object Object]
2025-01-28 02:26:58.345 [info] WARNING:pygls.protocol.json_rpc:Cancel notification for unknown message id "473"

2025-01-28 02:26:58.696 [info] ERROR:pygls.protocol.json_rpc:Failed to handle request 474 textDocument/hover HoverParams(text_document=TextDocumentIdentifier(uri='file:///home/marty_jehng/main.py'), position=106:15, work_done_token=None)
Traceback (most recent call last):
  File "/google/devshell/editor/code-oss-for-cloud-shell/extensions/ms-python.python/python_files/lib/jedilsp/pygls/protocol/json_rpc.py", line 266, in _handle_request
    self._execute_request(msg_id, handler, params)
  File "/google/devshell/editor/code-oss-for-cloud-shell/extensions/ms-python.python/python_files/lib/jedilsp/pygls/protocol/json_rpc.py", line 188, in _execute_request
    self._send_response(msg_id, handler(params))
                                ^^^^^^^^^^^^^^^
  File "/google/devshell/editor/code-oss-for-cloud-shell/extensions/ms-python.python/python_files/lib/jedilsp/jedi_language_server/server.py", line 402, in hover
    hover_text = jedi_utils.hover_text(
                 ^^^^^^^^^^^^^^^^^^^^^^
  File "/google/devshell/editor/code-oss-for-cloud-shell/extensions/ms-python.python/python_files/lib/jedilsp/jedi_language_server/jedi_utils.py", line 657, in hover_text
    if _hover_ignore(name, initialization_options):
       ^^^^^^^^^^^^^^^^^^^^^^^^^^^^^^^^^^^^^^^^^^^
  File "/google/devshell/editor/code-oss-for-cloud-shell/extensions/ms-python.python/python_files/lib/jedilsp/jedi_language_server/jedi_utils.py", line 638, in _hover_ignore
    ignore_type: HoverDisableOptions = getattr(
                                       ^^^^^^^^
AttributeError: 'HoverDisable' object has no attribute 'namespace_'

2025-01-28 02:26:58.698 [info] [Error - 2:26:58 AM] Request textDocument/hover failed.
2025-01-28 02:26:58.698 [info]   Message: AttributeError: 'HoverDisable' object has no attribute 'namespace_'
  Code: -32603 
[object Object]
2025-01-28 02:26:59.311 [info] ERROR:pygls.protocol.json_rpc:Failed to handle request 475 textDocument/hover HoverParams(text_document=TextDocumentIdentifier(uri='file:///home/marty_jehng/main.py'), position=106:15, work_done_token=None)
Traceback (most recent call last):
  File "/google/devshell/editor/code-oss-for-cloud-shell/extensions/ms-python.python/python_files/lib/jedilsp/pygls/protocol/json_rpc.py", line 266, in _handle_request
    self._execute_request(msg_id, handler, params)
  File "/google/devshell/editor/code-oss-for-cloud-shell/extensions/ms-python.python/python_files/lib/jedilsp/pygls/protocol/json_rpc.py", line 188, in _execute_request
    self._send_response(msg_id, handler(params))
                                ^^^^^^^^^^^^^^^
  File "/google/devshell/editor/code-oss-for-cloud-shell/extensions/ms-python.python/python_files/lib/jedilsp/jedi_language_server/server.py", line 402, in hover
    hover_text = jedi_utils.hover_text(
                 ^^^^^^^^^^^^^^^^^^^^^^
  File "/google/devshell/editor/code-oss-for-cloud-shell/extensions/ms-python.python/python_files/lib/jedilsp/jedi_language_server/jedi_utils.py", line 657, in hover_text
    if _hover_ignore(name, initialization_options):
       ^^^^^^^^^^^^^^^^^^^^^^^^^^^^^^^^^^^^^^^^^^^
  File "/google/devshell/editor/code-oss-for-cloud-shell/extensions/ms-python.python/python_files/lib/jedilsp/jedi_language_server/jedi_utils.py", line 638, in _hover_ignore
    ignore_type: HoverDisableOptions = getattr(
                                       ^^^^^^^^
AttributeError: 'HoverDisable' object has no attribute 'namespace_'

2025-01-28 02:26:59.313 [info] [Error - 2:26:59 AM] Request textDocument/hover failed.
2025-01-28 02:26:59.313 [info]   Message: AttributeError: 'HoverDisable' object has no attribute 'namespace_'
  Code: -32603 
[object Object]
2025-01-28 02:29:59.426 [info] WARNING:pygls.protocol.json_rpc:Cancel notification for unknown message id "523"

2025-01-28 02:37:19.766 [info] WARNING:pygls.protocol.json_rpc:Cancel notification for unknown message id "570"

2025-01-28 02:37:21.704 [info] WARNING:pygls.protocol.json_rpc:Cancel notification for unknown message id "574"

2025-01-28 03:07:34.692 [info] WARNING:pygls.protocol.json_rpc:Cancel notification for unknown message id "607"

2025-01-28 03:07:35.990 [info] WARNING:pygls.protocol.json_rpc:Cancel notification for unknown message id "608"

2025-01-28 03:08:57.246 [info] WARNING:pygls.protocol.json_rpc:Cancel notification for unknown message id "626"

2025-01-28 03:09:04.240 [info] WARNING:pygls.protocol.json_rpc:Cancel notification for unknown message id "633"

2025-01-28 03:14:50.735 [info] WARNING:pygls.protocol.json_rpc:Cancel notification for unknown message id "665"

2025-01-28 03:15:19.037 [info] WARNING:pygls.protocol.json_rpc:Cancel notification for unknown message id "683"

2025-01-28 03:15:19.037 [info] WARNING:pygls.protocol.json_rpc:Cancel notification for unknown message id "682"

2025-01-28 03:20:53.130 [info] WARNING:pygls.protocol.json_rpc:Cancel notification for unknown message id "700"

2025-01-28 03:27:03.274 [info] WARNING:pygls.protocol.json_rpc:Cancel notification for unknown message id "784"

2025-01-28 03:55:09.363 [info] WARNING:pygls.protocol.json_rpc:Cancel notification for unknown message id "879"

2025-01-28 03:57:10.890 [info] WARNING:pygls.protocol.json_rpc:Cancel notification for unknown message id "905"

2025-01-28 03:57:11.619 [info] WARNING:pygls.protocol.json_rpc:Cancel notification for unknown message id "906"

2025-01-28 03:57:11.952 [info] WARNING:pygls.protocol.json_rpc:Cancel notification for unknown message id "907"

2025-01-28 03:57:32.876 [info] WARNING:pygls.protocol.json_rpc:Cancel notification for unknown message id "920"

2025-01-28 03:57:52.025 [info] WARNING:pygls.protocol.json_rpc:Cancel notification for unknown message id "927"

2025-01-28 04:00:41.183 [info] WARNING:pygls.protocol.json_rpc:Cancel notification for unknown message id "944"

