2025-04-01 14:48:26.488 [info] Extension host with pid 5228 started
2025-04-01 14:48:26.488 [error] Error: EEXIST: file already exists, open '/home/marty_jehng/.codeoss/data/User/workspaceStorage/-116e28db/vscode.lock'
2025-04-01 14:48:26.499 [info] Lock '/home/marty_jehng/.codeoss/data/User/workspaceStorage/-116e28db/vscode.lock': Could not acquire lock, checking if the file is stale.
2025-04-01 14:48:26.511 [info] Lock '/home/marty_jehng/.codeoss/data/User/workspaceStorage/-116e28db/vscode.lock': The lock does not look stale, elapsed: 471 ms, giving up.
2025-04-01 14:48:26.533 [info] Lock '/home/marty_jehng/.codeoss/data/User/workspaceStorage/-116e28db-1/vscode.lock': Lock acquired.
2025-04-01 14:48:27.980 [info] ExtensionService#_doActivateExtension vscode.emmet, startup: false, activationEvent: 'onLanguage'
2025-04-01 14:48:27.982 [info] ExtensionService#_doActivateExtension ms-python.python, startup: false, activationEvent: 'onLanguage:python'
2025-04-01 14:48:28.864 [error] Error: spawn /google/devshell/editor/code-oss-for-cloud-shell/extensions/ms-python.python/python-env-tools/bin/pet ENOENT
	at ChildProcess._handle.onexit (node:internal/child_process:286:19)
	at onErrorNT (node:internal/child_process:484:16)
	at process.processTicksAndRejections (node:internal/process/task_queues:82:21)
2025-04-01 14:48:29.003 [info] ExtensionService#_doActivateExtension vscode.git-base, startup: true, activationEvent: '*', root cause: vscode.git
2025-04-01 14:48:29.955 [info] ExtensionService#_doActivateExtension vscode.git, startup: true, activationEvent: '*'
2025-04-01 14:48:29.956 [info] ExtensionService#_doActivateExtension vscode.github, startup: true, activationEvent: '*'
2025-04-01 14:48:30.563 [info] ExtensionService#_doActivateExtension redhat.fabric8-analytics, startup: true, activationEvent: 'workspaceContains:**/package.json,**/pom.xml,**/go.mod,**/requirements.txt,**/build.gradle,**/Dockerfile,**/Containerfile'
2025-04-01 14:48:31.410 [info] Eager extensions activated
2025-04-01 14:48:31.411 [info] ExtensionService#_doActivateExtension EditorConfig.EditorConfig, startup: false, activationEvent: 'onStartupFinished'
2025-04-01 14:48:31.414 [info] ExtensionService#_doActivateExtension google.cloud-shell, startup: false, activationEvent: 'onStartupFinished'
2025-04-01 14:48:31.416 [info] ExtensionService#_doActivateExtension google.geminicodeassist, startup: false, activationEvent: 'onStartupFinished', root cause: googlecloudtools.cloudcode
2025-04-01 14:48:31.418 [info] ExtensionService#_doActivateExtension vscode.debug-auto-launch, startup: false, activationEvent: 'onStartupFinished'
2025-04-01 14:48:31.420 [info] ExtensionService#_doActivateExtension vscode.merge-conflict, startup: false, activationEvent: 'onStartupFinished'
2025-04-01 14:48:36.194 [info] ExtensionService#_doActivateExtension vscode.configuration-editing, startup: false, activationEvent: 'onLanguage:jsonc'
2025-04-01 14:48:36.196 [info] ExtensionService#_doActivateExtension vscode.json-language-features, startup: false, activationEvent: 'onLanguage:jsonc'
2025-04-01 14:48:36.197 [info] ExtensionService#_doActivateExtension vscode.typescript-language-features, startup: false, activationEvent: 'onLanguage:jsonc'
2025-04-01 14:48:36.582 [info] ExtensionService#_doActivateExtension googlecloudtools.cloudcode, startup: false, activationEvent: 'onStartupFinished'
2025-04-01 14:48:43.353 [warning] [Decorations] CAPPING events from decorations provider vscode.git 1351
2025-04-01 14:48:44.183 [info] ExtensionService#_doActivateExtension vscode.github-authentication, startup: false, activationEvent: 'onAuthenticationRequest:github'
2025-04-01 14:48:45.526 [warning] [Decorations] CAPPING events from decorations provider vscode.git 1352
2025-04-01 14:55:20.761 [warning] [Decorations] CAPPING events from decorations provider vscode.git 1354
2025-04-01 14:55:35.016 [warning] [Decorations] CAPPING events from decorations provider vscode.git 1353
2025-04-01 15:01:39.016 [warning] [Decorations] CAPPING events from decorations provider vscode.git 1354
2025-04-01 15:01:42.585 [info] ExtensionService#_doActivateExtension vscode.media-preview, startup: false, activationEvent: 'onCustomEditor:vscode.audioPreview'
2025-04-01 15:01:44.232 [warning] [Decorations] CAPPING events from decorations provider vscode.git 1354
2025-04-01 15:01:49.440 [warning] [Decorations] CAPPING events from decorations provider vscode.git 1354
2025-04-01 15:01:54.754 [warning] [Decorations] CAPPING events from decorations provider vscode.git 1352
2025-04-01 15:01:59.824 [warning] [Decorations] CAPPING events from decorations provider vscode.git 1352
2025-04-01 15:02:00.260 [warning] [Decorations] CAPPING events from decorations provider vscode.git 1351
2025-04-01 15:02:03.304 [warning] [Decorations] CAPPING events from decorations provider vscode.git 1351
2025-04-01 15:02:05.377 [warning] [Decorations] CAPPING events from decorations provider vscode.git 1351
2025-04-01 15:02:10.543 [warning] [Decorations] CAPPING events from decorations provider vscode.git 1351
2025-04-01 15:02:15.675 [warning] [Decorations] CAPPING events from decorations provider vscode.git 1351
2025-04-01 15:02:20.774 [warning] [Decorations] CAPPING events from decorations provider vscode.git 1351
2025-04-01 15:02:25.873 [warning] [Decorations] CAPPING events from decorations provider vscode.git 1351
2025-04-01 15:03:11.720 [warning] [Decorations] CAPPING events from decorations provider vscode.git 1352
2025-04-01 15:03:53.866 [warning] [Decorations] CAPPING events from decorations provider vscode.git 1352
2025-04-01 15:04:00.084 [warning] [Decorations] CAPPING events from decorations provider vscode.git 1352
2025-04-01 15:04:05.186 [warning] [Decorations] CAPPING events from decorations provider vscode.git 1353
2025-04-01 15:04:07.093 [warning] [Decorations] CAPPING events from decorations provider vscode.git 1353
