2025-02-26 03:47:33.150 [info] [main] Log level: Info
2025-02-26 03:47:33.150 [info] [main] Validating found git in: "git"
2025-02-26 03:47:33.150 [info] [main] Using git "2.43.0" from "git"
2025-02-26 03:47:33.150 [info] [Model][doInitialScan] Initial repository scan started
2025-02-26 03:47:33.189 [info] > git rev-parse --show-toplevel [38ms]
2025-02-26 03:47:33.199 [info] > git rev-parse --git-dir --git-common-dir [1ms]
2025-02-26 03:47:33.214 [info] [Model][openRepository] Opened repository: /home/marty_jehng
2025-02-26 03:47:33.608 [info] > git config --get commit.template [381ms]
2025-02-26 03:47:33.637 [info] > git rev-parse --show-toplevel [408ms]
2025-02-26 03:47:33.673 [info] > git rev-parse --show-toplevel [15ms]
2025-02-26 03:47:33.680 [info] > git rev-parse --show-toplevel [0ms]
2025-02-26 03:47:33.724 [info] > git rev-parse --show-toplevel [37ms]
2025-02-26 03:47:33.739 [info] > git rev-parse --show-toplevel [3ms]
2025-02-26 03:47:33.751 [info] > git rev-parse --show-toplevel [1ms]
2025-02-26 03:47:33.770 [info] > git rev-parse --show-toplevel [9ms]
2025-02-26 03:47:33.779 [info] > git rev-parse --show-toplevel [3ms]
2025-02-26 03:47:33.791 [info] > git rev-parse --show-toplevel [3ms]
2025-02-26 03:47:33.802 [info] > git rev-parse --show-toplevel [2ms]
2025-02-26 03:47:37.090 [info] > git for-each-ref --format=%(refname)%00%(upstream:short)%00%(objectname)%00%(upstream:track)%00%(upstream:remotename)%00%(upstream:remoteref) refs/heads/main refs/remotes/main [3444ms]
2025-02-26 03:47:37.094 [info] > git rev-parse --show-toplevel [3284ms]
2025-02-26 03:47:39.007 [info] > git check-ignore -v -z --stdin [1961ms]
2025-02-26 03:47:39.012 [info] > git rev-parse --show-toplevel [12ms]
2025-02-26 03:47:39.051 [info] > git rev-parse --show-toplevel [33ms]
2025-02-26 03:47:39.051 [info] [Model][doInitialScan] Initial repository scan completed - repositories (1), closed repositories (0), parent repositories (0), unsafe repositories (0)
2025-02-26 03:47:39.065 [info] > git for-each-ref --sort -committerdate --format %(refname) %(objectname) %(*objectname) [26ms]
2025-02-26 03:47:39.067 [info] > git ls-files --stage -- /home/marty_jehng/templates/index.html [4ms]
2025-02-26 03:47:39.174 [info] > git show --textconv :templates/index.html [116ms]
2025-02-26 03:47:39.175 [info] > git cat-file -s 669b09e241b4e46af6cb71d78701ec397bd26412 [104ms]
2025-02-26 03:47:39.191 [info] > git status -z -uall [167ms]
2025-02-26 03:47:39.246 [info] > git for-each-ref --format=%(refname)%00%(upstream:short)%00%(objectname)%00%(upstream:track)%00%(upstream:remotename)%00%(upstream:remoteref) refs/heads/main refs/remotes/main [36ms]
2025-02-26 03:47:39.261 [info] > git config --get commit.template [15ms]
2025-02-26 03:47:39.269 [info] > git config --local branch.main.vscode-merge-base [9ms]
2025-02-26 03:47:39.269 [warning] [Git][config] git config failed: Failed to execute git
2025-02-26 03:47:39.278 [info] > git for-each-ref --format=%(refname)%00%(upstream:short)%00%(objectname)%00%(upstream:track)%00%(upstream:remotename)%00%(upstream:remoteref) refs/heads/main refs/remotes/main [10ms]
2025-02-26 03:47:39.444 [info] > git status -z -uall [25ms]
2025-02-26 03:47:39.444 [info] > git for-each-ref --sort -committerdate --format %(refname) %(objectname) %(*objectname) [18ms]
2025-02-26 03:47:39.479 [info] > git for-each-ref --format=%(refname)%00%(upstream:short)%00%(objectname)%00%(upstream:track)%00%(upstream:remotename)%00%(upstream:remoteref) refs/heads/main refs/remotes/main [2ms]
2025-02-26 03:47:39.488 [info] > git config --local branch.main.vscode-merge-base [1ms]
2025-02-26 03:47:39.488 [warning] [Git][config] git config failed: Failed to execute git
2025-02-26 03:47:39.495 [info] > git reflog main --grep-reflog=branch: Created from *. [218ms]
2025-02-26 03:47:39.506 [info] > git reflog main --grep-reflog=branch: Created from *. [12ms]
2025-02-26 03:47:39.512 [info] > git symbolic-ref --short refs/remotes/origin/HEAD [6ms]
2025-02-26 03:47:39.512 [info] fatal: ref refs/remotes/origin/HEAD is not a symbolic ref
2025-02-26 03:47:39.512 [warning] [Repository][getDefaultBranch] Failed to get default branch details: Failed to execute git.
2025-02-26 03:47:39.519 [info] > git symbolic-ref --short refs/remotes/origin/HEAD [8ms]
2025-02-26 03:47:39.519 [info] fatal: ref refs/remotes/origin/HEAD is not a symbolic ref
2025-02-26 03:47:39.519 [warning] [Repository][getDefaultBranch] Failed to get default branch details: Failed to execute git.
2025-02-26 03:47:39.525 [info] > git merge-base refs/heads/main refs/remotes/origin/main [7ms]
2025-02-26 03:47:39.531 [info] > git merge-base refs/heads/main refs/remotes/origin/main [7ms]
2025-02-26 03:47:39.537 [info] > git diff --name-status -z --diff-filter=ADMR 1f1364144e5bb34de3e56d93ce9bfaec5a8e3631...refs/remotes/origin/main [7ms]
2025-02-26 03:47:39.538 [info] > git diff --name-status -z --diff-filter=ADMR 1f1364144e5bb34de3e56d93ce9bfaec5a8e3631...refs/remotes/origin/main [2ms]
2025-02-26 03:58:48.339 [info] > git config --get commit.template [7ms]
2025-02-26 03:58:48.340 [info] > git for-each-ref --format=%(refname)%00%(upstream:short)%00%(objectname)%00%(upstream:track)%00%(upstream:remotename)%00%(upstream:remoteref) refs/heads/main refs/remotes/main [2ms]
2025-02-26 03:58:48.358 [info] > git for-each-ref --sort -committerdate --format %(refname) %(objectname) %(*objectname) [4ms]
2025-02-26 03:58:48.366 [info] > git status -z -uall [20ms]
2025-02-26 03:58:48.564 [info] > git fetch [242ms]
2025-02-26 03:58:48.576 [info] > git config --get commit.template [6ms]
2025-02-26 03:58:48.577 [info] > git for-each-ref --format=%(refname)%00%(upstream:short)%00%(objectname)%00%(upstream:track)%00%(upstream:remotename)%00%(upstream:remoteref) refs/heads/main refs/remotes/main [1ms]
2025-02-26 03:58:48.592 [info] > git for-each-ref --sort -committerdate --format %(refname) %(objectname) %(*objectname) [1ms]
2025-02-26 03:58:48.600 [info] > git status -z -uall [17ms]
2025-02-26 03:59:35.359 [info] > git config --get commit.template [9ms]
2025-02-26 03:59:35.360 [info] > git for-each-ref --format=%(refname)%00%(upstream:short)%00%(objectname)%00%(upstream:track)%00%(upstream:remotename)%00%(upstream:remoteref) refs/heads/main refs/remotes/main [2ms]
2025-02-26 03:59:35.375 [info] > git for-each-ref --sort -committerdate --format %(refname) %(objectname) %(*objectname) [2ms]
2025-02-26 03:59:35.382 [info] > git status -z -uall [16ms]
2025-02-26 03:59:35.399 [info] > git ls-files --stage -- /home/marty_jehng/templates/index.html [2ms]
2025-02-26 03:59:35.406 [info] > git cat-file -s 669b09e241b4e46af6cb71d78701ec397bd26412 [1ms]
2025-02-26 03:59:37.204 [info] > git show --textconv :templates/index.html [2ms]
2025-02-26 04:00:07.466 [info] > git config --get commit.template [8ms]
2025-02-26 04:00:07.468 [info] > git for-each-ref --format=%(refname)%00%(upstream:short)%00%(objectname)%00%(upstream:track)%00%(upstream:remotename)%00%(upstream:remoteref) refs/heads/main refs/remotes/main [2ms]
2025-02-26 04:00:07.488 [info] > git for-each-ref --sort -committerdate --format %(refname) %(objectname) %(*objectname) [5ms]
2025-02-26 04:00:07.493 [info] > git status -z -uall [18ms]
2025-02-26 04:00:08.760 [info] > git ls-files --stage -- /home/marty_jehng/main.py [2ms]
2025-02-26 04:00:08.809 [info] > git show --textconv :main.py [59ms]
2025-02-26 04:00:08.810 [info] > git cat-file -s 707e9386c720640773e9f55b6c88dfe8332c5c72 [42ms]
2025-02-26 04:00:14.896 [info] > git config --get commit.template [6ms]
2025-02-26 04:00:14.897 [info] > git for-each-ref --format=%(refname)%00%(upstream:short)%00%(objectname)%00%(upstream:track)%00%(upstream:remotename)%00%(upstream:remoteref) refs/heads/main refs/remotes/main [2ms]
2025-02-26 04:00:14.913 [info] > git for-each-ref --sort -committerdate --format %(refname) %(objectname) %(*objectname) [3ms]
2025-02-26 04:00:14.919 [info] > git status -z -uall [17ms]
2025-02-26 04:00:19.938 [info] > git config --get commit.template [8ms]
2025-02-26 04:00:19.938 [info] > git for-each-ref --format=%(refname)%00%(upstream:short)%00%(objectname)%00%(upstream:track)%00%(upstream:remotename)%00%(upstream:remoteref) refs/heads/main refs/remotes/main [2ms]
2025-02-26 04:00:19.953 [info] > git for-each-ref --sort -committerdate --format %(refname) %(objectname) %(*objectname) [2ms]
2025-02-26 04:00:19.960 [info] > git status -z -uall [16ms]
2025-02-26 04:00:24.977 [info] > git config --get commit.template [6ms]
2025-02-26 04:00:24.978 [info] > git for-each-ref --format=%(refname)%00%(upstream:short)%00%(objectname)%00%(upstream:track)%00%(upstream:remotename)%00%(upstream:remoteref) refs/heads/main refs/remotes/main [2ms]
2025-02-26 04:00:24.992 [info] > git for-each-ref --sort -committerdate --format %(refname) %(objectname) %(*objectname) [2ms]
2025-02-26 04:00:24.999 [info] > git status -z -uall [16ms]
2025-02-26 04:00:30.019 [info] > git for-each-ref --format=%(refname)%00%(upstream:short)%00%(objectname)%00%(upstream:track)%00%(upstream:remotename)%00%(upstream:remoteref) refs/heads/main refs/remotes/main [2ms]
2025-02-26 04:00:30.019 [info] > git config --get commit.template [8ms]
2025-02-26 04:00:30.033 [info] > git for-each-ref --sort -committerdate --format %(refname) %(objectname) %(*objectname) [0ms]
2025-02-26 04:00:30.041 [info] > git status -z -uall [16ms]
2025-02-26 04:00:56.754 [info] > git config --get commit.template [7ms]
2025-02-26 04:00:56.756 [info] > git for-each-ref --format=%(refname)%00%(upstream:short)%00%(objectname)%00%(upstream:track)%00%(upstream:remotename)%00%(upstream:remoteref) refs/heads/main refs/remotes/main [1ms]
2025-02-26 04:00:56.770 [info] > git for-each-ref --sort -committerdate --format %(refname) %(objectname) %(*objectname) [1ms]
2025-02-26 04:00:56.777 [info] > git status -z -uall [16ms]
2025-02-26 04:01:01.800 [info] > git for-each-ref --format=%(refname)%00%(upstream:short)%00%(objectname)%00%(upstream:track)%00%(upstream:remotename)%00%(upstream:remoteref) refs/heads/main refs/remotes/main [2ms]
2025-02-26 04:01:01.801 [info] > git config --get commit.template [10ms]
2025-02-26 04:01:01.816 [info] > git for-each-ref --sort -committerdate --format %(refname) %(objectname) %(*objectname) [2ms]
2025-02-26 04:01:01.823 [info] > git status -z -uall [17ms]
2025-02-26 04:01:06.843 [info] > git for-each-ref --format=%(refname)%00%(upstream:short)%00%(objectname)%00%(upstream:track)%00%(upstream:remotename)%00%(upstream:remoteref) refs/heads/main refs/remotes/main [2ms]
2025-02-26 04:01:06.844 [info] > git config --get commit.template [9ms]
2025-02-26 04:01:06.858 [info] > git for-each-ref --sort -committerdate --format %(refname) %(objectname) %(*objectname) [0ms]
2025-02-26 04:01:06.866 [info] > git status -z -uall [16ms]
2025-02-26 04:01:11.882 [info] > git config --get commit.template [6ms]
2025-02-26 04:01:11.883 [info] > git for-each-ref --format=%(refname)%00%(upstream:short)%00%(objectname)%00%(upstream:track)%00%(upstream:remotename)%00%(upstream:remoteref) refs/heads/main refs/remotes/main [1ms]
2025-02-26 04:01:11.899 [info] > git for-each-ref --sort -committerdate --format %(refname) %(objectname) %(*objectname) [2ms]
2025-02-26 04:01:11.905 [info] > git status -z -uall [16ms]
2025-02-26 04:01:16.926 [info] > git config --get commit.template [6ms]
2025-02-26 04:01:16.927 [info] > git for-each-ref --format=%(refname)%00%(upstream:short)%00%(objectname)%00%(upstream:track)%00%(upstream:remotename)%00%(upstream:remoteref) refs/heads/main refs/remotes/main [1ms]
2025-02-26 04:01:16.942 [info] > git for-each-ref --sort -committerdate --format %(refname) %(objectname) %(*objectname) [0ms]
2025-02-26 04:01:16.949 [info] > git status -z -uall [17ms]
2025-02-26 04:01:21.968 [info] > git config --get commit.template [7ms]
2025-02-26 04:01:21.969 [info] > git for-each-ref --format=%(refname)%00%(upstream:short)%00%(objectname)%00%(upstream:track)%00%(upstream:remotename)%00%(upstream:remoteref) refs/heads/main refs/remotes/main [2ms]
2025-02-26 04:01:21.983 [info] > git for-each-ref --sort -committerdate --format %(refname) %(objectname) %(*objectname) [2ms]
2025-02-26 04:01:21.990 [info] > git status -z -uall [16ms]
2025-02-26 04:01:27.009 [info] > git config --get commit.template [5ms]
2025-02-26 04:01:27.010 [info] > git for-each-ref --format=%(refname)%00%(upstream:short)%00%(objectname)%00%(upstream:track)%00%(upstream:remotename)%00%(upstream:remoteref) refs/heads/main refs/remotes/main [1ms]
2025-02-26 04:01:27.029 [info] > git for-each-ref --sort -committerdate --format %(refname) %(objectname) %(*objectname) [3ms]
2025-02-26 04:01:27.035 [info] > git status -z -uall [19ms]
2025-02-26 04:01:32.049 [info] > git config --get commit.template [1ms]
2025-02-26 04:01:32.056 [info] > git for-each-ref --format=%(refname)%00%(upstream:short)%00%(objectname)%00%(upstream:track)%00%(upstream:remotename)%00%(upstream:remoteref) refs/heads/main refs/remotes/main [2ms]
2025-02-26 04:01:32.072 [info] > git for-each-ref --sort -committerdate --format %(refname) %(objectname) %(*objectname) [1ms]
2025-02-26 04:01:32.080 [info] > git status -z -uall [18ms]
2025-02-26 04:01:37.097 [info] > git config --get commit.template [6ms]
2025-02-26 04:01:37.098 [info] > git for-each-ref --format=%(refname)%00%(upstream:short)%00%(objectname)%00%(upstream:track)%00%(upstream:remotename)%00%(upstream:remoteref) refs/heads/main refs/remotes/main [1ms]
2025-02-26 04:01:37.113 [info] > git for-each-ref --sort -committerdate --format %(refname) %(objectname) %(*objectname) [1ms]
2025-02-26 04:01:37.120 [info] > git status -z -uall [16ms]
2025-02-26 04:01:42.138 [info] > git config --get commit.template [1ms]
2025-02-26 04:01:42.148 [info] > git for-each-ref --format=%(refname)%00%(upstream:short)%00%(objectname)%00%(upstream:track)%00%(upstream:remotename)%00%(upstream:remoteref) refs/heads/main refs/remotes/main [2ms]
2025-02-26 04:01:42.163 [info] > git for-each-ref --sort -committerdate --format %(refname) %(objectname) %(*objectname) [1ms]
2025-02-26 04:01:42.172 [info] > git status -z -uall [18ms]
2025-02-26 04:01:47.199 [info] > git config --get commit.template [12ms]
2025-02-26 04:01:47.200 [info] > git for-each-ref --format=%(refname)%00%(upstream:short)%00%(objectname)%00%(upstream:track)%00%(upstream:remotename)%00%(upstream:remoteref) refs/heads/main refs/remotes/main [5ms]
2025-02-26 04:01:47.226 [info] > git for-each-ref --sort -committerdate --format %(refname) %(objectname) %(*objectname) [5ms]
2025-02-26 04:01:47.235 [info] > git status -z -uall [26ms]
2025-02-26 04:01:48.754 [info] > git fetch [142ms]
2025-02-26 04:01:48.766 [info] > git config --get commit.template [5ms]
2025-02-26 04:01:48.767 [info] > git for-each-ref --format=%(refname)%00%(upstream:short)%00%(objectname)%00%(upstream:track)%00%(upstream:remotename)%00%(upstream:remoteref) refs/heads/main refs/remotes/main [2ms]
2025-02-26 04:01:48.787 [info] > git for-each-ref --sort -committerdate --format %(refname) %(objectname) %(*objectname) [6ms]
2025-02-26 04:01:48.793 [info] > git status -z -uall [21ms]
2025-02-26 04:01:50.661 [info] > git ls-files --stage -- /home/marty_jehng/main.py [2ms]
2025-02-26 04:01:50.668 [info] > git cat-file -s 707e9386c720640773e9f55b6c88dfe8332c5c72 [1ms]
2025-02-26 04:01:50.716 [info] > git show --textconv :main.py [2ms]
2025-02-26 04:01:52.252 [info] > git config --get commit.template [6ms]
2025-02-26 04:01:52.254 [info] > git for-each-ref --format=%(refname)%00%(upstream:short)%00%(objectname)%00%(upstream:track)%00%(upstream:remotename)%00%(upstream:remoteref) refs/heads/main refs/remotes/main [2ms]
2025-02-26 04:01:52.268 [info] > git for-each-ref --sort -committerdate --format %(refname) %(objectname) %(*objectname) [1ms]
2025-02-26 04:01:52.275 [info] > git status -z -uall [16ms]
2025-02-26 04:01:57.304 [info] > git config --get commit.template [12ms]
2025-02-26 04:01:57.305 [info] > git for-each-ref --format=%(refname)%00%(upstream:short)%00%(objectname)%00%(upstream:track)%00%(upstream:remotename)%00%(upstream:remoteref) refs/heads/main refs/remotes/main [5ms]
2025-02-26 04:01:57.330 [info] > git for-each-ref --sort -committerdate --format %(refname) %(objectname) %(*objectname) [2ms]
2025-02-26 04:01:57.336 [info] > git status -z -uall [17ms]
2025-02-26 04:02:02.355 [info] > git config --get commit.template [8ms]
2025-02-26 04:02:02.356 [info] > git for-each-ref --format=%(refname)%00%(upstream:short)%00%(objectname)%00%(upstream:track)%00%(upstream:remotename)%00%(upstream:remoteref) refs/heads/main refs/remotes/main [2ms]
2025-02-26 04:02:02.372 [info] > git for-each-ref --sort -committerdate --format %(refname) %(objectname) %(*objectname) [2ms]
2025-02-26 04:02:02.378 [info] > git status -z -uall [16ms]
2025-02-26 04:02:07.396 [info] > git config --get commit.template [6ms]
2025-02-26 04:02:07.397 [info] > git for-each-ref --format=%(refname)%00%(upstream:short)%00%(objectname)%00%(upstream:track)%00%(upstream:remotename)%00%(upstream:remoteref) refs/heads/main refs/remotes/main [2ms]
2025-02-26 04:02:07.412 [info] > git for-each-ref --sort -committerdate --format %(refname) %(objectname) %(*objectname) [2ms]
2025-02-26 04:02:07.419 [info] > git status -z -uall [17ms]
2025-02-26 04:02:38.817 [info] > git config --get commit.template [6ms]
2025-02-26 04:02:38.818 [info] > git for-each-ref --format=%(refname)%00%(upstream:short)%00%(objectname)%00%(upstream:track)%00%(upstream:remotename)%00%(upstream:remoteref) refs/heads/main refs/remotes/main [1ms]
2025-02-26 04:02:38.833 [info] > git for-each-ref --sort -committerdate --format %(refname) %(objectname) %(*objectname) [1ms]
2025-02-26 04:02:38.842 [info] > git status -z -uall [18ms]
2025-02-26 04:02:43.860 [info] > git config --get commit.template [7ms]
2025-02-26 04:02:43.860 [info] > git for-each-ref --format=%(refname)%00%(upstream:short)%00%(objectname)%00%(upstream:track)%00%(upstream:remotename)%00%(upstream:remoteref) refs/heads/main refs/remotes/main [1ms]
2025-02-26 04:02:43.875 [info] > git for-each-ref --sort -committerdate --format %(refname) %(objectname) %(*objectname) [1ms]
2025-02-26 04:02:43.882 [info] > git status -z -uall [16ms]
2025-02-26 04:02:48.900 [info] > git config --get commit.template [7ms]
2025-02-26 04:02:48.901 [info] > git for-each-ref --format=%(refname)%00%(upstream:short)%00%(objectname)%00%(upstream:track)%00%(upstream:remotename)%00%(upstream:remoteref) refs/heads/main refs/remotes/main [2ms]
2025-02-26 04:02:48.915 [info] > git for-each-ref --sort -committerdate --format %(refname) %(objectname) %(*objectname) [2ms]
2025-02-26 04:02:48.923 [info] > git status -z -uall [17ms]
2025-02-26 04:02:53.938 [info] > git config --get commit.template [6ms]
2025-02-26 04:02:53.939 [info] > git for-each-ref --format=%(refname)%00%(upstream:short)%00%(objectname)%00%(upstream:track)%00%(upstream:remotename)%00%(upstream:remoteref) refs/heads/main refs/remotes/main [1ms]
2025-02-26 04:02:53.955 [info] > git for-each-ref --sort -committerdate --format %(refname) %(objectname) %(*objectname) [3ms]
2025-02-26 04:02:53.961 [info] > git status -z -uall [16ms]
2025-02-26 04:03:22.730 [info] > git config --get commit.template [1ms]
2025-02-26 04:03:22.738 [info] > git for-each-ref --format=%(refname)%00%(upstream:short)%00%(objectname)%00%(upstream:track)%00%(upstream:remotename)%00%(upstream:remoteref) refs/heads/main refs/remotes/main [2ms]
2025-02-26 04:03:22.752 [info] > git for-each-ref --sort -committerdate --format %(refname) %(objectname) %(*objectname) [2ms]
2025-02-26 04:03:22.759 [info] > git status -z -uall [16ms]
2025-02-26 04:03:27.775 [info] > git config --get commit.template [2ms]
2025-02-26 04:03:27.782 [info] > git for-each-ref --format=%(refname)%00%(upstream:short)%00%(objectname)%00%(upstream:track)%00%(upstream:remotename)%00%(upstream:remoteref) refs/heads/main refs/remotes/main [2ms]
2025-02-26 04:03:27.796 [info] > git for-each-ref --sort -committerdate --format %(refname) %(objectname) %(*objectname) [0ms]
2025-02-26 04:03:27.803 [info] > git status -z -uall [16ms]
2025-02-26 04:03:32.820 [info] > git config --get commit.template [6ms]
2025-02-26 04:03:32.821 [info] > git for-each-ref --format=%(refname)%00%(upstream:short)%00%(objectname)%00%(upstream:track)%00%(upstream:remotename)%00%(upstream:remoteref) refs/heads/main refs/remotes/main [1ms]
2025-02-26 04:03:32.835 [info] > git for-each-ref --sort -committerdate --format %(refname) %(objectname) %(*objectname) [2ms]
2025-02-26 04:03:32.842 [info] > git status -z -uall [16ms]
2025-02-26 04:03:37.859 [info] > git config --get commit.template [6ms]
2025-02-26 04:03:37.861 [info] > git for-each-ref --format=%(refname)%00%(upstream:short)%00%(objectname)%00%(upstream:track)%00%(upstream:remotename)%00%(upstream:remoteref) refs/heads/main refs/remotes/main [2ms]
2025-02-26 04:03:37.876 [info] > git for-each-ref --sort -committerdate --format %(refname) %(objectname) %(*objectname) [2ms]
2025-02-26 04:03:37.882 [info] > git status -z -uall [16ms]
2025-02-26 04:03:42.900 [info] > git config --get commit.template [6ms]
2025-02-26 04:03:42.901 [info] > git for-each-ref --format=%(refname)%00%(upstream:short)%00%(objectname)%00%(upstream:track)%00%(upstream:remotename)%00%(upstream:remoteref) refs/heads/main refs/remotes/main [2ms]
2025-02-26 04:03:42.917 [info] > git for-each-ref --sort -committerdate --format %(refname) %(objectname) %(*objectname) [1ms]
2025-02-26 04:03:42.924 [info] > git status -z -uall [16ms]
2025-02-26 04:03:47.940 [info] > git config --get commit.template [1ms]
2025-02-26 04:03:47.947 [info] > git for-each-ref --format=%(refname)%00%(upstream:short)%00%(objectname)%00%(upstream:track)%00%(upstream:remotename)%00%(upstream:remoteref) refs/heads/main refs/remotes/main [2ms]
2025-02-26 04:03:47.961 [info] > git for-each-ref --sort -committerdate --format %(refname) %(objectname) %(*objectname) [1ms]
2025-02-26 04:03:47.969 [info] > git status -z -uall [17ms]
2025-02-26 04:03:52.981 [info] > git config --get commit.template [1ms]
2025-02-26 04:03:52.989 [info] > git for-each-ref --format=%(refname)%00%(upstream:short)%00%(objectname)%00%(upstream:track)%00%(upstream:remotename)%00%(upstream:remoteref) refs/heads/main refs/remotes/main [2ms]
2025-02-26 04:03:53.003 [info] > git for-each-ref --sort -committerdate --format %(refname) %(objectname) %(*objectname) [0ms]
2025-02-26 04:03:53.011 [info] > git status -z -uall [17ms]
2025-02-26 04:03:58.024 [info] > git config --get commit.template [3ms]
2025-02-26 04:03:58.030 [info] > git for-each-ref --format=%(refname)%00%(upstream:short)%00%(objectname)%00%(upstream:track)%00%(upstream:remotename)%00%(upstream:remoteref) refs/heads/main refs/remotes/main [1ms]
2025-02-26 04:03:58.045 [info] > git for-each-ref --sort -committerdate --format %(refname) %(objectname) %(*objectname) [2ms]
2025-02-26 04:03:58.053 [info] > git status -z -uall [17ms]
2025-02-26 04:04:08.036 [info] > git for-each-ref --format=%(refname)%00%(upstream:short)%00%(objectname)%00%(upstream:track)%00%(upstream:remotename)%00%(upstream:remoteref) refs/heads/main refs/remotes/main [2ms]
2025-02-26 04:04:08.036 [info] > git config --get commit.template [8ms]
2025-02-26 04:04:08.050 [info] > git for-each-ref --sort -committerdate --format %(refname) %(objectname) %(*objectname) [2ms]
2025-02-26 04:04:08.058 [info] > git status -z -uall [17ms]
2025-02-26 04:04:13.075 [info] > git config --get commit.template [1ms]
2025-02-26 04:04:13.085 [info] > git for-each-ref --format=%(refname)%00%(upstream:short)%00%(objectname)%00%(upstream:track)%00%(upstream:remotename)%00%(upstream:remoteref) refs/heads/main refs/remotes/main [1ms]
2025-02-26 04:04:13.118 [info] > git for-each-ref --sort -committerdate --format %(refname) %(objectname) %(*objectname) [7ms]
2025-02-26 04:04:13.130 [info] > git status -z -uall [34ms]
2025-02-26 04:04:18.147 [info] > git config --get commit.template [7ms]
2025-02-26 04:04:18.148 [info] > git for-each-ref --format=%(refname)%00%(upstream:short)%00%(objectname)%00%(upstream:track)%00%(upstream:remotename)%00%(upstream:remoteref) refs/heads/main refs/remotes/main [1ms]
2025-02-26 04:04:18.165 [info] > git for-each-ref --sort -committerdate --format %(refname) %(objectname) %(*objectname) [2ms]
2025-02-26 04:04:18.171 [info] > git status -z -uall [17ms]
2025-02-26 04:04:23.189 [info] > git config --get commit.template [7ms]
2025-02-26 04:04:23.190 [info] > git for-each-ref --format=%(refname)%00%(upstream:short)%00%(objectname)%00%(upstream:track)%00%(upstream:remotename)%00%(upstream:remoteref) refs/heads/main refs/remotes/main [2ms]
2025-02-26 04:04:23.204 [info] > git for-each-ref --sort -committerdate --format %(refname) %(objectname) %(*objectname) [1ms]
2025-02-26 04:04:23.211 [info] > git status -z -uall [16ms]
2025-02-26 04:04:28.229 [info] > git config --get commit.template [7ms]
2025-02-26 04:04:28.230 [info] > git for-each-ref --format=%(refname)%00%(upstream:short)%00%(objectname)%00%(upstream:track)%00%(upstream:remotename)%00%(upstream:remoteref) refs/heads/main refs/remotes/main [1ms]
2025-02-26 04:04:28.244 [info] > git for-each-ref --sort -committerdate --format %(refname) %(objectname) %(*objectname) [2ms]
2025-02-26 04:04:28.252 [info] > git status -z -uall [17ms]
2025-02-26 04:04:33.268 [info] > git config --get commit.template [6ms]
2025-02-26 04:04:33.269 [info] > git for-each-ref --format=%(refname)%00%(upstream:short)%00%(objectname)%00%(upstream:track)%00%(upstream:remotename)%00%(upstream:remoteref) refs/heads/main refs/remotes/main [1ms]
2025-02-26 04:04:33.284 [info] > git for-each-ref --sort -committerdate --format %(refname) %(objectname) %(*objectname) [2ms]
2025-02-26 04:04:33.291 [info] > git status -z -uall [16ms]
2025-02-26 04:04:38.306 [info] > git config --get commit.template [6ms]
2025-02-26 04:04:38.307 [info] > git for-each-ref --format=%(refname)%00%(upstream:short)%00%(objectname)%00%(upstream:track)%00%(upstream:remotename)%00%(upstream:remoteref) refs/heads/main refs/remotes/main [1ms]
2025-02-26 04:04:38.321 [info] > git for-each-ref --sort -committerdate --format %(refname) %(objectname) %(*objectname) [1ms]
2025-02-26 04:04:38.328 [info] > git status -z -uall [16ms]
2025-02-26 04:04:43.347 [info] > git config --get commit.template [7ms]
2025-02-26 04:04:43.348 [info] > git for-each-ref --format=%(refname)%00%(upstream:short)%00%(objectname)%00%(upstream:track)%00%(upstream:remotename)%00%(upstream:remoteref) refs/heads/main refs/remotes/main [1ms]
2025-02-26 04:04:43.371 [info] > git for-each-ref --sort -committerdate --format %(refname) %(objectname) %(*objectname) [5ms]
2025-02-26 04:04:43.379 [info] > git status -z -uall [24ms]
2025-02-26 04:04:48.398 [info] > git config --get commit.template [6ms]
2025-02-26 04:04:48.399 [info] > git for-each-ref --format=%(refname)%00%(upstream:short)%00%(objectname)%00%(upstream:track)%00%(upstream:remotename)%00%(upstream:remoteref) refs/heads/main refs/remotes/main [2ms]
2025-02-26 04:04:48.413 [info] > git for-each-ref --sort -committerdate --format %(refname) %(objectname) %(*objectname) [1ms]
2025-02-26 04:04:48.421 [info] > git status -z -uall [17ms]
2025-02-26 04:04:48.945 [info] > git fetch [139ms]
2025-02-26 04:04:48.957 [info] > git config --get commit.template [6ms]
2025-02-26 04:04:48.958 [info] > git for-each-ref --format=%(refname)%00%(upstream:short)%00%(objectname)%00%(upstream:track)%00%(upstream:remotename)%00%(upstream:remoteref) refs/heads/main refs/remotes/main [1ms]
2025-02-26 04:04:48.972 [info] > git for-each-ref --sort -committerdate --format %(refname) %(objectname) %(*objectname) [2ms]
2025-02-26 04:04:48.980 [info] > git status -z -uall [17ms]
2025-02-26 04:04:52.593 [info] > git ls-files --stage -- /home/marty_jehng/main.py [2ms]
2025-02-26 04:04:52.600 [info] > git cat-file -s 707e9386c720640773e9f55b6c88dfe8332c5c72 [2ms]
2025-02-26 04:04:52.647 [info] > git show --textconv :main.py [2ms]
2025-02-26 04:04:53.265 [info] > git ls-files --stage -- /home/marty_jehng/main.py [2ms]
2025-02-26 04:04:53.271 [info] > git cat-file -s 707e9386c720640773e9f55b6c88dfe8332c5c72 [2ms]
2025-02-26 04:04:53.312 [info] > git show --textconv :main.py [2ms]
2025-02-26 04:04:53.436 [info] > git config --get commit.template [6ms]
2025-02-26 04:04:53.437 [info] > git for-each-ref --format=%(refname)%00%(upstream:short)%00%(objectname)%00%(upstream:track)%00%(upstream:remotename)%00%(upstream:remoteref) refs/heads/main refs/remotes/main [1ms]
2025-02-26 04:04:53.452 [info] > git for-each-ref --sort -committerdate --format %(refname) %(objectname) %(*objectname) [2ms]
2025-02-26 04:04:53.459 [info] > git status -z -uall [16ms]
2025-02-26 04:04:58.476 [info] > git config --get commit.template [7ms]
2025-02-26 04:04:58.477 [info] > git for-each-ref --format=%(refname)%00%(upstream:short)%00%(objectname)%00%(upstream:track)%00%(upstream:remotename)%00%(upstream:remoteref) refs/heads/main refs/remotes/main [2ms]
2025-02-26 04:04:58.492 [info] > git for-each-ref --sort -committerdate --format %(refname) %(objectname) %(*objectname) [3ms]
2025-02-26 04:04:58.499 [info] > git status -z -uall [17ms]
2025-02-26 04:05:03.514 [info] > git config --get commit.template [6ms]
2025-02-26 04:05:03.515 [info] > git for-each-ref --format=%(refname)%00%(upstream:short)%00%(objectname)%00%(upstream:track)%00%(upstream:remotename)%00%(upstream:remoteref) refs/heads/main refs/remotes/main [1ms]
2025-02-26 04:05:03.530 [info] > git for-each-ref --sort -committerdate --format %(refname) %(objectname) %(*objectname) [0ms]
2025-02-26 04:05:03.537 [info] > git status -z -uall [16ms]
2025-02-26 04:05:08.555 [info] > git config --get commit.template [6ms]
2025-02-26 04:05:08.556 [info] > git for-each-ref --format=%(refname)%00%(upstream:short)%00%(objectname)%00%(upstream:track)%00%(upstream:remotename)%00%(upstream:remoteref) refs/heads/main refs/remotes/main [2ms]
2025-02-26 04:05:08.572 [info] > git for-each-ref --sort -committerdate --format %(refname) %(objectname) %(*objectname) [2ms]
2025-02-26 04:05:08.579 [info] > git status -z -uall [16ms]
2025-02-26 04:05:13.596 [info] > git config --get commit.template [6ms]
2025-02-26 04:05:13.597 [info] > git for-each-ref --format=%(refname)%00%(upstream:short)%00%(objectname)%00%(upstream:track)%00%(upstream:remotename)%00%(upstream:remoteref) refs/heads/main refs/remotes/main [2ms]
2025-02-26 04:05:13.612 [info] > git for-each-ref --sort -committerdate --format %(refname) %(objectname) %(*objectname) [1ms]
2025-02-26 04:05:13.619 [info] > git status -z -uall [17ms]
2025-02-26 04:05:18.636 [info] > git config --get commit.template [7ms]
2025-02-26 04:05:18.637 [info] > git for-each-ref --format=%(refname)%00%(upstream:short)%00%(objectname)%00%(upstream:track)%00%(upstream:remotename)%00%(upstream:remoteref) refs/heads/main refs/remotes/main [2ms]
2025-02-26 04:05:18.653 [info] > git for-each-ref --sort -committerdate --format %(refname) %(objectname) %(*objectname) [1ms]
2025-02-26 04:05:18.660 [info] > git status -z -uall [16ms]
2025-02-26 04:05:23.675 [info] > git config --get commit.template [6ms]
2025-02-26 04:05:23.677 [info] > git for-each-ref --format=%(refname)%00%(upstream:short)%00%(objectname)%00%(upstream:track)%00%(upstream:remotename)%00%(upstream:remoteref) refs/heads/main refs/remotes/main [1ms]
2025-02-26 04:05:23.690 [info] > git for-each-ref --sort -committerdate --format %(refname) %(objectname) %(*objectname) [0ms]
2025-02-26 04:05:23.698 [info] > git status -z -uall [16ms]
2025-02-26 04:05:28.713 [info] > git config --get commit.template [6ms]
2025-02-26 04:05:28.714 [info] > git for-each-ref --format=%(refname)%00%(upstream:short)%00%(objectname)%00%(upstream:track)%00%(upstream:remotename)%00%(upstream:remoteref) refs/heads/main refs/remotes/main [1ms]
2025-02-26 04:05:28.729 [info] > git for-each-ref --sort -committerdate --format %(refname) %(objectname) %(*objectname) [2ms]
2025-02-26 04:05:28.737 [info] > git status -z -uall [17ms]
2025-02-26 04:05:33.752 [info] > git config --get commit.template [6ms]
2025-02-26 04:05:33.753 [info] > git for-each-ref --format=%(refname)%00%(upstream:short)%00%(objectname)%00%(upstream:track)%00%(upstream:remotename)%00%(upstream:remoteref) refs/heads/main refs/remotes/main [2ms]
2025-02-26 04:05:33.767 [info] > git for-each-ref --sort -committerdate --format %(refname) %(objectname) %(*objectname) [0ms]
2025-02-26 04:05:33.775 [info] > git status -z -uall [17ms]
2025-02-26 04:05:38.787 [info] > git config --get commit.template [2ms]
2025-02-26 04:05:38.795 [info] > git for-each-ref --format=%(refname)%00%(upstream:short)%00%(objectname)%00%(upstream:track)%00%(upstream:remotename)%00%(upstream:remoteref) refs/heads/main refs/remotes/main [1ms]
2025-02-26 04:05:38.808 [info] > git for-each-ref --sort -committerdate --format %(refname) %(objectname) %(*objectname) [1ms]
2025-02-26 04:05:38.816 [info] > git status -z -uall [16ms]
2025-02-26 04:05:43.828 [info] > git config --get commit.template [2ms]
2025-02-26 04:05:43.836 [info] > git for-each-ref --format=%(refname)%00%(upstream:short)%00%(objectname)%00%(upstream:track)%00%(upstream:remotename)%00%(upstream:remoteref) refs/heads/main refs/remotes/main [1ms]
2025-02-26 04:05:43.852 [info] > git for-each-ref --sort -committerdate --format %(refname) %(objectname) %(*objectname) [1ms]
2025-02-26 04:05:43.859 [info] > git status -z -uall [17ms]
2025-02-26 04:05:48.876 [info] > git config --get commit.template [6ms]
2025-02-26 04:05:48.877 [info] > git for-each-ref --format=%(refname)%00%(upstream:short)%00%(objectname)%00%(upstream:track)%00%(upstream:remotename)%00%(upstream:remoteref) refs/heads/main refs/remotes/main [2ms]
2025-02-26 04:05:48.890 [info] > git for-each-ref --sort -committerdate --format %(refname) %(objectname) %(*objectname) [1ms]
2025-02-26 04:05:48.898 [info] > git status -z -uall [16ms]
2025-02-26 04:05:53.914 [info] > git config --get commit.template [6ms]
2025-02-26 04:05:53.915 [info] > git for-each-ref --format=%(refname)%00%(upstream:short)%00%(objectname)%00%(upstream:track)%00%(upstream:remotename)%00%(upstream:remoteref) refs/heads/main refs/remotes/main [1ms]
2025-02-26 04:05:53.933 [info] > git for-each-ref --sort -committerdate --format %(refname) %(objectname) %(*objectname) [1ms]
2025-02-26 04:05:53.942 [info] > git status -z -uall [20ms]
2025-02-26 04:05:58.959 [info] > git config --get commit.template [6ms]
2025-02-26 04:05:58.960 [info] > git for-each-ref --format=%(refname)%00%(upstream:short)%00%(objectname)%00%(upstream:track)%00%(upstream:remotename)%00%(upstream:remoteref) refs/heads/main refs/remotes/main [1ms]
2025-02-26 04:05:58.975 [info] > git for-each-ref --sort -committerdate --format %(refname) %(objectname) %(*objectname) [0ms]
2025-02-26 04:05:58.982 [info] > git status -z -uall [16ms]
2025-02-26 04:06:07.845 [info] > git config --get commit.template [7ms]
2025-02-26 04:06:07.845 [info] > git for-each-ref --format=%(refname)%00%(upstream:short)%00%(objectname)%00%(upstream:track)%00%(upstream:remotename)%00%(upstream:remoteref) refs/heads/main refs/remotes/main [1ms]
2025-02-26 04:06:07.866 [info] > git for-each-ref --sort -committerdate --format %(refname) %(objectname) %(*objectname) [3ms]
2025-02-26 04:06:07.871 [info] > git status -z -uall [19ms]
2025-02-26 04:06:12.895 [info] > git for-each-ref --format=%(refname)%00%(upstream:short)%00%(objectname)%00%(upstream:track)%00%(upstream:remotename)%00%(upstream:remoteref) refs/heads/main refs/remotes/main [0ms]
2025-02-26 04:06:12.895 [info] > git config --get commit.template [11ms]
2025-02-26 04:06:12.919 [info] > git for-each-ref --sort -committerdate --format %(refname) %(objectname) %(*objectname) [4ms]
2025-02-26 04:06:12.931 [info] > git status -z -uall [29ms]
2025-02-26 04:06:17.949 [info] > git config --get commit.template [6ms]
2025-02-26 04:06:17.950 [info] > git for-each-ref --format=%(refname)%00%(upstream:short)%00%(objectname)%00%(upstream:track)%00%(upstream:remotename)%00%(upstream:remoteref) refs/heads/main refs/remotes/main [1ms]
2025-02-26 04:06:17.964 [info] > git for-each-ref --sort -committerdate --format %(refname) %(objectname) %(*objectname) [2ms]
2025-02-26 04:06:17.971 [info] > git status -z -uall [16ms]
2025-02-26 04:06:22.989 [info] > git config --get commit.template [7ms]
2025-02-26 04:06:22.990 [info] > git for-each-ref --format=%(refname)%00%(upstream:short)%00%(objectname)%00%(upstream:track)%00%(upstream:remotename)%00%(upstream:remoteref) refs/heads/main refs/remotes/main [2ms]
2025-02-26 04:06:23.004 [info] > git for-each-ref --sort -committerdate --format %(refname) %(objectname) %(*objectname) [2ms]
2025-02-26 04:06:23.011 [info] > git status -z -uall [16ms]
2025-02-26 04:06:28.028 [info] > git config --get commit.template [6ms]
2025-02-26 04:06:28.029 [info] > git for-each-ref --format=%(refname)%00%(upstream:short)%00%(objectname)%00%(upstream:track)%00%(upstream:remotename)%00%(upstream:remoteref) refs/heads/main refs/remotes/main [1ms]
2025-02-26 04:06:28.043 [info] > git for-each-ref --sort -committerdate --format %(refname) %(objectname) %(*objectname) [0ms]
2025-02-26 04:06:28.051 [info] > git status -z -uall [16ms]
2025-02-26 04:06:33.067 [info] > git config --get commit.template [6ms]
2025-02-26 04:06:33.068 [info] > git for-each-ref --format=%(refname)%00%(upstream:short)%00%(objectname)%00%(upstream:track)%00%(upstream:remotename)%00%(upstream:remoteref) refs/heads/main refs/remotes/main [1ms]
2025-02-26 04:06:33.082 [info] > git for-each-ref --sort -committerdate --format %(refname) %(objectname) %(*objectname) [1ms]
2025-02-26 04:06:33.089 [info] > git status -z -uall [16ms]
2025-02-26 04:06:38.107 [info] > git config --get commit.template [7ms]
2025-02-26 04:06:38.108 [info] > git for-each-ref --format=%(refname)%00%(upstream:short)%00%(objectname)%00%(upstream:track)%00%(upstream:remotename)%00%(upstream:remoteref) refs/heads/main refs/remotes/main [2ms]
2025-02-26 04:06:38.122 [info] > git for-each-ref --sort -committerdate --format %(refname) %(objectname) %(*objectname) [2ms]
2025-02-26 04:06:38.129 [info] > git status -z -uall [16ms]
2025-02-26 04:06:43.145 [info] > git config --get commit.template [6ms]
2025-02-26 04:06:43.146 [info] > git for-each-ref --format=%(refname)%00%(upstream:short)%00%(objectname)%00%(upstream:track)%00%(upstream:remotename)%00%(upstream:remoteref) refs/heads/main refs/remotes/main [1ms]
2025-02-26 04:06:43.160 [info] > git for-each-ref --sort -committerdate --format %(refname) %(objectname) %(*objectname) [2ms]
2025-02-26 04:06:43.168 [info] > git status -z -uall [17ms]
2025-02-26 04:06:59.990 [info] > git check-ignore -v -z --stdin [2ms]
2025-02-26 04:07:16.680 [info] > git config --get commit.template [7ms]
2025-02-26 04:07:16.681 [info] > git for-each-ref --format=%(refname)%00%(upstream:short)%00%(objectname)%00%(upstream:track)%00%(upstream:remotename)%00%(upstream:remoteref) refs/heads/main refs/remotes/main [2ms]
2025-02-26 04:07:16.695 [info] > git for-each-ref --sort -committerdate --format %(refname) %(objectname) %(*objectname) [2ms]
2025-02-26 04:07:16.702 [info] > git status -z -uall [16ms]
2025-02-26 04:07:21.719 [info] > git for-each-ref --format=%(refname)%00%(upstream:short)%00%(objectname)%00%(upstream:track)%00%(upstream:remotename)%00%(upstream:remoteref) refs/heads/main refs/remotes/main [2ms]
2025-02-26 04:07:21.720 [info] > git config --get commit.template [8ms]
2025-02-26 04:07:21.734 [info] > git for-each-ref --sort -committerdate --format %(refname) %(objectname) %(*objectname) [2ms]
2025-02-26 04:07:21.741 [info] > git status -z -uall [16ms]
2025-02-26 04:07:26.761 [info] > git config --get commit.template [7ms]
2025-02-26 04:07:26.762 [info] > git for-each-ref --format=%(refname)%00%(upstream:short)%00%(objectname)%00%(upstream:track)%00%(upstream:remotename)%00%(upstream:remoteref) refs/heads/main refs/remotes/main [2ms]
2025-02-26 04:07:26.778 [info] > git for-each-ref --sort -committerdate --format %(refname) %(objectname) %(*objectname) [3ms]
2025-02-26 04:07:26.784 [info] > git status -z -uall [17ms]
2025-02-26 04:07:31.796 [info] > git config --get commit.template [2ms]
2025-02-26 04:07:31.802 [info] > git for-each-ref --format=%(refname)%00%(upstream:short)%00%(objectname)%00%(upstream:track)%00%(upstream:remotename)%00%(upstream:remoteref) refs/heads/main refs/remotes/main [1ms]
2025-02-26 04:07:31.816 [info] > git for-each-ref --sort -committerdate --format %(refname) %(objectname) %(*objectname) [1ms]
2025-02-26 04:07:31.823 [info] > git status -z -uall [16ms]
2025-02-26 04:07:36.840 [info] > git config --get commit.template [7ms]
2025-02-26 04:07:36.841 [info] > git for-each-ref --format=%(refname)%00%(upstream:short)%00%(objectname)%00%(upstream:track)%00%(upstream:remotename)%00%(upstream:remoteref) refs/heads/main refs/remotes/main [2ms]
2025-02-26 04:07:36.855 [info] > git for-each-ref --sort -committerdate --format %(refname) %(objectname) %(*objectname) [2ms]
2025-02-26 04:07:36.864 [info] > git status -z -uall [18ms]
2025-02-26 04:07:41.882 [info] > git config --get commit.template [6ms]
2025-02-26 04:07:41.883 [info] > git for-each-ref --format=%(refname)%00%(upstream:short)%00%(objectname)%00%(upstream:track)%00%(upstream:remotename)%00%(upstream:remoteref) refs/heads/main refs/remotes/main [2ms]
2025-02-26 04:07:41.897 [info] > git for-each-ref --sort -committerdate --format %(refname) %(objectname) %(*objectname) [2ms]
2025-02-26 04:07:41.904 [info] > git status -z -uall [16ms]
2025-02-26 04:07:46.917 [info] > git config --get commit.template [2ms]
2025-02-26 04:07:46.923 [info] > git for-each-ref --format=%(refname)%00%(upstream:short)%00%(objectname)%00%(upstream:track)%00%(upstream:remotename)%00%(upstream:remoteref) refs/heads/main refs/remotes/main [1ms]
2025-02-26 04:07:46.939 [info] > git for-each-ref --sort -committerdate --format %(refname) %(objectname) %(*objectname) [3ms]
2025-02-26 04:07:46.946 [info] > git status -z -uall [17ms]
2025-02-26 04:07:49.130 [info] > git fetch [141ms]
2025-02-26 04:07:49.142 [info] > git config --get commit.template [6ms]
2025-02-26 04:07:49.144 [info] > git for-each-ref --format=%(refname)%00%(upstream:short)%00%(objectname)%00%(upstream:track)%00%(upstream:remotename)%00%(upstream:remoteref) refs/heads/main refs/remotes/main [2ms]
2025-02-26 04:07:49.162 [info] > git for-each-ref --sort -committerdate --format %(refname) %(objectname) %(*objectname) [1ms]
2025-02-26 04:07:49.167 [info] > git status -z -uall [18ms]
2025-02-26 04:07:50.877 [info] > git ls-files --stage -- /home/marty_jehng/main.py [2ms]
2025-02-26 04:07:50.883 [info] > git cat-file -s 707e9386c720640773e9f55b6c88dfe8332c5c72 [1ms]
2025-02-26 04:07:50.927 [info] > git show --textconv :main.py [2ms]
2025-02-26 04:07:51.964 [info] > git config --get commit.template [6ms]
2025-02-26 04:07:51.965 [info] > git for-each-ref --format=%(refname)%00%(upstream:short)%00%(objectname)%00%(upstream:track)%00%(upstream:remotename)%00%(upstream:remoteref) refs/heads/main refs/remotes/main [2ms]
2025-02-26 04:07:51.979 [info] > git for-each-ref --sort -committerdate --format %(refname) %(objectname) %(*objectname) [1ms]
2025-02-26 04:07:51.987 [info] > git status -z -uall [16ms]
2025-02-26 04:07:52.022 [info] > git ls-files --stage -- /home/marty_jehng/main.py [2ms]
2025-02-26 04:07:52.029 [info] > git cat-file -s 707e9386c720640773e9f55b6c88dfe8332c5c72 [1ms]
2025-02-26 04:07:52.380 [info] > git show --textconv :main.py [3ms]
2025-02-26 04:08:11.084 [info] > git config --get commit.template [7ms]
2025-02-26 04:08:11.085 [info] > git for-each-ref --format=%(refname)%00%(upstream:short)%00%(objectname)%00%(upstream:track)%00%(upstream:remotename)%00%(upstream:remoteref) refs/heads/main refs/remotes/main [2ms]
2025-02-26 04:08:11.102 [info] > git for-each-ref --sort -committerdate --format %(refname) %(objectname) %(*objectname) [3ms]
2025-02-26 04:08:11.109 [info] > git status -z -uall [17ms]
2025-02-26 04:08:12.453 [info] > git check-ignore -v -z --stdin [2ms]
2025-02-26 04:08:16.128 [info] > git config --get commit.template [7ms]
2025-02-26 04:08:16.129 [info] > git for-each-ref --format=%(refname)%00%(upstream:short)%00%(objectname)%00%(upstream:track)%00%(upstream:remotename)%00%(upstream:remoteref) refs/heads/main refs/remotes/main [2ms]
2025-02-26 04:08:16.143 [info] > git for-each-ref --sort -committerdate --format %(refname) %(objectname) %(*objectname) [2ms]
2025-02-26 04:08:16.151 [info] > git status -z -uall [17ms]
2025-02-26 04:08:21.169 [info] > git config --get commit.template [6ms]
2025-02-26 04:08:21.170 [info] > git for-each-ref --format=%(refname)%00%(upstream:short)%00%(objectname)%00%(upstream:track)%00%(upstream:remotename)%00%(upstream:remoteref) refs/heads/main refs/remotes/main [2ms]
2025-02-26 04:08:21.185 [info] > git for-each-ref --sort -committerdate --format %(refname) %(objectname) %(*objectname) [3ms]
2025-02-26 04:08:21.191 [info] > git status -z -uall [16ms]
2025-02-26 04:08:29.616 [info] > git config --get commit.template [7ms]
2025-02-26 04:08:29.617 [info] > git for-each-ref --format=%(refname)%00%(upstream:short)%00%(objectname)%00%(upstream:track)%00%(upstream:remotename)%00%(upstream:remoteref) refs/heads/main refs/remotes/main [2ms]
2025-02-26 04:08:29.631 [info] > git for-each-ref --sort -committerdate --format %(refname) %(objectname) %(*objectname) [2ms]
2025-02-26 04:08:29.640 [info] > git status -z -uall [18ms]
2025-02-26 04:08:54.873 [info] > git config --get commit.template [7ms]
2025-02-26 04:08:54.874 [info] > git for-each-ref --format=%(refname)%00%(upstream:short)%00%(objectname)%00%(upstream:track)%00%(upstream:remotename)%00%(upstream:remoteref) refs/heads/main refs/remotes/main [2ms]
2025-02-26 04:08:54.889 [info] > git for-each-ref --sort -committerdate --format %(refname) %(objectname) %(*objectname) [2ms]
2025-02-26 04:08:54.896 [info] > git status -z -uall [17ms]
2025-02-26 04:09:04.817 [info] > git config --get commit.template [6ms]
2025-02-26 04:09:04.818 [info] > git for-each-ref --format=%(refname)%00%(upstream:short)%00%(objectname)%00%(upstream:track)%00%(upstream:remotename)%00%(upstream:remoteref) refs/heads/main refs/remotes/main [2ms]
2025-02-26 04:09:04.832 [info] > git for-each-ref --sort -committerdate --format %(refname) %(objectname) %(*objectname) [2ms]
2025-02-26 04:09:04.839 [info] > git status -z -uall [16ms]
2025-02-26 04:09:06.463 [info] > git check-ignore -v -z --stdin [2ms]
2025-02-26 04:09:09.857 [info] > git config --get commit.template [7ms]
2025-02-26 04:09:09.858 [info] > git for-each-ref --format=%(refname)%00%(upstream:short)%00%(objectname)%00%(upstream:track)%00%(upstream:remotename)%00%(upstream:remoteref) refs/heads/main refs/remotes/main [2ms]
2025-02-26 04:09:09.873 [info] > git for-each-ref --sort -committerdate --format %(refname) %(objectname) %(*objectname) [3ms]
2025-02-26 04:09:09.879 [info] > git status -z -uall [16ms]
2025-02-26 04:09:14.897 [info] > git config --get commit.template [7ms]
2025-02-26 04:09:14.898 [info] > git for-each-ref --format=%(refname)%00%(upstream:short)%00%(objectname)%00%(upstream:track)%00%(upstream:remotename)%00%(upstream:remoteref) refs/heads/main refs/remotes/main [1ms]
2025-02-26 04:09:14.913 [info] > git for-each-ref --sort -committerdate --format %(refname) %(objectname) %(*objectname) [2ms]
2025-02-26 04:09:14.920 [info] > git status -z -uall [17ms]
2025-02-26 04:09:37.376 [info] > git config --get commit.template [7ms]
2025-02-26 04:09:37.378 [info] > git for-each-ref --format=%(refname)%00%(upstream:short)%00%(objectname)%00%(upstream:track)%00%(upstream:remotename)%00%(upstream:remoteref) refs/heads/main refs/remotes/main [3ms]
2025-02-26 04:09:37.395 [info] > git for-each-ref --sort -committerdate --format %(refname) %(objectname) %(*objectname) [2ms]
2025-02-26 04:09:37.402 [info] > git status -z -uall [17ms]
2025-02-26 04:10:13.418 [info] > git config --get commit.template [5ms]
2025-02-26 04:10:13.419 [info] > git for-each-ref --format=%(refname)%00%(upstream:short)%00%(objectname)%00%(upstream:track)%00%(upstream:remotename)%00%(upstream:remoteref) refs/heads/main refs/remotes/main [1ms]
2025-02-26 04:10:13.434 [info] > git for-each-ref --sort -committerdate --format %(refname) %(objectname) %(*objectname) [1ms]
2025-02-26 04:10:13.441 [info] > git status -z -uall [16ms]
2025-02-26 04:10:18.454 [info] > git config --get commit.template [1ms]
2025-02-26 04:10:18.460 [info] > git for-each-ref --format=%(refname)%00%(upstream:short)%00%(objectname)%00%(upstream:track)%00%(upstream:remotename)%00%(upstream:remoteref) refs/heads/main refs/remotes/main [2ms]
2025-02-26 04:10:18.474 [info] > git for-each-ref --sort -committerdate --format %(refname) %(objectname) %(*objectname) [1ms]
2025-02-26 04:10:18.481 [info] > git status -z -uall [16ms]
2025-02-26 04:10:27.988 [info] > git check-ignore -v -z --stdin [2ms]
2025-02-26 04:10:28.208 [info] > git config --get commit.template [6ms]
2025-02-26 04:10:28.209 [info] > git for-each-ref --format=%(refname)%00%(upstream:short)%00%(objectname)%00%(upstream:track)%00%(upstream:remotename)%00%(upstream:remoteref) refs/heads/main refs/remotes/main [2ms]
2025-02-26 04:10:28.223 [info] > git for-each-ref --sort -committerdate --format %(refname) %(objectname) %(*objectname) [1ms]
2025-02-26 04:10:28.230 [info] > git status -z -uall [16ms]
2025-02-26 04:10:30.025 [info] > git check-ignore -v -z --stdin [1ms]
2025-02-26 04:10:33.251 [info] > git config --get commit.template [7ms]
2025-02-26 04:10:33.252 [info] > git for-each-ref --format=%(refname)%00%(upstream:short)%00%(objectname)%00%(upstream:track)%00%(upstream:remotename)%00%(upstream:remoteref) refs/heads/main refs/remotes/main [2ms]
2025-02-26 04:10:33.268 [info] > git for-each-ref --sort -committerdate --format %(refname) %(objectname) %(*objectname) [1ms]
2025-02-26 04:10:33.274 [info] > git status -z -uall [17ms]
2025-02-26 04:10:51.671 [info] > git config --get commit.template [6ms]
2025-02-26 04:10:51.672 [info] > git for-each-ref --format=%(refname)%00%(upstream:short)%00%(objectname)%00%(upstream:track)%00%(upstream:remotename)%00%(upstream:remoteref) refs/heads/main refs/remotes/main [2ms]
2025-02-26 04:10:51.697 [info] > git status -z -uall [19ms]
2025-02-26 04:10:51.698 [info] > git for-each-ref --sort -committerdate --format %(refname) %(objectname) %(*objectname) [8ms]
2025-02-26 04:10:51.820 [info] > git fetch [165ms]
2025-02-26 04:10:51.834 [info] > git config --get commit.template [6ms]
2025-02-26 04:10:51.835 [info] > git for-each-ref --format=%(refname)%00%(upstream:short)%00%(objectname)%00%(upstream:track)%00%(upstream:remotename)%00%(upstream:remoteref) refs/heads/main refs/remotes/main [2ms]
2025-02-26 04:10:51.853 [info] > git for-each-ref --sort -committerdate --format %(refname) %(objectname) %(*objectname) [4ms]
2025-02-26 04:10:51.858 [info] > git status -z -uall [18ms]
2025-02-26 04:10:53.705 [info] > git ls-files --stage -- /home/marty_jehng/main.py [2ms]
2025-02-26 04:10:53.711 [info] > git cat-file -s 707e9386c720640773e9f55b6c88dfe8332c5c72 [1ms]
2025-02-26 04:10:54.335 [info] > git show --textconv :main.py [1ms]
2025-02-26 04:11:01.992 [info] > git check-ignore -v -z --stdin [2ms]
2025-02-26 04:11:04.992 [info] > git check-ignore -v -z --stdin [2ms]
2025-02-26 04:11:15.980 [info] > git check-ignore -v -z --stdin [1ms]
2025-02-26 04:11:18.052 [info] > git check-ignore -v -z --stdin [1ms]
2025-02-26 04:11:31.007 [info] > git check-ignore -v -z --stdin [2ms]
2025-02-26 04:11:33.625 [info] > git check-ignore -v -z --stdin [2ms]
2025-02-26 04:11:50.018 [info] > git check-ignore -v -z --stdin [2ms]
2025-02-26 04:11:54.068 [info] > git config --get commit.template [7ms]
2025-02-26 04:11:54.069 [info] > git for-each-ref --format=%(refname)%00%(upstream:short)%00%(objectname)%00%(upstream:track)%00%(upstream:remotename)%00%(upstream:remoteref) refs/heads/main refs/remotes/main [2ms]
2025-02-26 04:11:54.084 [info] > git for-each-ref --sort -committerdate --format %(refname) %(objectname) %(*objectname) [2ms]
2025-02-26 04:11:54.090 [info] > git status -z -uall [16ms]
2025-02-26 04:11:54.262 [info] > git ls-files --stage -- /home/marty_jehng/main.py [1ms]
2025-02-26 04:11:54.269 [info] > git cat-file -s 707e9386c720640773e9f55b6c88dfe8332c5c72 [2ms]
2025-02-26 04:11:54.970 [info] > git show --textconv :main.py [3ms]
2025-02-26 04:11:59.108 [info] > git config --get commit.template [6ms]
2025-02-26 04:11:59.110 [info] > git for-each-ref --format=%(refname)%00%(upstream:short)%00%(objectname)%00%(upstream:track)%00%(upstream:remotename)%00%(upstream:remoteref) refs/heads/main refs/remotes/main [1ms]
2025-02-26 04:11:59.124 [info] > git for-each-ref --sort -committerdate --format %(refname) %(objectname) %(*objectname) [2ms]
2025-02-26 04:11:59.132 [info] > git status -z -uall [17ms]
2025-02-26 04:12:04.151 [info] > git config --get commit.template [6ms]
2025-02-26 04:12:04.153 [info] > git for-each-ref --format=%(refname)%00%(upstream:short)%00%(objectname)%00%(upstream:track)%00%(upstream:remotename)%00%(upstream:remoteref) refs/heads/main refs/remotes/main [2ms]
2025-02-26 04:12:04.166 [info] > git for-each-ref --sort -committerdate --format %(refname) %(objectname) %(*objectname) [0ms]
2025-02-26 04:12:04.174 [info] > git status -z -uall [16ms]
2025-02-26 04:12:09.187 [info] > git config --get commit.template [1ms]
2025-02-26 04:12:09.194 [info] > git for-each-ref --format=%(refname)%00%(upstream:short)%00%(objectname)%00%(upstream:track)%00%(upstream:remotename)%00%(upstream:remoteref) refs/heads/main refs/remotes/main [2ms]
2025-02-26 04:12:09.208 [info] > git for-each-ref --sort -committerdate --format %(refname) %(objectname) %(*objectname) [2ms]
2025-02-26 04:12:09.215 [info] > git status -z -uall [16ms]
2025-02-26 04:12:14.228 [info] > git config --get commit.template [2ms]
2025-02-26 04:12:14.236 [info] > git for-each-ref --format=%(refname)%00%(upstream:short)%00%(objectname)%00%(upstream:track)%00%(upstream:remotename)%00%(upstream:remoteref) refs/heads/main refs/remotes/main [1ms]
2025-02-26 04:12:14.252 [info] > git for-each-ref --sort -committerdate --format %(refname) %(objectname) %(*objectname) [3ms]
2025-02-26 04:12:14.259 [info] > git status -z -uall [18ms]
2025-02-26 04:12:19.271 [info] > git config --get commit.template [1ms]
2025-02-26 04:12:19.279 [info] > git for-each-ref --format=%(refname)%00%(upstream:short)%00%(objectname)%00%(upstream:track)%00%(upstream:remotename)%00%(upstream:remoteref) refs/heads/main refs/remotes/main [1ms]
2025-02-26 04:12:19.295 [info] > git for-each-ref --sort -committerdate --format %(refname) %(objectname) %(*objectname) [0ms]
2025-02-26 04:12:19.305 [info] > git status -z -uall [18ms]
2025-02-26 04:12:24.323 [info] > git config --get commit.template [6ms]
2025-02-26 04:12:24.325 [info] > git for-each-ref --format=%(refname)%00%(upstream:short)%00%(objectname)%00%(upstream:track)%00%(upstream:remotename)%00%(upstream:remoteref) refs/heads/main refs/remotes/main [2ms]
2025-02-26 04:12:24.339 [info] > git for-each-ref --sort -committerdate --format %(refname) %(objectname) %(*objectname) [1ms]
2025-02-26 04:12:24.346 [info] > git status -z -uall [16ms]
2025-02-26 04:12:29.360 [info] > git config --get commit.template [1ms]
2025-02-26 04:12:29.366 [info] > git for-each-ref --format=%(refname)%00%(upstream:short)%00%(objectname)%00%(upstream:track)%00%(upstream:remotename)%00%(upstream:remoteref) refs/heads/main refs/remotes/main [1ms]
2025-02-26 04:12:29.380 [info] > git for-each-ref --sort -committerdate --format %(refname) %(objectname) %(*objectname) [0ms]
2025-02-26 04:12:29.388 [info] > git status -z -uall [17ms]
2025-02-26 04:12:34.406 [info] > git config --get commit.template [7ms]
2025-02-26 04:12:34.406 [info] > git for-each-ref --format=%(refname)%00%(upstream:short)%00%(objectname)%00%(upstream:track)%00%(upstream:remotename)%00%(upstream:remoteref) refs/heads/main refs/remotes/main [2ms]
2025-02-26 04:12:34.421 [info] > git for-each-ref --sort -committerdate --format %(refname) %(objectname) %(*objectname) [0ms]
2025-02-26 04:12:34.429 [info] > git status -z -uall [17ms]
2025-02-26 04:12:39.445 [info] > git config --get commit.template [5ms]
2025-02-26 04:12:39.447 [info] > git for-each-ref --format=%(refname)%00%(upstream:short)%00%(objectname)%00%(upstream:track)%00%(upstream:remotename)%00%(upstream:remoteref) refs/heads/main refs/remotes/main [2ms]
2025-02-26 04:12:39.461 [info] > git for-each-ref --sort -committerdate --format %(refname) %(objectname) %(*objectname) [1ms]
2025-02-26 04:12:39.468 [info] > git status -z -uall [16ms]
2025-02-26 04:12:58.524 [info] > git config --get commit.template [7ms]
2025-02-26 04:12:58.525 [info] > git for-each-ref --format=%(refname)%00%(upstream:short)%00%(objectname)%00%(upstream:track)%00%(upstream:remotename)%00%(upstream:remoteref) refs/heads/main refs/remotes/main [2ms]
2025-02-26 04:12:58.544 [info] > git for-each-ref --sort -committerdate --format %(refname) %(objectname) %(*objectname) [2ms]
2025-02-26 04:12:58.549 [info] > git status -z -uall [18ms]
2025-02-26 04:13:03.567 [info] > git config --get commit.template [8ms]
2025-02-26 04:13:03.568 [info] > git for-each-ref --format=%(refname)%00%(upstream:short)%00%(objectname)%00%(upstream:track)%00%(upstream:remotename)%00%(upstream:remoteref) refs/heads/main refs/remotes/main [2ms]
2025-02-26 04:13:03.583 [info] > git for-each-ref --sort -committerdate --format %(refname) %(objectname) %(*objectname) [2ms]
2025-02-26 04:13:03.591 [info] > git status -z -uall [17ms]
2025-02-26 04:13:08.610 [info] > git config --get commit.template [7ms]
2025-02-26 04:13:08.611 [info] > git for-each-ref --format=%(refname)%00%(upstream:short)%00%(objectname)%00%(upstream:track)%00%(upstream:remotename)%00%(upstream:remoteref) refs/heads/main refs/remotes/main [2ms]
2025-02-26 04:13:08.628 [info] > git for-each-ref --sort -committerdate --format %(refname) %(objectname) %(*objectname) [2ms]
2025-02-26 04:13:08.634 [info] > git status -z -uall [17ms]
2025-02-26 04:13:13.651 [info] > git config --get commit.template [3ms]
2025-02-26 04:13:13.662 [info] > git for-each-ref --format=%(refname)%00%(upstream:short)%00%(objectname)%00%(upstream:track)%00%(upstream:remotename)%00%(upstream:remoteref) refs/heads/main refs/remotes/main [1ms]
2025-02-26 04:13:13.692 [info] > git for-each-ref --sort -committerdate --format %(refname) %(objectname) %(*objectname) [4ms]
2025-02-26 04:13:13.706 [info] > git status -z -uall [36ms]
2025-02-26 04:13:27.994 [info] > git check-ignore -v -z --stdin [1ms]
2025-02-26 04:13:30.991 [info] > git check-ignore -v -z --stdin [2ms]
2025-02-26 04:13:43.000 [info] > git check-ignore -v -z --stdin [2ms]
2025-02-26 04:13:45.276 [info] > git check-ignore -v -z --stdin [2ms]
2025-02-26 04:14:01.004 [info] > git check-ignore -v -z --stdin [2ms]
2025-02-26 04:14:03.005 [info] > git check-ignore -v -z --stdin [2ms]
2025-02-26 04:14:08.352 [info] > git config --get commit.template [7ms]
2025-02-26 04:14:08.353 [info] > git for-each-ref --format=%(refname)%00%(upstream:short)%00%(objectname)%00%(upstream:track)%00%(upstream:remotename)%00%(upstream:remoteref) refs/heads/main refs/remotes/main [1ms]
2025-02-26 04:14:08.368 [info] > git for-each-ref --sort -committerdate --format %(refname) %(objectname) %(*objectname) [1ms]
2025-02-26 04:14:08.381 [info] > git status -z -uall [22ms]
2025-02-26 04:14:08.508 [info] > git fetch [173ms]
2025-02-26 04:14:08.522 [info] > git config --get commit.template [6ms]
2025-02-26 04:14:08.523 [info] > git for-each-ref --format=%(refname)%00%(upstream:short)%00%(objectname)%00%(upstream:track)%00%(upstream:remotename)%00%(upstream:remoteref) refs/heads/main refs/remotes/main [1ms]
2025-02-26 04:14:08.539 [info] > git for-each-ref --sort -committerdate --format %(refname) %(objectname) %(*objectname) [1ms]
2025-02-26 04:14:08.546 [info] > git status -z -uall [17ms]
2025-02-26 04:14:12.402 [info] > git ls-files --stage -- /home/marty_jehng/main.py [3ms]
2025-02-26 04:14:12.408 [info] > git cat-file -s 707e9386c720640773e9f55b6c88dfe8332c5c72 [1ms]
2025-02-26 04:14:12.452 [info] > git show --textconv :main.py [2ms]
2025-02-26 04:14:13.402 [info] > git config --get commit.template [7ms]
2025-02-26 04:14:13.403 [info] > git for-each-ref --format=%(refname)%00%(upstream:short)%00%(objectname)%00%(upstream:track)%00%(upstream:remotename)%00%(upstream:remoteref) refs/heads/main refs/remotes/main [1ms]
2025-02-26 04:14:13.417 [info] > git for-each-ref --sort -committerdate --format %(refname) %(objectname) %(*objectname) [2ms]
2025-02-26 04:14:13.424 [info] > git status -z -uall [16ms]
2025-02-26 04:14:16.091 [info] > git show --textconv :main.py [9ms]
2025-02-26 04:14:16.091 [info] > git ls-files --stage -- /home/marty_jehng/main.py [1ms]
2025-02-26 04:14:16.097 [info] > git cat-file -s 707e9386c720640773e9f55b6c88dfe8332c5c72 [1ms]
2025-02-26 04:14:17.458 [info] > git show --textconv :uploads/20250226-041359AM.wav.txt [7ms]
2025-02-26 04:14:17.461 [info] > git ls-files --stage -- /home/marty_jehng/uploads/20250226-041359AM.wav.txt [4ms]
2025-02-26 04:14:18.444 [info] > git config --get commit.template [6ms]
2025-02-26 04:14:18.445 [info] > git for-each-ref --format=%(refname)%00%(upstream:short)%00%(objectname)%00%(upstream:track)%00%(upstream:remotename)%00%(upstream:remoteref) refs/heads/main refs/remotes/main [1ms]
2025-02-26 04:14:18.462 [info] > git for-each-ref --sort -committerdate --format %(refname) %(objectname) %(*objectname) [2ms]
2025-02-26 04:14:18.468 [info] > git status -z -uall [18ms]
2025-02-26 04:14:23.483 [info] > git config --get commit.template [1ms]
2025-02-26 04:14:23.490 [info] > git for-each-ref --format=%(refname)%00%(upstream:short)%00%(objectname)%00%(upstream:track)%00%(upstream:remotename)%00%(upstream:remoteref) refs/heads/main refs/remotes/main [1ms]
2025-02-26 04:14:23.505 [info] > git for-each-ref --sort -committerdate --format %(refname) %(objectname) %(*objectname) [2ms]
2025-02-26 04:14:23.512 [info] > git status -z -uall [16ms]
2025-02-26 04:14:28.528 [info] > git config --get commit.template [6ms]
2025-02-26 04:14:28.529 [info] > git for-each-ref --format=%(refname)%00%(upstream:short)%00%(objectname)%00%(upstream:track)%00%(upstream:remotename)%00%(upstream:remoteref) refs/heads/main refs/remotes/main [1ms]
2025-02-26 04:14:28.543 [info] > git for-each-ref --sort -committerdate --format %(refname) %(objectname) %(*objectname) [1ms]
2025-02-26 04:14:28.551 [info] > git status -z -uall [17ms]
2025-02-26 04:14:31.612 [info] > git show --textconv :main.py [7ms]
2025-02-26 04:14:31.613 [info] > git ls-files --stage -- /home/marty_jehng/main.py [2ms]
2025-02-26 04:14:31.619 [info] > git cat-file -s 707e9386c720640773e9f55b6c88dfe8332c5c72 [1ms]
2025-02-26 04:14:33.567 [info] > git config --get commit.template [6ms]
2025-02-26 04:14:33.568 [info] > git for-each-ref --format=%(refname)%00%(upstream:short)%00%(objectname)%00%(upstream:track)%00%(upstream:remotename)%00%(upstream:remoteref) refs/heads/main refs/remotes/main [1ms]
2025-02-26 04:14:33.582 [info] > git for-each-ref --sort -committerdate --format %(refname) %(objectname) %(*objectname) [1ms]
2025-02-26 04:14:33.590 [info] > git status -z -uall [16ms]
2025-02-26 04:14:38.607 [info] > git config --get commit.template [7ms]
2025-02-26 04:14:38.608 [info] > git for-each-ref --format=%(refname)%00%(upstream:short)%00%(objectname)%00%(upstream:track)%00%(upstream:remotename)%00%(upstream:remoteref) refs/heads/main refs/remotes/main [2ms]
2025-02-26 04:14:38.625 [info] > git for-each-ref --sort -committerdate --format %(refname) %(objectname) %(*objectname) [2ms]
2025-02-26 04:14:38.631 [info] > git status -z -uall [17ms]
2025-02-26 04:14:43.648 [info] > git config --get commit.template [6ms]
2025-02-26 04:14:43.649 [info] > git for-each-ref --format=%(refname)%00%(upstream:short)%00%(objectname)%00%(upstream:track)%00%(upstream:remotename)%00%(upstream:remoteref) refs/heads/main refs/remotes/main [2ms]
2025-02-26 04:14:43.664 [info] > git for-each-ref --sort -committerdate --format %(refname) %(objectname) %(*objectname) [0ms]
2025-02-26 04:14:43.671 [info] > git status -z -uall [17ms]
2025-02-26 04:14:48.688 [info] > git config --get commit.template [7ms]
2025-02-26 04:14:48.689 [info] > git for-each-ref --format=%(refname)%00%(upstream:short)%00%(objectname)%00%(upstream:track)%00%(upstream:remotename)%00%(upstream:remoteref) refs/heads/main refs/remotes/main [2ms]
2025-02-26 04:14:48.710 [info] > git for-each-ref --sort -committerdate --format %(refname) %(objectname) %(*objectname) [4ms]
2025-02-26 04:14:48.713 [info] > git status -z -uall [18ms]
2025-02-26 04:14:53.730 [info] > git config --get commit.template [7ms]
2025-02-26 04:14:53.731 [info] > git for-each-ref --format=%(refname)%00%(upstream:short)%00%(objectname)%00%(upstream:track)%00%(upstream:remotename)%00%(upstream:remoteref) refs/heads/main refs/remotes/main [2ms]
2025-02-26 04:14:53.745 [info] > git for-each-ref --sort -committerdate --format %(refname) %(objectname) %(*objectname) [1ms]
2025-02-26 04:14:53.752 [info] > git status -z -uall [16ms]
2025-02-26 04:14:58.768 [info] > git config --get commit.template [6ms]
2025-02-26 04:14:58.769 [info] > git for-each-ref --format=%(refname)%00%(upstream:short)%00%(objectname)%00%(upstream:track)%00%(upstream:remotename)%00%(upstream:remoteref) refs/heads/main refs/remotes/main [1ms]
2025-02-26 04:14:58.786 [info] > git for-each-ref --sort -committerdate --format %(refname) %(objectname) %(*objectname) [2ms]
2025-02-26 04:14:58.793 [info] > git status -z -uall [17ms]
2025-02-26 04:15:03.810 [info] > git config --get commit.template [8ms]
2025-02-26 04:15:03.811 [info] > git for-each-ref --format=%(refname)%00%(upstream:short)%00%(objectname)%00%(upstream:track)%00%(upstream:remotename)%00%(upstream:remoteref) refs/heads/main refs/remotes/main [1ms]
2025-02-26 04:15:03.826 [info] > git for-each-ref --sort -committerdate --format %(refname) %(objectname) %(*objectname) [1ms]
2025-02-26 04:15:03.833 [info] > git status -z -uall [16ms]
2025-02-26 04:15:08.849 [info] > git config --get commit.template [6ms]
2025-02-26 04:15:08.851 [info] > git for-each-ref --format=%(refname)%00%(upstream:short)%00%(objectname)%00%(upstream:track)%00%(upstream:remotename)%00%(upstream:remoteref) refs/heads/main refs/remotes/main [3ms]
2025-02-26 04:15:08.865 [info] > git for-each-ref --sort -committerdate --format %(refname) %(objectname) %(*objectname) [1ms]
2025-02-26 04:15:08.872 [info] > git status -z -uall [15ms]
2025-02-26 04:15:13.883 [info] > git config --get commit.template [2ms]
2025-02-26 04:15:13.891 [info] > git for-each-ref --format=%(refname)%00%(upstream:short)%00%(objectname)%00%(upstream:track)%00%(upstream:remotename)%00%(upstream:remoteref) refs/heads/main refs/remotes/main [2ms]
2025-02-26 04:15:13.905 [info] > git for-each-ref --sort -committerdate --format %(refname) %(objectname) %(*objectname) [1ms]
2025-02-26 04:15:13.913 [info] > git status -z -uall [16ms]
2025-02-26 04:15:18.929 [info] > git config --get commit.template [7ms]
2025-02-26 04:15:18.931 [info] > git for-each-ref --format=%(refname)%00%(upstream:short)%00%(objectname)%00%(upstream:track)%00%(upstream:remotename)%00%(upstream:remoteref) refs/heads/main refs/remotes/main [2ms]
2025-02-26 04:15:18.944 [info] > git for-each-ref --sort -committerdate --format %(refname) %(objectname) %(*objectname) [0ms]
2025-02-26 04:15:18.952 [info] > git status -z -uall [16ms]
2025-02-26 04:15:23.969 [info] > git config --get commit.template [7ms]
2025-02-26 04:15:23.970 [info] > git for-each-ref --format=%(refname)%00%(upstream:short)%00%(objectname)%00%(upstream:track)%00%(upstream:remotename)%00%(upstream:remoteref) refs/heads/main refs/remotes/main [2ms]
2025-02-26 04:15:23.983 [info] > git for-each-ref --sort -committerdate --format %(refname) %(objectname) %(*objectname) [0ms]
2025-02-26 04:15:23.991 [info] > git status -z -uall [16ms]
2025-02-26 04:15:29.003 [info] > git config --get commit.template [2ms]
2025-02-26 04:15:29.010 [info] > git for-each-ref --format=%(refname)%00%(upstream:short)%00%(objectname)%00%(upstream:track)%00%(upstream:remotename)%00%(upstream:remoteref) refs/heads/main refs/remotes/main [1ms]
2025-02-26 04:15:29.023 [info] > git for-each-ref --sort -committerdate --format %(refname) %(objectname) %(*objectname) [0ms]
2025-02-26 04:15:29.031 [info] > git status -z -uall [16ms]
2025-02-26 04:15:34.047 [info] > git config --get commit.template [6ms]
2025-02-26 04:15:34.048 [info] > git for-each-ref --format=%(refname)%00%(upstream:short)%00%(objectname)%00%(upstream:track)%00%(upstream:remotename)%00%(upstream:remoteref) refs/heads/main refs/remotes/main [2ms]
2025-02-26 04:15:34.061 [info] > git for-each-ref --sort -committerdate --format %(refname) %(objectname) %(*objectname) [1ms]
2025-02-26 04:15:34.069 [info] > git status -z -uall [16ms]
2025-02-26 04:15:39.087 [info] > git config --get commit.template [6ms]
2025-02-26 04:15:39.088 [info] > git for-each-ref --format=%(refname)%00%(upstream:short)%00%(objectname)%00%(upstream:track)%00%(upstream:remotename)%00%(upstream:remoteref) refs/heads/main refs/remotes/main [1ms]
2025-02-26 04:15:39.106 [info] > git for-each-ref --sort -committerdate --format %(refname) %(objectname) %(*objectname) [5ms]
2025-02-26 04:15:39.112 [info] > git status -z -uall [18ms]
2025-02-26 04:15:44.128 [info] > git config --get commit.template [7ms]
2025-02-26 04:15:44.130 [info] > git for-each-ref --format=%(refname)%00%(upstream:short)%00%(objectname)%00%(upstream:track)%00%(upstream:remotename)%00%(upstream:remoteref) refs/heads/main refs/remotes/main [2ms]
2025-02-26 04:15:44.143 [info] > git for-each-ref --sort -committerdate --format %(refname) %(objectname) %(*objectname) [0ms]
2025-02-26 04:15:44.151 [info] > git status -z -uall [16ms]
2025-02-26 04:15:49.165 [info] > git config --get commit.template [6ms]
2025-02-26 04:15:49.166 [info] > git for-each-ref --format=%(refname)%00%(upstream:short)%00%(objectname)%00%(upstream:track)%00%(upstream:remotename)%00%(upstream:remoteref) refs/heads/main refs/remotes/main [1ms]
2025-02-26 04:15:49.180 [info] > git for-each-ref --sort -committerdate --format %(refname) %(objectname) %(*objectname) [0ms]
2025-02-26 04:15:49.188 [info] > git status -z -uall [16ms]
2025-02-26 04:15:54.204 [info] > git config --get commit.template [6ms]
2025-02-26 04:15:54.205 [info] > git for-each-ref --format=%(refname)%00%(upstream:short)%00%(objectname)%00%(upstream:track)%00%(upstream:remotename)%00%(upstream:remoteref) refs/heads/main refs/remotes/main [2ms]
2025-02-26 04:15:54.220 [info] > git for-each-ref --sort -committerdate --format %(refname) %(objectname) %(*objectname) [2ms]
2025-02-26 04:15:54.227 [info] > git status -z -uall [16ms]
2025-02-26 04:15:59.243 [info] > git config --get commit.template [6ms]
2025-02-26 04:15:59.244 [info] > git for-each-ref --format=%(refname)%00%(upstream:short)%00%(objectname)%00%(upstream:track)%00%(upstream:remotename)%00%(upstream:remoteref) refs/heads/main refs/remotes/main [2ms]
2025-02-26 04:15:59.258 [info] > git for-each-ref --sort -committerdate --format %(refname) %(objectname) %(*objectname) [2ms]
2025-02-26 04:15:59.265 [info] > git status -z -uall [16ms]
2025-02-26 04:16:04.283 [info] > git config --get commit.template [6ms]
2025-02-26 04:16:04.284 [info] > git for-each-ref --format=%(refname)%00%(upstream:short)%00%(objectname)%00%(upstream:track)%00%(upstream:remotename)%00%(upstream:remoteref) refs/heads/main refs/remotes/main [2ms]
2025-02-26 04:16:04.298 [info] > git for-each-ref --sort -committerdate --format %(refname) %(objectname) %(*objectname) [2ms]
2025-02-26 04:16:04.305 [info] > git status -z -uall [16ms]
2025-02-26 04:16:09.321 [info] > git config --get commit.template [6ms]
2025-02-26 04:16:09.322 [info] > git for-each-ref --format=%(refname)%00%(upstream:short)%00%(objectname)%00%(upstream:track)%00%(upstream:remotename)%00%(upstream:remoteref) refs/heads/main refs/remotes/main [2ms]
2025-02-26 04:16:09.336 [info] > git for-each-ref --sort -committerdate --format %(refname) %(objectname) %(*objectname) [1ms]
2025-02-26 04:16:09.345 [info] > git status -z -uall [18ms]
2025-02-26 04:16:14.361 [info] > git config --get commit.template [6ms]
2025-02-26 04:16:14.362 [info] > git for-each-ref --format=%(refname)%00%(upstream:short)%00%(objectname)%00%(upstream:track)%00%(upstream:remotename)%00%(upstream:remoteref) refs/heads/main refs/remotes/main [2ms]
2025-02-26 04:16:14.375 [info] > git for-each-ref --sort -committerdate --format %(refname) %(objectname) %(*objectname) [1ms]
2025-02-26 04:16:14.383 [info] > git status -z -uall [16ms]
2025-02-26 04:16:19.397 [info] > git config --get commit.template [5ms]
2025-02-26 04:16:19.398 [info] > git for-each-ref --format=%(refname)%00%(upstream:short)%00%(objectname)%00%(upstream:track)%00%(upstream:remotename)%00%(upstream:remoteref) refs/heads/main refs/remotes/main [2ms]
2025-02-26 04:16:19.413 [info] > git for-each-ref --sort -committerdate --format %(refname) %(objectname) %(*objectname) [2ms]
2025-02-26 04:16:19.419 [info] > git status -z -uall [16ms]
2025-02-26 04:16:24.434 [info] > git config --get commit.template [5ms]
2025-02-26 04:16:24.435 [info] > git for-each-ref --format=%(refname)%00%(upstream:short)%00%(objectname)%00%(upstream:track)%00%(upstream:remotename)%00%(upstream:remoteref) refs/heads/main refs/remotes/main [2ms]
2025-02-26 04:16:24.448 [info] > git for-each-ref --sort -committerdate --format %(refname) %(objectname) %(*objectname) [1ms]
2025-02-26 04:16:24.455 [info] > git status -z -uall [15ms]
2025-02-26 04:16:29.474 [info] > git config --get commit.template [7ms]
2025-02-26 04:16:29.475 [info] > git for-each-ref --format=%(refname)%00%(upstream:short)%00%(objectname)%00%(upstream:track)%00%(upstream:remotename)%00%(upstream:remoteref) refs/heads/main refs/remotes/main [1ms]
2025-02-26 04:16:29.493 [info] > git for-each-ref --sort -committerdate --format %(refname) %(objectname) %(*objectname) [2ms]
2025-02-26 04:16:29.499 [info] > git status -z -uall [17ms]
2025-02-26 04:16:34.516 [info] > git config --get commit.template [6ms]
2025-02-26 04:16:34.517 [info] > git for-each-ref --format=%(refname)%00%(upstream:short)%00%(objectname)%00%(upstream:track)%00%(upstream:remotename)%00%(upstream:remoteref) refs/heads/main refs/remotes/main [2ms]
2025-02-26 04:16:34.531 [info] > git for-each-ref --sort -committerdate --format %(refname) %(objectname) %(*objectname) [1ms]
2025-02-26 04:16:34.542 [info] > git status -z -uall [20ms]
2025-02-26 04:16:39.558 [info] > git config --get commit.template [4ms]
2025-02-26 04:16:39.576 [info] > git for-each-ref --format=%(refname)%00%(upstream:short)%00%(objectname)%00%(upstream:track)%00%(upstream:remotename)%00%(upstream:remoteref) refs/heads/main refs/remotes/main [4ms]
2025-02-26 04:16:39.604 [info] > git for-each-ref --sort -committerdate --format %(refname) %(objectname) %(*objectname) [4ms]
2025-02-26 04:16:39.611 [info] > git status -z -uall [24ms]
2025-02-26 04:16:50.014 [info] > git check-ignore -v -z --stdin [2ms]
2025-02-26 04:16:58.890 [info] > git config --get commit.template [5ms]
2025-02-26 04:16:58.892 [info] > git for-each-ref --format=%(refname)%00%(upstream:short)%00%(objectname)%00%(upstream:track)%00%(upstream:remotename)%00%(upstream:remoteref) refs/heads/main refs/remotes/main [2ms]
2025-02-26 04:16:58.905 [info] > git for-each-ref --sort -committerdate --format %(refname) %(objectname) %(*objectname) [0ms]
2025-02-26 04:16:58.913 [info] > git status -z -uall [16ms]
2025-02-26 04:17:03.929 [info] > git config --get commit.template [6ms]
2025-02-26 04:17:03.930 [info] > git for-each-ref --format=%(refname)%00%(upstream:short)%00%(objectname)%00%(upstream:track)%00%(upstream:remotename)%00%(upstream:remoteref) refs/heads/main refs/remotes/main [1ms]
2025-02-26 04:17:03.944 [info] > git for-each-ref --sort -committerdate --format %(refname) %(objectname) %(*objectname) [0ms]
2025-02-26 04:17:03.952 [info] > git status -z -uall [16ms]
2025-02-26 04:17:08.695 [info] > git fetch [139ms]
2025-02-26 04:17:08.708 [info] > git config --get commit.template [6ms]
2025-02-26 04:17:08.709 [info] > git for-each-ref --format=%(refname)%00%(upstream:short)%00%(objectname)%00%(upstream:track)%00%(upstream:remotename)%00%(upstream:remoteref) refs/heads/main refs/remotes/main [2ms]
2025-02-26 04:17:08.724 [info] > git for-each-ref --sort -committerdate --format %(refname) %(objectname) %(*objectname) [3ms]
2025-02-26 04:17:08.731 [info] > git status -z -uall [17ms]
2025-02-26 04:17:08.969 [info] > git config --get commit.template [6ms]
2025-02-26 04:17:08.970 [info] > git for-each-ref --format=%(refname)%00%(upstream:short)%00%(objectname)%00%(upstream:track)%00%(upstream:remotename)%00%(upstream:remoteref) refs/heads/main refs/remotes/main [2ms]
2025-02-26 04:17:08.983 [info] > git for-each-ref --sort -committerdate --format %(refname) %(objectname) %(*objectname) [0ms]
2025-02-26 04:17:08.991 [info] > git status -z -uall [15ms]
2025-02-26 04:17:11.037 [info] > git ls-files --stage -- /home/marty_jehng/main.py [4ms]
2025-02-26 04:17:11.045 [info] > git cat-file -s 707e9386c720640773e9f55b6c88dfe8332c5c72 [2ms]
2025-02-26 04:17:11.093 [info] > git show --textconv :main.py [2ms]
2025-02-26 04:17:20.981 [info] > git check-ignore -v -z --stdin [2ms]
2025-02-26 04:17:25.685 [info] > git config --get commit.template [2ms]
2025-02-26 04:17:25.692 [info] > git for-each-ref --format=%(refname)%00%(upstream:short)%00%(objectname)%00%(upstream:track)%00%(upstream:remotename)%00%(upstream:remoteref) refs/heads/main refs/remotes/main [2ms]
2025-02-26 04:17:25.705 [info] > git for-each-ref --sort -committerdate --format %(refname) %(objectname) %(*objectname) [0ms]
2025-02-26 04:17:25.713 [info] > git status -z -uall [16ms]
2025-02-26 04:17:25.786 [info] > git ls-files --stage -- /home/marty_jehng/main.py [2ms]
2025-02-26 04:17:25.797 [info] > git cat-file -s 707e9386c720640773e9f55b6c88dfe8332c5c72 [0ms]
2025-02-26 04:17:30.733 [info] > git config --get commit.template [7ms]
2025-02-26 04:17:30.734 [info] > git for-each-ref --format=%(refname)%00%(upstream:short)%00%(objectname)%00%(upstream:track)%00%(upstream:remotename)%00%(upstream:remoteref) refs/heads/main refs/remotes/main [2ms]
2025-02-26 04:17:30.747 [info] > git for-each-ref --sort -committerdate --format %(refname) %(objectname) %(*objectname) [0ms]
2025-02-26 04:17:30.755 [info] > git status -z -uall [16ms]
2025-02-26 04:17:30.870 [info] > git show --textconv :main.py [15ms]
2025-02-26 04:17:35.772 [info] > git config --get commit.template [2ms]
2025-02-26 04:17:35.781 [info] > git for-each-ref --format=%(refname)%00%(upstream:short)%00%(objectname)%00%(upstream:track)%00%(upstream:remotename)%00%(upstream:remoteref) refs/heads/main refs/remotes/main [1ms]
2025-02-26 04:17:35.805 [info] > git for-each-ref --sort -committerdate --format %(refname) %(objectname) %(*objectname) [2ms]
2025-02-26 04:17:35.812 [info] > git status -z -uall [24ms]
2025-02-26 04:17:40.832 [info] > git config --get commit.template [6ms]
2025-02-26 04:17:40.833 [info] > git for-each-ref --format=%(refname)%00%(upstream:short)%00%(objectname)%00%(upstream:track)%00%(upstream:remotename)%00%(upstream:remoteref) refs/heads/main refs/remotes/main [1ms]
2025-02-26 04:17:40.853 [info] > git for-each-ref --sort -committerdate --format %(refname) %(objectname) %(*objectname) [5ms]
2025-02-26 04:17:40.858 [info] > git status -z -uall [20ms]
2025-02-26 04:17:45.881 [info] > git config --get commit.template [8ms]
2025-02-26 04:17:45.883 [info] > git for-each-ref --format=%(refname)%00%(upstream:short)%00%(objectname)%00%(upstream:track)%00%(upstream:remotename)%00%(upstream:remoteref) refs/heads/main refs/remotes/main [2ms]
2025-02-26 04:17:45.897 [info] > git for-each-ref --sort -committerdate --format %(refname) %(objectname) %(*objectname) [1ms]
2025-02-26 04:17:45.905 [info] > git status -z -uall [17ms]
2025-02-26 04:17:50.924 [info] > git config --get commit.template [6ms]
2025-02-26 04:17:50.925 [info] > git for-each-ref --format=%(refname)%00%(upstream:short)%00%(objectname)%00%(upstream:track)%00%(upstream:remotename)%00%(upstream:remoteref) refs/heads/main refs/remotes/main [1ms]
2025-02-26 04:17:50.940 [info] > git for-each-ref --sort -committerdate --format %(refname) %(objectname) %(*objectname) [2ms]
2025-02-26 04:17:50.947 [info] > git status -z -uall [16ms]
2025-02-26 04:18:02.310 [info] > git check-ignore -v -z --stdin [2ms]
2025-02-26 04:18:18.001 [info] > git check-ignore -v -z --stdin [2ms]
2025-02-26 04:18:40.284 [info] > git check-ignore -v -z --stdin [2ms]
2025-02-26 04:18:57.176 [info] > git check-ignore -v -z --stdin [2ms]
2025-02-26 04:18:58.003 [info] > git check-ignore -v -z --stdin [2ms]
2025-02-26 04:19:05.343 [info] > git config --get commit.template [6ms]
2025-02-26 04:19:05.344 [info] > git for-each-ref --format=%(refname)%00%(upstream:short)%00%(objectname)%00%(upstream:track)%00%(upstream:remotename)%00%(upstream:remoteref) refs/heads/main refs/remotes/main [1ms]
2025-02-26 04:19:05.358 [info] > git for-each-ref --sort -committerdate --format %(refname) %(objectname) %(*objectname) [0ms]
2025-02-26 04:19:05.365 [info] > git status -z -uall [16ms]
2025-02-26 04:19:10.381 [info] > git config --get commit.template [5ms]
2025-02-26 04:19:10.383 [info] > git for-each-ref --format=%(refname)%00%(upstream:short)%00%(objectname)%00%(upstream:track)%00%(upstream:remotename)%00%(upstream:remoteref) refs/heads/main refs/remotes/main [2ms]
2025-02-26 04:19:10.397 [info] > git for-each-ref --sort -committerdate --format %(refname) %(objectname) %(*objectname) [1ms]
2025-02-26 04:19:10.405 [info] > git status -z -uall [17ms]
2025-02-26 04:19:15.418 [info] > git config --get commit.template [2ms]
2025-02-26 04:19:15.424 [info] > git for-each-ref --format=%(refname)%00%(upstream:short)%00%(objectname)%00%(upstream:track)%00%(upstream:remotename)%00%(upstream:remoteref) refs/heads/main refs/remotes/main [1ms]
2025-02-26 04:19:15.437 [info] > git for-each-ref --sort -committerdate --format %(refname) %(objectname) %(*objectname) [1ms]
2025-02-26 04:19:15.445 [info] > git status -z -uall [16ms]
2025-02-26 04:19:19.115 [info] > git show --textconv :main.py [9ms]
2025-02-26 04:19:19.116 [info] > git ls-files --stage -- /home/marty_jehng/main.py [2ms]
2025-02-26 04:19:19.124 [info] > git cat-file -s 707e9386c720640773e9f55b6c88dfe8332c5c72 [1ms]
2025-02-26 04:19:20.460 [info] > git config --get commit.template [5ms]
2025-02-26 04:19:20.461 [info] > git for-each-ref --format=%(refname)%00%(upstream:short)%00%(objectname)%00%(upstream:track)%00%(upstream:remotename)%00%(upstream:remoteref) refs/heads/main refs/remotes/main [1ms]
2025-02-26 04:19:20.476 [info] > git for-each-ref --sort -committerdate --format %(refname) %(objectname) %(*objectname) [0ms]
2025-02-26 04:19:20.484 [info] > git status -z -uall [16ms]
2025-02-26 04:19:25.500 [info] > git config --get commit.template [6ms]
2025-02-26 04:19:25.501 [info] > git for-each-ref --format=%(refname)%00%(upstream:short)%00%(objectname)%00%(upstream:track)%00%(upstream:remotename)%00%(upstream:remoteref) refs/heads/main refs/remotes/main [1ms]
2025-02-26 04:19:25.515 [info] > git for-each-ref --sort -committerdate --format %(refname) %(objectname) %(*objectname) [1ms]
2025-02-26 04:19:25.523 [info] > git status -z -uall [16ms]
2025-02-26 04:19:30.541 [info] > git config --get commit.template [6ms]
2025-02-26 04:19:30.542 [info] > git for-each-ref --format=%(refname)%00%(upstream:short)%00%(objectname)%00%(upstream:track)%00%(upstream:remotename)%00%(upstream:remoteref) refs/heads/main refs/remotes/main [2ms]
2025-02-26 04:19:30.556 [info] > git for-each-ref --sort -committerdate --format %(refname) %(objectname) %(*objectname) [0ms]
2025-02-26 04:19:30.564 [info] > git status -z -uall [16ms]
2025-02-26 04:19:42.776 [info] > git check-ignore -v -z --stdin [2ms]
2025-02-26 04:19:44.182 [info] > git config --get commit.template [8ms]
2025-02-26 04:19:44.184 [info] > git for-each-ref --format=%(refname)%00%(upstream:short)%00%(objectname)%00%(upstream:track)%00%(upstream:remotename)%00%(upstream:remoteref) refs/heads/main refs/remotes/main [2ms]
2025-02-26 04:19:44.206 [info] > git for-each-ref --sort -committerdate --format %(refname) %(objectname) %(*objectname) [6ms]
2025-02-26 04:19:44.209 [info] > git status -z -uall [19ms]
2025-02-26 04:19:48.801 [info] > git -c user.useConfigOnly=true commit --quiet --allow-empty-message --file - [61ms]
2025-02-26 04:19:48.809 [info] > git config --get commit.template [1ms]
2025-02-26 04:19:48.823 [info] > git config --get commit.template [7ms]
2025-02-26 04:19:48.823 [info] > git for-each-ref --format=%(refname)%00%(upstream:short)%00%(objectname)%00%(upstream:track)%00%(upstream:remotename)%00%(upstream:remoteref) refs/heads/main refs/remotes/main [2ms]
2025-02-26 04:19:48.836 [info] > git for-each-ref --sort -committerdate --format %(refname) %(objectname) %(*objectname) [0ms]
2025-02-26 04:19:48.839 [info] > git status -z -uall [11ms]
2025-02-26 04:19:48.852 [info] > git merge-base refs/heads/main refs/remotes/origin/main [2ms]
2025-02-26 04:19:48.858 [info] > git diff --name-status -z --diff-filter=ADMR 1f1364144e5bb34de3e56d93ce9bfaec5a8e3631...refs/remotes/origin/main [1ms]
2025-02-26 04:19:49.072 [info] > git log --format=%H%n%aN%n%aE%n%at%n%ct%n%P%n%D%n%B -z --shortstat --diff-merges=first-parent -n50 --skip=0 --topo-order --decorate=full --stdin [9606ms]
2025-02-26 04:19:51.622 [info] > git config --get commit.template [6ms]
2025-02-26 04:19:51.627 [info] > git for-each-ref --format=%(refname)%00%(upstream:short)%00%(objectname)%00%(upstream:track)%00%(upstream:remotename)%00%(upstream:remoteref) refs/heads/main refs/remotes/main [5ms]
2025-02-26 04:19:51.641 [info] > git for-each-ref --sort -committerdate --format %(refname) %(objectname) %(*objectname) [0ms]
2025-02-26 04:19:51.645 [info] > git status -z -uall [12ms]
2025-02-26 04:19:51.663 [info] > git config --get commit.template [6ms]
2025-02-26 04:19:51.665 [info] > git for-each-ref --format=%(refname)%00%(upstream:short)%00%(objectname)%00%(upstream:track)%00%(upstream:remotename)%00%(upstream:remoteref) refs/heads/main refs/remotes/main [2ms]
2025-02-26 04:19:51.678 [info] > git for-each-ref --sort -committerdate --format %(refname) %(objectname) %(*objectname) [0ms]
2025-02-26 04:19:51.681 [info] > git status -z -uall [11ms]
2025-02-26 04:19:52.119 [info] > git check-ignore -v -z --stdin [2ms]
2025-02-26 04:19:53.823 [info] > git ls-files --stage -- /home/marty_jehng/main.py [2ms]
2025-02-26 04:19:53.829 [info] > git cat-file -s 707e9386c720640773e9f55b6c88dfe8332c5c72 [1ms]
2025-02-26 04:19:54.005 [info] > git show --textconv :main.py [2ms]
2025-02-26 04:19:56.699 [info] > git config --get commit.template [7ms]
2025-02-26 04:19:56.700 [info] > git for-each-ref --format=%(refname)%00%(upstream:short)%00%(objectname)%00%(upstream:track)%00%(upstream:remotename)%00%(upstream:remoteref) refs/heads/main refs/remotes/main [2ms]
2025-02-26 04:19:56.715 [info] > git for-each-ref --sort -committerdate --format %(refname) %(objectname) %(*objectname) [1ms]
2025-02-26 04:19:56.718 [info] > git status -z -uall [12ms]
2025-02-26 04:20:01.735 [info] > git config --get commit.template [6ms]
2025-02-26 04:20:01.737 [info] > git for-each-ref --format=%(refname)%00%(upstream:short)%00%(objectname)%00%(upstream:track)%00%(upstream:remotename)%00%(upstream:remoteref) refs/heads/main refs/remotes/main [2ms]
2025-02-26 04:20:01.750 [info] > git for-each-ref --sort -committerdate --format %(refname) %(objectname) %(*objectname) [1ms]
2025-02-26 04:20:01.753 [info] > git status -z -uall [11ms]
2025-02-26 04:20:06.771 [info] > git config --get commit.template [7ms]
2025-02-26 04:20:06.772 [info] > git for-each-ref --format=%(refname)%00%(upstream:short)%00%(objectname)%00%(upstream:track)%00%(upstream:remotename)%00%(upstream:remoteref) refs/heads/main refs/remotes/main [2ms]
2025-02-26 04:20:06.789 [info] > git for-each-ref --sort -committerdate --format %(refname) %(objectname) %(*objectname) [3ms]
2025-02-26 04:20:06.790 [info] > git status -z -uall [12ms]
2025-02-26 04:20:08.891 [info] > git fetch [151ms]
2025-02-26 04:20:08.902 [info] > git config --get commit.template [5ms]
2025-02-26 04:20:08.904 [info] > git for-each-ref --format=%(refname)%00%(upstream:short)%00%(objectname)%00%(upstream:track)%00%(upstream:remotename)%00%(upstream:remoteref) refs/heads/main refs/remotes/main [2ms]
2025-02-26 04:20:08.917 [info] > git for-each-ref --sort -committerdate --format %(refname) %(objectname) %(*objectname) [0ms]
2025-02-26 04:20:08.920 [info] > git status -z -uall [11ms]
2025-02-26 04:20:11.582 [info] > git ls-files --stage -- /home/marty_jehng/main.py [3ms]
2025-02-26 04:20:11.589 [info] > git cat-file -s 707e9386c720640773e9f55b6c88dfe8332c5c72 [2ms]
2025-02-26 04:20:11.684 [info] > git show --textconv :main.py [2ms]
2025-02-26 04:20:11.809 [info] > git config --get commit.template [7ms]
2025-02-26 04:20:11.810 [info] > git for-each-ref --format=%(refname)%00%(upstream:short)%00%(objectname)%00%(upstream:track)%00%(upstream:remotename)%00%(upstream:remoteref) refs/heads/main refs/remotes/main [2ms]
2025-02-26 04:20:11.824 [info] > git for-each-ref --sort -committerdate --format %(refname) %(objectname) %(*objectname) [0ms]
2025-02-26 04:20:11.827 [info] > git status -z -uall [11ms]
2025-02-26 04:20:16.844 [info] > git config --get commit.template [6ms]
2025-02-26 04:20:16.846 [info] > git for-each-ref --format=%(refname)%00%(upstream:short)%00%(objectname)%00%(upstream:track)%00%(upstream:remotename)%00%(upstream:remoteref) refs/heads/main refs/remotes/main [2ms]
2025-02-26 04:20:16.863 [info] > git for-each-ref --sort -committerdate --format %(refname) %(objectname) %(*objectname) [1ms]
2025-02-26 04:20:16.865 [info] > git status -z -uall [13ms]
2025-02-26 04:20:21.877 [info] > git config --get commit.template [2ms]
2025-02-26 04:20:21.884 [info] > git for-each-ref --format=%(refname)%00%(upstream:short)%00%(objectname)%00%(upstream:track)%00%(upstream:remotename)%00%(upstream:remoteref) refs/heads/main refs/remotes/main [1ms]
2025-02-26 04:20:21.903 [info] > git status -z -uall [13ms]
2025-02-26 04:20:21.903 [info] > git for-each-ref --sort -committerdate --format %(refname) %(objectname) %(*objectname) [3ms]
2025-02-26 04:20:26.921 [info] > git config --get commit.template [7ms]
2025-02-26 04:20:26.923 [info] > git for-each-ref --format=%(refname)%00%(upstream:short)%00%(objectname)%00%(upstream:track)%00%(upstream:remotename)%00%(upstream:remoteref) refs/heads/main refs/remotes/main [3ms]
2025-02-26 04:20:26.937 [info] > git for-each-ref --sort -committerdate --format %(refname) %(objectname) %(*objectname) [1ms]
2025-02-26 04:20:26.942 [info] > git status -z -uall [14ms]
