2025-02-25 16:29:38.761 [info] Reading sessions from keychain...
2025-02-25 16:29:38.761 [info] Getting sessions for all scopes...
2025-02-25 16:29:38.761 [info] Got 0 sessions for ...
2025-02-25 16:29:38.790 [info] Getting sessions for read:user,repo,user:email,workflow...
2025-02-25 16:29:38.790 [info] Got 0 sessions for read:user,repo,user:email,workflow...
2025-02-25 16:50:28.620 [info] Getting sessions for read:user,repo,user:email,workflow...
2025-02-25 16:50:28.620 [info] Got 0 sessions for read:user,repo,user:email,workflow...
2025-02-25 16:50:30.348 [info] Logging in with 'any' account...
2025-02-25 16:50:30.348 [info] Logging in for the following scopes: read:user repo user:email workflow
2025-02-25 16:50:30.425 [info] Trying device code flow... (read:user repo user:email workflow)
2025-02-25 16:50:47.671 [info] Getting user info...
2025-02-25 16:50:47.869 [info] Got account info!
2025-02-25 16:50:47.869 [info] Storing 1 sessions...
2025-02-25 16:50:47.904 [info] Reading sessions from keychain...
2025-02-25 16:50:47.904 [info] Stored 1 sessions!
2025-02-25 16:50:47.904 [info] Login success!
2025-02-25 16:50:47.941 [info] Got stored sessions!
2025-02-25 16:50:47.941 [info] Got 1 verified sessions.
2025-02-25 16:50:48.253 [info] Getting sessions for read:user,repo,user:email,workflow...
2025-02-25 16:50:48.254 [info] Got 1 sessions for read:user,repo,user:email,workflow...
2025-02-25 16:53:15.566 [info] Getting sessions for read:user,repo,user:email,workflow...
2025-02-25 16:53:15.566 [info] Got 1 sessions for read:user,repo,user:email,workflow...
