2025-02-26 05:25:56.137 [info] [main] Log level: Info
2025-02-26 05:25:56.137 [info] [main] Validating found git in: "git"
2025-02-26 05:25:56.137 [info] [main] Using git "2.43.0" from "git"
2025-02-26 05:25:56.137 [info] [Model][doInitialScan] Initial repository scan started
2025-02-26 05:25:56.137 [info] > git rev-parse --show-toplevel [53ms]
2025-02-26 05:25:56.538 [info] > git rev-parse --git-dir --git-common-dir [576ms]
2025-02-26 05:25:56.614 [info] [Model][openRepository] Opened repository: /home/marty_jehng
2025-02-26 05:25:56.799 [info] > git config --get commit.template [36ms]
2025-02-26 05:26:01.839 [info] > git for-each-ref --format=%(refname)%00%(upstream:short)%00%(objectname)%00%(upstream:track)%00%(upstream:remotename)%00%(upstream:remoteref) refs/heads/main refs/remotes/main [4964ms]
2025-02-26 05:26:02.463 [info] > git check-ignore -v -z --stdin [57ms]
2025-02-26 05:26:02.470 [info] > git rev-parse --show-toplevel [539ms]
2025-02-26 05:26:02.533 [info] > git for-each-ref --sort -committerdate --format %(refname) %(objectname) %(*objectname) [85ms]
2025-02-26 05:26:02.813 [info] > git rev-parse --show-toplevel [291ms]
2025-02-26 05:26:03.115 [info] > git rev-parse --show-toplevel [214ms]
2025-02-26 05:26:03.269 [info] > git rev-parse --show-toplevel [44ms]
2025-02-26 05:26:03.472 [info] > git rev-parse --show-toplevel [31ms]
2025-02-26 05:26:03.716 [info] > git rev-parse --show-toplevel [184ms]
2025-02-26 05:26:04.011 [info] > git rev-parse --show-toplevel [189ms]
2025-02-26 05:26:04.114 [info] > git rev-parse --show-toplevel [37ms]
2025-02-26 05:26:04.330 [info] > git rev-parse --show-toplevel [73ms]
2025-02-26 05:26:04.399 [info] > git rev-parse --show-toplevel [3ms]
2025-02-26 05:26:04.458 [info] > git rev-parse --show-toplevel [22ms]
2025-02-26 05:26:04.528 [info] > git rev-parse --show-toplevel [1ms]
2025-02-26 05:26:04.528 [info] [Model][doInitialScan] Initial repository scan completed - repositories (1), closed repositories (0), parent repositories (0), unsafe repositories (0)
2025-02-26 05:26:04.671 [info] > git show --textconv :requirements.txt [72ms]
2025-02-26 05:26:04.677 [info] > git ls-files --stage -- /home/marty_jehng/requirements.txt [18ms]
2025-02-26 05:26:04.749 [info] > git cat-file -s bb77e83a6baedff2f2e01971a704557540a686b8 [13ms]
2025-02-26 05:26:20.487 [info] > git status -z -uall [18058ms]
2025-02-26 05:26:20.684 [info] > git for-each-ref --format=%(refname)%00%(upstream:short)%00%(objectname)%00%(upstream:track)%00%(upstream:remotename)%00%(upstream:remoteref) refs/heads/main refs/remotes/main [86ms]
2025-02-26 05:26:20.816 [info] > git config --local branch.main.vscode-merge-base [68ms]
2025-02-26 05:26:20.816 [warning] [Git][config] git config failed: Failed to execute git
2025-02-26 05:26:20.881 [info] > git config --get commit.template [232ms]
2025-02-26 05:26:20.934 [info] > git reflog main --grep-reflog=branch: Created from *. [54ms]
2025-02-26 05:26:20.987 [info] > git for-each-ref --format=%(refname)%00%(upstream:short)%00%(objectname)%00%(upstream:track)%00%(upstream:remotename)%00%(upstream:remoteref) refs/heads/main refs/remotes/main [52ms]
2025-02-26 05:26:20.989 [info] > git symbolic-ref --short refs/remotes/origin/HEAD [9ms]
2025-02-26 05:26:20.991 [info] fatal: ref refs/remotes/origin/HEAD is not a symbolic ref
2025-02-26 05:26:20.991 [warning] [Repository][getDefaultBranch] Failed to get default branch details: Failed to execute git.
2025-02-26 05:26:21.047 [info] > git merge-base refs/heads/main refs/remotes/origin/main [8ms]
2025-02-26 05:26:21.245 [info] > git diff --name-status -z --diff-filter=ADMR 41e5c656be7862976aec5edc3ac176411554c043...refs/remotes/origin/main [165ms]
2025-02-26 05:26:21.483 [info] > git for-each-ref --sort -committerdate --format %(refname) %(objectname) %(*objectname) [244ms]
2025-02-26 05:26:28.838 [info] > git status -z -uall [7699ms]
2025-02-26 05:26:38.707 [info] > git config --get commit.template [111ms]
2025-02-26 05:26:38.708 [info] > git for-each-ref --format=%(refname)%00%(upstream:short)%00%(objectname)%00%(upstream:track)%00%(upstream:remotename)%00%(upstream:remoteref) refs/heads/main refs/remotes/main [7ms]
2025-02-26 05:26:39.043 [info] > git for-each-ref --sort -committerdate --format %(refname) %(objectname) %(*objectname) [19ms]
2025-02-26 05:26:39.102 [info] > git fetch [563ms]
2025-02-26 05:26:39.149 [info] > git status -z -uall [286ms] (cancelled)
2025-02-26 05:26:39.154 [info] > git config --get commit.template [6ms]
2025-02-26 05:26:39.208 [info] > git for-each-ref --format=%(refname)%00%(upstream:short)%00%(objectname)%00%(upstream:track)%00%(upstream:remotename)%00%(upstream:remoteref) refs/heads/main refs/remotes/main [7ms]
2025-02-26 05:26:39.435 [info] > git for-each-ref --sort -committerdate --format %(refname) %(objectname) %(*objectname) [22ms]
2025-02-26 05:26:40.688 [info] > git ls-files --stage -- /home/marty_jehng/requirements.txt [6ms]
2025-02-26 05:26:40.793 [info] > git cat-file -s bb77e83a6baedff2f2e01971a704557540a686b8 [7ms]
2025-02-26 05:26:40.981 [info] > git show --textconv :requirements.txt [22ms]
2025-02-26 05:26:42.753 [info] > git status -z -uall [3500ms]
2025-02-26 05:27:55.767 [info] > git config --get commit.template [29ms]
2025-02-26 05:27:55.770 [info] > git for-each-ref --format=%(refname)%00%(upstream:short)%00%(objectname)%00%(upstream:track)%00%(upstream:remotename)%00%(upstream:remoteref) refs/heads/main refs/remotes/main [7ms]
2025-02-26 05:27:55.887 [info] > git for-each-ref --sort -committerdate --format %(refname) %(objectname) %(*objectname) [11ms]
2025-02-26 05:28:00.111 [info] > git status -z -uall [4289ms]
2025-02-26 05:28:05.143 [info] > git config --get commit.template [11ms]
2025-02-26 05:28:05.146 [info] > git for-each-ref --format=%(refname)%00%(upstream:short)%00%(objectname)%00%(upstream:track)%00%(upstream:remotename)%00%(upstream:remoteref) refs/heads/main refs/remotes/main [3ms]
2025-02-26 05:28:05.173 [info] > git for-each-ref --sort -committerdate --format %(refname) %(objectname) %(*objectname) [6ms]
2025-02-26 05:28:07.123 [info] > git status -z -uall [1967ms]
2025-02-26 05:28:12.158 [info] > git config --get commit.template [16ms]
2025-02-26 05:28:12.161 [info] > git for-each-ref --format=%(refname)%00%(upstream:short)%00%(objectname)%00%(upstream:track)%00%(upstream:remotename)%00%(upstream:remoteref) refs/heads/main refs/remotes/main [4ms]
2025-02-26 05:28:12.200 [info] > git for-each-ref --sort -committerdate --format %(refname) %(objectname) %(*objectname) [7ms]
2025-02-26 05:28:14.174 [info] > git status -z -uall [2003ms]
2025-02-26 05:28:19.209 [info] > git config --get commit.template [13ms]
2025-02-26 05:28:19.211 [info] > git for-each-ref --format=%(refname)%00%(upstream:short)%00%(objectname)%00%(upstream:track)%00%(upstream:remotename)%00%(upstream:remoteref) refs/heads/main refs/remotes/main [3ms]
2025-02-26 05:28:19.240 [info] > git for-each-ref --sort -committerdate --format %(refname) %(objectname) %(*objectname) [1ms]
2025-02-26 05:28:21.229 [info] > git status -z -uall [2010ms]
2025-02-26 05:30:00.083 [info] > git config --get commit.template [18ms]
2025-02-26 05:30:00.083 [info] > git for-each-ref --format=%(refname)%00%(upstream:short)%00%(objectname)%00%(upstream:track)%00%(upstream:remotename)%00%(upstream:remoteref) refs/heads/main refs/remotes/main [2ms]
2025-02-26 05:30:00.119 [info] > git for-each-ref --sort -committerdate --format %(refname) %(objectname) %(*objectname) [2ms]
2025-02-26 05:30:00.322 [info] > git fetch [273ms]
2025-02-26 05:30:00.335 [info] > git status -z -uall [236ms] (cancelled)
2025-02-26 05:30:00.337 [info] > git config --get commit.template [2ms]
2025-02-26 05:30:00.349 [info] > git for-each-ref --format=%(refname)%00%(upstream:short)%00%(objectname)%00%(upstream:track)%00%(upstream:remotename)%00%(upstream:remoteref) refs/heads/main refs/remotes/main [3ms]
2025-02-26 05:30:00.386 [info] > git for-each-ref --sort -committerdate --format %(refname) %(objectname) %(*objectname) [4ms]
2025-02-26 05:30:02.360 [info] > git status -z -uall [1998ms]
2025-02-26 05:30:05.364 [info] > git config --get commit.template [13ms]
2025-02-26 05:30:05.377 [info] > git for-each-ref --format=%(refname)%00%(upstream:short)%00%(objectname)%00%(upstream:track)%00%(upstream:remotename)%00%(upstream:remoteref) refs/heads/main refs/remotes/main [19ms]
2025-02-26 05:30:05.417 [info] > git ls-files --stage -- /home/marty_jehng/requirements.txt [40ms]
2025-02-26 05:30:05.439 [info] > git for-each-ref --sort -committerdate --format %(refname) %(objectname) %(*objectname) [24ms]
2025-02-26 05:30:05.443 [info] > git cat-file -s bb77e83a6baedff2f2e01971a704557540a686b8 [5ms]
2025-02-26 05:30:05.506 [info] > git show --textconv :requirements.txt [2ms]
2025-02-26 05:30:07.411 [info] > git status -z -uall [2021ms]
2025-02-26 05:30:12.435 [info] > git config --get commit.template [4ms]
2025-02-26 05:30:12.446 [info] > git for-each-ref --format=%(refname)%00%(upstream:short)%00%(objectname)%00%(upstream:track)%00%(upstream:remotename)%00%(upstream:remoteref) refs/heads/main refs/remotes/main [3ms]
2025-02-26 05:30:12.479 [info] > git for-each-ref --sort -committerdate --format %(refname) %(objectname) %(*objectname) [5ms]
2025-02-26 05:30:14.439 [info] > git status -z -uall [1983ms]
2025-02-26 05:30:19.463 [info] > git config --get commit.template [3ms]
2025-02-26 05:30:19.473 [info] > git for-each-ref --format=%(refname)%00%(upstream:short)%00%(objectname)%00%(upstream:track)%00%(upstream:remotename)%00%(upstream:remoteref) refs/heads/main refs/remotes/main [2ms]
2025-02-26 05:30:19.516 [info] > git for-each-ref --sort -committerdate --format %(refname) %(objectname) %(*objectname) [5ms]
2025-02-26 05:30:21.482 [info] > git status -z -uall [1997ms]
2025-02-26 05:30:26.505 [info] > git config --get commit.template [1ms]
2025-02-26 05:30:26.516 [info] > git for-each-ref --format=%(refname)%00%(upstream:short)%00%(objectname)%00%(upstream:track)%00%(upstream:remotename)%00%(upstream:remoteref) refs/heads/main refs/remotes/main [0ms]
2025-02-26 05:30:26.548 [info] > git for-each-ref --sort -committerdate --format %(refname) %(objectname) %(*objectname) [4ms]
2025-02-26 05:30:28.594 [info] > git status -z -uall [2070ms]
2025-02-26 05:30:33.621 [info] > git config --get commit.template [9ms]
2025-02-26 05:30:33.624 [info] > git for-each-ref --format=%(refname)%00%(upstream:short)%00%(objectname)%00%(upstream:track)%00%(upstream:remotename)%00%(upstream:remoteref) refs/heads/main refs/remotes/main [3ms]
2025-02-26 05:30:33.651 [info] > git for-each-ref --sort -committerdate --format %(refname) %(objectname) %(*objectname) [4ms]
2025-02-26 05:30:35.622 [info] > git status -z -uall [1990ms]
2025-02-26 05:30:40.651 [info] > git config --get commit.template [10ms]
2025-02-26 05:30:40.652 [info] > git for-each-ref --format=%(refname)%00%(upstream:short)%00%(objectname)%00%(upstream:track)%00%(upstream:remotename)%00%(upstream:remoteref) refs/heads/main refs/remotes/main [2ms]
2025-02-26 05:30:40.688 [info] > git for-each-ref --sort -committerdate --format %(refname) %(objectname) %(*objectname) [6ms]
2025-02-26 05:30:42.651 [info] > git status -z -uall [1989ms]
2025-02-26 05:30:47.679 [info] > git config --get commit.template [11ms]
2025-02-26 05:30:47.681 [info] > git for-each-ref --format=%(refname)%00%(upstream:short)%00%(objectname)%00%(upstream:track)%00%(upstream:remotename)%00%(upstream:remoteref) refs/heads/main refs/remotes/main [3ms]
2025-02-26 05:30:47.716 [info] > git for-each-ref --sort -committerdate --format %(refname) %(objectname) %(*objectname) [7ms]
2025-02-26 05:30:49.679 [info] > git status -z -uall [1989ms]
2025-02-26 05:30:54.708 [info] > git config --get commit.template [9ms]
2025-02-26 05:30:54.712 [info] > git for-each-ref --format=%(refname)%00%(upstream:short)%00%(objectname)%00%(upstream:track)%00%(upstream:remotename)%00%(upstream:remoteref) refs/heads/main refs/remotes/main [5ms]
2025-02-26 05:30:54.744 [info] > git for-each-ref --sort -committerdate --format %(refname) %(objectname) %(*objectname) [6ms]
2025-02-26 05:30:56.700 [info] > git status -z -uall [1980ms]
2025-02-26 05:31:01.731 [info] > git config --get commit.template [10ms]
2025-02-26 05:31:01.733 [info] > git for-each-ref --format=%(refname)%00%(upstream:short)%00%(objectname)%00%(upstream:track)%00%(upstream:remotename)%00%(upstream:remoteref) refs/heads/main refs/remotes/main [3ms]
2025-02-26 05:31:01.758 [info] > git for-each-ref --sort -committerdate --format %(refname) %(objectname) %(*objectname) [1ms]
2025-02-26 05:31:03.720 [info] > git status -z -uall [1978ms]
2025-02-26 05:31:08.746 [info] > git config --get commit.template [10ms]
2025-02-26 05:31:08.749 [info] > git for-each-ref --format=%(refname)%00%(upstream:short)%00%(objectname)%00%(upstream:track)%00%(upstream:remotename)%00%(upstream:remoteref) refs/heads/main refs/remotes/main [3ms]
2025-02-26 05:31:08.787 [info] > git for-each-ref --sort -committerdate --format %(refname) %(objectname) %(*objectname) [8ms]
2025-02-26 05:31:10.751 [info] > git status -z -uall [1991ms]
2025-02-26 05:31:15.778 [info] > git config --get commit.template [9ms]
2025-02-26 05:31:15.781 [info] > git for-each-ref --format=%(refname)%00%(upstream:short)%00%(objectname)%00%(upstream:track)%00%(upstream:remotename)%00%(upstream:remoteref) refs/heads/main refs/remotes/main [3ms]
2025-02-26 05:31:15.809 [info] > git for-each-ref --sort -committerdate --format %(refname) %(objectname) %(*objectname) [4ms]
2025-02-26 05:31:17.807 [info] > git status -z -uall [2016ms]
2025-02-26 05:31:22.837 [info] > git config --get commit.template [13ms]
2025-02-26 05:31:22.837 [info] > git for-each-ref --format=%(refname)%00%(upstream:short)%00%(objectname)%00%(upstream:track)%00%(upstream:remotename)%00%(upstream:remoteref) refs/heads/main refs/remotes/main [4ms]
2025-02-26 05:31:22.867 [info] > git for-each-ref --sort -committerdate --format %(refname) %(objectname) %(*objectname) [4ms]
2025-02-26 05:31:25.032 [info] > git status -z -uall [2186ms]
2025-02-26 05:31:30.053 [info] > git config --get commit.template [2ms]
2025-02-26 05:31:30.074 [info] > git for-each-ref --format=%(refname)%00%(upstream:short)%00%(objectname)%00%(upstream:track)%00%(upstream:remotename)%00%(upstream:remoteref) refs/heads/main refs/remotes/main [6ms]
2025-02-26 05:31:30.117 [info] > git for-each-ref --sort -committerdate --format %(refname) %(objectname) %(*objectname) [4ms]
2025-02-26 05:31:32.086 [info] > git status -z -uall [1995ms]
2025-02-26 05:31:37.114 [info] > git config --get commit.template [11ms]
2025-02-26 05:31:37.116 [info] > git for-each-ref --format=%(refname)%00%(upstream:short)%00%(objectname)%00%(upstream:track)%00%(upstream:remotename)%00%(upstream:remoteref) refs/heads/main refs/remotes/main [3ms]
2025-02-26 05:31:37.142 [info] > git for-each-ref --sort -committerdate --format %(refname) %(objectname) %(*objectname) [6ms]
2025-02-26 05:31:39.100 [info] > git status -z -uall [1976ms]
2025-02-26 05:31:48.041 [info] > git check-ignore -v -z --stdin [3ms]
2025-02-26 05:31:55.545 [info] > git config --get commit.template [1ms]
2025-02-26 05:31:55.556 [info] > git for-each-ref --format=%(refname)%00%(upstream:short)%00%(objectname)%00%(upstream:track)%00%(upstream:remotename)%00%(upstream:remoteref) refs/heads/main refs/remotes/main [2ms]
2025-02-26 05:31:55.589 [info] > git for-each-ref --sort -committerdate --format %(refname) %(objectname) %(*objectname) [5ms]
2025-02-26 05:31:57.594 [info] > git status -z -uall [2026ms]
2025-02-26 05:32:02.621 [info] > git config --get commit.template [10ms]
2025-02-26 05:32:02.624 [info] > git for-each-ref --format=%(refname)%00%(upstream:short)%00%(objectname)%00%(upstream:track)%00%(upstream:remotename)%00%(upstream:remoteref) refs/heads/main refs/remotes/main [3ms]
2025-02-26 05:32:02.655 [info] > git for-each-ref --sort -committerdate --format %(refname) %(objectname) %(*objectname) [3ms]
2025-02-26 05:32:04.628 [info] > git status -z -uall [1996ms]
2025-02-26 05:32:09.656 [info] > git config --get commit.template [12ms]
2025-02-26 05:32:09.659 [info] > git for-each-ref --format=%(refname)%00%(upstream:short)%00%(objectname)%00%(upstream:track)%00%(upstream:remotename)%00%(upstream:remoteref) refs/heads/main refs/remotes/main [3ms]
2025-02-26 05:32:09.688 [info] > git for-each-ref --sort -committerdate --format %(refname) %(objectname) %(*objectname) [4ms]
2025-02-26 05:32:11.692 [info] > git status -z -uall [2024ms]
2025-02-26 05:32:16.753 [info] > git config --get commit.template [24ms]
2025-02-26 05:32:16.758 [info] > git for-each-ref --format=%(refname)%00%(upstream:short)%00%(objectname)%00%(upstream:track)%00%(upstream:remotename)%00%(upstream:remoteref) refs/heads/main refs/remotes/main [6ms]
2025-02-26 05:32:16.813 [info] > git for-each-ref --sort -committerdate --format %(refname) %(objectname) %(*objectname) [4ms]
2025-02-26 05:32:18.943 [info] > git status -z -uall [2165ms]
2025-02-26 05:32:23.965 [info] > git config --get commit.template [4ms]
2025-02-26 05:32:23.978 [info] > git for-each-ref --format=%(refname)%00%(upstream:short)%00%(objectname)%00%(upstream:track)%00%(upstream:remotename)%00%(upstream:remoteref) refs/heads/main refs/remotes/main [2ms]
2025-02-26 05:32:24.013 [info] > git for-each-ref --sort -committerdate --format %(refname) %(objectname) %(*objectname) [5ms]
2025-02-26 05:32:25.970 [info] > git status -z -uall [1982ms]
2025-02-26 05:32:31.014 [info] > git config --get commit.template [17ms]
2025-02-26 05:32:31.017 [info] > git for-each-ref --format=%(refname)%00%(upstream:short)%00%(objectname)%00%(upstream:track)%00%(upstream:remotename)%00%(upstream:remoteref) refs/heads/main refs/remotes/main [3ms]
2025-02-26 05:32:31.070 [info] > git for-each-ref --sort -committerdate --format %(refname) %(objectname) %(*objectname) [9ms]
2025-02-26 05:32:34.417 [info] > git status -z -uall [3378ms]
2025-02-26 05:36:01.192 [info] > git config --get commit.template [17ms]
2025-02-26 05:36:01.193 [info] > git for-each-ref --format=%(refname)%00%(upstream:short)%00%(objectname)%00%(upstream:track)%00%(upstream:remotename)%00%(upstream:remoteref) refs/heads/main refs/remotes/main [4ms]
2025-02-26 05:36:01.253 [info] > git for-each-ref --sort -committerdate --format %(refname) %(objectname) %(*objectname) [3ms]
2025-02-26 05:36:01.409 [info] > git fetch [261ms]
2025-02-26 05:36:01.427 [info] > git status -z -uall [206ms] (cancelled)
2025-02-26 05:36:01.428 [info] > git config --get commit.template [4ms]
2025-02-26 05:36:01.440 [info] > git for-each-ref --format=%(refname)%00%(upstream:short)%00%(objectname)%00%(upstream:track)%00%(upstream:remotename)%00%(upstream:remoteref) refs/heads/main refs/remotes/main [0ms]
2025-02-26 05:36:01.480 [info] > git for-each-ref --sort -committerdate --format %(refname) %(objectname) %(*objectname) [7ms]
2025-02-26 05:36:02.851 [info] > git ls-files --stage -- /home/marty_jehng/requirements.txt [4ms]
2025-02-26 05:36:02.884 [info] > git cat-file -s bb77e83a6baedff2f2e01971a704557540a686b8 [6ms]
2025-02-26 05:36:02.956 [info] > git show --textconv :requirements.txt [5ms]
2025-02-26 05:36:03.475 [info] > git status -z -uall [2025ms]
2025-02-26 05:36:06.434 [info] > git config --get commit.template [10ms]
2025-02-26 05:36:06.436 [info] > git for-each-ref --format=%(refname)%00%(upstream:short)%00%(objectname)%00%(upstream:track)%00%(upstream:remotename)%00%(upstream:remoteref) refs/heads/main refs/remotes/main [3ms]
2025-02-26 05:36:06.468 [info] > git for-each-ref --sort -committerdate --format %(refname) %(objectname) %(*objectname) [6ms]
2025-02-26 05:36:08.455 [info] > git status -z -uall [2010ms]
2025-02-26 05:37:17.577 [info] > git config --get commit.template [1ms]
2025-02-26 05:37:17.598 [info] > git for-each-ref --format=%(refname)%00%(upstream:short)%00%(objectname)%00%(upstream:track)%00%(upstream:remotename)%00%(upstream:remoteref) refs/heads/main refs/remotes/main [5ms]
2025-02-26 05:37:17.648 [info] > git for-each-ref --sort -committerdate --format %(refname) %(objectname) %(*objectname) [6ms]
2025-02-26 05:37:19.640 [info] > git status -z -uall [2027ms]
2025-02-26 05:37:24.660 [info] > git config --get commit.template [3ms]
2025-02-26 05:37:24.670 [info] > git for-each-ref --format=%(refname)%00%(upstream:short)%00%(objectname)%00%(upstream:track)%00%(upstream:remotename)%00%(upstream:remoteref) refs/heads/main refs/remotes/main [2ms]
2025-02-26 05:37:24.700 [info] > git for-each-ref --sort -committerdate --format %(refname) %(objectname) %(*objectname) [4ms]
2025-02-26 05:37:26.645 [info] > git status -z -uall [1966ms]
2025-02-26 05:37:31.675 [info] > git config --get commit.template [12ms]
2025-02-26 05:37:31.678 [info] > git for-each-ref --format=%(refname)%00%(upstream:short)%00%(objectname)%00%(upstream:track)%00%(upstream:remotename)%00%(upstream:remoteref) refs/heads/main refs/remotes/main [4ms]
2025-02-26 05:37:31.708 [info] > git for-each-ref --sort -committerdate --format %(refname) %(objectname) %(*objectname) [2ms]
2025-02-26 05:37:33.655 [info] > git status -z -uall [1968ms]
2025-02-26 05:37:38.682 [info] > git config --get commit.template [12ms]
2025-02-26 05:37:38.683 [info] > git for-each-ref --format=%(refname)%00%(upstream:short)%00%(objectname)%00%(upstream:track)%00%(upstream:remotename)%00%(upstream:remoteref) refs/heads/main refs/remotes/main [3ms]
2025-02-26 05:37:38.709 [info] > git for-each-ref --sort -committerdate --format %(refname) %(objectname) %(*objectname) [5ms]
2025-02-26 05:37:40.704 [info] > git status -z -uall [2012ms]
2025-02-26 05:37:42.871 [info] > git check-ignore -v -z --stdin [12ms]
2025-02-26 05:37:45.731 [info] > git config --get commit.template [1ms]
2025-02-26 05:37:45.748 [info] > git for-each-ref --format=%(refname)%00%(upstream:short)%00%(objectname)%00%(upstream:track)%00%(upstream:remotename)%00%(upstream:remoteref) refs/heads/main refs/remotes/main [2ms]
2025-02-26 05:37:45.793 [info] > git for-each-ref --sort -committerdate --format %(refname) %(objectname) %(*objectname) [4ms]
2025-02-26 05:37:48.788 [info] > git status -z -uall [3019ms]
2025-02-26 05:37:50.019 [info] > git log --format=%H%n%aN%n%aE%n%at%n%ct%n%P%n%D%n%B -z --shortstat --diff-merges=first-parent -n50 --skip=0 --topo-order --decorate=full --stdin [7988ms]
2025-02-26 05:37:53.818 [info] > git config --get commit.template [10ms]
2025-02-26 05:37:53.821 [info] > git for-each-ref --format=%(refname)%00%(upstream:short)%00%(objectname)%00%(upstream:track)%00%(upstream:remotename)%00%(upstream:remoteref) refs/heads/main refs/remotes/main [3ms]
2025-02-26 05:37:53.850 [info] > git for-each-ref --sort -committerdate --format %(refname) %(objectname) %(*objectname) [2ms]
2025-02-26 05:37:55.843 [info] > git status -z -uall [2013ms]
2025-02-26 05:38:00.877 [info] > git config --get commit.template [13ms]
2025-02-26 05:38:00.878 [info] > git for-each-ref --format=%(refname)%00%(upstream:short)%00%(objectname)%00%(upstream:track)%00%(upstream:remotename)%00%(upstream:remoteref) refs/heads/main refs/remotes/main [3ms]
2025-02-26 05:38:00.908 [info] > git for-each-ref --sort -committerdate --format %(refname) %(objectname) %(*objectname) [1ms]
2025-02-26 05:38:02.879 [info] > git status -z -uall [1989ms]
