Initializing document watcher...
Document watcher initialized
marty_jehng/main.py: {}
marty_jehng/uploads/20250128-014531AM.txt: {}
marty_jehng/20250128-014531AM.txt: {}
marty_jehng/uploads/20250128-014531AM.txt: {}
marty_jehng/main.py: {}
marty_jehng/main.py: Using EditorConfig core...
marty_jehng/main.py: Using EditorConfig core...
marty_jehng/main.py: {}
marty_jehng/main.py: {}
marty_jehng/templates/index.html: {}
marty_jehng/main.py: {}
marty_jehng/main.py: {}
marty_jehng/main.py: Using EditorConfig core...
marty_jehng/main.py: {}
marty_jehng/main.py: {}
marty_jehng/main.py: {}
marty_jehng/main.py: {}
marty_jehng/20250128-014836AM.wav.txt: {}
marty_jehng/main.py: {}
marty_jehng/main.py: Using EditorConfig core...
marty_jehng/main.py: Using EditorConfig core...
marty_jehng/templates/index.html: {}
marty_jehng/templates/index.html: {}
marty_jehng/templates/index.html: Using EditorConfig core...
marty_jehng/templates/index.html: Using EditorConfig core...
marty_jehng/templates/index.html: Using EditorConfig core...
marty_jehng/templates/index.html: Using EditorConfig core...
marty_jehng/templates/index.html: Using EditorConfig core...
marty_jehng/templates/index.html: Using EditorConfig core...
marty_jehng/templates/index.html: Using EditorConfig core...
marty_jehng/templates/index.html: Using EditorConfig core...
marty_jehng/templates/index.html: {}
marty_jehng/main.py: {}
marty_jehng/main.py: Using EditorConfig core...
marty_jehng/main.py: Using EditorConfig core...
marty_jehng/main.py: Using EditorConfig core...
marty_jehng/main.py: {}
marty_jehng/templates/index.html: {}
marty_jehng/templates/index.html: Using EditorConfig core...
marty_jehng/templates/index.html: Using EditorConfig core...
marty_jehng/templates/index.html: {}
marty_jehng/templates/index.html: {}
marty_jehng/main.py: {}
marty_jehng/main.py: {}
marty_jehng/templates/index.html: {}
marty_jehng/main.py: {}
marty_jehng/main.py: Using EditorConfig core...
marty_jehng/main.py: {}
marty_jehng/main.py: {}
marty_jehng/uploads/20250128-015624AM.wav.txt: {}
marty_jehng/uploads/20250128-014836AM.wav.txt: {}
marty_jehng/uploads/20250128-014836AM.wav.txt: {}
marty_jehng/main.py: {}
marty_jehng/main.py: {}
marty_jehng/main.py: {}
