2025-02-26 05:25:49.306 [warning] Dir "/home/marty_jehng/.pixi/envs" is not watchable (directory does not exist)
2025-02-26 05:25:49.687 [info] Running installed packages checker:  {
  id: '/bin/python',
  sysPrefix: '/usr',
  envType: 'Global',
  envName: '',
  envPath: '',
  path: '/bin/python',
  architecture: 3,
  sysVersion: '3.12.3 (main, Feb  4 2025, 14:48:35) [GCC 13.3.0]',
  version: {
    raw: '3.12.3',
    major: 3,
    minor: 12,
    patch: 3,
    build: [],
    prerelease: [ 'final', '0' ]
  },
  displayName: 'Python 3.12.3 64-bit',
  detailedDisplayName: 'Python 3.12.3 64-bit',
  type: undefined
} /google/devshell/editor/code-oss-for-cloud-shell/extensions/ms-python.python/python_files/installed_check.py /home/marty_jehng/requirements.txt
2025-02-26 05:25:49.688 [info] > /bin/python /google/devshell/editor/code-oss-for-cloud-shell/extensions/ms-python.python/python_files/installed_check.py ./requirements.txt
2025-02-26 05:25:49.691 [info] Python interpreter path: /bin/python
2025-02-26 05:25:50.161 [info] > pyenv which python
2025-02-26 05:25:50.161 [info] cwd: .
2025-02-26 05:26:01.870 [info] Starting Jedi language server for marty_jehng.
2025-02-26 05:27:25.127 [info] Running installed packages checker:  {
  id: '/bin/python',
  sysPrefix: '/usr',
  envType: 'Global',
  envName: '',
  envPath: '',
  path: '/bin/python',
  architecture: 3,
  sysVersion: '3.12.3 (main, Feb  4 2025, 14:48:35) [GCC 13.3.0]',
  version: {
    raw: '3.12.3',
    major: 3,
    minor: 12,
    patch: 3,
    build: [],
    prerelease: [ 'final', '0' ]
  },
  displayName: 'Python 3.12.3 64-bit',
  detailedDisplayName: 'Python 3.12.3 64-bit',
  type: undefined
} /google/devshell/editor/code-oss-for-cloud-shell/extensions/ms-python.python/python_files/installed_check.py /home/marty_jehng/requirements.txt
2025-02-26 05:27:25.128 [info] > /bin/python /google/devshell/editor/code-oss-for-cloud-shell/extensions/ms-python.python/python_files/installed_check.py ./requirements.txt
2025-02-26 05:27:25.240 [info] Running installed packages checker:  {
  id: '/bin/python',
  sysPrefix: '/usr',
  envType: 'Global',
  envName: '',
  envPath: '',
  path: '/bin/python',
  architecture: 3,
  sysVersion: '3.12.3 (main, Feb  4 2025, 14:48:35) [GCC 13.3.0]',
  version: {
    raw: '3.12.3',
    major: 3,
    minor: 12,
    patch: 3,
    build: [],
    prerelease: [ 'final', '0' ]
  },
  displayName: 'Python 3.12.3 64-bit',
  detailedDisplayName: 'Python 3.12.3 64-bit',
  type: undefined
} /google/devshell/editor/code-oss-for-cloud-shell/extensions/ms-python.python/python_files/installed_check.py /home/marty_jehng/requirements.txt
2025-02-26 05:27:25.240 [info] > /bin/python /google/devshell/editor/code-oss-for-cloud-shell/extensions/ms-python.python/python_files/installed_check.py ./requirements.txt
2025-02-26 05:28:04.555 [info] Running installed packages checker:  {
  id: '/bin/python',
  sysPrefix: '/usr',
  envType: 'Global',
  envName: '',
  envPath: '',
  path: '/bin/python',
  architecture: 3,
  sysVersion: '3.12.3 (main, Feb  4 2025, 14:48:35) [GCC 13.3.0]',
  version: {
    raw: '3.12.3',
    major: 3,
    minor: 12,
    patch: 3,
    build: [],
    prerelease: [ 'final', '0' ]
  },
  displayName: 'Python 3.12.3 64-bit',
  detailedDisplayName: 'Python 3.12.3 64-bit',
  type: undefined
} /google/devshell/editor/code-oss-for-cloud-shell/extensions/ms-python.python/python_files/installed_check.py /home/marty_jehng/requirements.txt
2025-02-26 05:28:04.555 [info] > /bin/python /google/devshell/editor/code-oss-for-cloud-shell/extensions/ms-python.python/python_files/installed_check.py ./requirements.txt
2025-02-26 05:31:24.276 [info] Running installed packages checker:  {
  id: '/bin/python',
  sysPrefix: '/usr',
  envType: 'Global',
  envName: '',
  envPath: '',
  path: '/bin/python',
  architecture: 3,
  sysVersion: '3.12.3 (main, Feb  4 2025, 14:48:35) [GCC 13.3.0]',
  version: {
    raw: '3.12.3',
    major: 3,
    minor: 12,
    patch: 3,
    build: [],
    prerelease: [ 'final', '0' ]
  },
  displayName: 'Python 3.12.3 64-bit',
  detailedDisplayName: 'Python 3.12.3 64-bit',
  type: undefined
} /google/devshell/editor/code-oss-for-cloud-shell/extensions/ms-python.python/python_files/installed_check.py /home/marty_jehng/requirements.txt
2025-02-26 05:31:24.276 [info] > /bin/python /google/devshell/editor/code-oss-for-cloud-shell/extensions/ms-python.python/python_files/installed_check.py ./requirements.txt
2025-02-26 05:31:26.576 [info] Running installed packages checker:  {
  id: '/bin/python',
  sysPrefix: '/usr',
  envType: 'Global',
  envName: '',
  envPath: '',
  path: '/bin/python',
  architecture: 3,
  sysVersion: '3.12.3 (main, Feb  4 2025, 14:48:35) [GCC 13.3.0]',
  version: {
    raw: '3.12.3',
    major: 3,
    minor: 12,
    patch: 3,
    build: [],
    prerelease: [ 'final', '0' ]
  },
  displayName: 'Python 3.12.3 64-bit',
  detailedDisplayName: 'Python 3.12.3 64-bit',
  type: undefined
} /google/devshell/editor/code-oss-for-cloud-shell/extensions/ms-python.python/python_files/installed_check.py /home/marty_jehng/requirements.txt
2025-02-26 05:31:26.576 [info] > /bin/python /google/devshell/editor/code-oss-for-cloud-shell/extensions/ms-python.python/python_files/installed_check.py ./requirements.txt
