Initializing document watcher...
Document watcher initialized
marty_jehng/requirements.txt: {}
marty_jehng/requirements.txt: {}
marty_jehng/requirements.txt: Using EditorConfig core...
marty_jehng/requirements.txt: Using EditorConfig core...
marty_jehng/requirements.txt: {}
marty_jehng/requirements.txt: {}
marty_jehng/requirements.txt: Using EditorConfig core...
marty_jehng/requirements.txt: {}
marty_jehng/requirements.txt: {}
marty_jehng/requirements.txt: {}
marty_jehng/requirements.txt: {}
marty_jehng/requirements.txt: {}
marty_jehng/requirements.txt: Using EditorConfig core...
marty_jehng/requirements.txt: Using EditorConfig core...
marty_jehng/requirements.txt: {}
marty_jehng/requirements.txt: {}
marty_jehng/requirements.txt: {}
marty_jehng/requirements.txt: {}
marty_jehng/requirements.txt: {}
marty_jehng/.git/COMMIT_EDITMSG: {}
marty_jehng/requirements.txt: {}
