2025-04-01 14:08:19.233 [info] [main] Log level: Info
2025-04-01 14:08:19.233 [info] [main] Validating found git in: "git"
2025-04-01 14:08:19.233 [info] [main] Using git "2.43.0" from "git"
2025-04-01 14:08:19.233 [info] [Model][doInitialScan] Initial repository scan started
2025-04-01 14:08:19.250 [info] > git rev-parse --show-toplevel [46ms]
2025-04-01 14:08:19.270 [info] > git rev-parse --git-dir --git-common-dir [8ms]
2025-04-01 14:08:19.309 [info] [Model][openRepository] Opened repository: /home/marty_jehng
2025-04-01 14:08:19.923 [info] > git rev-parse --show-toplevel [5ms]
2025-04-01 14:08:19.924 [info] > git config --get commit.template [14ms]
2025-04-01 14:08:19.955 [info] > git check-ignore -v -z --stdin [61ms]
2025-04-01 14:08:19.959 [info] > git rev-parse --show-toplevel [19ms]
2025-04-01 14:08:19.972 [info] > git rev-parse --show-toplevel [5ms]
2025-04-01 14:08:19.985 [info] > git rev-parse --show-toplevel [6ms]
2025-04-01 14:08:20.002 [info] > git for-each-ref --format=%(refname)%00%(upstream:short)%00%(objectname)%00%(upstream:track)%00%(upstream:remotename)%00%(upstream:remoteref) refs/heads/main refs/remotes/main [51ms]
2025-04-01 14:08:20.010 [info] > git rev-parse --show-toplevel [10ms]
2025-04-01 14:08:20.055 [info] > git rev-parse --show-toplevel [33ms]
2025-04-01 14:08:20.072 [info] > git for-each-ref --sort -committerdate --format %(refname) %(objectname) %(*objectname) [21ms]
2025-04-01 14:08:20.081 [info] > git rev-parse --show-toplevel [9ms]
2025-04-01 14:08:20.099 [info] > git rev-parse --show-toplevel [7ms]
2025-04-01 14:08:20.141 [info] > git rev-parse --show-toplevel [34ms]
2025-04-01 14:08:20.173 [info] > git rev-parse --show-toplevel [3ms]
2025-04-01 14:08:20.182 [info] > git rev-parse --show-toplevel [2ms]
2025-04-01 14:08:20.211 [info] > git rev-parse --show-toplevel [3ms]
2025-04-01 14:08:20.211 [info] [Model][doInitialScan] Initial repository scan completed - repositories (1), closed repositories (0), parent repositories (0), unsafe repositories (0)
2025-04-01 14:08:20.423 [info] > git check-ignore -v -z --stdin [13ms]
2025-04-01 14:08:21.198 [info] > git status -z -uall [1163ms]
2025-04-01 14:08:21.942 [info] > git for-each-ref --format=%(refname)%00%(upstream:short)%00%(objectname)%00%(upstream:track)%00%(upstream:remotename)%00%(upstream:remoteref) refs/heads/main refs/remotes/main [609ms]
2025-04-01 14:08:22.027 [info] > git config --local branch.main.vscode-merge-base [64ms]
2025-04-01 14:08:22.030 [warning] [Git][config] git config failed: Failed to execute git
2025-04-01 14:08:22.043 [info] > git config --get commit.template [101ms]
2025-04-01 14:08:22.086 [info] > git for-each-ref --format=%(refname)%00%(upstream:short)%00%(objectname)%00%(upstream:track)%00%(upstream:remotename)%00%(upstream:remoteref) refs/heads/main refs/remotes/main [12ms]
2025-04-01 14:08:22.146 [info] > git for-each-ref --sort -committerdate --format %(refname) %(objectname) %(*objectname) [11ms]
2025-04-01 14:08:22.244 [info] > git reflog main --grep-reflog=branch: Created from *. [202ms]
2025-04-01 14:08:22.292 [info] > git symbolic-ref --short refs/remotes/origin/HEAD [14ms]
2025-04-01 14:08:22.292 [info] fatal: ref refs/remotes/origin/HEAD is not a symbolic ref
2025-04-01 14:08:22.292 [warning] [Repository][getDefaultBranch] Failed to get default branch details: Failed to execute git.
2025-04-01 14:08:22.338 [info] > git merge-base refs/heads/main refs/remotes/origin/main [14ms]
2025-04-01 14:08:22.376 [info] > git diff --name-status -z --diff-filter=ADMR 7bf02d47bd14540f696f1d7b7776fd7b8789dbeb...refs/remotes/origin/main [12ms]
2025-04-01 14:08:22.524 [info] > git status -z -uall [417ms]
2025-04-01 14:08:28.536 [info] > git show --textconv :main copy.py [64ms]
2025-04-01 14:08:28.536 [info] > git ls-files --stage -- /home/marty_jehng/main copy.py [61ms]
2025-04-01 14:08:32.204 [info] > git config --get commit.template [583ms]
2025-04-01 14:08:32.472 [info] > git for-each-ref --format=%(refname)%00%(upstream:short)%00%(objectname)%00%(upstream:track)%00%(upstream:remotename)%00%(upstream:remoteref) refs/heads/main refs/remotes/main [18ms]
2025-04-01 14:08:32.655 [info] > git for-each-ref --sort -committerdate --format %(refname) %(objectname) %(*objectname) [123ms]
2025-04-01 14:08:32.915 [info] > git status -z -uall [394ms]
2025-04-01 14:08:38.021 [info] > git config --get commit.template [14ms]
2025-04-01 14:08:38.054 [info] > git for-each-ref --format=%(refname)%00%(upstream:short)%00%(objectname)%00%(upstream:track)%00%(upstream:remotename)%00%(upstream:remoteref) refs/heads/main refs/remotes/main [8ms]
2025-04-01 14:08:38.155 [info] > git for-each-ref --sort -committerdate --format %(refname) %(objectname) %(*objectname) [11ms]
2025-04-01 14:08:38.340 [info] > git status -z -uall [248ms]
2025-04-01 14:08:43.711 [info] > git config --get commit.template [8ms]
2025-04-01 14:08:43.734 [info] > git for-each-ref --format=%(refname)%00%(upstream:short)%00%(objectname)%00%(upstream:track)%00%(upstream:remotename)%00%(upstream:remoteref) refs/heads/main refs/remotes/main [6ms]
2025-04-01 14:08:43.773 [info] > git for-each-ref --sort -committerdate --format %(refname) %(objectname) %(*objectname) [6ms]
2025-04-01 14:08:43.982 [info] > git status -z -uall [233ms]
2025-04-01 14:08:49.053 [info] > git config --get commit.template [11ms]
2025-04-01 14:08:49.054 [info] > git for-each-ref --format=%(refname)%00%(upstream:short)%00%(objectname)%00%(upstream:track)%00%(upstream:remotename)%00%(upstream:remoteref) refs/heads/main refs/remotes/main [3ms]
2025-04-01 14:08:49.095 [info] > git for-each-ref --sort -committerdate --format %(refname) %(objectname) %(*objectname) [17ms]
2025-04-01 14:08:49.197 [info] > git status -z -uall [133ms]
2025-04-01 14:08:54.248 [info] > git config --get commit.template [11ms]
2025-04-01 14:08:54.249 [info] > git for-each-ref --format=%(refname)%00%(upstream:short)%00%(objectname)%00%(upstream:track)%00%(upstream:remotename)%00%(upstream:remoteref) refs/heads/main refs/remotes/main [3ms]
2025-04-01 14:08:54.293 [info] > git for-each-ref --sort -committerdate --format %(refname) %(objectname) %(*objectname) [9ms]
2025-04-01 14:08:54.354 [info] > git status -z -uall [92ms]
2025-04-01 14:08:59.421 [info] > git config --get commit.template [13ms]
2025-04-01 14:08:59.422 [info] > git for-each-ref --format=%(refname)%00%(upstream:short)%00%(objectname)%00%(upstream:track)%00%(upstream:remotename)%00%(upstream:remoteref) refs/heads/main refs/remotes/main [3ms]
2025-04-01 14:08:59.454 [info] > git for-each-ref --sort -committerdate --format %(refname) %(objectname) %(*objectname) [4ms]
2025-04-01 14:08:59.516 [info] > git status -z -uall [83ms]
2025-04-01 14:09:34.235 [info] > git config --get commit.template [5ms]
2025-04-01 14:09:34.252 [info] > git for-each-ref --format=%(refname)%00%(upstream:short)%00%(objectname)%00%(upstream:track)%00%(upstream:remotename)%00%(upstream:remoteref) refs/heads/main refs/remotes/main [10ms]
2025-04-01 14:09:34.284 [info] > git for-each-ref --sort -committerdate --format %(refname) %(objectname) %(*objectname) [7ms]
2025-04-01 14:09:34.347 [info] > git status -z -uall [85ms]
2025-04-01 14:19:22.113 [info] > git ls-files --stage -- /home/marty_jehng/main.py [4ms]
2025-04-01 14:19:22.131 [info] > git show --textconv :main.py [30ms]
2025-04-01 14:19:22.131 [info] > git cat-file -s fa10f94d0343d51d9c386295b5e7db33526a17f5 [10ms]
2025-04-01 14:19:38.530 [info] > git show --textconv :main copy.py [13ms]
2025-04-01 14:19:38.532 [info] > git ls-files --stage -- /home/marty_jehng/main copy.py [5ms]
2025-04-01 14:19:46.317 [info] > git config --get commit.template [8ms]
2025-04-01 14:19:46.318 [info] > git for-each-ref --format=%(refname)%00%(upstream:short)%00%(objectname)%00%(upstream:track)%00%(upstream:remotename)%00%(upstream:remoteref) refs/heads/main refs/remotes/main [3ms]
2025-04-01 14:19:46.340 [info] > git for-each-ref --sort -committerdate --format %(refname) %(objectname) %(*objectname) [5ms]
2025-04-01 14:19:46.445 [info] > git status -z -uall [121ms]
2025-04-01 14:19:56.535 [info] > git check-ignore -v -z --stdin [2ms]
