2025-02-26 16:34:24.262 [warning] Dir "/home/marty_jehng/.pixi/envs" is not watchable (directory does not exist)
2025-02-26 16:34:24.266 [info] Running installed packages checker:  {
  id: '/bin/python',
  sysPrefix: '/usr',
  envType: 'Global',
  envName: '',
  envPath: '',
  path: '/bin/python',
  architecture: 3,
  sysVersion: '3.12.3 (main, Feb  4 2025, 14:48:35) [GCC 13.3.0]',
  version: {
    raw: '3.12.3',
    major: 3,
    minor: 12,
    patch: 3,
    build: [],
    prerelease: [ 'final', '0' ]
  },
  displayName: 'Python 3.12.3 64-bit',
  detailedDisplayName: 'Python 3.12.3 64-bit',
  type: undefined
} /google/devshell/editor/code-oss-for-cloud-shell/extensions/ms-python.python/python_files/installed_check.py /home/marty_jehng/requirements.txt
2025-02-26 16:34:24.267 [info] > /bin/python /google/devshell/editor/code-oss-for-cloud-shell/extensions/ms-python.python/python_files/installed_check.py ./requirements.txt
2025-02-26 16:34:24.292 [info] Python interpreter path: /bin/python
2025-02-26 16:34:24.550 [info] > pyenv which python
2025-02-26 16:34:24.550 [info] cwd: .
2025-02-26 16:34:28.788 [info] Starting Jedi language server for marty_jehng.
